[alm-bornholm] 2025-10-13 07:25:59 CEST · [alm] · 275 Trane · Trækkende mod sydvest · Østre Sømark · DOF Bornholm · Gunnar Tindborg · 14.981656744164455, 55.00627882332151
[alm-bornholm] 2025-10-13 09:15:33 CEST · [alm] · 320 Bramgås · Trækkende · Årsdalevang · DOF Bornholm · Sune Riis Sørensen · 15.134559587500389, 55.100531104872516 · 07:00
[alm-bornholm] 2025-10-13 09:17:53 CEST · [alm] · 2 Munk · Fouragerende · Årsdalevang · DOF Bornholm · Sune Riis Sørensen · 15.134559587500389, 55.100531104872516 · 07:00
[alm-bornholm] 2025-10-13 09:19:12 CEST · [alm] · 7 Fuglekonge · Fouragerende · Årsdalevang · DOF Bornholm · Sune Riis Sørensen · 15.134559587500389, 55.100531104872516 · 07:00
[alm-bornholm] 2025-10-13 09:19:12 CEST · [alm] · 6 Sangdrossel · Fouragerende · Årsdalevang · DOF Bornholm · Sune Riis Sørensen · 15.134559587500389, 55.100531104872516 · 07:00
[alm-bornholm] 2025-10-13 09:19:12 CEST · [alm] · 3 Gransanger · Fouragerende · Årsdalevang · DOF Bornholm · Sune Riis Sørensen · 15.134559587500389, 55.100531104872516 · 07:00
[alm-bornholm] 2025-10-13 10:33:13 CEST · [alm] · 515 Bramgås · Trækkende · Årsdalevang · DOF Bornholm · Sune Riis Sørensen · 15.134559587500389, 55.100531104872516 · 07:00
[alm-bornholm] 2025-10-13 10:33:13 CEST · [alm] · 5 Kvækerfinke · Rastende · Årsdalevang · DOF Bornholm · Sune Riis Sørensen · 15.134559587500389, 55.100531104872516 · 07:00
[alm-bornholm] 2025-10-13 10:44:37 CEST · [alm] · 1 Fjeldvåge · Rastende · Boderne · DOF Bornholm · Gunnar Tindborg · 14.913223805173144, 55.02311357800295
[alm-bornholm] 2025-10-13 10:44:37 CEST · [alm] · 150 Bramgås · Trækkende mod sydvest · Boderne · DOF Bornholm · Gunnar Tindborg · 14.913223805173144, 55.02311357800295
[alm-bornholm] 2025-10-13 11:17:35 CEST · [alm] · 23 Canadagås · Rastende · Sorthat Odde · DOF Bornholm · Kell Olsen · 14.703347423842056, 55.14865860998206 · 11:16-11:16
[alm-bornholm] 2025-10-13 11:20:07 CEST · [alm] · 1 Skarv · Rastende · Sorthat Odde · DOF Bornholm · Kell Olsen · 14.703390815650684, 55.14892837237732 · 11:17-11:17
[alm-bornholm] 2025-10-13 11:50:00 CEST · [alm] · 8 Gråand · Rastende · Sorthat Odde · DOF Bornholm · Kell Olsen · 14.703390815650684, 55.15081665807356 · 11:47-11:47
[alm-bornholm] 2025-10-13 11:50:00 CEST · [alm] · 1 Svartbag · Overflyvende · Sorthat Odde · DOF Bornholm · Kell Olsen · 14.703819439688186, 55.15103736095772 · 11:47-11:47
[alm-bornholm] 2025-10-13 12:34:13 CEST · [alm] · 160 Canadagås · Trækkende mod syd · Sorthat · DOF Bornholm · Kell Olsen · 14.718669895830706, 55.14841336985814 · 12:32-12:32
[alm-bornholm] 2025-10-13 12:34:13 CEST · [alm] · 1 Solsort · Fouragerende · Sorthat · DOF Bornholm · Kell Olsen · 14.71870921122181, 55.148756705609564 · 12:32
[alm-bornholm] 2025-10-13 13:06:01 CEST · [alm] · 207 Trane · Fouragerende · Skørrebro · DOF Bornholm · Sune Riis Sørensen · 14.892934817598682, 55.09103667749659 · 12:50-13:05
[alm-bornholm] 2025-10-13 13:06:01 CEST · [alm] · 15 Blisgås · Fouragerende · Skørrebro · DOF Bornholm · Sune Riis Sørensen · 14.892934817598682, 55.09103667749659 · 12:50-13:05
[alm-bornholm] 2025-10-13 13:06:01 CEST · [alm] · 10 Tundrasædgås · Fouragerende · Skørrebro · DOF Bornholm · Sune Riis Sørensen · 14.892934817598682, 55.09103667749659 · 12:50-13:05
[alm-bornholm] 2025-10-13 13:06:01 CEST · [alm] · 1 Havørn · Rast, derefter trækkende i ikke-angivet retning · Skørrebro · DOF Bornholm · Sune Riis Sørensen · 14.892934817598682, 55.09103667749659 · 12:50-13:05
[alm-bornholm] 2025-10-13 13:07:56 CEST · [alm] · 15 Vindrossel · Rastende · Skørrebro · DOF Bornholm · Sune Riis Sørensen · 14.892934817598682, 55.09103667749659 · 12:50-13:05
[alm-bornholm] 2025-10-13 13:07:56 CEST · [alm] · 10 Sangdrossel · Rastende · Skørrebro · DOF Bornholm · Sune Riis Sørensen · 14.892934817598682, 55.09103667749659 · 12:50-13:05
[alm-bornholm] 2025-10-13 13:07:56 CEST · [alm] · 3 Gransanger · Rastende · Skørrebro · DOF Bornholm · Sune Riis Sørensen · 14.892934817598682, 55.09103667749659 · 12:50-13:05
[alm-bornholm] 2025-10-13 13:07:56 CEST · [alm] · 6 Fuglekonge · Fouragerende · Skørrebro · DOF Bornholm · Sune Riis Sørensen · 14.892934817598682, 55.09103667749659 · 12:50-13:05
[alm-bornholm] 2025-10-13 13:10:09 CEST · [alm] · 3 Rørspurv · Overflyvende · Skørrebro · DOF Bornholm · Sune Riis Sørensen · 14.892934817598682, 55.09103667749659 · 12:50-13:05
[alm-bornholm] 2025-10-13 13:12:05 CEST · [alm] · 2 Vandrikse · Rastende · Vallensgårdsmose · DOF Bornholm · Sune Riis Sørensen · 14.889690818637435, 55.09873812752505
[alm-bornholm] 2025-10-13 13:25:29 CEST · [alm] · 5 Spurvehøg · Rastende · Ertholmene · DOF Bornholm · Per Kjær · 15.183579965334616, 55.323732642528455
[alm-bornholm] 2025-10-13 13:25:29 CEST · [alm] · 175 Gærdesmutte · Rastende · Ertholmene · DOF Bornholm · Per Kjær · 15.183579965334616, 55.323732642528455
[alm-bornholm] 2025-10-13 13:25:29 CEST · [alm] · 10 Jernspurv · Rastende · Ertholmene · DOF Bornholm · Per Kjær · 15.183579965334616, 55.323732642528455
[alm-bornholm] 2025-10-13 13:25:29 CEST · [alm] · 40 Rødhals · Rastende · Ertholmene · DOF Bornholm · Per Kjær · 15.183579965334616, 55.323732642528455
[alm-bornholm] 2025-10-13 13:27:25 CEST · [alm] · 150 Solsort · Rastende · Ertholmene · DOF Bornholm · Per Kjær · 15.183579965334616, 55.323732642528455
[alm-bornholm] 2025-10-13 13:27:25 CEST · [alm] · 150 Sangdrossel · Rastende · Ertholmene · DOF Bornholm · Per Kjær · 15.183579965334616, 55.323732642528455
[alm-bornholm] 2025-10-13 13:27:25 CEST · [alm] · 40 Vindrossel · Rastende · Ertholmene · DOF Bornholm · Per Kjær · 15.183579965334616, 55.323732642528455
[alm-bornholm] 2025-10-13 13:27:25 CEST · [alm] · 3 Sjagger · Rastende · Ertholmene · DOF Bornholm · Per Kjær · 15.183579965334616, 55.323732642528455
[alm-bornholm] 2025-10-13 13:27:25 CEST · [alm] · 2 Misteldrossel · Rastende · Ertholmene · DOF Bornholm · Per Kjær · 15.183579965334616, 55.323732642528455
[alm-bornholm] 2025-10-13 13:27:25 CEST · [alm] · 5 Munk · Rastende · Ertholmene · DOF Bornholm · Per Kjær · 15.183579965334616, 55.323732642528455
[alm-bornholm] 2025-10-13 13:27:25 CEST · [alm] · 50 Gransanger · Rastende · Ertholmene · DOF Bornholm · Per Kjær · 15.183579965334616, 55.323732642528455
[alm-bornholm] 2025-10-13 13:27:25 CEST · [alm] · 250 Fuglekonge · Rastende · Ertholmene · DOF Bornholm · Per Kjær · 15.183579965334616, 55.323732642528455
[alm-bornholm] 2025-10-13 13:27:25 CEST · [alm] · 1 Rødtoppet Fuglekonge · Rastende · Ertholmene · DOF Bornholm · Per Kjær · 15.183579965334616, 55.323732642528455
[alm-bornholm] 2025-10-13 13:27:25 CEST · [alm] · 25 Blåmejse · Rastende · Ertholmene · DOF Bornholm · Per Kjær · 15.183579965334616, 55.323732642528455
[alm-bornholm] 2025-10-13 13:27:25 CEST · [alm] · 30 Musvit · Rastende · Ertholmene · DOF Bornholm · Per Kjær · 15.183579965334616, 55.323732642528455
[alm-bornholm] 2025-10-13 13:29:03 CEST · [alm] · 50 Træløber · Rastende · Ertholmene · DOF Bornholm · Per Kjær · 15.183579965334616, 55.323732642528455
[alm-bornholm] 2025-10-13 13:29:03 CEST · [alm] · 175 Bogfinke · Rastende · Ertholmene · DOF Bornholm · Per Kjær · 15.183579965334616, 55.323732642528455
[alm-bornholm] 2025-10-13 13:29:03 CEST · [alm] · 75 Kvækerfinke · Rastende · Ertholmene · DOF Bornholm · Per Kjær · 15.183579965334616, 55.323732642528455
[alm-bornholm] 2025-10-13 13:29:03 CEST · [alm] · 6 Stillits · Rastende · Ertholmene · DOF Bornholm · Per Kjær · 15.183579965334616, 55.323732642528455
[alm-bornholm] 2025-10-13 13:29:03 CEST · [alm] · 75 Grønsisken · Rastende · Ertholmene · DOF Bornholm · Per Kjær · 15.183579965334616, 55.323732642528455
[alm-bornholm] 2025-10-13 13:29:03 CEST · [alm] · 30 Gråsisken · Rastende · Ertholmene · DOF Bornholm · Per Kjær · 15.183579965334616, 55.323732642528455
[alm-bornholm] 2025-10-13 13:29:03 CEST · [alm] · 5 Tornirisk · Rastende · Ertholmene · DOF Bornholm · Per Kjær · 15.183579965334616, 55.323732642528455
[alm-bornholm] 2025-10-13 13:29:03 CEST · [alm] · 10 Dompap · Rastende · Ertholmene · DOF Bornholm · Per Kjær · 15.183579965334616, 55.323732642528455
[alm-bornholm] 2025-10-13 13:29:03 CEST · [alm] · 1 Hvid Vipstjert · Rastende · Ertholmene · DOF Bornholm · Per Kjær · 15.183579965334616, 55.323732642528455
[alm-bornholm] 2025-10-13 13:29:03 CEST · [alm] · 24 Toppet Skallesluger · Rastende · Ertholmene · DOF Bornholm · Per Kjær · 15.183579965334616, 55.323732642528455
[alm-bornholm] 2025-10-13 13:30:59 CEST · [alm] · 1 Landsvale · Rastende · Ertholmene · DOF Bornholm · Per Kjær · 15.183579965334616, 55.323732642528455
[alm-bornholm] 2025-10-13 13:30:59 CEST · [alm] · 2 Stor Flagspætte · Rastende · Ertholmene · DOF Bornholm · Per Kjær · 15.183579965334616, 55.323732642528455
[alm-bornholm] 2025-10-13 13:30:59 CEST · [alm] · 3 Sanglærke · Rastende · Ertholmene · DOF Bornholm · Per Kjær · 15.183579965334616, 55.323732642528455
[alm-bornholm] 2025-10-13 13:30:59 CEST · [alm] · 8 Rørspurv · Rastende · Ertholmene · DOF Bornholm · Per Kjær · 15.183579965334616, 55.323732642528455
[alm-bornholm] 2025-10-13 13:30:59 CEST · [alm] · 5 Engpiber · Rastende · Ertholmene · DOF Bornholm · Per Kjær · 15.183579965334616, 55.323732642528455
[alm-bornholm] 2025-10-13 13:30:59 CEST · [alm] · 490 Bramgås · Trækkende · Ertholmene · DOF Bornholm · Per Kjær · 15.183579965334616, 55.323732642528455
[alm-bornholm] 2025-10-13 13:30:59 CEST · [alm] · 2 Dobbeltbekkasin · Rastende · Ertholmene · DOF Bornholm · Per Kjær · 15.183579965334616, 55.323732642528455
[alm-bornholm] 2025-10-13 13:30:59 CEST · [alm] · 25 Ringdue · Rastende · Ertholmene · DOF Bornholm · Per Kjær · 15.183579965334616, 55.323732642528455
[alm-bornholm] 2025-10-13 19:58:22 CEST · [alm] · 50 Rødhals · Rastende · Ertholmene · DOF Bornholm · Per Kjær · 15.183579965334616, 55.323732642528455
[alm-bornholm] 2025-10-13 19:58:22 CEST · [alm] · 3 Misteldrossel · Rastende · Ertholmene · DOF Bornholm · Per Kjær · 15.183579965334616, 55.323732642528455
[alm-bornholm] 2025-10-13 19:58:22 CEST · [alm] · 10 Engpiber · Rastende · Ertholmene · DOF Bornholm · Per Kjær · 15.183579965334616, 55.323732642528455
[alm-bornholm] 2025-10-13 19:58:22 CEST · [alm] · 2 Musvåge · Fouragerende · Rø · DOF Bornholm · Hans Okkels Birk · 14.895981028676035, 55.21744492704657
[alm-bornholm] 2025-10-13 19:58:22 CEST · [alm] · 32 Spurvehøg · Trækkende mod syd · Dueodde · DOF Bornholm · Alexander Dobeson · 15.076475719033839, 54.989781690310934 · 08:00-11:45
[alm-bornholm] 2025-10-13 19:58:22 CEST · [alm] · 2 Rørhøg · Trækkende mod syd · Dueodde · DOF Bornholm · Alexander Dobeson · 15.076475719033839, 54.989781690310934 · 08:00-11:45
[alm-bornholm] 2025-10-13 19:58:22 CEST · [alm] · 1853 Bramgås · Trækkende mod sydvest · Dueodde · DOF Bornholm · Alexander Dobeson · 15.076475719033839, 54.989781690310934 · 08:00-11:45
[alm-bornholm] 2025-10-13 19:58:22 CEST · [alm] · 1 Stor Tornskade · Trækkende · Dueodde · DOF Bornholm · Alexander Dobeson · 15.074583292007, 54.990689520681 · 08:00-11:45
[alm-bornholm] 2025-10-13 19:58:22 CEST · [alm] · 20 Musvåge · Trækkende mod syd · Dueodde · DOF Bornholm · Alexander Dobeson · 15.076475719033839, 54.989781690310934 · 08:00-11:45
[alm-bornholm] 2025-10-13 19:58:22 CEST · [alm] · 4 Fjeldvåge · Trækkende mod syd · Dueodde · DOF Bornholm · Alexander Dobeson · 15.076475719033839, 54.989781690310934 · 08:00-11:45
[alm-bornholm] 2025-10-13 19:58:22 CEST · [alm] · 4 Ravn · Overflyvende · Dueodde · DOF Bornholm · Alexander Dobeson · 15.076475719033839, 54.989781690310934 · 08:00-11:45
[alm-bornholm] 2025-10-13 19:58:22 CEST · [alm] · 9 Skarv · Trækkende · Dueodde · DOF Bornholm · Alexander Dobeson · 15.076475719033839, 54.989781690310934 · 08:00-11:45
[alm-bornholm] 2025-10-13 19:58:22 CEST · [alm] · 2 Gulspurv · Rastende · Dueodde · DOF Bornholm · Alexander Dobeson · 15.076475719033839, 54.989781690310934 · 08:00-11:45
[alm-bornholm] 2025-10-13 19:58:22 CEST · [alm] · 1 Stor Flagspætte · Rastende · Dueodde · DOF Bornholm · Alexander Dobeson · 15.076475719033839, 54.989781690310934 · 08:00-11:45
[alm-bornholm] 2025-10-13 19:58:22 CEST · [alm] · 2 Misteldrossel · Trækkende · Dueodde · DOF Bornholm · Alexander Dobeson · 15.076475719033839, 54.989781690310934 · 08:00-11:45
[alm-bornholm] 2025-10-13 19:58:22 CEST · [alm] · 1 Dompap · Rastende · Dueodde · DOF Bornholm · Alexander Dobeson · 15.076475719033839, 54.989781690310934 · 08:00-11:45
[alm-bornholm] 2025-10-13 19:58:22 CEST · [alm] · 1 Solsort · Rastende · Dueodde · DOF Bornholm · Alexander Dobeson · 15.076475719033839, 54.989781690310934 · 08:00-11:45
[alm-bornholm] 2025-10-13 19:58:22 CEST · [alm] · 1 Rød Glente · Trækkende mod syd · Dueodde · DOF Bornholm · Alexander Dobeson · 15.076475719033839, 54.989781690310934 · 08:00-11:45
[alm-bornholm] 2025-10-13 19:58:22 CEST · [alm] · 1 Sanglærke · Trækkende · Dueodde · DOF Bornholm · Alexander Dobeson · 15.076475719033839, 54.989781690310934 · 08:00-11:45
[alm-bornholm] 2025-10-13 19:58:22 CEST · [alm] · 30 Grønsisken · Trækkende · Dueodde · DOF Bornholm · Alexander Dobeson · 15.076475719033839, 54.989781690310934 · 08:00-11:45
[alm-bornholm] 2025-10-13 19:58:22 CEST · [alm] · 1 Vindrossel · Rastende · Dueodde · DOF Bornholm · Alexander Dobeson · 15.076475719033839, 54.989781690310934 · 08:00-11:45
[alm-bornholm] 2025-10-13 19:58:22 CEST · [alm] · 11 Sjagger · Trækkende · Dueodde · DOF Bornholm · Alexander Dobeson · 15.076475719033839, 54.989781690310934 · 08:00-11:45
[alm-bornholm] 2025-10-13 19:58:22 CEST · [alm] · 170 Bramgås · Trækkende mod vest · Gudhjem · DOF Bornholm · Hans Okkels Birk · 14.974085023595862, 55.20867284620138 · 08:10-08:10
[alm-bornholm] 2025-10-13 19:58:22 CEST · [alm] · 105 Gråand · Rastende · Melsted · DOF Bornholm · Hans Okkels Birk · 14.982059189411743, 55.201780043286334 · 08:15-09:15
[alm-bornholm] 2025-10-13 19:58:22 CEST · [alm] · 1 Sildemåge · Rastende · Melsted · DOF Bornholm · Hans Okkels Birk · 14.982059189411743, 55.201780043286334 · 08:15-09:15
[alm-bornholm] 2025-10-13 19:58:22 CEST · [alm] · 2 Gærdesmutte · Rastende · Melsted · DOF Bornholm · Hans Okkels Birk · 14.982059189411743, 55.201780043286334 · 08:15-09:15
[alm-bornholm] 2025-10-13 19:58:22 CEST · [alm] · 1 Solsort · Rastende · Melsted · DOF Bornholm · Hans Okkels Birk · 14.982059189411743, 55.201780043286334 · 08:15-09:15
[alm-bornholm] 2025-10-13 19:58:22 CEST · [alm] · 15 Skarv · Rastende · Melsted · DOF Bornholm · Hans Okkels Birk · 14.982059189411743, 55.201780043286334 · 08:15-09:15
[alm-bornholm] 2025-10-13 19:58:22 CEST · [alm] · 10 Krage, Gråkrage (ssp. cornix) · Rastende · Melsted · DOF Bornholm · Hans Okkels Birk · 14.982059189411743, 55.201780043286334 · 08:15-09:15
[alm-bornholm] 2025-10-13 19:58:22 CEST · [alm] · 2 Knopsvane · Rastende · Melsted · DOF Bornholm · Hans Okkels Birk · 14.982048422098162, 55.20463897020978 · 08:15-09:15
[alm-bornholm] 2025-10-13 19:58:22 CEST · [alm] · 1 Bogfinke · Rastende · Melsted · DOF Bornholm · Hans Okkels Birk · 14.982059189411743, 55.201780043286334 · 08:15-09:15
[alm-bornholm] 2025-10-13 19:58:22 CEST · [alm] · 8 Knarand · Fouragerende · Melsted · DOF Bornholm · Hans Okkels Birk · 14.983281232416632, 55.20244709820363 · 08:15-09:15
[alm-bornholm] 2025-10-13 19:58:22 CEST · [alm] · 2 Pibeand · Fouragerende · Melsted · DOF Bornholm · Hans Okkels Birk · 14.983313083648683, 55.20243485276969 · 08:15-09:15
[alm-bornholm] 2025-10-13 19:58:22 CEST · [alm] · 8 Hættemåge · Rastende · Melsted · DOF Bornholm · Hans Okkels Birk · 14.982059189411743, 55.201780043286334 · 08:15-09:15
[alm-bornholm] 2025-10-13 19:58:22 CEST · [alm] · 15 Musvit · Rastende · Melsted · DOF Bornholm · Hans Okkels Birk · 14.982059189411743, 55.201780043286334 · 08:15-09:15
[alm-bornholm] 2025-10-13 19:58:22 CEST · [alm] · 4 Blåmejse · Rastende · Melsted · DOF Bornholm · Hans Okkels Birk · 14.982059189411743, 55.201780043286334 · 08:15-09:15
[alm-bornholm] 2025-10-13 19:58:22 CEST · [alm] · 23 Toppet Skallesluger · Fouragerende · Melsted · DOF Bornholm · Hans Okkels Birk · 14.982059189411743, 55.201780043286334 · 08:15-09:15
[alm-bornholm] 2025-10-13 19:58:22 CEST · [alm] · 7 Toppet Skallesluger/Stor Skallesluger · Trækkende mod nordvest · Melsted · DOF Bornholm · Hans Okkels Birk · 14.982059189411743, 55.201780043286334 · 08:15-09:15
[alm-bornholm] 2025-10-13 19:58:22 CEST · [alm] · 2 Råge · Fouragerende · Melsted · DOF Bornholm · Hans Okkels Birk · 14.982059189411743, 55.201780043286334 · 08:15-09:15
[alm-bornholm] 2025-10-13 19:58:22 CEST · [alm] · 5 Stær · Overflyvende · Melsted · DOF Bornholm · Hans Okkels Birk · 14.982059189411743, 55.201780043286334 · 08:15-09:15
[alm-bornholm] 2025-10-13 19:58:22 CEST · [alm] · 15 Sølvmåge · Overflyvende · Melsted · DOF Bornholm · Hans Okkels Birk · 14.982059189411743, 55.201780043286334 · 08:15-09:15
[alm-bornholm] 2025-10-13 19:58:22 CEST · [alm] · 2 Gråspurv · Fouragerende · Melsted · DOF Bornholm · Hans Okkels Birk · 14.982059189411743, 55.201780043286334 · 08:15-09:15
[alm-bornholm] 2025-10-13 19:58:22 CEST · [alm] · 18 Grønirisk · Fouragerende · Melsted · DOF Bornholm · Hans Okkels Birk · 14.982059189411743, 55.201780043286334 · 08:15-09:15
[alm-bornholm] 2025-10-13 19:58:22 CEST · [alm] · 2 Gulspurv · Rastende · Melsted · DOF Bornholm · Hans Okkels Birk · 14.982059189411743, 55.201780043286334 · 08:15-09:15
[alm-bornholm] 2025-10-13 19:58:22 CEST · [alm] · 10 Fuglekonge · Fouragerende · Melsted · DOF Bornholm · Hans Okkels Birk · 14.982059189411743, 55.201780043286334 · 08:15-09:15
[alm-bornholm] 2025-10-13 19:58:22 CEST · [alm] · 1 Toppet Lappedykker · Fouragerende · Melsted · DOF Bornholm · Hans Okkels Birk · 14.98934403061867, 55.19425406139583 · 08:15-09:15
[alm-bornholm] 2025-10-13 19:58:22 CEST · [alm] · 110 Bramgås · Trækkende mod sydvest · Melsted · DOF Bornholm · Hans Okkels Birk · 14.982059189411743, 55.201780043286334 · 08:33-08:33
[alm-bornholm] 2025-10-13 19:58:22 CEST · [alm] · 1 Fiskehejre · Rastende · Kobbeå · DOF Bornholm · Hans Okkels Birk · 14.990030676126482, 55.193666155381464 · 09:15-09:15
[alm-bornholm] 2025-10-13 19:58:22 CEST · [alm] · 1 Svartbag · Rastende · Kobbeå · DOF Bornholm · Hans Okkels Birk · 14.989515691995623, 55.1938621250171 · 09:15-09:15
[alm-bornholm] 2025-10-13 19:58:22 CEST · [alm] · 15 Musvit · Fouragerende · Fittinge · DOF Bornholm · Hans Okkels Birk · 14.99974953334066, 55.1886308655553 · 09:16-09:44
[alm-bornholm] 2025-10-13 19:58:22 CEST · [alm] · 1 Ringdue · Rastende · Fittinge · DOF Bornholm · Hans Okkels Birk · 14.99974953334066, 55.1886308655553 · 09:16-09:44
[alm-bornholm] 2025-10-13 19:58:22 CEST · [alm] · 2 Solsort · Rastende · Fittinge · DOF Bornholm · Hans Okkels Birk · 14.99974953334066, 55.1886308655553 · 09:16-09:44
[alm-bornholm] 2025-10-13 19:58:22 CEST · [alm] · 6 Krage, Gråkrage (ssp. cornix) · Rastende · Fittinge · DOF Bornholm · Hans Okkels Birk · 14.99974953334066, 55.1886308655553 · 09:16-09:44
[alm-bornholm] 2025-10-13 19:58:22 CEST · [alm] · 15 Grønsisken · Fouragerende · Fittinge · DOF Bornholm · Hans Okkels Birk · 14.99974953334066, 55.1886308655553 · 09:16-09:44
[alm-bornholm] 2025-10-13 19:58:22 CEST · [alm] · 225 Gråand · Rastende · Fittinge · DOF Bornholm · Hans Okkels Birk · 15.002024173736574, 55.188178614117525 · 09:16-09:44
[alm-bornholm] 2025-10-13 19:58:22 CEST · [alm] · 1 Musvåge · Rastende · Fittinge · DOF Bornholm · Hans Okkels Birk · 15.001262761652471, 55.18774986811979 · 09:16-09:44
[alm-bornholm] 2025-10-13 19:58:22 CEST · [alm] · 1 Stor Flagspætte · Rastende · Fittinge · DOF Bornholm · Hans Okkels Birk · 15.000983811914924, 55.18767636834258 · 09:16-09:44
[alm-bornholm] 2025-10-13 19:58:22 CEST · [alm] · 10 Grønirisk · Rastende · Fittinge · DOF Bornholm · Hans Okkels Birk · 14.99974953334066, 55.1886308655553 · 09:16-09:44
[alm-bornholm] 2025-10-13 19:58:22 CEST · [alm] · 5 Sølvmåge · Overflyvende · Fittinge · DOF Bornholm · Hans Okkels Birk · 14.99974953334066, 55.1886308655553 · 09:16-09:44
[alm-bornholm] 2025-10-13 19:58:22 CEST · [alm] · 1 Fasan · Rastende · Fittinge · DOF Bornholm · Hans Okkels Birk · 14.99974953334066, 55.1886308655553 · 09:16-09:44
[alm-bornholm] 2025-10-13 19:58:22 CEST · [alm] · 1 Gulspurv · Rastende · Fittinge · DOF Bornholm · Hans Okkels Birk · 14.99974953334066, 55.1886308655553 · 09:16-09:44
[alm-bornholm] 2025-10-13 19:58:22 CEST · [alm] · 1 Bogfinke · Rastende · Fittinge · DOF Bornholm · Hans Okkels Birk · 14.99974953334066, 55.1886308655553 · 09:16-09:44
[alm-bornholm] 2025-10-13 19:58:22 CEST · [alm] · 1 Gærdesmutte · Rastende · Fittinge · DOF Bornholm · Hans Okkels Birk · 14.99974953334066, 55.1886308655553 · 09:16-09:44
[alm-bornholm] 2025-10-13 19:58:22 CEST · [alm] · 1 Blåmejse · Rastende · Fittinge · DOF Bornholm · Hans Okkels Birk · 14.99974953334066, 55.1886308655553 · 09:16-09:44
[alm-bornholm] 2025-10-13 19:58:22 CEST · [alm] · 10 Skarv · Rastende · Fittinge · DOF Bornholm · Hans Okkels Birk · 14.99974953334066, 55.1886308655553 · 09:16-09:44
[alm-bornholm] 2025-10-13 19:58:22 CEST · [alm] · 5 Toppet Skallesluger · Trækkende mod sydøst · Fittinge · DOF Bornholm · Hans Okkels Birk · 14.99974953334066, 55.1886308655553 · 09:16-09:44
[alm-bornholm] 2025-10-13 19:58:22 CEST · [alm] · 1 Ravn · Rastende · Fittinge · DOF Bornholm · Hans Okkels Birk · 15.00935230404139, 55.183425400535455 · 09:16-09:44
[alm-bornholm] 2025-10-13 19:58:22 CEST · [alm] · 30 Bramgås · Trækkende mod sydvest · Fittinge · DOF Bornholm · Hans Okkels Birk · 14.99974953334066, 55.1886308655553 · 09:31-09:31
[alm-bornholm] 2025-10-13 19:58:22 CEST · [alm] · 4 Sølvmåge · Overflyvende · Saltuna · DOF Bornholm · Hans Okkels Birk · 15.016281408475557, 55.178683240439454 · 09:44-10:00
[alm-bornholm] 2025-10-13 19:58:22 CEST · [alm] · 10 Musvit · Rastende · Saltuna · DOF Bornholm · Hans Okkels Birk · 15.016281408475557, 55.178683240439454 · 09:44-10:00
[alm-bornholm] 2025-10-13 19:58:22 CEST · [alm] · 1 Tårnfalk · Trækkende mod sydøst · Saltuna · DOF Bornholm · Hans Okkels Birk · 15.016281408475557, 55.178683240439454 · 09:44-10:00
[alm-bornholm] 2025-10-13 19:58:22 CEST · [alm] · 2 Gærdesmutte · Rastende · Saltuna · DOF Bornholm · Hans Okkels Birk · 15.016281408475557, 55.178683240439454 · 09:44-10:00
[alm-bornholm] 2025-10-13 19:58:22 CEST · [alm] · 2 Råge · Rastende · Saltuna · DOF Bornholm · Hans Okkels Birk · 15.016281408475557, 55.178683240439454 · 09:44-10:00
[alm-bornholm] 2025-10-13 19:58:22 CEST · [alm] · 2 Krage, Gråkrage (ssp. cornix) · Rastende · Saltuna · DOF Bornholm · Hans Okkels Birk · 15.016281408475557, 55.178683240439454 · 09:44-10:00
[alm-bornholm] 2025-10-13 19:58:22 CEST · [alm] · 10 Grønirisk · Rastende · Saltuna · DOF Bornholm · Hans Okkels Birk · 15.016281408475557, 55.178683240439454 · 09:44-10:00
[alm-bornholm] 2025-10-13 19:58:22 CEST · [alm] · 3 Blåmejse · Rastende · Saltuna · DOF Bornholm · Hans Okkels Birk · 15.016281408475557, 55.178683240439454 · 09:44-10:00
[alm-bornholm] 2025-10-13 19:58:22 CEST · [alm] · 1 Fiskehejre · Rastende · Saltuna · DOF Bornholm · Hans Okkels Birk · 15.016281408475557, 55.178683240439454 · 09:44-10:00
[alm-bornholm] 2025-10-13 19:58:22 CEST · [alm] · 3 Sølvmåge · Overflyvende · Randkløve · DOF Bornholm · Hans Okkels Birk · 15.038815468415324, 55.16820116311277 · 10:00-10:50
[alm-bornholm] 2025-10-13 19:58:22 CEST · [alm] · 30 Grønsisken · Fouragerende · Randkløve · DOF Bornholm · Hans Okkels Birk · 15.038815468415324, 55.16820116311277 · 10:00-10:50
[alm-bornholm] 2025-10-13 19:58:22 CEST · [alm] · 25 Musvit · Fouragerende · Randkløve · DOF Bornholm · Hans Okkels Birk · 15.038815468415324, 55.16820116311277 · 10:00-10:50
[alm-bornholm] 2025-10-13 19:58:22 CEST · [alm] · 5 Gærdesmutte · Rastende · Randkløve · DOF Bornholm · Hans Okkels Birk · 15.038815468415324, 55.16820116311277 · 10:00-10:50
[alm-bornholm] 2025-10-13 19:58:22 CEST · [alm] · 1 Fiskehejre · Trækkende mod syd · Randkløve · DOF Bornholm · Hans Okkels Birk · 15.038815468415324, 55.16820116311277 · 10:00-10:50
[alm-bornholm] 2025-10-13 19:58:22 CEST · [alm] · 1 Ringdue · Overflyvende · Randkløve · DOF Bornholm · Hans Okkels Birk · 15.038815468415324, 55.16820116311277 · 10:00-10:50
[alm-bornholm] 2025-10-13 19:58:22 CEST · [alm] · 30 Fuglekonge · Fouragerende · Randkløve · DOF Bornholm · Hans Okkels Birk · 15.038815468415324, 55.16820116311277 · 10:00-10:50
[alm-bornholm] 2025-10-13 19:58:22 CEST · [alm] · 7 Krage, Gråkrage (ssp. cornix) · Fouragerende · Randkløve · DOF Bornholm · Hans Okkels Birk · 15.038815468415324, 55.16820116311277 · 10:00-10:50
[alm-bornholm] 2025-10-13 19:58:22 CEST · [alm] · 6 Solsort · Fouragerende · Randkløve · DOF Bornholm · Hans Okkels Birk · 15.038815468415324, 55.16820116311277 · 10:00-10:50
[alm-bornholm] 2025-10-13 19:58:22 CEST · [alm] · 7 Bogfinke · Rastende · Randkløve · DOF Bornholm · Hans Okkels Birk · 15.038815468415324, 55.16820116311277 · 10:00-10:50
[alm-bornholm] 2025-10-13 19:58:22 CEST · [alm] · 1 Grønirisk · Rastende · Randkløve · DOF Bornholm · Hans Okkels Birk · 15.038815468415324, 55.16820116311277 · 10:00-10:50
[alm-bornholm] 2025-10-13 19:58:22 CEST · [alm] · 7 Blåmejse · Rastende · Randkløve · DOF Bornholm · Hans Okkels Birk · 15.038815468415324, 55.16820116311277 · 10:00-10:50
[alm-bornholm] 2025-10-13 19:58:22 CEST · [alm] · 1 Gulspurv · Rastende · Randkløve · DOF Bornholm · Hans Okkels Birk · 15.038815468415324, 55.16820116311277 · 10:00-10:50
[alm-bornholm] 2025-10-13 19:58:22 CEST · [alm] · 80 Bramgås · Trækkende mod syd · Randkløve · DOF Bornholm · Hans Okkels Birk · 15.038815468415324, 55.16820116311277 · 10:38-10:38
[alm-bornholm] 2025-10-13 19:58:22 CEST · [alm] · 10 Sølvmåge · Overflyvende · Ypnasted · DOF Bornholm · Hans Okkels Birk · 15.057971862889051, 55.158309201837795 · 10:50-11:05
[alm-bornholm] 2025-10-13 19:58:22 CEST · [alm] · 4 Krage, Gråkrage (ssp. cornix) · Fouragerende · Ypnasted · DOF Bornholm · Hans Okkels Birk · 15.057971862889051, 55.158309201837795 · 10:50-11:05
[alm-bornholm] 2025-10-13 19:58:22 CEST · [alm] · 5 Solsort · Rastende · Ypnasted · DOF Bornholm · Hans Okkels Birk · 15.057971862889051, 55.158309201837795 · 10:50-11:05
[alm-bornholm] 2025-10-13 19:58:22 CEST · [alm] · 20 Knarand · Rastende · Ypnasted · DOF Bornholm · Hans Okkels Birk · 15.061461925506592, 55.16030052579586 · 10:50-11:05
[alm-bornholm] 2025-10-13 19:58:22 CEST · [alm] · 20 Gråand · Rastende · Ypnasted · DOF Bornholm · Hans Okkels Birk · 15.061354637145998, 55.160361817700206 · 10:50-11:05
[alm-bornholm] 2025-10-13 19:58:22 CEST · [alm] · 1 Hættemåge · Rastende · Ypnasted · DOF Bornholm · Hans Okkels Birk · 15.057971862889051, 55.158309201837795 · 10:50-11:05
[alm-bornholm] 2025-10-13 19:58:22 CEST · [alm] · 1 Toppet Skallesluger · Trækkende mod sydøst · Ypnasted · DOF Bornholm · Hans Okkels Birk · 15.057971862889051, 55.158309201837795 · 10:50-11:05
[alm-bornholm] 2025-10-13 19:58:22 CEST · [alm] · 5 Fuglekonge · Fouragerende · Ypnasted · DOF Bornholm · Hans Okkels Birk · 15.057971862889051, 55.158309201837795 · 10:50-11:05
[alm-bornholm] 2025-10-13 19:58:22 CEST · [alm] · 4 Bogfinke · Rastende · Ypnasted · DOF Bornholm · Hans Okkels Birk · 15.057971862889051, 55.158309201837795 · 10:50-11:05
[alm-bornholm] 2025-10-13 19:58:22 CEST · [alm] · 5 Musvit · Fouragerende · Ypnasted · DOF Bornholm · Hans Okkels Birk · 15.057971862889051, 55.158309201837795 · 10:50-11:05
[alm-bornholm] 2025-10-13 19:58:22 CEST · [alm] · 3 Grønirisk · Rastende · Ypnasted · DOF Bornholm · Hans Okkels Birk · 15.057971862889051, 55.158309201837795 · 10:50-11:05
[alm-bornholm] 2025-10-13 19:58:22 CEST · [alm] · 2 Gærdesmutte · Rastende · Bølshavn · DOF Bornholm · Hans Okkels Birk · 15.078531064403904, 55.14919013595201 · 11:05-11:38
[alm-bornholm] 2025-10-13 19:58:22 CEST · [alm] · 1 Bogfinke · Rastende · Bølshavn · DOF Bornholm · Hans Okkels Birk · 15.078531064403904, 55.14919013595201 · 11:05-11:38
[alm-bornholm] 2025-10-13 19:58:22 CEST · [alm] · 10 Grønsisken · Fouragerende · Bølshavn · DOF Bornholm · Hans Okkels Birk · 15.078531064403904, 55.14919013595201 · 11:05-11:38
[alm-bornholm] 2025-10-13 19:58:22 CEST · [alm] · 10 Krage, Gråkrage (ssp. cornix) · Rastende · Bølshavn · DOF Bornholm · Hans Okkels Birk · 15.078531064403904, 55.14919013595201 · 11:05-11:38
[alm-bornholm] 2025-10-13 19:58:22 CEST · [alm] · 8 Sølvmåge · Overflyvende · Bølshavn · DOF Bornholm · Hans Okkels Birk · 15.078531064403904, 55.14919013595201 · 11:05-11:38
[alm-bornholm] 2025-10-13 19:58:22 CEST · [alm] · 1 Solsort · Rastende · Bølshavn · DOF Bornholm · Hans Okkels Birk · 15.078531064403904, 55.14919013595201 · 11:05-11:38
[alm-bornholm] 2025-10-13 19:58:22 CEST · [alm] · 5 Stær · Overflyvende · Bølshavn · DOF Bornholm · Hans Okkels Birk · 15.078531064403904, 55.14919013595201 · 11:05-11:38
[alm-bornholm] 2025-10-13 19:58:22 CEST · [alm] · 5 Gråand · Rastende · Bølshavn · DOF Bornholm · Hans Okkels Birk · 15.078531064403904, 55.14919013595201 · 11:05-11:38
[alm-bornholm] 2025-10-13 19:58:22 CEST · [alm] · 8 Gråspurv · Fouragerende · Bølshavn · DOF Bornholm · Hans Okkels Birk · 15.078531064403904, 55.14919013595201 · 11:05-11:38
[alm-bornholm] 2025-10-13 19:58:22 CEST · [alm] · 18 Stormmåge · Rastende · Bølshavn · DOF Bornholm · Hans Okkels Birk · 15.078531064403904, 55.14919013595201 · 11:05-11:38
[alm-bornholm] 2025-10-13 19:58:22 CEST · [alm] · 22 Hættemåge · Rastende · Bølshavn · DOF Bornholm · Hans Okkels Birk · 15.078531064403904, 55.14919013595201 · 11:05-11:38
[alm-bornholm] 2025-10-13 19:58:22 CEST · [alm] · 2 Musvit · Rastende · Bølshavn · DOF Bornholm · Hans Okkels Birk · 15.078531064403904, 55.14919013595201 · 11:05-11:38
[alm-bornholm] 2025-10-13 19:58:22 CEST · [alm] · 1 Toppet Skallesluger · Trækkende mod øst · Bølshavn · DOF Bornholm · Hans Okkels Birk · 15.078531064403904, 55.14919013595201 · 11:05-11:38
[alm-bornholm] 2025-10-13 19:58:22 CEST · [alm] · 8 Skarv · Rastende · Bølshavn · DOF Bornholm · Hans Okkels Birk · 15.078531064403904, 55.14919013595201 · 11:05-11:38
[alm-bornholm] 2025-10-13 19:58:22 CEST · [alm] · 1 Musvåge · Overflyvende · Bølshavn · DOF Bornholm · Hans Okkels Birk · 15.078531064403904, 55.14919013595201 · 11:05-11:38
[alm-bornholm] 2025-10-13 19:58:22 CEST · [alm] · 5 Musvit · Rastende · Gyldensådalen · DOF Bornholm · Hans Okkels Birk · 15.086896176329624, 55.147885833509264 · 11:38-12:09
[alm-bornholm] 2025-10-13 19:58:22 CEST · [alm] · 3 Gærdesmutte · Rastende · Gyldensådalen · DOF Bornholm · Hans Okkels Birk · 15.086896176329624, 55.147885833509264 · 11:38-12:09
[alm-bornholm] 2025-10-13 19:58:22 CEST · [alm] · 2 Bogfinke · Rastende · Gyldensådalen · DOF Bornholm · Hans Okkels Birk · 15.086896176329624, 55.147885833509264 · 11:38-12:09
[alm-bornholm] 2025-10-13 19:58:22 CEST · [alm] · 2 Krage, Gråkrage (ssp. cornix) · Rastende · Gyldensådalen · DOF Bornholm · Hans Okkels Birk · 15.086896176329624, 55.147885833509264 · 11:38-12:09
[alm-bornholm] 2025-10-13 19:58:22 CEST · [alm] · 1 Ringdue · Rastende · Gyldensådalen · DOF Bornholm · Hans Okkels Birk · 15.086896176329624, 55.147885833509264 · 11:38-12:09
[alm-bornholm] 2025-10-13 19:58:22 CEST · [alm] · 2 Blåmejse · Rastende · Gyldensådalen · DOF Bornholm · Hans Okkels Birk · 15.086896176329624, 55.147885833509264 · 11:38-12:09
[alm-bornholm] 2025-10-13 19:58:22 CEST · [alm] · 4 Fuglekonge · Rastende · Gyldensådalen · DOF Bornholm · Hans Okkels Birk · 15.086896176329624, 55.147885833509264 · 11:38-12:09
[alm-bornholm] 2025-10-13 19:58:22 CEST · [alm] · 1 Fiskehejre · Fouragerende · Gyldensådalen · DOF Bornholm · Hans Okkels Birk · 15.086896176329624, 55.147885833509264 · 11:38-12:09
[alm-bornholm] 2025-10-13 19:58:22 CEST · [alm] · 1 Skovskade · Rastende · Gyldensådalen · DOF Bornholm · Hans Okkels Birk · 15.086896176329624, 55.147885833509264 · 11:38-12:09
[alm-bornholm] 2025-10-13 19:58:22 CEST · [alm] · 5 Bramgås · Trækkende mod sydvest · Gyldensådalen · DOF Bornholm · Hans Okkels Birk · 15.086896176329624, 55.147885833509264 · 11:41-11:41
[alm-bornholm] 2025-10-13 19:58:22 CEST · [alm] · 1 Svartbag · Rastende · Gyldenså-Listed incl havn · DOF Bornholm · Hans Okkels Birk · 15.100862463894552, 55.14833183065281 · 12:11-12:50
[alm-bornholm] 2025-10-13 19:58:22 CEST · [alm] · 8 Hættemåge · Overflyvende · Gyldenså-Listed incl havn · DOF Bornholm · Hans Okkels Birk · 15.100862463894552, 55.14833183065281 · 12:11-12:50
[alm-bornholm] 2025-10-13 19:58:22 CEST · [alm] · 4 Musvit · Fouragerende · Gyldenså-Listed incl havn · DOF Bornholm · Hans Okkels Birk · 15.100862463894552, 55.14833183065281 · 12:11-12:50
[alm-bornholm] 2025-10-13 19:58:22 CEST · [alm] · 5 Fuglekonge · Fouragerende · Gyldenså-Listed incl havn · DOF Bornholm · Hans Okkels Birk · 15.100862463894552, 55.14833183065281 · 12:11-12:50
[alm-bornholm] 2025-10-13 19:58:22 CEST · [alm] · 3 Solsort · Rastende · Gyldenså-Listed incl havn · DOF Bornholm · Hans Okkels Birk · 15.100862463894552, 55.14833183065281 · 12:11-12:50
[alm-bornholm] 2025-10-13 19:58:22 CEST · [alm] · 10 Krage, Gråkrage (ssp. cornix) · Fouragerende · Gyldenså-Listed incl havn · DOF Bornholm · Hans Okkels Birk · 15.100862463894552, 55.14833183065281 · 12:11-12:50
[alm-bornholm] 2025-10-13 19:58:22 CEST · [alm] · 1 Ringdue · Rastende · Gyldenså-Listed incl havn · DOF Bornholm · Hans Okkels Birk · 15.100862463894552, 55.14833183065281 · 12:11-12:50
[alm-bornholm] 2025-10-13 19:58:22 CEST · [alm] · 7 Skarv · Rastende · Gyldenså-Listed incl havn · DOF Bornholm · Hans Okkels Birk · 15.107275396585466, 55.14724320315454 · 12:11-12:50
[alm-bornholm] 2025-10-13 19:58:22 CEST · [alm] · 1 Gærdesmutte · Rastende · Gyldenså-Listed incl havn · DOF Bornholm · Hans Okkels Birk · 15.100862463894552, 55.14833183065281 · 12:11-12:50
[alm-bornholm] 2025-10-13 19:58:22 CEST · [alm] · 12 Knarand · Rastende · Gyldenså-Listed incl havn · DOF Bornholm · Hans Okkels Birk · 15.10718956589699, 55.14655650264878 · 12:11-12:50
[alm-bornholm] 2025-10-13 19:58:22 CEST · [alm] · 13 Gråand · Rastende · Gyldenså-Listed incl havn · DOF Bornholm · Hans Okkels Birk · 15.100862463894552, 55.14833183065281 · 12:11-12:50
[alm-bornholm] 2025-10-13 19:58:22 CEST · [alm] · 5 Sølvmåge · Rastende · Gyldenså-Listed incl havn · DOF Bornholm · Hans Okkels Birk · 15.100862463894552, 55.14833183065281 · 12:11-12:50
[alm-bornholm] 2025-10-13 19:58:22 CEST · [alm] · 5 Toppet Skallesluger · Rastende · Gyldenså-Listed incl havn · DOF Bornholm · Hans Okkels Birk · 15.107103735208513, 55.14714510380586 · 12:11-12:50
[alm-bornholm] 2025-10-13 19:58:22 CEST · [alm] · 10 Råge · Fouragerende · Gyldenså-Listed incl havn · DOF Bornholm · Hans Okkels Birk · 15.100862463894552, 55.14833183065281 · 12:11-12:50
[alm-bornholm] 2025-10-13 19:58:22 CEST · [alm] · 20 Bramgås · Trækkende mod vest · Gyldenså-Listed incl havn · DOF Bornholm · Hans Okkels Birk · 15.100862463894552, 55.14833183065281 · 12:34-12:34
[alm-bornholm] 2025-10-13 19:58:22 CEST · [alm] · 25 Gråand · Rastende · Listed Havn · DOF Bornholm · Hans Okkels Birk · 15.112161114733114, 55.146399140015376 · 12:50-12:58
[alm-bornholm] 2025-10-13 19:58:22 CEST · [alm] · 1 Gærdesmutte · Rastende · Listed Havn · DOF Bornholm · Hans Okkels Birk · 15.112161114733114, 55.146399140015376 · 12:50-12:58
[alm-bornholm] 2025-10-13 19:58:22 CEST · [alm] · 2 Knopsvane · Rastende · Listed Havn · DOF Bornholm · Hans Okkels Birk · 15.116758346557619, 55.143981270493576 · 12:50-12:58
[alm-bornholm] 2025-10-13 19:58:22 CEST · [alm] · 4 Krage, Gråkrage (ssp. cornix) · Rastende · Listed Havn · DOF Bornholm · Hans Okkels Birk · 15.112161114733114, 55.146399140015376 · 12:50-12:58
[alm-bornholm] 2025-10-13 19:58:22 CEST · [alm] · 1 Fuglekonge · Rastende · Listed Havn · DOF Bornholm · Hans Okkels Birk · 15.112161114733114, 55.146399140015376 · 12:50-12:58
[alm-bornholm] 2025-10-13 19:58:22 CEST · [alm] · 1 Gråand · Rastende · Grynebækken · DOF Bornholm · Hans Okkels Birk · 15.123412332952066, 55.14345844499229 · 12:50-13:05
[alm-bornholm] 2025-10-13 19:58:22 CEST · [alm] · 4 Krage, Gråkrage (ssp. cornix) · Fouragerende · Grynebækken · DOF Bornholm · Hans Okkels Birk · 15.123412332952066, 55.14345844499229 · 12:50-13:05
[alm-bornholm] 2025-10-13 19:58:22 CEST · [alm] · 2 Sølvmåge · Overflyvende · Grynebækken · DOF Bornholm · Hans Okkels Birk · 15.123412332952066, 55.14345844499229 · 12:50-13:05
[alm-bornholm] 2025-10-13 19:58:22 CEST · [alm] · 1 Gærdesmutte · Rastende · Grynebækken · DOF Bornholm · Hans Okkels Birk · 15.123412332952066, 55.14345844499229 · 12:50-13:05
[alm-bornholm] 2025-10-13 19:58:22 CEST · [alm] · 1 Skovspurv · Rastende · Svaneke Nordskov · DOF Bornholm · Hans Okkels Birk · 15.130317143902825, 55.14249240398081 · 12:58-13:30
[alm-bornholm] 2025-10-13 19:58:22 CEST · [alm] · 15 Fuglekonge · Fouragerende · Svaneke Nordskov · DOF Bornholm · Hans Okkels Birk · 15.130317143902825, 55.14249240398081 · 12:58-13:30
[alm-bornholm] 2025-10-13 19:58:22 CEST · [alm] · 2 Krage, Gråkrage (ssp. cornix) · Rastende · Svaneke Nordskov · DOF Bornholm · Hans Okkels Birk · 15.130317143902825, 55.14249240398081 · 12:58-13:30
[alm-bornholm] 2025-10-13 19:58:22 CEST · [alm] · 2 Musvit · Rastende · Svaneke Nordskov · DOF Bornholm · Hans Okkels Birk · 15.130317143902825, 55.14249240398081 · 12:58-13:30
[alm-bornholm] 2025-10-13 19:58:22 CEST · [alm] · 1 Stor Flagspætte · Rastende · Svaneke Nordskov · DOF Bornholm · Hans Okkels Birk · 15.134181976318361, 55.14145492889591 · 12:58-13:30
[alm-bornholm] 2025-10-13 19:58:22 CEST · [alm] · 3 Grønsisken · Overflyvende · Svaneke Nordskov · DOF Bornholm · Hans Okkels Birk · 15.130317143902825, 55.14249240398081 · 12:58-13:30
[alm-bornholm] 2025-10-13 19:58:22 CEST · [alm] · 1 Gråand · Rastende · Møllenakke, Svaneke · DOF Bornholm · Hans Okkels Birk · 15.13711272006482, 55.14332372644901 · 13:05-13:30
[alm-bornholm] 2025-10-13 19:58:22 CEST · [alm] · 5 Krage, Gråkrage (ssp. cornix) · Fouragerende · Møllenakke, Svaneke · DOF Bornholm · Hans Okkels Birk · 15.13711272006482, 55.14332372644901 · 13:05-13:30
[alm-bornholm] 2025-10-13 19:58:22 CEST · [alm] · 3 Sølvmåge · Overflyvende · Møllenakke, Svaneke · DOF Bornholm · Hans Okkels Birk · 15.13711272006482, 55.14332372644901 · 13:05-13:30
[alm-bornholm] 2025-10-13 19:58:22 CEST · [alm] · 14 Ederfugl · Trækkende mod øst · Møllenakke, Svaneke · DOF Bornholm · Hans Okkels Birk · 15.13711272006482, 55.14332372644901 · 13:05-13:30
[alm-bornholm] 2025-10-13 19:58:22 CEST · [alm] · 1 Rødhals · Fouragerende · Møllenakke, Svaneke · DOF Bornholm · Hans Okkels Birk · 15.13711272006482, 55.14332372644901 · 13:05-13:30
[alm-bornholm] 2025-10-13 19:58:22 CEST · [alm] · 1 Svartbag · Rastende · Møllenakke, Svaneke · DOF Bornholm · Hans Okkels Birk · 15.13711272006482, 55.14332372644901 · 13:05-13:30
[alm-bornholm] 2025-10-13 19:58:22 CEST · [alm] · 2 Fuglekonge · Fouragerende · Møllenakke, Svaneke · DOF Bornholm · Hans Okkels Birk · 15.13711272006482, 55.14332372644901 · 13:05-13:30
[alm-bornholm] 2025-10-13 19:58:22 CEST · [alm] · 1 Blåmejse · Fouragerende · Møllenakke, Svaneke · DOF Bornholm · Hans Okkels Birk · 15.13711272006482, 55.14332372644901 · 13:05-13:30
[alm-bornholm] 2025-10-13 19:58:22 CEST · [alm] · 2 Knopsvane · Rastende · Møllenakke, Svaneke · DOF Bornholm · Hans Okkels Birk · 15.138344764709474, 55.142681328286976 · 13:05-13:30
[alm-bornholm] 2025-10-13 19:58:22 CEST · [alm] · 2 Hættemåge · Rastende · Møllenakke, Svaneke · DOF Bornholm · Hans Okkels Birk · 15.13711272006482, 55.14332372644901 · 13:05-13:30
[alm-bornholm] 2025-10-13 19:58:22 CEST · [alm] · 4 Skarv · Rastende · Møllenakke, Svaneke · DOF Bornholm · Hans Okkels Birk · 15.13711272006482, 55.14332372644901 · 13:05-13:30
[alm-bornholm] 2025-10-13 19:58:22 CEST · [alm] · 4 Bramgås · Rastende · Møllenakke, Svaneke · DOF Bornholm · Hans Okkels Birk · 15.138221550732853, 55.142570953885105 · 13:05-13:30
[alm-bornholm] 2025-10-13 19:58:22 CEST · [alm] · 2 Rød Glente · Fouragerende · Dyndegård ved Nyker · DOF Bornholm · Steen E. Jensen · 14.782297611236574, 55.120845783432664 · 14:07
[alm-bornholm] 2025-10-13 19:58:22 CEST · [alm] · 1 Musvåge · Rastende · Splidsgård · DOF Bornholm · Hans Okkels Birk · 14.851434901356699, 55.187443618153594 · 15:37-15:37
[alm-bornholm] 2025-10-13 19:58:22 CEST · [alm] · 30 Bramgås · Trækkende mod vest · Allinge · DOF Bornholm · Hans Okkels Birk · 14.80152899298531, 55.27404643270032 · 16:17-16:17
[alm-bornholm] 2025-10-13 20:11:25 CEST · [alm] · 4 Hættemåge · Trækkende · Ertholmene · DOF Bornholm · Per Kjær · 15.183579965334616, 55.323732642528455
[alm-bornholm] 2025-10-14 16:01:54 CEST · [bemaerk] · 10 Jernspurv · Trækkende · Ertholmene · DOF Bornholm · Per Kjær · 15.183579965334616, 55.323732642528455
[alm-bornholm] 2025-10-14 16:02:27 CEST · [bemaerk] · 10 Misteldrossel · Rastende · Ertholmene · DOF Bornholm · Per Kjær · 15.183579965334616, 55.323732642528455
[alm-bornholm] 2025-10-14 16:03:13 CEST · [bemaerk] · 4 Skovsneppe · Rastende · Ertholmene · DOF Bornholm · Per Kjær · 15.183579965334616, 55.323732642528455
[alm-bornholm] 2025-10-14 16:03:13 CEST · [bemaerk] · 2 Ringdrossel · Rastende · Ertholmene · DOF Bornholm · Per Kjær · 15.183579965334616, 55.323732642528455
[alm-bornholm] 2025-10-14 16:03:42 CEST · [bemaerk] · 125 Grønsisken · Rastende · Ertholmene · DOF Bornholm · Per Kjær · 15.183579965334616, 55.323732642528455
[alm-bornholm] 2025-10-14 16:03:58 CEST · [bemaerk] · 25 Stillits · Rastende · Ertholmene · DOF Bornholm · Per Kjær · 15.183579965334616, 55.323732642528455
[alm-bornholm] 2025-10-14 16:20:04 CEST · [bemaerk] · 32 Tundrasædgås · Rastende · Udkæret · DOF Bornholm · Steen E. Jensen · 14.86989194977544, 55.09941246833165 · 13:25-14:05
[alm-bornholm] 2025-10-14 16:20:04 CEST · [bemaerk] · 60 Blisgås · Rastende · Udkæret · DOF Bornholm · Steen E. Jensen · 14.86989194977544, 55.09941246833165 · 13:25-14:05
[alm-bornholm] 2025-10-14 16:20:20 CEST · [bemaerk] · 80 Bramgås · Rastende · Udkæret · DOF Bornholm · Steen E. Jensen · 14.86989194977544, 55.09941246833165 · 13:25-14:05
[alm-bornholm] 2025-10-14 16:20:20 CEST · [bemaerk] · 1800 Grågås · Rastende · Udkæret · DOF Bornholm · Steen E. Jensen · 14.86989194977544, 55.09941246833165 · 13:25-14:05
[alm-bornholm] 2025-10-14 16:20:52 CEST · [bemaerk] · 140 Krikand · Rastende · Udkæret · DOF Bornholm · Steen E. Jensen · 14.86989194977544, 55.09941246833165 · 13:25-14:05
[alm-bornholm] 2025-10-14 16:20:52 CEST · [bemaerk] · 2 Sortstrubet Bynkefugl · Rastende · Udkæret · DOF Bornholm · Steen E. Jensen · 14.86989194977544, 55.09941246833165 · 13:25-14:05
[alm-bornholm] 2025-10-14 16:42:08 CEST · [bemaerk] · 2 Vandrikse · Rastende · Spellingemose · DOF Bornholm · Hans Okkels Birk · 14.868052200073564, 55.200885958039635 · 11:56-12:30
[alm-bornholm] 2025-10-14 17:20:15 CEST · [bemaerk] · 25 Fuglekonge · Fouragerende · Døndalen · DOF Bornholm · Hans Okkels Birk · 14.881332893233987, 55.223723950483276 · 13:10-14:00
[alm-bornholm] 2025-10-14 17:31:31 CEST · [bemaerk] · 1 Havørn · Overflyvende · Ølene · DOF Bornholm · Jens Lund Hansen · 15.007815685238015, 55.099511151397905
[alm-bornholm] 2025-10-14 17:31:50 CEST · [bemaerk] · 1 Blå Kærhøg · Rastende · Ølene · DOF Bornholm · Jens Lund Hansen · 15.007815685238015, 55.099511151397905
[alm-bornholm] 2025-10-14 18:41:12 CEST · [bemaerk] · 175 Gærdesmutte · Rastende · Ertholmene · DOF Bornholm · Per Kjær · 15.183579965334616, 55.323732642528455
[alm-bornholm] 2025-10-14 18:41:31 CEST · [bemaerk] · 75 Rødhals · Rastende · Ertholmene · DOF Bornholm · Per Kjær · 15.183579965334616, 55.323732642528455
[alm-bornholm] 2025-10-14 18:42:03 CEST · [bemaerk] · 275 Solsort · Rastende · Ertholmene · DOF Bornholm · Per Kjær · 15.183579965334616, 55.323732642528455
[alm-bornholm] 2025-10-14 18:42:03 CEST · [bemaerk] · 100 Sangdrossel · Rastende · Ertholmene · DOF Bornholm · Per Kjær · 15.183579965334616, 55.323732642528455
[alm-bornholm] 2025-10-14 18:42:22 CEST · [bemaerk] · 500 Vindrossel · Rastende · Ertholmene · DOF Bornholm · Per Kjær · 15.183579965334616, 55.323732642528455
[alm-bornholm] 2025-10-14 18:43:10 CEST · [bemaerk] · 100 Gransanger · Rastende · Ertholmene · DOF Bornholm · Per Kjær · 15.183579965334616, 55.323732642528455
[alm-bornholm] 2025-10-14 18:43:45 CEST · [bemaerk] · 200 Fuglekonge · Rastende · Ertholmene · DOF Bornholm · Per Kjær · 15.183579965334616, 55.323732642528455
[alm-bornholm] 2025-10-14 18:44:17 CEST · [bemaerk] · 200 Gærdesmutte · Rastende · Ertholmene · DOF Bornholm · Per Kjær · 15.183579965334616, 55.323732642528455
[alm-bornholm] 2025-10-14 18:44:48 CEST · [bemaerk] · 50 Træløber · Rastende · Ertholmene · DOF Bornholm · Per Kjær · 15.183579965334616, 55.323732642528455
[alm-bornholm] 2025-10-14 18:45:21 CEST · [bemaerk] · 20 Dompap · Rastende · Ertholmene · DOF Bornholm · Per Kjær · 15.183579965334616, 55.323732642528455
[alm-bornholm] 2025-10-14 18:45:38 CEST · [bemaerk] · 15 Rørspurv · Rastende · Ertholmene · DOF Bornholm · Per Kjær · 15.183579965334616, 55.323732642528455
[alm-bornholm] 2025-10-14 18:46:10 CEST · [bemaerk] · 25 Dompap · Rastende · Ertholmene · DOF Bornholm · Per Kjær · 15.183579965334616, 55.323732642528455
[alm-bornholm] 2025-10-14 18:46:41 CEST · [bemaerk] · 150 Sangdrossel · Rastende · Ertholmene · DOF Bornholm · Per Kjær · 15.183579965334616, 55.323732642528455
[alm-bornholm] 2025-10-14 18:47:42 CEST · [bemaerk] · 400 Solsort · Rastende · Ertholmene · DOF Bornholm · Per Kjær · 15.183579965334616, 55.323732642528455
[alm-bornholm] 2025-10-15 10:30:34 CEST · [bemaerk] · 50 Bjergirisk · Rastende · Fyldområde, Nexø Havn · DOF Bornholm · Steen E. Jensen · 15.138581644516725, 55.06181295027392 · 09:45-10:30
[alm-bornholm] 2025-10-15 12:27:15 CEST · [bemaerk] · 75 Gærdesmutte · Rastende · Ertholmene · DOF Bornholm · Per Kjær · 15.183579965334616, 55.323732642528455
[alm-bornholm] 2025-10-15 12:28:23 CEST · [bemaerk] · 50 Solsort · Rastende · Ertholmene · DOF Bornholm · Per Kjær · 15.183579965334616, 55.323732642528455
[alm-bornholm] 2025-10-15 12:28:23 CEST · [bemaerk] · 50 Sangdrossel · Rastende · Ertholmene · DOF Bornholm · Per Kjær · 15.183579965334616, 55.323732642528455
[alm-bornholm] 2025-10-15 12:28:23 CEST · [bemaerk] · 50 Gransanger · Rastende · Ertholmene · DOF Bornholm · Per Kjær · 15.183579965334616, 55.323732642528455
[alm-bornholm] 2025-10-15 12:28:23 CEST · [bemaerk] · 75 Fuglekonge · Rastende · Ertholmene · DOF Bornholm · Per Kjær · 15.183579965334616, 55.323732642528455
[alm-bornholm] 2025-10-15 12:29:33 CEST · [bemaerk] · 7 Halemejse · Rastende · Ertholmene · DOF Bornholm · Per Kjær · 15.183579965334616, 55.323732642528455
[alm-bornholm] 2025-10-15 12:29:33 CEST · [bemaerk] · 25 Træløber · Rastende · Ertholmene · DOF Bornholm · Per Kjær · 15.183579965334616, 55.323732642528455
[alm-bornholm] 2025-10-15 12:29:33 CEST · [bemaerk] · 20 Gråsisken · Rastende · Ertholmene · DOF Bornholm · Per Kjær · 15.183579965334616, 55.323732642528455
[alm-bornholm] 2025-10-15 12:29:33 CEST · [bemaerk] · 25 Dompap · Rastende · Ertholmene · DOF Bornholm · Per Kjær · 15.183579965334616, 55.323732642528455
[alm-bornholm] 2025-10-15 12:30:45 CEST · [bemaerk] · 1 Ringdrossel · Trækkende · Ertholmene · DOF Bornholm · Per Kjær · 15.183579965334616, 55.323732642528455
[alm-bornholm] 2025-10-15 13:37:19 CEST · [bemaerk] · 47 Toppet Lappedykker · Rastende · Fittinge · DOF Bornholm · Merete Mortensen · 14.99974953334066, 55.1886308655553
[alm-bornholm] 2025-10-15 13:38:25 CEST · [bemaerk] · 47 Toppet Skallesluger · Rastende · Fittinge · DOF Bornholm · Merete Mortensen · 14.99974953334066, 55.1886308655553
[alm-bornholm] 2025-10-15 13:52:16 CEST · [bemaerk] · 1 Isfugl · Rastende · Melsted · DOF Bornholm · Merete Mortensen · 14.983942955514069, 55.204320605229874
[alm-bornholm] 2025-10-15 16:40:02 CEST · [bemaerk] · 5 Rød Glente · Overflyvende · Skagelfaldet · DOF Bornholm · Hanne Tøttrup · 14.919795160438849, 55.082560406047804 · 15:35
[alm-bornholm] 2025-10-15 16:46:32 CEST · [bemaerk] · 950 Stormmåge · Fouragerende · Årsdalevang · DOF Bornholm · Sune Riis Sørensen · 15.134559587500389, 55.100531104872516
[alm-bornholm] 2025-10-15 18:10:29 CEST · [bemaerk] · 4 Fjeldvåge · Trækkende mod sydøst · Dueodde · DOF Bornholm · Alexander Dobeson · 15.076475719033839, 54.989781690310934 · 11:00-13:00
[alm-bornholm] 2025-10-15 18:10:29 CEST · [bemaerk] · 1 Blå Kærhøg · Trækkende mod sydøst · Dueodde · DOF Bornholm · Alexander Dobeson · 15.076475719033839, 54.989781690310934 · 11:00-13:00
[alm-bornholm] 2025-10-15 18:11:34 CEST · [bemaerk] · 32 Spurvehøg · Trækkende mod sydøst · Dueodde · DOF Bornholm · Alexander Dobeson · 15.076475719033839, 54.989781690310934 · 11:00-13:30
[alm-bornholm] 2025-10-15 20:24:34 CEST · [bemaerk] · 11 Knarand · Fouragerende · Snogebæk-Bro Odde · DOF Bornholm · Hans Okkels Birk · 15.120210757249573, 55.01942614675494 · 15:30-16:00
[alm-bornholm] 2025-10-15 20:55:56 CEST · [bemaerk] · 1 Sortgrå Ryle · Fouragerende · Dueodde-Dammebæks udløb · DOF Bornholm · Hans Okkels Birk · 15.070667266845705, 54.98810423846448 · 13:45-14:45
[alm-bornholm] 2025-10-16 12:48:29 CEST · [bemaerk] · 3 Ravn · Overflyvende · Svartingedal · DOF Bornholm · Sune Riis Sørensen · 14.74984828172798, 55.190967647865364 · 11:15
[alm-bornholm] 2025-10-16 13:57:41 CEST · [bemaerk] · 30 Gærdesmutte · Rastende · Ertholmene · DOF Bornholm · Per Kjær · 15.183579965334616, 55.323732642528455
[alm-bornholm] 2025-10-16 13:57:41 CEST · [bemaerk] · 15 Jernspurv · Rastende · Ertholmene · DOF Bornholm · Per Kjær · 15.183579965334616, 55.323732642528455
[alm-bornholm] 2025-10-16 13:58:16 CEST · [bemaerk] · 40 Solsort · Rastende · Ertholmene · DOF Bornholm · Per Kjær · 15.183579965334616, 55.323732642528455
[alm-bornholm] 2025-10-16 13:58:50 CEST · [bemaerk] · 50 Gransanger · Rastende · Ertholmene · DOF Bornholm · Per Kjær · 15.183579965334616, 55.323732642528455
[alm-bornholm] 2025-10-16 13:59:27 CEST · [bemaerk] · 50 Fuglekonge · Rastende · Ertholmene · DOF Bornholm · Per Kjær · 15.183579965334616, 55.323732642528455
[alm-bornholm] 2025-10-16 13:59:27 CEST · [bemaerk] · 1 Rødtoppet Fuglekonge · Rastende · Ertholmene · DOF Bornholm · Per Kjær · 15.183579965334616, 55.323732642528455
[alm-bornholm] 2025-10-16 13:59:27 CEST · [bemaerk] · 15 Halemejse · Rastende · Ertholmene · DOF Bornholm · Per Kjær · 15.183579965334616, 55.323732642528455
[alm-bornholm] 2025-10-16 14:00:03 CEST · [bemaerk] · 20 Træløber · Rastende · Ertholmene · DOF Bornholm · Per Kjær · 15.183579965334616, 55.323732642528455
[alm-bornholm] 2025-10-16 14:00:37 CEST · [bemaerk] · 30 Dompap · Rastende · Ertholmene · DOF Bornholm · Per Kjær · 15.183579965334616, 55.323732642528455
[alm-bornholm] 2025-10-16 14:01:14 CEST · [bemaerk] · 1 Kaspisk Måge · Rastende · Ertholmene · DOF Bornholm · Per Kjær · 15.183579965334616, 55.323732642528455
[alm-bornholm] 2025-10-16 17:20:19 CEST · [bemaerk] · 25 Lille Korsnæb · Rastende · Ølene · DOF Bornholm · Steen E. Jensen · 15.007815685238015, 55.099511151397905 · 13:30-15:40
[alm-bornholm] 2025-10-16 17:21:03 CEST · [bemaerk] · 7 Gransanger · Fouragerende · Ølene · DOF Bornholm · Steen E. Jensen · 15.007815685238015, 55.099511151397905 · 13:30-15:40
[alm-bornholm] 2025-10-16 17:21:18 CEST · [bemaerk] · 5 Rød Glente · Trækkende · Ølene · DOF Bornholm · Steen E. Jensen · 15.007815685238015, 55.099511151397905 · 13:30-15:40
[alm-bornholm] 2025-10-16 17:21:49 CEST · [bemaerk] · 7 Ravn · Rastende · Ølene · DOF Bornholm · Steen E. Jensen · 15.007815685238015, 55.099511151397905 · 13:30-15:40
[alm-bornholm] 2025-10-16 17:22:05 CEST · [bemaerk] · 1 Blå Kærhøg · Fouragerende · Ølene · DOF Bornholm · Steen E. Jensen · 15.007815685238015, 55.099511151397905 · 13:30-15:40
[alm-bornholm] 2025-10-16 17:35:59 CEST · [bemaerk] · 1 Lille Flagspætte · Ynglefugle - redebyggende fugle · Blåskinsdal · DOF Bornholm · Karl Brandt Hermannsson · 14.725894166038108, 55.233942269746024 · 12:30-14:00
[alm-bornholm] 2025-10-16 17:46:32 CEST · [bemaerk] · 30 Toppet Skallesluger · Fouragerende · Balka-Snogebæk Havn incl havn · DOF Bornholm · Hans Okkels Birk · 15.117187500000002, 55.03367926152292 · 09:00-09:40
[alm-bornholm] 2025-10-16 18:02:04 CEST · [bemaerk] · 46 Toppet Skallesluger · Rastende · Ertholmene · DOF Bornholm · Per Kjær · 15.183579965334616, 55.323732642528455
[alm-bornholm] 2025-10-16 18:03:50 CEST · [bemaerk] · 75 Gransanger · Rastende · Ertholmene · DOF Bornholm · Per Kjær · 15.183579965334616, 55.323732642528455
[alm-bornholm] 2025-10-16 18:04:08 CEST · [bemaerk] · 80 Knarand · Fouragerende · Nexø Sydstrand · DOF Bornholm · Hans Okkels Birk · 15.125559666158129, 55.04973082121205 · 09:42-11:38
[alm-bornholm] 2025-10-16 18:07:43 CEST · [bemaerk] · 2100 Grågås · Rastende · Nexø Sydstrand · DOF Bornholm · Hans Okkels Birk · 15.125559666158129, 55.04973082121205 · 09:42-11:38
[alm-bornholm] 2025-10-16 18:16:33 CEST · [bemaerk] · 26 Blisgås · Trækkende, derefter rast · Nexø Sydstrand · DOF Bornholm · Hans Okkels Birk · 15.125559666158129, 55.04973082121205 · 09:42-11:38
[alm-bornholm] 2025-10-16 18:19:11 CEST · [bemaerk] · 5 Gransanger · Fouragerende · Nexø Sydstrand · DOF Bornholm · Hans Okkels Birk · 15.125559666158129, 55.04973082121205 · 09:42-11:38
[alm-bornholm] 2025-10-16 18:25:45 CEST · [bemaerk] · 1 Lille Flagspætte · Overflyvende · Hammeren · DOF Bornholm · Alexander Dobeson · 14.757969975471498, 55.28811565901418 · 11:55
[alm-bornholm] 2025-10-16 18:27:56 CEST · [bemaerk] · 1 Blå Kærhøg · Overflyvende · Hammerhavn · DOF Bornholm · Alexander Dobeson · 14.756172421328182, 55.277793994129325 · 12:15
[alm-bornholm] 2025-10-16 19:14:15 CEST · [bemaerk] · 140 Bramgås · Trækkende · Svenskehavn · DOF Bornholm · Hans Okkels Birk · 15.153328388220832, 55.08881906935176 · 12:45-14:00
[alm-bornholm] 2025-10-16 19:55:13 CEST · [bemaerk] · 55 Bramgås · Trækkende mod syd · Frenne Odde · DOF Bornholm · Hans Okkels Birk · 15.150913716737119, 55.12483996794296 · 15:15-15:41
[alm-bornholm] 2025-10-16 20:00:05 CEST · [bemaerk] · 2 Toppet Skallesluger/Stor Skallesluger · Rastende · Svaneke Fyr-Grisby nord for molen · DOF Bornholm · Hans Okkels Birk · 15.157657548536251, 55.123638425048114 · 15:15-15:41
[alm-bornholm] 2025-10-16 22:05:21 CEST · [bemaerk] · 1 Husrødstjert · Rastende · Hammeren · DOF Bornholm · Alexander Dobeson · 14.778939485549929, 55.29467064993298 · 09:00-12:00
[alm-bornholm] 2025-10-17 10:05:02 CEST · [bemaerk] · 1 Blå Kærhøg · Fouragerende · Dueodde · DOF Bornholm · Jesper Møller · 15.076475719033839, 54.989781690310934
[alm-bornholm] 2025-10-17 10:06:10 CEST · [bemaerk] · 6 Halemejse · Fouragerende · Dueodde · DOF Bornholm · Jesper Møller · 15.076475719033839, 54.989781690310934
[alm-bornholm] 2025-10-17 17:10:07 CEST · [bemaerk] · 2 Rød Glente · Rastende · Dueodde · DOF Bornholm · Jesper Møller · 15.076475719033839, 54.989781690310934
[alm-bornholm] 2025-10-17 17:10:07 CEST · [bemaerk] · 207 Bramgås · Trækkende mod vest · Hammeren · DOF Bornholm · Vilhelm Flyvbjerg · 14.76669348993579, 55.28928668069295
[alm-bornholm] 2025-10-17 17:10:07 CEST · [bemaerk] · 1 Sølvhejre · Trækkende mod sydøst · Hammeren · DOF Bornholm · Vilhelm Flyvbjerg · 14.76669348993579, 55.28928668069295
[alm-bornholm] 2025-10-17 17:10:07 CEST · [bemaerk] · 1 Sortgrå Ryle · Trækkende mod vest · Hammeren · DOF Bornholm · Vilhelm Flyvbjerg · 14.76669348993579, 55.28928668069295
[alm-bornholm] 2025-10-17 17:10:07 CEST · [bemaerk] · 1 Skærpiber · Trækkende · Hammeren · DOF Bornholm · Vilhelm Flyvbjerg · 14.76669348993579, 55.28928668069295
[alm-bornholm] 2025-10-17 17:10:07 CEST · [bemaerk] · 100 Vindrossel · Rastende · Hammeren · DOF Bornholm · Vilhelm Flyvbjerg · 14.76669348993579, 55.28928668069295
[alm-bornholm] 2025-10-17 17:10:07 CEST · [bemaerk] · 100 Fuglekonge · Trækkende mod vest · Hammeren · DOF Bornholm · Vilhelm Flyvbjerg · 14.76669348993579, 55.28928668069295
[alm-bornholm] 2025-10-17 17:10:07 CEST · [bemaerk] · 8 Gransanger · Rastende · Hammeren · DOF Bornholm · Vilhelm Flyvbjerg · 14.76669348993579, 55.28928668069295
[alm-bornholm] 2025-10-17 17:10:07 CEST · [bemaerk] · 300 Gærdesmutte · Rastende · Ertholmene · DOF Bornholm · Per Kjær · 15.183579965334616, 55.323732642528455
[alm-bornholm] 2025-10-17 17:10:07 CEST · [bemaerk] · 150 Rødhals · Rastende · Ertholmene · DOF Bornholm · Per Kjær · 15.183579965334616, 55.323732642528455
[alm-bornholm] 2025-10-17 17:10:07 CEST · [bemaerk] · 125 Solsort · Rastende · Ertholmene · DOF Bornholm · Per Kjær · 15.183579965334616, 55.323732642528455
[alm-bornholm] 2025-10-17 17:10:07 CEST · [bemaerk] · 125 Vindrossel · Rastende · Ertholmene · DOF Bornholm · Per Kjær · 15.183579965334616, 55.323732642528455
[alm-bornholm] 2025-10-17 17:10:07 CEST · [bemaerk] · 75 Sangdrossel · Rastende · Ertholmene · DOF Bornholm · Per Kjær · 15.183579965334616, 55.323732642528455
[alm-bornholm] 2025-10-17 17:10:07 CEST · [bemaerk] · 30 Munk · Rastende · Ertholmene · DOF Bornholm · Per Kjær · 15.183579965334616, 55.323732642528455
[alm-bornholm] 2025-10-17 17:10:07 CEST · [bemaerk] · 50 Gransanger · Rastende · Ertholmene · DOF Bornholm · Per Kjær · 15.183579965334616, 55.323732642528455
[alm-bornholm] 2025-10-17 17:10:07 CEST · [bemaerk] · 500 Fuglekonge · Rastende · Ertholmene · DOF Bornholm · Per Kjær · 15.183579965334616, 55.323732642528455
[alm-bornholm] 2025-10-17 17:10:07 CEST · [bemaerk] · 1 Rødtoppet Fuglekonge · Rastende · Ertholmene · DOF Bornholm · Per Kjær · 15.183579965334616, 55.323732642528455
[alm-bornholm] 2025-10-17 17:10:07 CEST · [bemaerk] · 15 Træløber · Rastende · Ertholmene · DOF Bornholm · Per Kjær · 15.183579965334616, 55.323732642528455
[alm-bornholm] 2025-10-17 17:10:07 CEST · [bemaerk] · 25 Gråsisken · Rastende · Ertholmene · DOF Bornholm · Per Kjær · 15.183579965334616, 55.323732642528455
[alm-bornholm] 2025-10-17 17:10:07 CEST · [bemaerk] · 50 Dompap · Rastende · Ertholmene · DOF Bornholm · Per Kjær · 15.183579965334616, 55.323732642528455
[alm-bornholm] 2025-10-17 17:10:07 CEST · [bemaerk] · 25 Dompap · Overflyvende · Hammeren · DOF Bornholm · Vilhelm Flyvbjerg · 14.76669348993579, 55.28928668069295
[alm-bornholm] 2025-10-17 18:04:09 CEST · [bemaerk] · 1 Vandrikse · Syngende · Grisby ved Svaneke · DOF Bornholm · Morten Lilleskov Christensen · 15.145802664202018, 55.118989705599574 · 15:45-16:15
[alm-bornholm] 2025-10-17 19:45:27 CEST · [bemaerk] · 9 Ravn · Overflyvende · Dueodde · DOF Bornholm · Alexander Dobeson · 15.076475719033839, 54.989781690310934 · 08:15-11:00
[alm-bornholm] 2025-10-17 19:47:39 CEST · [bemaerk] · 1 Havørn · Overflyvende · Dueodde · DOF Bornholm · Alexander Dobeson · 15.076475719033839, 54.989781690310934 · 08:15-11:00
[alm-bornholm] 2025-10-18 10:01:04 CEST · [bemaerk] · 25 Trane · Trækkende mod syd · Sose Odde · DOF Bornholm · Ege Juul Nielsen · 14.82932547025268, 55.04475399406269
[alm-bornholm] 2025-10-18 10:45:00 CEST · [bemaerk] · 1 Stor Tornskade · Rastende · Ølene · DOF Bornholm · Steen E. Jensen · 15.007815685238015, 55.099511151397905 · 10:05
[alm-bornholm] 2025-10-18 10:54:01 CEST · [bemaerk] · 8 Ravn · Rastende · Ølene · DOF Bornholm · Steen E. Jensen · 15.007815685238015, 55.099511151397905 · 10:05
[alm-bornholm] 2025-10-18 10:55:08 CEST · [bemaerk] · 9 Ravn · Rastende · Ølene · DOF Bornholm · Steen E. Jensen · 15.007815685238015, 55.099511151397905 · 10:05
[alm-bornholm] 2025-10-18 11:20:18 CEST · [bemaerk] · 2 Rød Glente · Overflyvende · Ølene · DOF Bornholm · Steen E. Jensen · 15.007815685238015, 55.099511151397905 · 10:05
[alm-bornholm] 2025-10-18 11:36:36 CEST · [bemaerk] · 4 Rød Glente · Overflyvende · Ølene · DOF Bornholm · Steen E. Jensen · 15.007815685238015, 55.099511151397905 · 10:05
[alm-bornholm] 2025-10-18 11:36:36 CEST · [bemaerk] · 1 Havørn · Overflyvende · Ølene · DOF Bornholm · Steen E. Jensen · 15.007815685238015, 55.099511151397905 · 11:33
[alm-bornholm] 2025-10-18 14:01:33 CEST · [bemaerk] · 150 Gærdesmutte · Rastende · Ertholmene · DOF Bornholm · Per Kjær · 15.183579965334616, 55.323732642528455
[alm-bornholm] 2025-10-18 14:01:33 CEST · [bemaerk] · 75 Rødhals · Rastende · Ertholmene · DOF Bornholm · Per Kjær · 15.183579965334616, 55.323732642528455
[alm-bornholm] 2025-10-18 14:01:33 CEST · [bemaerk] · 175 Solsort · Rastende · Ertholmene · DOF Bornholm · Per Kjær · 15.183579965334616, 55.323732642528455
[alm-bornholm] 2025-10-18 14:01:33 CEST · [bemaerk] · 50 Sangdrossel · Rastende · Ertholmene · DOF Bornholm · Per Kjær · 15.183579965334616, 55.323732642528455
[alm-bornholm] 2025-10-18 14:02:40 CEST · [bemaerk] · 150 Vindrossel · Rastende · Ertholmene · DOF Bornholm · Per Kjær · 15.183579965334616, 55.323732642528455
[alm-bornholm] 2025-10-18 14:02:40 CEST · [bemaerk] · 25 Gransanger · Rastende · Ertholmene · DOF Bornholm · Per Kjær · 15.183579965334616, 55.323732642528455
[alm-bornholm] 2025-10-18 14:02:40 CEST · [bemaerk] · 100 Fuglekonge · Rastende · Ertholmene · DOF Bornholm · Per Kjær · 15.183579965334616, 55.323732642528455
[alm-bornholm] 2025-10-18 14:04:54 CEST · [bemaerk] · 35 Træløber · Rastende · Ertholmene · DOF Bornholm · Per Kjær · 15.183579965334616, 55.323732642528455
[alm-bornholm] 2025-10-18 14:04:54 CEST · [bemaerk] · 100 Dompap · Rastende · Ertholmene · DOF Bornholm · Per Kjær · 15.183579965334616, 55.323732642528455
[alm-bornholm] 2025-10-18 14:06:05 CEST · [bemaerk] · 10 Lomvie/Alk · Trækkende · Ertholmene · DOF Bornholm · Per Kjær · 15.183579965334616, 55.323732642528455
[alm-bornholm] 2025-10-18 14:06:05 CEST · [bemaerk] · 100 Bramgås · Trækkende · Ertholmene · DOF Bornholm · Per Kjær · 15.183579965334616, 55.323732642528455
[alm-bornholm] 2025-10-18 14:34:49 CEST · [bemaerk] · 4 Rød Glente · Fouragerende · Poulsker · DOF Bornholm · Jesper Møller · 15.048290178679304, 55.01470202858229
[alm-bornholm] 2025-10-18 15:47:36 CEST · [bemaerk] · 280 Trane · Trækkende mod sydvest · Rønne nord · DOF Bornholm · Jens Christensen · 14.7202398099634, 55.11888778259197 · 15:30
[alm-bornholm] 2025-10-18 16:03:40 CEST · [bemaerk] · 62 Trane · Trækkende mod syd · Sorthat · DOF Bornholm · Joshua Haahr · 14.725000161615199, 55.14539209878134 · 16:03
[alm-bornholm] 2025-10-18 16:06:02 CEST · [bemaerk] · 172 Trane · Trækkende mod syd · Sorthat · DOF Bornholm · Joshua Haahr · 14.725000161615199, 55.14539209878134 · 16:03
[alm-bornholm] 2025-10-18 16:13:55 CEST · [bemaerk] · 32 Blisgås · Trækkende mod vest · Sorthat · DOF Bornholm · Joshua Haahr · 14.725000161615199, 55.14539209878134 · 16:12
[alm-bornholm] 2025-10-18 16:19:35 CEST · [bemaerk] · 60 Bramgås · Trækkende mod syd · Dueodde · DOF Bornholm · Jesper Møller · 15.076475719033839, 54.989781690310934
[alm-bornholm] 2025-10-18 16:19:35 CEST · [bemaerk] · 65 Trane · Trækkende mod syd · Rønne · DOF Bornholm · Evy Nielsen · 14.708856358683038, 55.1003992880305 · 16:13
[alm-bornholm] 2025-10-18 17:23:08 CEST · [bemaerk] · 450 Bramgås · Trækkende mod syd · Østermarie · DOF Bornholm · Morten Lilleskov Christensen · 15.011868883799963, 55.1390207060781 · 10:30-15:50
[alm-bornholm] 2025-10-18 17:39:37 CEST · [bemaerk] · 2 Rød Glente · Fouragerende · Mæby · DOF Bornholm · Hans Okkels Birk · 14.798245200130212, 55.15597050414004 · 07:41-07:42
[alm-bornholm] 2025-10-18 18:05:22 CEST · [bemaerk] · 1800 Bramgås · Trækkende · Ertholmene · DOF Bornholm · Per Kjær · 15.183579965334616, 55.323732642528455
[alm-bornholm] 2025-10-18 18:06:30 CEST · [bemaerk] · 175 Gærdesmutte · Rastende · Ertholmene · DOF Bornholm · Per Kjær · 15.183579965334616, 55.323732642528455
[alm-bornholm] 2025-10-18 18:07:39 CEST · [bemaerk] · 10 Rørspurv · Rastende · Ertholmene · DOF Bornholm · Per Kjær · 15.183579965334616, 55.323732642528455
[alm-bornholm] 2025-10-18 18:28:03 CEST · [bemaerk] · 250 Solsort · Rastende · Ertholmene · DOF Bornholm · Per Kjær · 15.183579965334616, 55.323732642528455
[alm-bornholm] 2025-10-18 18:52:21 CEST · [bemaerk] · 55 Fuglekonge · Fouragerende · Risebæk-Sose Odde · DOF Bornholm · Hans Okkels Birk · 14.85328820941669, 55.0356320446694 · 10:18-11:50
[alm-bornholm] 2025-10-18 19:05:37 CEST · [bemaerk] · 10 Halemejse · Fouragerende · Risebæk-Sose Odde · DOF Bornholm · Hans Okkels Birk · 14.845404624938965, 55.041991361119486 · 11:21-11:50
[alm-bornholm] 2025-10-18 19:21:01 CEST · [bemaerk] · 500 Bramgås · Fouragerende · Sose Odde · DOF Bornholm · Hans Okkels Birk · 14.829548075795174, 55.045089513200466 · 11:50
[alm-bornholm] 2025-10-18 19:25:23 CEST · [bemaerk] · 10 Dompap · Fouragerende · Madsegrav/ Mølledal · DOF Bornholm · Hans Okkels Birk · 14.815386012196543, 55.05010506088527
[alm-bornholm] 2025-10-18 19:33:05 CEST · [bemaerk] · 40 Fuglekonge · Fouragerende · Sose Odde-Arnager incl havn · DOF Bornholm · Hans Okkels Birk · 14.80642058506069, 55.04792592515744 · 11:50-13:22
[alm-bornholm] 2025-10-18 19:35:19 CEST · [bemaerk] · 33 Toppet Skallesluger · Fouragerende · Sose Odde-Arnager incl havn · DOF Bornholm · Hans Okkels Birk · 14.80642058506069, 55.04792592515744 · 11:50-13:22
[alm-bornholm] 2025-10-18 19:37:33 CEST · [bemaerk] · 50 Bramgås · Rastende · Sose Odde-Arnager incl havn · DOF Bornholm · Hans Okkels Birk · 14.817768484354021, 55.044401055669766 · 11:50-13:22
[alm-bornholm] 2025-10-18 19:42:02 CEST · [bemaerk] · 185 Bramgås · Trækkende mod øst · Sose Odde-Arnager incl havn · DOF Bornholm · Hans Okkels Birk · 14.80642058506069, 55.04792592515744 · 11:50-13:22
[alm-bornholm] 2025-10-18 19:44:22 CEST · [bemaerk] · 58 Trane · Trækkende mod sydvest · Sose Odde-Arnager incl havn · DOF Bornholm · Hans Okkels Birk · 14.80642058506069, 55.04792592515744 · 12:31-13:22
[alm-bornholm] 2025-10-18 19:58:21 CEST · [bemaerk] · 380 Trane · Trækkende mod syd · Nørrekås · DOF Bornholm · Morten Schwennesen · 14.693881608545784, 55.10723546401534 · 15:35-15:45
[alm-bornholm] 2025-10-19 11:37:42 CEST · [bemaerk] · 1 Skægmejse · Rastende · Allinge-Sandkås · DOF Bornholm · Joshua Haahr · 14.816410401630264, 55.259775583359676 · 11:36
[alm-bornholm] 2025-10-19 12:16:21 CEST · [bemaerk] · 1 Lille Flagspætte · Fouragerende · Nexø Sydstrand · DOF Bornholm · Ege Juul Nielsen · 15.125559666158129, 55.04973082121205
[alm-bornholm] 2025-10-19 12:17:26 CEST · [bemaerk] · 11 Knarand · Fouragerende · Nexø Sydstrand · DOF Bornholm · Ege Juul Nielsen · 15.125559666158129, 55.04973082121205
[alm-bornholm] 2025-10-19 12:23:03 CEST · [bemaerk] · 2 Vandrikse · Rastende · Vallensgårdsmose · DOF Bornholm · Morten Lilleskov Christensen · 14.889690818637435, 55.09873812752505 · 10:05-10:45
[alm-bornholm] 2025-10-19 12:30:43 CEST · [bemaerk] · 6 Ravn · Overflyvende · Vallensgårdsmose · DOF Bornholm · Morten Lilleskov Christensen · 14.889690818637435, 55.09873812752505 · 10:05-10:45
[alm-bornholm] 2025-10-19 12:30:43 CEST · [bemaerk] · 70 Bramgås · Trækkende · Sorthat · DOF Bornholm · Kell Olsen · 14.718540514512128, 55.14858503810318 · 12:29
[alm-bornholm] 2025-10-19 14:47:13 CEST · [bemaerk] · 1 Blå Kærhøg · Fouragerende · Dueodde · DOF Bornholm · Jesper Møller · 15.076475719033839, 54.989781690310934 · 14:46
