[alm-vestjylland] 2025-10-13 07:37:07 CEST · [alm] · 1 Fuglekonge · Rastende · Fjand · DOF Vestjylland · Kurt Willumsen · 8.15239086644148, 56.32317147737729 · 07:36
[alm-vestjylland] 2025-10-13 07:37:26 CEST · [alm] · 2 Rødhals · Rastende · Fjand · DOF Vestjylland · Kurt Willumsen · 8.15239086644148, 56.32317147737729 · 07:36
[alm-vestjylland] 2025-10-13 07:41:59 CEST · [alm] · 2 Fuglekonge · Rastende · Fjand · DOF Vestjylland · Kurt Willumsen · 8.15239086644148, 56.32317147737729 · 07:36
[alm-vestjylland] 2025-10-13 07:41:59 CEST · [alm] · 6 Rødhals · Rastende · Fjand · DOF Vestjylland · Kurt Willumsen · 8.15239086644148, 56.32317147737729 · 07:36
[alm-vestjylland] 2025-10-13 07:42:19 CEST · [alm] · 20 Vindrossel · Rastende · Fjand · DOF Vestjylland · Kurt Willumsen · 8.15239086644148, 56.32317147737729 · 07:36
[alm-vestjylland] 2025-10-13 07:43:14 CEST · [alm] · 70 Vindrossel · Rastende · Fjand · DOF Vestjylland · Kurt Willumsen · 8.15239086644148, 56.32317147737729 · 07:36
[alm-vestjylland] 2025-10-13 07:44:37 CEST · [alm] · 90 Vindrossel · Trækkende mod syd · Fjand · DOF Vestjylland · Kurt Willumsen · 8.15239086644148, 56.32317147737729 · 07:36
[alm-vestjylland] 2025-10-13 07:44:57 CEST · [alm] · 9 Rødhals · Rastende · Fjand · DOF Vestjylland · Kurt Willumsen · 8.15239086644148, 56.32317147737729 · 07:36
[alm-vestjylland] 2025-10-13 07:48:44 CEST · [alm] · 120 Vindrossel · Trækkende mod syd · Fjand · DOF Vestjylland · Kurt Willumsen · 8.15239086644148, 56.32317147737729 · 07:36
[alm-vestjylland] 2025-10-13 07:52:17 CEST · [alm] · 160 Vindrossel · Trækkende mod syd · Fjand · DOF Vestjylland · Kurt Willumsen · 8.15239086644148, 56.32317147737729 · 07:36
[alm-vestjylland] 2025-10-13 07:52:17 CEST · [alm] · 60 Bogfinke · Trækkende mod syd · Fjand · DOF Vestjylland · Kurt Willumsen · 8.15239086644148, 56.32317147737729 · 07:36
[alm-vestjylland] 2025-10-13 07:52:52 CEST · [alm] · 5 Fuglekonge · Rastende · Fjand · DOF Vestjylland · Kurt Willumsen · 8.15239086644148, 56.32317147737729 · 07:36
[alm-vestjylland] 2025-10-13 07:52:52 CEST · [alm] · 170 Vindrossel · Trækkende mod syd · Fjand · DOF Vestjylland · Kurt Willumsen · 8.15239086644148, 56.32317147737729 · 07:36
[alm-vestjylland] 2025-10-13 07:52:52 CEST · [alm] · 10 Kvækerfinke · Trækkende mod syd · Fjand · DOF Vestjylland · Kurt Willumsen · 8.15239086644148, 56.32317147737729 · 07:36
[alm-vestjylland] 2025-10-13 07:53:12 CEST · [alm] · 1 Gransanger · Rastende · Fjand · DOF Vestjylland · Kurt Willumsen · 8.15239086644148, 56.32317147737729 · 07:36
[alm-vestjylland] 2025-10-13 07:57:41 CEST · [alm] · 180 Vindrossel · Trækkende mod syd · Fjand · DOF Vestjylland · Kurt Willumsen · 8.15239086644148, 56.32317147737729 · 07:36
[alm-vestjylland] 2025-10-13 08:07:48 CEST · [alm] · 10 Fuglekonge · Rastende · Fjand · DOF Vestjylland · Kurt Willumsen · 8.15239086644148, 56.32317147737729 · 07:36
[alm-vestjylland] 2025-10-13 08:23:40 CEST · [alm] · 2 Vindrossel · Rastende · Ikast · DOF Vestjylland · Flemming Storgaard · 9.152927243371531, 56.13671487476759
[alm-vestjylland] 2025-10-13 08:24:26 CEST · [alm] · 12 Fuglekonge · Rastende · Fjand · DOF Vestjylland · Kurt Willumsen · 8.15239086644148, 56.32317147737729 · 07:36
[alm-vestjylland] 2025-10-13 08:24:26 CEST · [alm] · 12 Rødhals · Rastende · Fjand · DOF Vestjylland · Kurt Willumsen · 8.15239086644148, 56.32317147737729 · 07:36
[alm-vestjylland] 2025-10-13 08:24:26 CEST · [alm] · 5 Sølvhejre · Rastende · Fjand · DOF Vestjylland · Kurt Willumsen · 8.15239086644148, 56.32317147737729 · 07:36
[alm-vestjylland] 2025-10-13 08:24:26 CEST · [alm] · 6 Skægmejse · Rastende · Fjand · DOF Vestjylland · Kurt Willumsen · 8.15239086644148, 56.32317147737729 · 07:36
[alm-vestjylland] 2025-10-13 08:28:17 CEST · [alm] · 2 Gransanger · Rastende · Fjand · DOF Vestjylland · Kurt Willumsen · 8.15239086644148, 56.32317147737729 · 07:36
[alm-vestjylland] 2025-10-13 08:28:17 CEST · [alm] · 1 Bjergvipstjert · Trækkende · Fjand · DOF Vestjylland · Kurt Willumsen · 8.15239086644148, 56.32317147737729 · 07:36
[alm-vestjylland] 2025-10-13 08:41:56 CEST · [alm] · 3 Gransanger · Rastende · Fjand · DOF Vestjylland · Kurt Willumsen · 8.15239086644148, 56.32317147737729 · 07:36
[alm-vestjylland] 2025-10-13 08:41:56 CEST · [alm] · 1 Hedelærke · Overflyvende · Fjand · DOF Vestjylland · Kurt Willumsen · 8.15239086644148, 56.32317147737729 · 07:36
[alm-vestjylland] 2025-10-13 09:02:06 CEST · [alm] · 1 Fuglekonge · Rastende · Ikast · DOF Vestjylland · Flemming Storgaard · 9.152927243371531, 56.13671487476759
[alm-vestjylland] 2025-10-13 09:09:43 CEST · [alm] · 7 Skovspurv · Fouragerende · Ejsing · DOF Vestjylland · Henrik Rähr · 8.78610648769783, 56.524005924465854
[alm-vestjylland] 2025-10-13 09:09:43 CEST · [alm] · 1 Blåmejse · Fouragerende · Ejsing · DOF Vestjylland · Henrik Rähr · 8.78610648769783, 56.524005924465854
[alm-vestjylland] 2025-10-13 09:09:43 CEST · [alm] · 1 Musvit · Fouragerende · Ejsing · DOF Vestjylland · Henrik Rähr · 8.78610648769783, 56.524005924465854
[alm-vestjylland] 2025-10-13 09:09:43 CEST · [alm] · 1 Tyrkerdue · Rastende · Ejsing · DOF Vestjylland · Henrik Rähr · 8.78610648769783, 56.524005924465854
[alm-vestjylland] 2025-10-13 09:10:22 CEST · [alm] · 1 Gråspurv · Rastende · Ejsing · DOF Vestjylland · Henrik Rähr · 8.78610648769783, 56.524005924465854
[alm-vestjylland] 2025-10-13 09:20:56 CEST · [alm] · 1 Kernebider · Fouragerende · Hyvild · DOF Vestjylland · Michael Hasager Lauritsen · 9.120954000001152, 55.91271449999982
[alm-vestjylland] 2025-10-13 09:20:56 CEST · [alm] · 2 Spætmejse · Fouragerende · Hyvild · DOF Vestjylland · Michael Hasager Lauritsen · 9.120954000001152, 55.91271449999982
[alm-vestjylland] 2025-10-13 09:20:56 CEST · [alm] · 3 Sumpmejse · Fouragerende · Hyvild · DOF Vestjylland · Michael Hasager Lauritsen · 9.120954000001152, 55.91271449999982
[alm-vestjylland] 2025-10-13 09:20:56 CEST · [alm] · 4 Musvit · Fouragerende · Hyvild · DOF Vestjylland · Michael Hasager Lauritsen · 9.120954000001152, 55.91271449999982
[alm-vestjylland] 2025-10-13 09:20:56 CEST · [alm] · 3 Blåmejse · Fouragerende · Hyvild · DOF Vestjylland · Michael Hasager Lauritsen · 9.120954000001152, 55.91271449999982
[alm-vestjylland] 2025-10-13 09:22:18 CEST · [alm] · 10 Grønirisk · Fouragerende · Hyvild · DOF Vestjylland · Michael Hasager Lauritsen · 9.120954000001152, 55.91271449999982
[alm-vestjylland] 2025-10-13 09:22:18 CEST · [alm] · 2 Kvækerfinke · Fouragerende · Hyvild · DOF Vestjylland · Michael Hasager Lauritsen · 9.120954000001152, 55.91271449999982
[alm-vestjylland] 2025-10-13 09:22:18 CEST · [alm] · 4 Bogfinke · Fouragerende · Hyvild · DOF Vestjylland · Michael Hasager Lauritsen · 9.120954000001152, 55.91271449999982
[alm-vestjylland] 2025-10-13 09:22:18 CEST · [alm] · 2 Skovspurv · Fouragerende · Hyvild · DOF Vestjylland · Michael Hasager Lauritsen · 9.120954000001152, 55.91271449999982
[alm-vestjylland] 2025-10-13 09:22:18 CEST · [alm] · 7 Råge · Rastende · Hyvild · DOF Vestjylland · Michael Hasager Lauritsen · 9.120954000001152, 55.91271449999982
[alm-vestjylland] 2025-10-13 09:22:18 CEST · [alm] · 24 Stær · Rastende · Hyvild · DOF Vestjylland · Michael Hasager Lauritsen · 9.120954000001152, 55.91271449999982
[alm-vestjylland] 2025-10-13 09:23:40 CEST · [alm] · 2 Krage, Gråkrage (ssp. cornix) · Rastende · Hyvild · DOF Vestjylland · Michael Hasager Lauritsen · 9.120954000001152, 55.91271449999982
[alm-vestjylland] 2025-10-13 09:25:18 CEST · [alm] · 2 Ringdue · Fouragerende · Hyvild · DOF Vestjylland · Michael Hasager Lauritsen · 9.120954000001152, 55.91271449999982
[alm-vestjylland] 2025-10-13 09:45:26 CEST · [alm] · 4 Dompap · Fouragerende · Hyvild · DOF Vestjylland · Michael Hasager Lauritsen · 9.120954000001152, 55.91271449999982
[alm-vestjylland] 2025-10-13 09:45:26 CEST · [alm] · 1 Jernspurv · Fouragerende · Hyvild · DOF Vestjylland · Michael Hasager Lauritsen · 9.120954000001152, 55.91271449999982
[alm-vestjylland] 2025-10-13 09:59:16 CEST · [alm] · 12 Stillits · Fouragerende · Hyvild · DOF Vestjylland · Michael Hasager Lauritsen · 9.120954000001152, 55.91271449999982
[alm-vestjylland] 2025-10-13 09:59:16 CEST · [alm] · 2 Solsort · Rastende · Hyvild · DOF Vestjylland · Michael Hasager Lauritsen · 9.120954000001152, 55.91271449999982
[alm-vestjylland] 2025-10-13 10:01:37 CEST · [alm] · 1 Skovskade · Rastende · Hyvild · DOF Vestjylland · Michael Hasager Lauritsen · 9.120954000001152, 55.91271449999982
[alm-vestjylland] 2025-10-13 10:03:10 CEST · [alm] · 3 Solsort · Rastende · Hyvild · DOF Vestjylland · Michael Hasager Lauritsen · 9.120954000001152, 55.91271449999982
[alm-vestjylland] 2025-10-13 10:04:16 CEST · [alm] · 3 Vindrossel · Fouragerende · Hyvild · DOF Vestjylland · Michael Hasager Lauritsen · 9.120954000001152, 55.91271449999982
[alm-vestjylland] 2025-10-13 10:07:51 CEST · [alm] · 8 Solsort · Fouragerende · Hyvild · DOF Vestjylland · Michael Hasager Lauritsen · 9.120954000001152, 55.91271449999982
[alm-vestjylland] 2025-10-13 10:07:51 CEST · [alm] · 34 Vindrossel · Fouragerende · Hyvild · DOF Vestjylland · Michael Hasager Lauritsen · 9.120954000001152, 55.91271449999982
[alm-vestjylland] 2025-10-13 10:09:06 CEST · [alm] · 2 Skovskade · Rastende · Hyvild · DOF Vestjylland · Michael Hasager Lauritsen · 9.120954000001152, 55.91271449999982
[alm-vestjylland] 2025-10-13 10:10:20 CEST · [alm] · 47 Vindrossel · Fouragerende · Hyvild · DOF Vestjylland · Michael Hasager Lauritsen · 9.120954000001152, 55.91271449999982
[alm-vestjylland] 2025-10-13 10:10:20 CEST · [alm] · 1 Gransanger · Fouragerende · Hyvild · DOF Vestjylland · Michael Hasager Lauritsen · 9.120954000001152, 55.91271449999982
[alm-vestjylland] 2025-10-13 10:27:45 CEST · [alm] · 3 Solsort · Rastende · Ejsing · DOF Vestjylland · Henrik Rähr · 8.78610648769783, 56.524005924465854
[alm-vestjylland] 2025-10-13 10:29:09 CEST · [alm] · 1 Ringdue · Syngende · Ejsing · DOF Vestjylland · Henrik Rähr · 8.78610648769783, 56.524005924465854
[alm-vestjylland] 2025-10-13 10:33:58 CEST · [alm] · 54 Kortnæbbet Gås · Trækkende mod vest · Ejsing · DOF Vestjylland · Henrik Rähr · 8.78610648769783, 56.524005924465854
[alm-vestjylland] 2025-10-13 10:45:13 CEST · [alm] · 61 Vindrossel · Rastende · Jersild · DOF Vestjylland · Flemming Falk · 8.781382130002227, 56.25158150000186 · 10:42
[alm-vestjylland] 2025-10-13 10:45:13 CEST · [alm] · 21 Hjejle · Overflyvende · Jersild · DOF Vestjylland · Flemming Falk · 8.781382130002227, 56.25158150000186 · 10:42
[alm-vestjylland] 2025-10-13 10:45:13 CEST · [alm] · 5 Lille Korsnæb · Overflyvende · Jersild · DOF Vestjylland · Flemming Falk · 8.781382130002227, 56.25158150000186 · 10:43
[alm-vestjylland] 2025-10-13 10:47:17 CEST · [alm] · 1 Tårnfalk · Rastende · Jersild · DOF Vestjylland · Flemming Falk · 8.781382130002227, 56.25158150000186 · 10:43
[alm-vestjylland] 2025-10-13 10:47:17 CEST · [alm] · 3 Dobbeltbekkasin · Overflyvende · Jersild · DOF Vestjylland · Flemming Falk · 8.781382130002227, 56.25158150000186 · 10:45
[alm-vestjylland] 2025-10-13 10:51:33 CEST · [alm] · 50 Gås sp. · Trækkende mod vest · Hodsager · DOF Vestjylland · Gert Thorhauge Andersen · 8.849404491484167, 56.31973915173774 · 10:48
[alm-vestjylland] 2025-10-13 10:56:00 CEST · [alm] · 3 Sangsvane · Overflyvende · Hyvild · DOF Vestjylland · Michael Hasager Lauritsen · 9.120954000001152, 55.91271449999982
[alm-vestjylland] 2025-10-13 11:15:22 CEST · [alm] · 1 Hvid Vipstjert · Overflyvende · Ejsing · DOF Vestjylland · Henrik Rähr · 8.78610648769783, 56.524005924465854
[alm-vestjylland] 2025-10-13 11:32:32 CEST · [alm] · 24 Sølvmåge · Overflyvende · Hyvild · DOF Vestjylland · Michael Hasager Lauritsen · 9.120954000001152, 55.91271449999982
[alm-vestjylland] 2025-10-13 11:43:38 CEST · [alm] · 12 Sangsvane · Trækkende mod syd · Vest Stadil Fjord · DOF Vestjylland · Verner Jensen · 8.160095, 56.203701 · 11:20
[alm-vestjylland] 2025-10-13 11:45:51 CEST · [alm] · 1 Fiskeørn · Rastende · Svingel Engsø, tidligere Tim Enge · DOF Vestjylland · Verner Jensen · 8.241087, 56.192422 · 11:40
[alm-vestjylland] 2025-10-13 11:52:30 CEST · [alm] · 1 Tårnfalk · Rastende · Gravlund Sande · DOF Vestjylland · Kurt Jensen · 8.754786659254897, 56.25891714173085 · 11:49
[alm-vestjylland] 2025-10-13 11:56:49 CEST · [alm] · 1 Musvåge · Rastende · Hyvild · DOF Vestjylland · Michael Hasager Lauritsen · 9.120954000001152, 55.91271449999982
[alm-vestjylland] 2025-10-13 11:59:20 CEST · [alm] · 23 Grågås · Overflyvende · Hyvild · DOF Vestjylland · Michael Hasager Lauritsen · 9.120954000001152, 55.91271449999982
[alm-vestjylland] 2025-10-13 11:59:20 CEST · [alm] · 11 Allike · Overflyvende · Hyvild · DOF Vestjylland · Michael Hasager Lauritsen · 9.120954000001152, 55.91271449999982
[alm-vestjylland] 2025-10-13 12:05:26 CEST · [alm] · 27 Råge · Rastende · Hyvild · DOF Vestjylland · Michael Hasager Lauritsen · 9.120954000001152, 55.91271449999982
[alm-vestjylland] 2025-10-13 12:05:26 CEST · [alm] · 26 Skægmejse · Rastende · Sandene ved Søndervig · DOF Vestjylland · Michael L.J. Glentedal · 8.146296695554014, 56.10692644150495
[alm-vestjylland] 2025-10-13 12:07:48 CEST · [alm] · 2 Misteldrossel · Rastende · Sandene ved Søndervig · DOF Vestjylland · Michael L.J. Glentedal · 8.146296695554014, 56.10692644150495
[alm-vestjylland] 2025-10-13 12:07:48 CEST · [alm] · 2 Fiskehejre · Rastende · Sandene ved Søndervig · DOF Vestjylland · Michael L.J. Glentedal · 8.146296695554014, 56.10692644150495
[alm-vestjylland] 2025-10-13 12:07:48 CEST · [alm] · 8 Vindrossel · Rastende · Sandene ved Søndervig · DOF Vestjylland · Michael L.J. Glentedal · 8.146296695554014, 56.10692644150495
[alm-vestjylland] 2025-10-13 12:07:48 CEST · [alm] · 1 Spurvehøg · Overflyvende · Sandene ved Søndervig · DOF Vestjylland · Michael L.J. Glentedal · 8.146296695554014, 56.10692644150495
[alm-vestjylland] 2025-10-13 12:28:24 CEST · [alm] · 2 Sølvhejre · Rastende · Vest Stadil Fjord · DOF Vestjylland · Heidi Quist · 8.1498612106014, 56.19777384655998 · 12:26
[alm-vestjylland] 2025-10-13 12:41:03 CEST · [alm] · 2 Allike · Rastende · Jersild · DOF Vestjylland · Helge Røjle Christensen · 8.781382130002227, 56.25158150000186 · 12:34-12:39
[alm-vestjylland] 2025-10-13 12:41:03 CEST · [alm] · 4 Sanglærke · Rastende · Jersild · DOF Vestjylland · Helge Røjle Christensen · 8.781382130002227, 56.25158150000186 · 12:34-12:39
[alm-vestjylland] 2025-10-13 12:41:03 CEST · [alm] · 1 Engpiber · Rastende · Jersild · DOF Vestjylland · Helge Røjle Christensen · 8.781382130002227, 56.25158150000186 · 12:34-12:39
[alm-vestjylland] 2025-10-13 12:41:03 CEST · [alm] · 1 Krage, Gråkrage (ssp. cornix) · Rastende · Jersild · DOF Vestjylland · Helge Røjle Christensen · 8.781382130002227, 56.25158150000186 · 12:34-12:39
[alm-vestjylland] 2025-10-13 12:41:03 CEST · [alm] · 3 Skovspurv · Rastende · Jersild · DOF Vestjylland · Helge Røjle Christensen · 8.781382130002227, 56.25158150000186 · 12:34-12:39
[alm-vestjylland] 2025-10-13 12:41:03 CEST · [alm] · 3 Musvit · Rastende · Jersild · DOF Vestjylland · Helge Røjle Christensen · 8.781382130002227, 56.25158150000186 · 12:34-12:39
[alm-vestjylland] 2025-10-13 12:41:03 CEST · [alm] · 2 Bogfinke · Rastende · Jersild · DOF Vestjylland · Helge Røjle Christensen · 8.781382130002227, 56.25158150000186 · 12:34-12:39
[alm-vestjylland] 2025-10-13 12:41:03 CEST · [alm] · 2 Gærdesmutte · Rastende · Jersild · DOF Vestjylland · Helge Røjle Christensen · 8.781382130002227, 56.25158150000186 · 12:34-12:39
[alm-vestjylland] 2025-10-13 13:08:41 CEST · [alm] · 5 Engpiber · Fouragerende · Thorsminde, nord · DOF Vestjylland · Birthe Karpfen · 8.122724902498717, 56.380416630976214 · 12:43
[alm-vestjylland] 2025-10-13 13:20:07 CEST · [alm] · 17 Bomlærke · Rastende · Svingel Engsø, tidligere Tim Enge · DOF Vestjylland · Verner Jensen · 8.228327, 56.199165 · 11:50
[alm-vestjylland] 2025-10-13 13:35:53 CEST · [alm] · 1 Sanglærke · Rastende · Thorsminde, nord · DOF Vestjylland · Heidi Quist · 8.122724902498717, 56.380416630976214
[alm-vestjylland] 2025-10-13 13:38:15 CEST · [alm] · 2 Fuglekonge · Rastende · Thorsminde, nord · DOF Vestjylland · Heidi Quist · 8.122724902498717, 56.380416630976214
[alm-vestjylland] 2025-10-13 13:38:15 CEST · [alm] · 1 Musvåge · Fouragerende · Fjederholt Å og Rinds Ås sammenløb · DOF Vestjylland · John Vinther Nielsen · 8.963586879309485, 56.08533675176574
[alm-vestjylland] 2025-10-13 13:38:15 CEST · [alm] · 1 Skovskade · Rastende · Fjederholt Å og Rinds Ås sammenløb · DOF Vestjylland · John Vinther Nielsen · 8.963586879309485, 56.08533675176574
[alm-vestjylland] 2025-10-13 13:44:22 CEST · [alm] · 1 Gærdesmutte · Rastende · Thorsminde, nord · DOF Vestjylland · Heidi Quist · 8.122724902498717, 56.380416630976214
[alm-vestjylland] 2025-10-13 13:53:33 CEST · [alm] · 20 Stormmåge · Rastende · Søbjerg Sø · DOF Vestjylland · Henrik Boeg · 9.193758199995656, 56.189925800000765 · 10:00-10:45
[alm-vestjylland] 2025-10-13 13:55:47 CEST · [alm] · 10 Hættemåge · Rastende · Søbjerg Sø · DOF Vestjylland · Henrik Boeg · 9.193758199995656, 56.189925800000765 · 10:00-10:45
[alm-vestjylland] 2025-10-13 13:55:47 CEST · [alm] · 1 Fiskehejre · Rastende · Søbjerg Sø · DOF Vestjylland · Henrik Boeg · 9.193758199995656, 56.189925800000765 · 10:00-10:45
[alm-vestjylland] 2025-10-13 13:55:47 CEST · [alm] · 50 Krikand · Rastende · Søbjerg Sø · DOF Vestjylland · Henrik Boeg · 9.193758199995656, 56.189925800000765 · 10:00-10:45
[alm-vestjylland] 2025-10-13 13:55:47 CEST · [alm] · 1 Blå Kærhøg · Rastende · Søbjerg Sø · DOF Vestjylland · Henrik Boeg · 9.193758199995656, 56.189925800000765 · 10:00-10:45
[alm-vestjylland] 2025-10-13 13:55:47 CEST · [alm] · 2 Tårnfalk · Rastende · Søbjerg Sø · DOF Vestjylland · Henrik Boeg · 9.193758199995656, 56.189925800000765 · 10:00-10:45
[alm-vestjylland] 2025-10-13 13:55:47 CEST · [alm] · 1 Fjeldvåge · Rastende · Søbjerg Sø · DOF Vestjylland · Henrik Boeg · 9.193758199995656, 56.189925800000765 · 10:00-10:45
[alm-vestjylland] 2025-10-13 13:55:47 CEST · [alm] · 1 Musvåge · Rastende · Søbjerg Sø · DOF Vestjylland · Henrik Boeg · 9.193758199995656, 56.189925800000765 · 10:00-10:45
[alm-vestjylland] 2025-10-13 13:55:47 CEST · [alm] · 1 Rød Glente · Rastende · Søbjerg Sø · DOF Vestjylland · Henrik Boeg · 9.193758199995656, 56.189925800000765 · 10:00-10:45
[alm-vestjylland] 2025-10-13 14:03:56 CEST · [alm] · 1 Krage, Gråkrage (ssp. cornix) · Rastende · Fjederholt Å og Rinds Ås sammenløb · DOF Vestjylland · John Vinther Nielsen · 8.963586879309485, 56.08533675176574
[alm-vestjylland] 2025-10-13 14:06:09 CEST · [alm] · 1 Solsort · Rastende · Fjederholt Å og Rinds Ås sammenløb · DOF Vestjylland · John Vinther Nielsen · 8.963586879309485, 56.08533675176574
[alm-vestjylland] 2025-10-13 14:08:22 CEST · [alm] · 2 Sortkrage x Gråkrage (hybrid) · Rastende · Fjederholt Å og Rinds Ås sammenløb · DOF Vestjylland · John Vinther Nielsen · 8.963586879309485, 56.08533675176574
[alm-vestjylland] 2025-10-13 14:12:58 CEST · [alm] · 1 Rød Glente · Fouragerende · Nørre Holtum · DOF Vestjylland · Michael Hasager Lauritsen · 9.054793699998728, 56.00192569999817
[alm-vestjylland] 2025-10-13 14:12:58 CEST · [alm] · 1 Tårnfalk · Fouragerende · Nørre Holtum · DOF Vestjylland · Michael Hasager Lauritsen · 9.054793699998728, 56.00192569999817
[alm-vestjylland] 2025-10-13 14:12:58 CEST · [alm] · 1 Gærdesmutte · Rastende · Tarm Kær · DOF Vestjylland · Helge Røjle Christensen · 8.501732542011618, 55.918589258792196 · 14:05-14:10
[alm-vestjylland] 2025-10-13 14:12:58 CEST · [alm] · 1 Vandrikse · Rastende · Tarm Kær · DOF Vestjylland · Helge Røjle Christensen · 8.501732542011618, 55.918589258792196 · 14:05-14:10
[alm-vestjylland] 2025-10-13 14:12:58 CEST · [alm] · 1 Rørhøg · Rastende · Tarm Kær · DOF Vestjylland · Helge Røjle Christensen · 8.501732542011618, 55.918589258792196 · 14:05-14:10
[alm-vestjylland] 2025-10-13 14:12:58 CEST · [alm] · 2 Råge · Overflyvende · Tarm Kær · DOF Vestjylland · Helge Røjle Christensen · 8.501732542011618, 55.918589258792196 · 14:05-14:10
[alm-vestjylland] 2025-10-13 14:12:58 CEST · [alm] · 2 Gulspurv · Rastende · Tarm Kær · DOF Vestjylland · Helge Røjle Christensen · 8.501732542011618, 55.918589258792196 · 14:05-14:10
[alm-vestjylland] 2025-10-13 14:12:58 CEST · [alm] · 2 Sanglærke · Rastende · Tarm Kær · DOF Vestjylland · Helge Røjle Christensen · 8.501732542011618, 55.918589258792196 · 14:05-14:10
[alm-vestjylland] 2025-10-13 14:12:58 CEST · [alm] · 12 Gråand · Rastende · Tarm Kær · DOF Vestjylland · Helge Røjle Christensen · 8.501732542011618, 55.918589258792196 · 14:05-14:10
[alm-vestjylland] 2025-10-13 14:12:58 CEST · [alm] · 1 Ringdue · Overflyvende · Tarm Kær · DOF Vestjylland · Helge Røjle Christensen · 8.501732542011618, 55.918589258792196 · 14:05-14:10
[alm-vestjylland] 2025-10-13 14:12:58 CEST · [alm] · 1 Svartbag · Overflyvende · Tarm Kær · DOF Vestjylland · Helge Røjle Christensen · 8.501732542011618, 55.918589258792196 · 14:05-14:10
[alm-vestjylland] 2025-10-13 14:12:58 CEST · [alm] · 2 Rødhals · Rastende · Tarm Kær · DOF Vestjylland · Helge Røjle Christensen · 8.501732542011618, 55.918589258792196 · 14:05-14:10
[alm-vestjylland] 2025-10-13 14:12:58 CEST · [alm] · 6 Krage · Rastende · Tarm Kær · DOF Vestjylland · Helge Røjle Christensen · 8.501732542011618, 55.918589258792196 · 14:05-14:10
[alm-vestjylland] 2025-10-13 14:12:58 CEST · [alm] · 30 Grågås · Overflyvende · Tarm Kær · DOF Vestjylland · Helge Røjle Christensen · 8.501732542011618, 55.918589258792196 · 14:05-14:10
[alm-vestjylland] 2025-10-13 14:12:58 CEST · [alm] · 4 Blåmejse · Rastende · Tarm Kær · DOF Vestjylland · Helge Røjle Christensen · 8.501732542011618, 55.918589258792196 · 14:05-14:10
[alm-vestjylland] 2025-10-13 14:12:58 CEST · [alm] · 2 Rørspurv · Rastende · Tarm Kær · DOF Vestjylland · Helge Røjle Christensen · 8.501732542011618, 55.918589258792196 · 14:05-14:10
[alm-vestjylland] 2025-10-13 14:15:20 CEST · [alm] · 1 Stor Tornskade · Fouragerende · Trehøje · DOF Vestjylland · Verner Jensen · 8.665734, 56.186055 · 13:15
[alm-vestjylland] 2025-10-13 14:34:16 CEST · [alm] · 1 Bjergvipstjert · Trækkende · Thorsminde, nord · DOF Vestjylland · Kurt Willumsen · 8.122724902498717, 56.380416630976214 · 10:45-11:50
[alm-vestjylland] 2025-10-13 14:47:12 CEST · [alm] · 1 Bogfinke · Fouragerende · Skjern · DOF Vestjylland · Laurids Erik Andreassen · 8.497640176819411, 55.95046100298313 · 14:40-14:40
[alm-vestjylland] 2025-10-13 15:27:26 CEST · [alm] · 12 Dobbeltbekkasin · Rastende · Husby Sø · DOF Vestjylland · Michael Hasager Lauritsen · 8.20925160425023, 56.26003961823605
[alm-vestjylland] 2025-10-13 15:27:26 CEST · [alm] · 17 Stær · Overflyvende · Thorsminde, nord · DOF Vestjylland · Sebastian Dreisig · 8.122724902498717, 56.380416630976214 · 14:58
[alm-vestjylland] 2025-10-13 15:34:07 CEST · [alm] · 8 Sortgrå Ryle · Rastende · Thorsminde · DOF Vestjylland · Peter Hartoft-Jacobsen · 8.113533355863922, 56.37239194288492 · 15:15
[alm-vestjylland] 2025-10-13 15:44:22 CEST · [alm] · 1 Slørugle · Rastende · Hvedde sydøst for Kibæk · DOF Vestjylland · Jens Albrechtsen · 8.904503541439981, 56.01353417786194
[alm-vestjylland] 2025-10-13 15:46:01 CEST · [alm] · 2 Skærpiber · Rastende · Thorsminde · DOF Vestjylland · Peter Hartoft-Jacobsen · 8.122839886855084, 56.37627823958334 · 15:15-15:35
[alm-vestjylland] 2025-10-13 15:47:50 CEST · [alm] · 8 Sortgrå Ryle · Rastende · Thorsminde Havn · DOF Vestjylland · Peter Hartoft-Jacobsen · 8.113533355863922, 56.37239194288492 · 15:15-15:35
[alm-vestjylland] 2025-10-13 15:47:50 CEST · [alm] · 2 Skærpiber · Rastende · Thorsminde Havn · DOF Vestjylland · Peter Hartoft-Jacobsen · 8.123644777349655, 56.36800010814821 · 15:15-15:35
[alm-vestjylland] 2025-10-13 20:00:44 CEST · [alm] · 120 Vindrossel · Overflyvende · Ikast · DOF Vestjylland · Flemming Storgaard · 9.152927243371531, 56.13671487476759
[alm-vestjylland] 2025-10-13 20:00:44 CEST · [alm] · 2 Slørugle · Rastende · Hvedde sydøst for Kibæk · DOF Vestjylland · Jens Albrechtsen · 8.904503541439981, 56.01353417786194
[alm-vestjylland] 2025-10-13 20:00:44 CEST · [alm] · 1 Fiskehejre · Rastende · Fjederholt Å og Rinds Ås sammenløb · DOF Vestjylland · John Vinther Nielsen · 8.963586879309485, 56.08533675176574
[alm-vestjylland] 2025-10-13 20:00:44 CEST · [alm] · 2 Trane · Fouragerende · Gejlbjerg · DOF Vestjylland · Per Klit Christensen · 8.982405442878827, 55.971587455425635
[alm-vestjylland] 2025-10-13 20:00:44 CEST · [alm] · 2 Halemejse · Fouragerende · Ferring · DOF Vestjylland · Ane Margrethe Bjerre · 8.123489767313005, 56.52777901406051
[alm-vestjylland] 2025-10-13 20:00:44 CEST · [alm] · 2 Gransanger · Rastende · Thyborøn By, Havn og Kanal · DOF Vestjylland · Michael Fink Jørgensen · 8.2182883999976, 56.69404409999862
[alm-vestjylland] 2025-10-13 20:00:44 CEST · [alm] · 2 Bjerglærke · Overflyvende · Thyborøn By, Havn og Kanal · DOF Vestjylland · Michael Fink Jørgensen · 8.206853507620423, 56.69343140425017
[alm-vestjylland] 2025-10-13 20:00:44 CEST · [alm] · 6 Halemejse · Rastende · Thyborøn By, Havn og Kanal · DOF Vestjylland · Michael Fink Jørgensen · 8.206449122070538, 56.69302016060521
[alm-vestjylland] 2025-10-13 20:00:44 CEST · [alm] · 40 Rødstrubet Lom · Trækkende mod syd · Bækbygård Strand · DOF Vestjylland · Verner Jensen · 8.129583608575786, 56.20462467127808 · 07:50-09:50
[alm-vestjylland] 2025-10-13 20:00:44 CEST · [alm] · 30 Fløjlsand · Overflyvende · Bækbygård Strand · DOF Vestjylland · Verner Jensen · 8.129583608575786, 56.20462467127808 · 07:50-09:50
[alm-vestjylland] 2025-10-13 20:00:44 CEST · [alm] · 10 Ederfugl · Trækkende mod nord · Bækbygård Strand · DOF Vestjylland · Verner Jensen · 8.129583608575786, 56.20462467127808 · 07:50-09:50
[alm-vestjylland] 2025-10-13 20:00:44 CEST · [alm] · 6 Krikand · Trækkende mod syd · Bækbygård Strand · DOF Vestjylland · Verner Jensen · 8.129583608575786, 56.20462467127808 · 07:50-09:50
[alm-vestjylland] 2025-10-13 20:00:44 CEST · [alm] · 6 Hvinand · Trækkende mod syd · Bækbygård Strand · DOF Vestjylland · Verner Jensen · 8.129583608575786, 56.20462467127808 · 07:50-09:50
[alm-vestjylland] 2025-10-13 20:00:44 CEST · [alm] · 1 Lomvie/Alk · Trækkende mod syd · Bækbygård Strand · DOF Vestjylland · Verner Jensen · 8.129583608575786, 56.20462467127808 · 07:50-09:50
[alm-vestjylland] 2025-10-13 20:00:44 CEST · [alm] · 500 Sortand · Rastende · Bækbygård Strand · DOF Vestjylland · Verner Jensen · 8.129583608575786, 56.20462467127808 · 07:50-09:50
[alm-vestjylland] 2025-10-13 20:00:44 CEST · [alm] · 1 Piber sp. · Rastende · Thorsminde · DOF Vestjylland · Daniel Palm Eskildsen · 8.129323840075815, 56.37664171348086 · 08:00-09:45
[alm-vestjylland] 2025-10-13 20:00:44 CEST · [alm] · 6 Gransanger · Rastende · Thorsminde · DOF Vestjylland · Daniel Palm Eskildsen · 8.127746701175058, 56.375542633007186 · 08:00-09:45
[alm-vestjylland] 2025-10-13 20:00:44 CEST · [alm] · 2 Munk · Rastende · Thorsminde · DOF Vestjylland · Daniel Palm Eskildsen · 8.127670526373551, 56.37560323185597 · 08:00-09:45
[alm-vestjylland] 2025-10-13 20:00:44 CEST · [alm] · 1 Husrødstjert · Syngende · Thorsminde · DOF Vestjylland · Daniel Palm Eskildsen · 8.120939791169805, 56.377630264690595 · 08:00-09:45
[alm-vestjylland] 2025-10-13 20:00:44 CEST · [alm] · 50 Vindrossel · Trækkende mod syd · Thorsminde · DOF Vestjylland · Daniel Palm Eskildsen · 8.122839886855084, 56.37627823958334 · 08:00-09:45
[alm-vestjylland] 2025-10-13 20:00:44 CEST · [alm] · 8 Vader sp., Lille · Trækkende mod syd · Bækbygård Strand · DOF Vestjylland · Verner Jensen · 8.129583608575786, 56.20462467127808 · 09:02-09:50
[alm-vestjylland] 2025-10-13 20:00:44 CEST · [alm] · 4 Landsvale · Trækkende mod syd · Thorsminde, nord · DOF Vestjylland · Daniel Palm Eskildsen · 8.122724902498717, 56.380416630976214 · 10:00-14:00
[alm-vestjylland] 2025-10-13 20:00:44 CEST · [alm] · 14 Sortgrå Ryle · Rastende · Thorsminde, nord · DOF Vestjylland · Daniel Palm Eskildsen · 8.11674213357037, 56.380754964072416 · 10:00-14:00
[alm-vestjylland] 2025-10-13 20:00:44 CEST · [alm] · 1 Rørhøg · Rastende · Thorsminde, nord · DOF Vestjylland · Daniel Palm Eskildsen · 8.1294450754649, 56.38398632218397 · 10:00-14:00
[alm-vestjylland] 2025-10-13 20:00:44 CEST · [alm] · 1 Træløber · Rastende · Thorsminde, nord · DOF Vestjylland · Daniel Palm Eskildsen · 8.122724902498717, 56.380416630976214 · 10:00-14:00
[alm-vestjylland] 2025-10-13 20:00:44 CEST · [alm] · 1 Bjerglærke · Trækkende mod syd · Thorsminde, nord · DOF Vestjylland · Lars Jensen Kruse · 8.122724902498717, 56.380416630976214 · 13:00-14:00
[alm-vestjylland] 2025-10-13 20:00:44 CEST · [alm] · 10 Fuglekonge · Rastende · Thorsminde, nord · DOF Vestjylland · Lars Jensen Kruse · 8.122724902498717, 56.380416630976214 · 13:00-14:00
[alm-vestjylland] 2025-10-13 20:00:44 CEST · [alm] · 1 Grønspætte · Fouragerende · Nibsbjerg plantage · DOF Vestjylland · Henrik Friis · 8.587511678348093, 56.35439220593656 · 13:00-15:00
[alm-vestjylland] 2025-10-13 20:00:44 CEST · [alm] · 8 Vindrossel · Fouragerende · Nibsbjerg plantage · DOF Vestjylland · Henrik Friis · 8.587511678348093, 56.35439220593656 · 13:00-15:00
[alm-vestjylland] 2025-10-13 20:00:44 CEST · [alm] · 1 Sortstrubet Bynkefugl · Rastende · Thorsminde, nord · DOF Vestjylland · Lars Tom-Petersen · 8.122724902498717, 56.380416630976214 · 14:00-15:15
[alm-vestjylland] 2025-10-13 20:00:44 CEST · [alm] · 1 Dværgfalk · Rastende · Vollerum Enge · DOF Vestjylland · Svend Erik Petersen · 8.184321597218515, 56.17578058898717 · 15:55-16:05
[alm-vestjylland] 2025-10-13 20:00:44 CEST · [alm] · 2 Trane · Overflyvende · Råsted · DOF Vestjylland · Peter Hartoft-Jacobsen · 8.440081726072462, 56.29513878754784 · 16:11
[alm-vestjylland] 2025-10-13 20:00:44 CEST · [alm] · 1 Topmejse · Rastende · Heden · DOF Vestjylland · Peter Hartoft-Jacobsen · 8.68686920000205, 56.17018039999954 · 17:30-17:50
[alm-vestjylland] 2025-10-13 20:00:44 CEST · [alm] · 2 Allike · Trækkende til/fra overnatning · Skjern · DOF Vestjylland · Laurids Erik Andreassen · 8.497640176819411, 55.95046100298313 · 17:50-17:50
[alm-vestjylland] 2025-10-13 20:06:06 CEST · [alm] · 4 Stenpikker · Rastende · Harboøre Tange Nord · DOF Vestjylland · Michael Fink Jørgensen · 8.199332100000516, 56.67569650000178
[alm-vestjylland] 2025-10-13 20:13:27 CEST · [alm] · 12 Halemejse · Rastende · Harboøre Tange Nord · DOF Vestjylland · Michael Fink Jørgensen · 8.188758837446006, 56.68143776546078
[alm-vestjylland] 2025-10-13 20:15:17 CEST · [alm] · 6 Gransanger · Rastende · Harboøre Tange Nord · DOF Vestjylland · Michael Fink Jørgensen · 8.199332100000516, 56.67569650000178
[alm-vestjylland] 2025-10-13 20:15:17 CEST · [alm] · 30 Fuglekonge · Rastende · Harboøre Tange Nord · DOF Vestjylland · Michael Fink Jørgensen · 8.199332100000516, 56.67569650000178
[alm-vestjylland] 2025-10-13 20:15:17 CEST · [alm] · 6 Sortstrubet Bynkefugl · Rastende · Harboøre Tange Nord · DOF Vestjylland · Michael Fink Jørgensen · 8.199332100000516, 56.67569650000178
[alm-vestjylland] 2025-10-13 20:15:17 CEST · [alm] · 1 Munk · Rastende · Harboøre Tange Nord · DOF Vestjylland · Michael Fink Jørgensen · 8.199332100000516, 56.67569650000178
[alm-vestjylland] 2025-10-13 20:17:06 CEST · [alm] · 72 Blisgås · Rastende · Harboøre Tange Nord · DOF Vestjylland · Michael Fink Jørgensen · 8.178984469084911, 56.65292390286011
[alm-vestjylland] 2025-10-13 20:18:46 CEST · [alm] · 6 Lille Korsnæb · Rastende · Harboøre By · DOF Vestjylland · Michael Fink Jørgensen · 8.177811317585526, 56.631240728217236
[alm-vestjylland] 2025-10-13 20:20:25 CEST · [alm] · 12 Halemejse, Nordlig (ssp. caudatus) · Rastende · Thorsminde · DOF Vestjylland · Daniel Palm Eskildsen · 8.12863612161891, 56.375959693294824 · 08:00-09:45
[alm-vestjylland] 2025-10-13 20:26:30 CEST · [alm] · 20 Skægmejse · Rastende · Harboøre Fjord · DOF Vestjylland · Michael Fink Jørgensen · 8.161512950458217, 56.6341880222672
[alm-vestjylland] 2025-10-13 20:33:24 CEST · [alm] · 6 Halemejse, Nordlig (ssp. caudatus) · Rastende · Thyborøn By, Havn og Kanal · DOF Vestjylland · Michael Fink Jørgensen · 8.206449122070538, 56.69302016060521
[alm-vestjylland] 2025-10-13 20:33:24 CEST · [alm] · 12 Halemejse, Nordlig (ssp. caudatus) · Rastende · Harboøre Tange Nord · DOF Vestjylland · Michael Fink Jørgensen · 8.188758837446006, 56.68143776546078
[alm-vestjylland] 2025-10-14 16:29:13 CEST · [bemaerk] · 1 Sortstrubet Bynkefugl · Rastende · Thorsminde · DOF Vestjylland · Richard Larsen · 8.122839886855084, 56.37627823958334
[alm-vestjylland] 2025-10-14 17:06:41 CEST · [bemaerk] · 1 Sortspætte · Rastende · Havris Hede · DOF Vestjylland · Leif B Nielsen · 8.845622, 56.53049
[alm-vestjylland] 2025-10-14 17:07:13 CEST · [bemaerk] · 7 Kernebider · Fouragerende · Hyvild · DOF Vestjylland · Michael Hasager Lauritsen · 9.120954000001152, 55.91271449999982
[alm-vestjylland] 2025-10-14 17:07:29 CEST · [bemaerk] · 1 Rød Glente · Fouragerende · Hyvild · DOF Vestjylland · Michael Hasager Lauritsen · 9.120954000001152, 55.91271449999982
[alm-vestjylland] 2025-10-14 18:22:51 CEST · [bemaerk] · 2 Rød Glente · Rastende · Kilde · DOF Vestjylland · Richard Larsen · 8.744015957489593, 56.242579282922435
[alm-vestjylland] 2025-10-14 18:52:03 CEST · [bemaerk] · 2 Sortstrubet Bynkefugl · Rastende · Thorsminde · DOF Vestjylland · Kurt Willumsen · 8.122839886855084, 56.37627823958334 · 07:40-11:30
[alm-vestjylland] 2025-10-14 19:34:23 CEST · [bemaerk] · 1 Dværgfalk · Fouragerende · Vest Stadil Fjord · DOF Vestjylland · Nanna Frank · 8.1498612106014, 56.19777384655998 · 15:00
[alm-vestjylland] 2025-10-14 19:52:42 CEST · [bemaerk] · 1 Vandrefalk · Rastende · Plet Enge-Sønderholm Enge · DOF Vestjylland · Michael Fink Jørgensen · 8.21114787254517, 56.62751898730238
[alm-vestjylland] 2025-10-14 19:53:28 CEST · [bemaerk] · 2 Sølvhejre · Rastende · Plet Enge-Sønderholm Enge · DOF Vestjylland · Michael Fink Jørgensen · 8.22068372216598, 56.62295463734913
[alm-vestjylland] 2025-10-14 20:06:22 CEST · [bemaerk] · 1 Sortgrå Ryle · Rastende · Hvide Sande Havn · DOF Vestjylland · Henning Larsen · 8.122601168398768, 56.00328911270239
[alm-vestjylland] 2025-10-14 20:34:51 CEST · [bemaerk] · 7 Halemejse · Rastende · Harboøre Tange Nord · DOF Vestjylland · Michael Fink Jørgensen · 8.199332100000516, 56.67569650000178
[alm-vestjylland] 2025-10-15 08:04:31 CEST · [bemaerk] · 1 Sortgrå Ryle · Rastende · Thorsminde · DOF Vestjylland · Kurt Willumsen · 8.122839886855084, 56.37627823958334 · 07:46
[alm-vestjylland] 2025-10-15 08:06:34 CEST · [bemaerk] · 2 Sortgrå Ryle · Rastende · Thorsminde · DOF Vestjylland · Kurt Willumsen · 8.122839886855084, 56.37627823958334 · 07:46
[alm-vestjylland] 2025-10-15 08:25:03 CEST · [bemaerk] · 6 Sortgrå Ryle · Rastende · Thorsminde · DOF Vestjylland · Kurt Willumsen · 8.122839886855084, 56.37627823958334 · 07:46
[alm-vestjylland] 2025-10-15 08:52:41 CEST · [bemaerk] · 10 Dværgmåge · Trækkende mod nord · Thorsminde · DOF Vestjylland · Kurt Willumsen · 8.122839886855084, 56.37627823958334 · 07:46
[alm-vestjylland] 2025-10-15 08:55:56 CEST · [bemaerk] · 42 Stillits · Fouragerende · Hyvild · DOF Vestjylland · Michael Hasager Lauritsen · 9.120954000001152, 55.91271449999982
[alm-vestjylland] 2025-10-15 09:26:15 CEST · [bemaerk] · 1 Sortstrubet Bynkefugl · Rastende · Thorsminde, nord · DOF Vestjylland · Kurt Willumsen · 8.122724902498717, 56.380416630976214 · 09:19
[alm-vestjylland] 2025-10-15 10:14:41 CEST · [bemaerk] · 1 Isfugl · Overflyvende · Hestholm Nord · DOF Vestjylland · Ole Amstrup · 8.447310791557081, 55.92336187434876 · 08:56
[alm-vestjylland] 2025-10-15 10:38:04 CEST · [bemaerk] · 1 Sølvhejre · Rastende · Fjand Grønne · DOF Vestjylland · Kurt Willumsen · 8.12702033027684, 56.33367540873789
[alm-vestjylland] 2025-10-15 10:38:04 CEST · [bemaerk] · 1 Dværgfalk · Trækkende mod syd · Fjand Grønne · DOF Vestjylland · Kurt Willumsen · 8.12702033027684, 56.33367540873789
[alm-vestjylland] 2025-10-15 11:18:08 CEST · [bemaerk] · 127 Grønirisk · Rastende · Føling Sø og Bæk · DOF Vestjylland · Peter Leth Olsen · 8.262315911128619, 56.11933174405246 · 10:20
[alm-vestjylland] 2025-10-15 12:00:36 CEST · [bemaerk] · 1 Rødtoppet Fuglekonge · Rastende · Haurvig øst · DOF Vestjylland · Ulf Eschou Møller · 8.163308501243593, 55.93819876124547
[alm-vestjylland] 2025-10-15 12:30:49 CEST · [bemaerk] · 1 Rødtoppet Fuglekonge · Rastende · Haurvig vest · DOF Vestjylland · Ulf Eschou Møller · 8.171457052230837, 55.92001402437431
[alm-vestjylland] 2025-10-15 12:39:13 CEST · [bemaerk] · 1 Havørn · Overflyvende · Tulstrup · DOF Vestjylland · Valdemar Juul · 9.150081161623023, 56.15802764753633
[alm-vestjylland] 2025-10-15 12:52:05 CEST · [bemaerk] · 1 Sortstrubet Bynkefugl · Rastende · Damsø Enge · DOF Vestjylland · Mogens Bak · 8.534779295876985, 55.92879985146527 · 12:51
[alm-vestjylland] 2025-10-15 12:53:09 CEST · [bemaerk] · 1 Fyrremejse · Rastende · Haurvig vest · DOF Vestjylland · Ulf Eschou Møller · 8.153425725648786, 55.93196240171457
[alm-vestjylland] 2025-10-15 12:55:16 CEST · [bemaerk] · 1 Isfugl · Rastende · Sunds Sø · DOF Vestjylland · Peter Markussen · 9.021040264910189, 56.213264888780316
[alm-vestjylland] 2025-10-15 13:20:10 CEST · [bemaerk] · 5 Sølvhejre · Rastende · Stadil · DOF Vestjylland · Svend Erik Thuesen · 8.200396835224828, 56.200788267505374 · 13:00
[alm-vestjylland] 2025-10-15 13:40:33 CEST · [bemaerk] · 6 Trane · Trækkende mod syd · Hyvild · DOF Vestjylland · Michael Hasager Lauritsen · 9.120954000001152, 55.91271449999982
[alm-vestjylland] 2025-10-15 13:49:03 CEST · [bemaerk] · 1 Sølvhejre · Rastende · Hestholm, Øster · DOF Vestjylland · Inger Klit · 8.48428594700337, 55.92386364580432
[alm-vestjylland] 2025-10-15 13:49:03 CEST · [bemaerk] · 1 Sølvhejre · Rastende · Hestholm Midt · DOF Vestjylland · Inger Klit · 8.467745773470662, 55.92221189998091
[alm-vestjylland] 2025-10-15 13:50:07 CEST · [bemaerk] · 3 Sølvhejre · Rastende · Hestholm Nord · DOF Vestjylland · Inger Klit · 8.447310791557081, 55.92336187434876
[alm-vestjylland] 2025-10-15 13:51:12 CEST · [bemaerk] · 25 Musvit · Fouragerende · Lodbjerg Hede ved Stadil Fjord · DOF Vestjylland · Peter Leth Olsen · 8.142789672684811, 56.14414636840036 · 13:10
