[alm-sydostjylland] 2025-10-13 06:46:52 CEST · [alm] · 2 Solsort · Rastende · Vejle Havn · DOF Sydøstjylland · Else-Marie Jørgensen · 9.557791801463125, 55.70452703526803
[alm-sydostjylland] 2025-10-13 06:47:06 CEST · [alm] · 1 Rødhals · Rastende · Vejle Havn · DOF Sydøstjylland · Else-Marie Jørgensen · 9.557791801463125, 55.70452703526803
[alm-sydostjylland] 2025-10-13 07:31:37 CEST · [alm] · 4 Solsort · Rastende · Vejle Havn · DOF Sydøstjylland · Else-Marie Jørgensen · 9.557791801463125, 55.70452703526803
[alm-sydostjylland] 2025-10-13 07:32:00 CEST · [alm] · 1 Gærdesmutte · Syngende · Vejle Havn · DOF Sydøstjylland · Else-Marie Jørgensen · 9.557791801463125, 55.70452703526803
[alm-sydostjylland] 2025-10-13 07:57:18 CEST · [alm] · 170 Ringdue · Trækkende mod sydvest · Nøttrup · DOF Sydøstjylland · Ib Gundelach · 9.951809805322428, 55.74928080454637 · 07:00
[alm-sydostjylland] 2025-10-13 07:57:37 CEST · [alm] · 9 Allike · Trækkende mod sydvest · Nøttrup · DOF Sydøstjylland · Ib Gundelach · 9.951809805322428, 55.74928080454637 · 07:00
[alm-sydostjylland] 2025-10-13 07:58:08 CEST · [alm] · 20 Bogfinke · Trækkende mod sydvest · Nøttrup · DOF Sydøstjylland · Ib Gundelach · 9.951809805322428, 55.74928080454637 · 07:00
[alm-sydostjylland] 2025-10-13 07:58:31 CEST · [alm] · 15 Småfugl sp. (Pibere, Finker, Spurve o.lign.) · Trækkende mod sydvest · Nøttrup · DOF Sydøstjylland · Ib Gundelach · 9.951809805322428, 55.74928080454637 · 07:00
[alm-sydostjylland] 2025-10-13 07:59:29 CEST · [alm] · 60 Gås sp. · Trækkende mod syd · Nøttrup · DOF Sydøstjylland · Ib Gundelach · 9.951809805322428, 55.74928080454637 · 07:00
[alm-sydostjylland] 2025-10-13 08:00:04 CEST · [alm] · 1 Natugle · Territoriehævdende · Nøttrup · DOF Sydøstjylland · Ib Gundelach · 9.951809805322428, 55.74928080454637 · 07:00
[alm-sydostjylland] 2025-10-13 08:04:15 CEST · [alm] · 8 Solsort · Rastende · Vejle Havn · DOF Sydøstjylland · Else-Marie Jørgensen · 9.557791801463125, 55.70452703526803
[alm-sydostjylland] 2025-10-13 08:04:45 CEST · [alm] · 14 Gråspurv · Rastende · Vejle Havn · DOF Sydøstjylland · Else-Marie Jørgensen · 9.557791801463125, 55.70452703526803
[alm-sydostjylland] 2025-10-13 08:05:05 CEST · [alm] · 6 Musvit · Rastende · Vejle Havn · DOF Sydøstjylland · Else-Marie Jørgensen · 9.557791801463125, 55.70452703526803
[alm-sydostjylland] 2025-10-13 08:05:05 CEST · [alm] · 83 Ringdue · Fouragerende · Vejle Havn · DOF Sydøstjylland · Else-Marie Jørgensen · 9.557791801463125, 55.70452703526803
[alm-sydostjylland] 2025-10-13 08:05:35 CEST · [alm] · 4 Blåmejse · Rastende · Vejle Havn · DOF Sydøstjylland · Else-Marie Jørgensen · 9.557791801463125, 55.70452703526803
[alm-sydostjylland] 2025-10-13 08:06:10 CEST · [alm] · 9 Solsort · Rastende · Vejle Havn · DOF Sydøstjylland · Else-Marie Jørgensen · 9.557791801463125, 55.70452703526803
[alm-sydostjylland] 2025-10-13 08:06:10 CEST · [alm] · 7 Skovspurv · Rastende · Vejle Havn · DOF Sydøstjylland · Else-Marie Jørgensen · 9.557791801463125, 55.70452703526803
[alm-sydostjylland] 2025-10-13 08:06:10 CEST · [alm] · 14 Vindrossel · Trækkende · Voervadsbro · DOF Sydøstjylland · Kevin Kuhlmann Clausen · 9.703156134678146, 56.01465899002636
[alm-sydostjylland] 2025-10-13 08:06:39 CEST · [alm] · 2 Misteldrossel · Rastende · Voervadsbro · DOF Sydøstjylland · Kevin Kuhlmann Clausen · 9.703156134678146, 56.01465899002636
[alm-sydostjylland] 2025-10-13 08:06:39 CEST · [alm] · 15 Ringdue · Trækkende mod syd · Voervadsbro · DOF Sydøstjylland · Kevin Kuhlmann Clausen · 9.703156134678146, 56.01465899002636
[alm-sydostjylland] 2025-10-13 08:07:13 CEST · [alm] · 2 Dompap · Overflyvende · Voervadsbro · DOF Sydøstjylland · Kevin Kuhlmann Clausen · 9.703156134678146, 56.01465899002636
[alm-sydostjylland] 2025-10-13 08:07:13 CEST · [alm] · 1 Vandrefalk · Rastende · Vejle · DOF Sydøstjylland · Else-Marie Jørgensen · 9.537001929487356, 55.70629998759446
[alm-sydostjylland] 2025-10-13 08:07:43 CEST · [alm] · 2 Fuglekonge · Rastende · Voervadsbro · DOF Sydøstjylland · Kevin Kuhlmann Clausen · 9.703156134678146, 56.01465899002636
[alm-sydostjylland] 2025-10-13 08:09:02 CEST · [alm] · 85 Ringdue · Trækkende mod syd · Voervadsbro · DOF Sydøstjylland · Kevin Kuhlmann Clausen · 9.703156134678146, 56.01465899002636
[alm-sydostjylland] 2025-10-13 08:09:02 CEST · [alm] · 3 Solsort · Trækkende mod syd · Voervadsbro · DOF Sydøstjylland · Kevin Kuhlmann Clausen · 9.703156134678146, 56.01465899002636
[alm-sydostjylland] 2025-10-13 08:09:37 CEST · [alm] · 16 Vindrossel · Trækkende · Voervadsbro · DOF Sydøstjylland · Kevin Kuhlmann Clausen · 9.703156134678146, 56.01465899002636
[alm-sydostjylland] 2025-10-13 08:09:37 CEST · [alm] · 2 Sangdrossel · Overflyvende · Voervadsbro · DOF Sydøstjylland · Kevin Kuhlmann Clausen · 9.703156134678146, 56.01465899002636
[alm-sydostjylland] 2025-10-13 08:12:03 CEST · [alm] · 18 Vindrossel · Trækkende · Voervadsbro · DOF Sydøstjylland · Kevin Kuhlmann Clausen · 9.703156134678146, 56.01465899002636
[alm-sydostjylland] 2025-10-13 08:13:04 CEST · [alm] · 21 Vindrossel · Trækkende · Voervadsbro · DOF Sydøstjylland · Kevin Kuhlmann Clausen · 9.703156134678146, 56.01465899002636
[alm-sydostjylland] 2025-10-13 08:13:04 CEST · [alm] · 145 Ringdue · Trækkende mod syd · Voervadsbro · DOF Sydøstjylland · Kevin Kuhlmann Clausen · 9.703156134678146, 56.01465899002636
[alm-sydostjylland] 2025-10-13 08:13:04 CEST · [alm] · 1 Hvid Vipstjert (ssp. alba) · Rastende · Vejle Havn · DOF Sydøstjylland · Else-Marie Jørgensen · 9.557791801463125, 55.70452703526803
[alm-sydostjylland] 2025-10-13 08:13:04 CEST · [alm] · 18 Grønsisken · Rastende · Voervadsbro · DOF Sydøstjylland · Kevin Kuhlmann Clausen · 9.703156134678146, 56.01465899002636
[alm-sydostjylland] 2025-10-13 08:13:04 CEST · [alm] · 1 Lomvie · Rastende · Vejle Havn · DOF Sydøstjylland · Else-Marie Jørgensen · 9.557791801463125, 55.70452703526803
[alm-sydostjylland] 2025-10-13 08:13:49 CEST · [alm] · 26 Vindrossel · Trækkende · Voervadsbro · DOF Sydøstjylland · Kevin Kuhlmann Clausen · 9.703156134678146, 56.01465899002636
[alm-sydostjylland] 2025-10-13 08:14:45 CEST · [alm] · 165 Ringdue · Trækkende mod syd · Voervadsbro · DOF Sydøstjylland · Kevin Kuhlmann Clausen · 9.703156134678146, 56.01465899002636
[alm-sydostjylland] 2025-10-13 08:15:57 CEST · [alm] · 185 Ringdue · Trækkende mod syd · Voervadsbro · DOF Sydøstjylland · Kevin Kuhlmann Clausen · 9.703156134678146, 56.01465899002636
[alm-sydostjylland] 2025-10-13 08:15:57 CEST · [alm] · 12 Grønirisk · Trækkende mod syd · Voervadsbro · DOF Sydøstjylland · Kevin Kuhlmann Clausen · 9.703156134678146, 56.01465899002636
[alm-sydostjylland] 2025-10-13 08:15:57 CEST · [alm] · 3 Skarv · Trækkende mod syd · Voervadsbro · DOF Sydøstjylland · Kevin Kuhlmann Clausen · 9.703156134678146, 56.01465899002636
[alm-sydostjylland] 2025-10-13 08:16:23 CEST · [alm] · 220 Ringdue · Trækkende mod syd · Voervadsbro · DOF Sydøstjylland · Kevin Kuhlmann Clausen · 9.703156134678146, 56.01465899002636
[alm-sydostjylland] 2025-10-13 08:17:00 CEST · [alm] · 230 Ringdue · Trækkende mod syd · Voervadsbro · DOF Sydøstjylland · Kevin Kuhlmann Clausen · 9.703156134678146, 56.01465899002636
[alm-sydostjylland] 2025-10-13 08:17:00 CEST · [alm] · 1 Isfugl · Rastende · Voervadsbro · DOF Sydøstjylland · Kevin Kuhlmann Clausen · 9.703156134678146, 56.01465899002636
[alm-sydostjylland] 2025-10-13 08:18:23 CEST · [alm] · 68 Grønsisken · Rastende · Voervadsbro · DOF Sydøstjylland · Kevin Kuhlmann Clausen · 9.703156134678146, 56.01465899002636
[alm-sydostjylland] 2025-10-13 08:18:23 CEST · [alm] · 26 Stær · Trækkende mod sydvest · Voervadsbro · DOF Sydøstjylland · Kevin Kuhlmann Clausen · 9.703156134678146, 56.01465899002636
[alm-sydostjylland] 2025-10-13 08:19:35 CEST · [alm] · 1 Skarv · Fouragerende · Vejle Havn · DOF Sydøstjylland · Else-Marie Jørgensen · 9.557791801463125, 55.70452703526803
[alm-sydostjylland] 2025-10-13 08:19:56 CEST · [alm] · 30 Vindrossel · Trækkende · Voervadsbro · DOF Sydøstjylland · Kevin Kuhlmann Clausen · 9.703156134678146, 56.01465899002636
[alm-sydostjylland] 2025-10-13 08:19:56 CEST · [alm] · 240 Ringdue · Trækkende mod syd · Voervadsbro · DOF Sydøstjylland · Kevin Kuhlmann Clausen · 9.703156134678146, 56.01465899002636
[alm-sydostjylland] 2025-10-13 08:19:56 CEST · [alm] · 1 Isfugl · Rastende · Vejle Havn · DOF Sydøstjylland · Else-Marie Jørgensen · 9.557791801463125, 55.70452703526803
[alm-sydostjylland] 2025-10-13 08:21:41 CEST · [alm] · 270 Ringdue · Trækkende mod syd · Voervadsbro · DOF Sydøstjylland · Kevin Kuhlmann Clausen · 9.703156134678146, 56.01465899002636
[alm-sydostjylland] 2025-10-13 08:22:18 CEST · [alm] · 7 Grågås · Trækkende mod sydvest · Voervadsbro · DOF Sydøstjylland · Kevin Kuhlmann Clausen · 9.703156134678146, 56.01465899002636
[alm-sydostjylland] 2025-10-13 08:22:54 CEST · [alm] · 31 Vindrossel · Trækkende · Voervadsbro · DOF Sydøstjylland · Kevin Kuhlmann Clausen · 9.703156134678146, 56.01465899002636
[alm-sydostjylland] 2025-10-13 08:22:54 CEST · [alm] · 360 Ringdue · Trækkende mod syd · Voervadsbro · DOF Sydøstjylland · Kevin Kuhlmann Clausen · 9.703156134678146, 56.01465899002636
[alm-sydostjylland] 2025-10-13 08:22:54 CEST · [alm] · 11 Grågås · Trækkende mod sydvest · Voervadsbro · DOF Sydøstjylland · Kevin Kuhlmann Clausen · 9.703156134678146, 56.01465899002636
[alm-sydostjylland] 2025-10-13 08:23:35 CEST · [alm] · 14 Grågås · Trækkende mod sydvest · Voervadsbro · DOF Sydøstjylland · Kevin Kuhlmann Clausen · 9.703156134678146, 56.01465899002636
[alm-sydostjylland] 2025-10-13 08:26:17 CEST · [alm] · 22 Grågås · Trækkende mod sydvest · Voervadsbro · DOF Sydøstjylland · Kevin Kuhlmann Clausen · 9.703156134678146, 56.01465899002636
[alm-sydostjylland] 2025-10-13 08:29:41 CEST · [alm] · 17 Halemejse, Sydlig (ssp. europaeus) · Rastende · Voervadsbro · DOF Sydøstjylland · Kevin Kuhlmann Clausen · 9.703156134678146, 56.01465899002636
[alm-sydostjylland] 2025-10-13 08:30:07 CEST · [alm] · 2 Isfugl · Overflyvende · Vejle Havn · DOF Sydøstjylland · Else-Marie Jørgensen · 9.557791801463125, 55.70452703526803
[alm-sydostjylland] 2025-10-13 08:30:33 CEST · [alm] · 1 Sanglærke · Overflyvende · Vejle Havn · DOF Sydøstjylland · Else-Marie Jørgensen · 9.557791801463125, 55.70452703526803
[alm-sydostjylland] 2025-10-13 08:30:33 CEST · [alm] · 45 Bramgås · Trækkende mod sydvest · Voervadsbro · DOF Sydøstjylland · Kevin Kuhlmann Clausen · 9.703156134678146, 56.01465899002636
[alm-sydostjylland] 2025-10-13 08:30:59 CEST · [alm] · 2 Lomvie · Rastende · Vejle Havn · DOF Sydøstjylland · Else-Marie Jørgensen · 9.557791801463125, 55.70452703526803
[alm-sydostjylland] 2025-10-13 08:32:34 CEST · [alm] · 5 Pibeand · Trækkende mod sydvest · Voervadsbro · DOF Sydøstjylland · Kevin Kuhlmann Clausen · 9.703156134678146, 56.01465899002636
[alm-sydostjylland] 2025-10-13 08:33:16 CEST · [alm] · 4 Dompap · Overflyvende · Voervadsbro · DOF Sydøstjylland · Kevin Kuhlmann Clausen · 9.703156134678146, 56.01465899002636
[alm-sydostjylland] 2025-10-13 08:34:09 CEST · [alm] · 7 Ravn · Overflyvende · Voervadsbro · DOF Sydøstjylland · Kevin Kuhlmann Clausen · 9.703156134678146, 56.01465899002636
[alm-sydostjylland] 2025-10-13 08:34:25 CEST · [alm] · 8 Ravn · Overflyvende · Voervadsbro · DOF Sydøstjylland · Kevin Kuhlmann Clausen · 9.703156134678146, 56.01465899002636
[alm-sydostjylland] 2025-10-13 08:35:58 CEST · [alm] · 9 Ravn · Overflyvende · Voervadsbro · DOF Sydøstjylland · Kevin Kuhlmann Clausen · 9.703156134678146, 56.01465899002636
[alm-sydostjylland] 2025-10-13 08:35:58 CEST · [alm] · 2 Råge · Overflyvende · Voervadsbro · DOF Sydøstjylland · Kevin Kuhlmann Clausen · 9.703156134678146, 56.01465899002636
[alm-sydostjylland] 2025-10-13 08:38:32 CEST · [alm] · 17 Halemejse, Nordlig (ssp. caudatus) · Rastende · Voervadsbro · DOF Sydøstjylland · Kevin Kuhlmann Clausen · 9.703156134678146, 56.01465899002636
[alm-sydostjylland] 2025-10-13 08:40:10 CEST · [alm] · 370 Ringdue · Trækkende mod syd · Voervadsbro · DOF Sydøstjylland · Kevin Kuhlmann Clausen · 9.703156134678146, 56.01465899002636
[alm-sydostjylland] 2025-10-13 08:40:10 CEST · [alm] · 1 Huldue · Trækkende mod syd · Voervadsbro · DOF Sydøstjylland · Kevin Kuhlmann Clausen · 9.703156134678146, 56.01465899002636
[alm-sydostjylland] 2025-10-13 08:46:23 CEST · [alm] · 30 Grågås · Trækkende mod sydvest · Voervadsbro · DOF Sydøstjylland · Kevin Kuhlmann Clausen · 9.703156134678146, 56.01465899002636
[alm-sydostjylland] 2025-10-13 08:47:46 CEST · [alm] · 2 Skarv · Fouragerende · Vejle Havn · DOF Sydøstjylland · Else-Marie Jørgensen · 9.557791801463125, 55.70452703526803
[alm-sydostjylland] 2025-10-13 08:48:25 CEST · [alm] · 6 Råge · Overflyvende · Voervadsbro · DOF Sydøstjylland · Kevin Kuhlmann Clausen · 9.703156134678146, 56.01465899002636
[alm-sydostjylland] 2025-10-13 08:48:25 CEST · [alm] · 2 Hvinand · Rastende · Vejle Havn · DOF Sydøstjylland · Else-Marie Jørgensen · 9.557791801463125, 55.70452703526803
[alm-sydostjylland] 2025-10-13 08:49:55 CEST · [alm] · 395 Ringdue · Trækkende mod syd · Voervadsbro · DOF Sydøstjylland · Kevin Kuhlmann Clausen · 9.703156134678146, 56.01465899002636
[alm-sydostjylland] 2025-10-13 08:50:54 CEST · [alm] · 1 Nilgås · Rastende · Vejle Havn · DOF Sydøstjylland · Else-Marie Jørgensen · 9.546011502898182, 55.705955587005974
[alm-sydostjylland] 2025-10-13 08:51:53 CEST · [alm] · 4 Sangdrossel · Overflyvende · Voervadsbro · DOF Sydøstjylland · Kevin Kuhlmann Clausen · 9.703156134678146, 56.01465899002636
[alm-sydostjylland] 2025-10-13 08:51:53 CEST · [alm] · 2 Knopsvane · Overflyvende · Voervadsbro · DOF Sydøstjylland · Kevin Kuhlmann Clausen · 9.703156134678146, 56.01465899002636
[alm-sydostjylland] 2025-10-13 08:51:53 CEST · [alm] · 1 Bjergvipstjert · Rastende · Vejle Havn · DOF Sydøstjylland · Else-Marie Jørgensen · 9.557791801463125, 55.70452703526803
[alm-sydostjylland] 2025-10-13 08:52:45 CEST · [alm] · 33 Vindrossel · Trækkende · Voervadsbro · DOF Sydøstjylland · Kevin Kuhlmann Clausen · 9.703156134678146, 56.01465899002636
[alm-sydostjylland] 2025-10-13 08:52:45 CEST · [alm] · 565 Ringdue · Trækkende mod syd · Voervadsbro · DOF Sydøstjylland · Kevin Kuhlmann Clausen · 9.703156134678146, 56.01465899002636
[alm-sydostjylland] 2025-10-13 08:52:45 CEST · [alm] · 1 Vandrefalk · Rastende · Vejle Havn · DOF Sydøstjylland · Else-Marie Jørgensen · 9.557791801463125, 55.70452703526803
[alm-sydostjylland] 2025-10-13 08:53:44 CEST · [alm] · 595 Ringdue · Trækkende mod syd · Voervadsbro · DOF Sydøstjylland · Kevin Kuhlmann Clausen · 9.703156134678146, 56.01465899002636
[alm-sydostjylland] 2025-10-13 08:55:57 CEST · [alm] · 1 Tyrkerdue · Rastende · Voervadsbro · DOF Sydøstjylland · Kevin Kuhlmann Clausen · 9.703156134678146, 56.01465899002636
[alm-sydostjylland] 2025-10-13 08:57:21 CEST · [alm] · 6 Sangdrossel · Overflyvende · Voervadsbro · DOF Sydøstjylland · Kevin Kuhlmann Clausen · 9.703156134678146, 56.01465899002636
[alm-sydostjylland] 2025-10-13 08:57:21 CEST · [alm] · 1 Husskade · Overflyvende · Voervadsbro · DOF Sydøstjylland · Kevin Kuhlmann Clausen · 9.703156134678146, 56.01465899002636
[alm-sydostjylland] 2025-10-13 08:59:37 CEST · [alm] · 14 Skarv · Trækkende mod syd · Voervadsbro · DOF Sydøstjylland · Kevin Kuhlmann Clausen · 9.703156134678146, 56.01465899002636
[alm-sydostjylland] 2025-10-13 09:00:16 CEST · [alm] · 15 Skarv · Trækkende mod syd · Voervadsbro · DOF Sydøstjylland · Kevin Kuhlmann Clausen · 9.703156134678146, 56.01465899002636
[alm-sydostjylland] 2025-10-13 09:01:27 CEST · [alm] · 730 Ringdue · Trækkende mod syd · Voervadsbro · DOF Sydøstjylland · Kevin Kuhlmann Clausen · 9.703156134678146, 56.01465899002636
[alm-sydostjylland] 2025-10-13 09:05:36 CEST · [alm] · 64 Grågås · Trækkende mod sydvest · Voervadsbro · DOF Sydøstjylland · Kevin Kuhlmann Clausen · 9.703156134678146, 56.01465899002636
[alm-sydostjylland] 2025-10-13 09:06:35 CEST · [alm] · 36 Vindrossel · Trækkende · Voervadsbro · DOF Sydøstjylland · Kevin Kuhlmann Clausen · 9.703156134678146, 56.01465899002636
[alm-sydostjylland] 2025-10-13 09:07:41 CEST · [alm] · 43 Vindrossel · Trækkende · Voervadsbro · DOF Sydøstjylland · Kevin Kuhlmann Clausen · 9.703156134678146, 56.01465899002636
[alm-sydostjylland] 2025-10-13 09:08:06 CEST · [alm] · 760 Ringdue · Trækkende mod syd · Voervadsbro · DOF Sydøstjylland · Kevin Kuhlmann Clausen · 9.703156134678146, 56.01465899002636
[alm-sydostjylland] 2025-10-13 09:10:15 CEST · [alm] · 5 Dompap · Overflyvende · Voervadsbro · DOF Sydøstjylland · Kevin Kuhlmann Clausen · 9.703156134678146, 56.01465899002636
[alm-sydostjylland] 2025-10-13 09:10:15 CEST · [alm] · 1 Jernspurv · Trækkende mod syd · Voervadsbro · DOF Sydøstjylland · Kevin Kuhlmann Clausen · 9.703156134678146, 56.01465899002636
[alm-sydostjylland] 2025-10-13 09:10:15 CEST · [alm] · 3 Spætmejse · Rastende · Voervadsbro · DOF Sydøstjylland · Kevin Kuhlmann Clausen · 9.703156134678146, 56.01465899002636
[alm-sydostjylland] 2025-10-13 09:10:53 CEST · [alm] · 18 Skarv · Trækkende mod syd · Voervadsbro · DOF Sydøstjylland · Kevin Kuhlmann Clausen · 9.703156134678146, 56.01465899002636
[alm-sydostjylland] 2025-10-13 09:11:32 CEST · [alm] · 2 Sanglærke · Trækkende mod sydvest · Voervadsbro · DOF Sydøstjylland · Kevin Kuhlmann Clausen · 9.703156134678146, 56.01465899002636
[alm-sydostjylland] 2025-10-13 09:11:32 CEST · [alm] · 11 Halemejse · Rastende · Vorsø (landarealer) · DOF Sydøstjylland · Jens Gregersen · 10.002581148226755, 55.86829405491295 · 09:00
[alm-sydostjylland] 2025-10-13 09:12:11 CEST · [alm] · 780 Ringdue · Trækkende mod syd · Voervadsbro · DOF Sydøstjylland · Kevin Kuhlmann Clausen · 9.703156134678146, 56.01465899002636
[alm-sydostjylland] 2025-10-13 09:12:11 CEST · [alm] · 3 Gransanger · Fouragerende · Vorsø (landarealer) · DOF Sydøstjylland · Jens Gregersen · 10.002581148226755, 55.86829405491295
[alm-sydostjylland] 2025-10-13 09:12:11 CEST · [alm] · 5 Musvit · Rastende · Vorsø (landarealer) · DOF Sydøstjylland · Jens Gregersen · 10.002581148226755, 55.86829405491295
[alm-sydostjylland] 2025-10-13 09:12:11 CEST · [alm] · 2 Bjergvipstjert · Overflyvende · Voervadsbro · DOF Sydøstjylland · Kevin Kuhlmann Clausen · 9.703156134678146, 56.01465899002636
[alm-sydostjylland] 2025-10-13 09:13:10 CEST · [alm] · 5 Rødhals · Rastende · Vorsø (landarealer) · DOF Sydøstjylland · Jens Gregersen · 10.002581148226755, 55.86829405491295
[alm-sydostjylland] 2025-10-13 09:13:55 CEST · [alm] · 48 Vindrossel · Trækkende · Voervadsbro · DOF Sydøstjylland · Kevin Kuhlmann Clausen · 9.703156134678146, 56.01465899002636
[alm-sydostjylland] 2025-10-13 09:13:55 CEST · [alm] · 10 Ravn · Overflyvende · Voervadsbro · DOF Sydøstjylland · Kevin Kuhlmann Clausen · 9.703156134678146, 56.01465899002636
[alm-sydostjylland] 2025-10-13 09:13:55 CEST · [alm] · 380 Ederfugl · Rastende · Vorsø, fjorden syd og øst for · DOF Sydøstjylland · Jens Gregersen · 10.004682540893556, 55.86086295281758
[alm-sydostjylland] 2025-10-13 09:13:55 CEST · [alm] · 3000 Hjejle · Rastende · Vorsø Kalv og Sydrevlerne · DOF Sydøstjylland · Jens Gregersen · 9.992997619774542, 55.864335176149275 · 09:00
[alm-sydostjylland] 2025-10-13 09:18:15 CEST · [alm] · 29 Stær · Trækkende mod sydvest · Voervadsbro · DOF Sydøstjylland · Kevin Kuhlmann Clausen · 9.703156134678146, 56.01465899002636
[alm-sydostjylland] 2025-10-13 09:18:15 CEST · [alm] · 3 Sanglærke · Trækkende mod sydvest · Voervadsbro · DOF Sydøstjylland · Kevin Kuhlmann Clausen · 9.703156134678146, 56.01465899002636
[alm-sydostjylland] 2025-10-13 09:19:35 CEST · [alm] · 3 Lille Korsnæb · Overflyvende · Voervadsbro · DOF Sydøstjylland · Kevin Kuhlmann Clausen · 9.703156134678146, 56.01465899002636
[alm-sydostjylland] 2025-10-13 09:19:35 CEST · [alm] · 2 Grønirisk · Rastende · Nørrestrand · DOF Sydøstjylland · Lars Nielsen · 9.87591711648783, 55.878150684045266 · 08:00
[alm-sydostjylland] 2025-10-13 09:19:35 CEST · [alm] · 1 Grønsisken · Rastende · Nørrestrand · DOF Sydøstjylland · Lars Nielsen · 9.87591711648783, 55.878150684045266 · 08:00
[alm-sydostjylland] 2025-10-13 09:19:35 CEST · [alm] · 1 Spætmejse · Rastende · Nørrestrand · DOF Sydøstjylland · Lars Nielsen · 9.87591711648783, 55.878150684045266 · 08:00
[alm-sydostjylland] 2025-10-13 09:19:35 CEST · [alm] · 10 Musvit · Rastende · Nørrestrand · DOF Sydøstjylland · Lars Nielsen · 9.87591711648783, 55.878150684045266 · 08:00
[alm-sydostjylland] 2025-10-13 09:19:35 CEST · [alm] · 3 Blåmejse · Rastende · Nørrestrand · DOF Sydøstjylland · Lars Nielsen · 9.87591711648783, 55.878150684045266 · 08:00
[alm-sydostjylland] 2025-10-13 09:19:35 CEST · [alm] · 62 Grågås · Rastende · Nørrestrand · DOF Sydøstjylland · Lars Nielsen · 9.87591711648783, 55.878150684045266 · 08:00
[alm-sydostjylland] 2025-10-13 09:19:35 CEST · [alm] · 5 Solsort · Rastende · Nørrestrand · DOF Sydøstjylland · Lars Nielsen · 9.87591711648783, 55.878150684045266 · 08:00
[alm-sydostjylland] 2025-10-13 09:19:35 CEST · [alm] · 3 Gærdesmutte · Rastende · Nørrestrand · DOF Sydøstjylland · Lars Nielsen · 9.87591711648783, 55.878150684045266 · 08:00
[alm-sydostjylland] 2025-10-13 09:19:35 CEST · [alm] · 2 Fuglekonge · Rastende · Nørrestrand · DOF Sydøstjylland · Lars Nielsen · 9.87591711648783, 55.878150684045266 · 08:00
[alm-sydostjylland] 2025-10-13 09:19:35 CEST · [alm] · 29 Gråand · Rastende · Nørrestrand · DOF Sydøstjylland · Lars Nielsen · 9.87591711648783, 55.878150684045266 · 08:00
[alm-sydostjylland] 2025-10-13 09:19:35 CEST · [alm] · 2 Fiskehejre · Rastende · Nørrestrand · DOF Sydøstjylland · Lars Nielsen · 9.87591711648783, 55.878150684045266 · 08:00
[alm-sydostjylland] 2025-10-13 09:19:35 CEST · [alm] · 1 Korttået Træløber · Rastende · Nørrestrand · DOF Sydøstjylland · Lars Nielsen · 9.87591711648783, 55.878150684045266 · 08:00
[alm-sydostjylland] 2025-10-13 09:19:35 CEST · [alm] · 1 Dompap · Rastende · Nørrestrand · DOF Sydøstjylland · Lars Nielsen · 9.87591711648783, 55.878150684045266 · 08:00
[alm-sydostjylland] 2025-10-13 09:19:35 CEST · [alm] · 1 Blishøne · Rastende · Nørrestrand · DOF Sydøstjylland · Lars Nielsen · 9.87591711648783, 55.878150684045266 · 08:00
[alm-sydostjylland] 2025-10-13 09:19:35 CEST · [alm] · 15 Skarv · Rastende · Nørrestrand · DOF Sydøstjylland · Lars Nielsen · 9.87591711648783, 55.878150684045266 · 08:00
[alm-sydostjylland] 2025-10-13 09:19:35 CEST · [alm] · 2 Vandrikse · Rastende · Nørrestrand · DOF Sydøstjylland · Lars Nielsen · 9.87591711648783, 55.878150684045266 · 08:00
[alm-sydostjylland] 2025-10-13 09:19:35 CEST · [alm] · 3 Rødhals · Rastende · Nørrestrand · DOF Sydøstjylland · Lars Nielsen · 9.87591711648783, 55.878150684045266 · 08:00
[alm-sydostjylland] 2025-10-13 09:19:35 CEST · [alm] · 44 Ringdue · Overflyvende · Nørrestrand · DOF Sydøstjylland · Lars Nielsen · 9.87591711648783, 55.878150684045266 · 08:00
[alm-sydostjylland] 2025-10-13 09:19:35 CEST · [alm] · 1 Isfugl · Rastende · Nørrestrand · DOF Sydøstjylland · Lars Nielsen · 9.87591711648783, 55.878150684045266 · 08:00
[alm-sydostjylland] 2025-10-13 09:19:35 CEST · [alm] · 5 Bogfinke · Rastende · Nørrestrand · DOF Sydøstjylland · Lars Nielsen · 9.87591711648783, 55.878150684045266 · 08:00
[alm-sydostjylland] 2025-10-13 09:19:35 CEST · [alm] · 28 Troldand · Rastende · Nørrestrand · DOF Sydøstjylland · Lars Nielsen · 9.87591711648783, 55.878150684045266 · 08:00
[alm-sydostjylland] 2025-10-13 09:19:35 CEST · [alm] · 3 Sølvhejre · Rastende · Nørrestrand · DOF Sydøstjylland · Lars Nielsen · 9.87591711648783, 55.878150684045266 · 08:00
[alm-sydostjylland] 2025-10-13 09:19:35 CEST · [alm] · 4 Skægmejse · Rastende · Nørrestrand · DOF Sydøstjylland · Lars Nielsen · 9.87591711648783, 55.878150684045266 · 08:00
[alm-sydostjylland] 2025-10-13 09:19:35 CEST · [alm] · 2 Lille Lappedykker · Rastende · Nørrestrand · DOF Sydøstjylland · Lars Nielsen · 9.87591711648783, 55.878150684045266 · 08:00
[alm-sydostjylland] 2025-10-13 09:19:35 CEST · [alm] · 1 Blisgås · Rastende · Nørrestrand · DOF Sydøstjylland · Lars Nielsen · 9.87591711648783, 55.878150684045266 · 08:00
[alm-sydostjylland] 2025-10-13 09:19:35 CEST · [alm] · 4 Knarand · Rastende · Nørrestrand · DOF Sydøstjylland · Lars Nielsen · 9.87591711648783, 55.878150684045266 · 08:00
[alm-sydostjylland] 2025-10-13 09:19:35 CEST · [alm] · 12 Toppet Lappedykker · Rastende · Nørrestrand · DOF Sydøstjylland · Lars Nielsen · 9.87591711648783, 55.878150684045266 · 08:00
[alm-sydostjylland] 2025-10-13 09:19:35 CEST · [alm] · 260 Pibeand · Rastende · Nørrestrand · DOF Sydøstjylland · Lars Nielsen · 9.87591711648783, 55.878150684045266 · 08:00
[alm-sydostjylland] 2025-10-13 09:19:35 CEST · [alm] · 2 Kvækerfinke · Rastende · Nørrestrand · DOF Sydøstjylland · Lars Nielsen · 9.87591711648783, 55.878150684045266 · 08:00
[alm-sydostjylland] 2025-10-13 09:19:35 CEST · [alm] · 1 Træløber · Rastende · Nørrestrand · DOF Sydøstjylland · Lars Nielsen · 9.87591711648783, 55.878150684045266 · 08:00
[alm-sydostjylland] 2025-10-13 09:19:35 CEST · [alm] · 3 Vindrossel · Rastende · Nørrestrand · DOF Sydøstjylland · Lars Nielsen · 9.87591711648783, 55.878150684045266 · 08:00
[alm-sydostjylland] 2025-10-13 09:19:35 CEST · [alm] · 1 Stor Flagspætte · Rastende · Nørrestrand · DOF Sydøstjylland · Lars Nielsen · 9.87591711648783, 55.878150684045266 · 08:00
[alm-sydostjylland] 2025-10-13 09:19:35 CEST · [alm] · 1 Blå Kærhøg · Fouragerende · Nørrestrand · DOF Sydøstjylland · Lars Nielsen · 9.87591711648783, 55.878150684045266 · 08:00
[alm-sydostjylland] 2025-10-13 09:20:48 CEST · [alm] · 105 Bramgås · Trækkende mod nordvest · Voervadsbro · DOF Sydøstjylland · Kevin Kuhlmann Clausen · 9.703156134678146, 56.01465899002636
[alm-sydostjylland] 2025-10-13 09:20:48 CEST · [alm] · 2 Korttået Træløber · Rastende · Nørrestrand · DOF Sydøstjylland · Lars Nielsen · 9.87591711648783, 55.878150684045266 · 08:00
[alm-sydostjylland] 2025-10-13 09:22:11 CEST · [alm] · 3 Vandrikse · Rastende · Nørrestrand · DOF Sydøstjylland · Lars Nielsen · 9.87591711648783, 55.878150684045266 · 08:00
[alm-sydostjylland] 2025-10-13 09:23:32 CEST · [alm] · 1 Dobbeltbekkasin · Rastende · Nørrestrand · DOF Sydøstjylland · Lars Nielsen · 9.87591711648783, 55.878150684045266 · 08:00
[alm-sydostjylland] 2025-10-13 09:25:10 CEST · [alm] · 2 Dompap · Rastende · Nørrestrand · DOF Sydøstjylland · Lars Nielsen · 9.87591711648783, 55.878150684045266 · 08:00
[alm-sydostjylland] 2025-10-13 09:26:32 CEST · [alm] · 1 Skovskade · Rastende · Voervadsbro · DOF Sydøstjylland · Kevin Kuhlmann Clausen · 9.703156134678146, 56.01465899002636
[alm-sydostjylland] 2025-10-13 09:26:32 CEST · [alm] · 3 Fiskehejre · Rastende · Nørrestrand · DOF Sydøstjylland · Lars Nielsen · 9.87591711648783, 55.878150684045266 · 08:00
[alm-sydostjylland] 2025-10-13 09:26:32 CEST · [alm] · 1 Musvåge · Rastende · Nørrestrand · DOF Sydøstjylland · Lars Nielsen · 9.87591711648783, 55.878150684045266 · 08:00
[alm-sydostjylland] 2025-10-13 09:27:22 CEST · [alm] · 4 Sanglærke · Trækkende mod sydvest · Voervadsbro · DOF Sydøstjylland · Kevin Kuhlmann Clausen · 9.703156134678146, 56.01465899002636
[alm-sydostjylland] 2025-10-13 09:27:49 CEST · [alm] · 2 Kernebider · Rastende · Voervadsbro · DOF Sydøstjylland · Kevin Kuhlmann Clausen · 9.703156134678146, 56.01465899002636
[alm-sydostjylland] 2025-10-13 09:30:30 CEST · [alm] · 2 Jernspurv · Trækkende mod syd · Voervadsbro · DOF Sydøstjylland · Kevin Kuhlmann Clausen · 9.703156134678146, 56.01465899002636
[alm-sydostjylland] 2025-10-13 09:32:26 CEST · [alm] · 3 Fuglekonge · Rastende · Nørrestrand · DOF Sydøstjylland · Lars Nielsen · 9.87591711648783, 55.878150684045266 · 08:00
[alm-sydostjylland] 2025-10-13 09:32:26 CEST · [alm] · 3 Dompap · Rastende · Nørrestrand · DOF Sydøstjylland · Lars Nielsen · 9.87591711648783, 55.878150684045266 · 08:00
[alm-sydostjylland] 2025-10-13 09:32:26 CEST · [alm] · 6 Knarand · Rastende · Nørrestrand · DOF Sydøstjylland · Lars Nielsen · 9.87591711648783, 55.878150684045266 · 08:00
[alm-sydostjylland] 2025-10-13 09:33:30 CEST · [alm] · 56 Vindrossel · Trækkende · Voervadsbro · DOF Sydøstjylland · Kevin Kuhlmann Clausen · 9.703156134678146, 56.01465899002636
[alm-sydostjylland] 2025-10-13 09:33:30 CEST · [alm] · 810 Ringdue · Trækkende mod syd · Voervadsbro · DOF Sydøstjylland · Kevin Kuhlmann Clausen · 9.703156134678146, 56.01465899002636
[alm-sydostjylland] 2025-10-13 09:34:44 CEST · [alm] · 9 Musvit · Rastende · Vejle Havn · DOF Sydøstjylland · Else-Marie Jørgensen · 9.557791801463125, 55.70452703526803
[alm-sydostjylland] 2025-10-13 09:34:44 CEST · [alm] · 12 Blåmejse · Rastende · Vejle Havn · DOF Sydøstjylland · Else-Marie Jørgensen · 9.557791801463125, 55.70452703526803
[alm-sydostjylland] 2025-10-13 09:34:44 CEST · [alm] · 5 Sanglærke · Trækkende mod sydvest · Voervadsbro · DOF Sydøstjylland · Kevin Kuhlmann Clausen · 9.703156134678146, 56.01465899002636
[alm-sydostjylland] 2025-10-13 09:35:40 CEST · [alm] · 120 Klippedue (tamdue) · Rastende · Vejle Havn · DOF Sydøstjylland · Else-Marie Jørgensen · 9.557791801463125, 55.70452703526803
[alm-sydostjylland] 2025-10-13 09:35:40 CEST · [alm] · 3 Knopsvane · Overflyvende · Vejle Havn · DOF Sydøstjylland · Else-Marie Jørgensen · 9.557791801463125, 55.70452703526803
[alm-sydostjylland] 2025-10-13 09:35:40 CEST · [alm] · 3 Husskade · Rastende · Vejle Havn · DOF Sydøstjylland · Else-Marie Jørgensen · 9.557791801463125, 55.70452703526803
[alm-sydostjylland] 2025-10-13 09:35:40 CEST · [alm] · 2 Bogfinke · Rastende · Vejle Havn · DOF Sydøstjylland · Else-Marie Jørgensen · 9.557791801463125, 55.70452703526803
[alm-sydostjylland] 2025-10-13 09:35:40 CEST · [alm] · 1 Fuglekonge · Fouragerende · Vejle Havn · DOF Sydøstjylland · Else-Marie Jørgensen · 9.557791801463125, 55.70452703526803
[alm-sydostjylland] 2025-10-13 09:35:40 CEST · [alm] · 2 Grønsisken · Rastende · Nørrestrand · DOF Sydøstjylland · Lars Nielsen · 9.87591711648783, 55.878150684045266 · 08:00
[alm-sydostjylland] 2025-10-13 09:35:40 CEST · [alm] · 4 Blåmejse · Rastende · Nørrestrand · DOF Sydøstjylland · Lars Nielsen · 9.87591711648783, 55.878150684045266 · 08:00
[alm-sydostjylland] 2025-10-13 09:35:40 CEST · [alm] · 8 Solsort · Rastende · Nørrestrand · DOF Sydøstjylland · Lars Nielsen · 9.87591711648783, 55.878150684045266 · 08:00
[alm-sydostjylland] 2025-10-13 09:36:54 CEST · [alm] · 17 Stillits · Rastende · Vejle Havn · DOF Sydøstjylland · Else-Marie Jørgensen · 9.557791801463125, 55.70452703526803
[alm-sydostjylland] 2025-10-13 09:36:54 CEST · [alm] · 2 Spætmejse · Rastende · Nørrestrand · DOF Sydøstjylland · Lars Nielsen · 9.87591711648783, 55.878150684045266 · 08:00
[alm-sydostjylland] 2025-10-13 09:38:36 CEST · [alm] · 22 Allike · Overflyvende · Voervadsbro · DOF Sydøstjylland · Kevin Kuhlmann Clausen · 9.703156134678146, 56.01465899002636
[alm-sydostjylland] 2025-10-13 09:38:36 CEST · [alm] · 7 Krage, Gråkrage (ssp. cornix) · Rastende · Nørrestrand · DOF Sydøstjylland · Lars Nielsen · 9.87591711648783, 55.878150684045266 · 08:00
[alm-sydostjylland] 2025-10-13 09:38:36 CEST · [alm] · 1 Spætmejse · Fouragerende · Uhre Skov · DOF Sydøstjylland · Johnny Videriksen · 9.493430418232354, 55.715831493058175 · 09:35
[alm-sydostjylland] 2025-10-13 09:38:36 CEST · [alm] · 3 Halemejse · Fouragerende · Uhre Skov · DOF Sydøstjylland · Johnny Videriksen · 9.493430418232354, 55.715831493058175 · 09:35
[alm-sydostjylland] 2025-10-13 09:40:19 CEST · [alm] · 1 Gransanger · Rastende · Nørrestrand · DOF Sydøstjylland · Lars Nielsen · 9.87591711648783, 55.878150684045266 · 08:00
[alm-sydostjylland] 2025-10-13 09:40:57 CEST · [alm] · 6 Sanglærke · Trækkende mod sydvest · Voervadsbro · DOF Sydøstjylland · Kevin Kuhlmann Clausen · 9.703156134678146, 56.01465899002636
[alm-sydostjylland] 2025-10-13 09:43:45 CEST · [alm] · 1 Spurvehøg · Rastende · Nørrestrand · DOF Sydøstjylland · Lars Nielsen · 9.87591711648783, 55.878150684045266 · 08:00
[alm-sydostjylland] 2025-10-13 09:45:17 CEST · [alm] · 125 Klippedue (tamdue) · Rastende · Vejle Havn · DOF Sydøstjylland · Else-Marie Jørgensen · 9.557791801463125, 55.70452703526803
[alm-sydostjylland] 2025-10-13 09:45:17 CEST · [alm] · 20 Hvinand · Rastende · Nørrestrand · DOF Sydøstjylland · Lars Nielsen · 9.87591711648783, 55.878150684045266 · 08:00
[alm-sydostjylland] 2025-10-13 09:46:58 CEST · [alm] · 1 Slørugle · Rastende · Nøttrup · DOF Sydøstjylland · Ib Gundelach · 9.951809805322428, 55.74928080454637 · 07:00
[alm-sydostjylland] 2025-10-13 09:46:58 CEST · [alm] · 2 Trane · Rastende · Nøttrup · DOF Sydøstjylland · Ib Gundelach · 9.951809805322428, 55.74928080454637 · 07:00
[alm-sydostjylland] 2025-10-13 09:48:30 CEST · [alm] · 1 Grønspætte · Rastende · Nøttrup · DOF Sydøstjylland · Ib Gundelach · 9.951809805322428, 55.74928080454637 · 07:00
[alm-sydostjylland] 2025-10-13 09:48:30 CEST · [alm] · 2 Dompap · Rastende · Nøttrup · DOF Sydøstjylland · Ib Gundelach · 9.951809805322428, 55.74928080454637 · 07:00
[alm-sydostjylland] 2025-10-13 09:48:30 CEST · [alm] · 2 Fuglekonge · Fouragerende · Uhre Skov · DOF Sydøstjylland · Johnny Videriksen · 9.493430418232354, 55.715831493058175 · 09:35
[alm-sydostjylland] 2025-10-13 09:49:57 CEST · [alm] · 7 Vindrossel · Fouragerende · Nøttrup · DOF Sydøstjylland · Ib Gundelach · 9.951809805322428, 55.74928080454637 · 07:00
[alm-sydostjylland] 2025-10-13 09:49:57 CEST · [alm] · 2 Ravn · Rastende · Nøttrup · DOF Sydøstjylland · Ib Gundelach · 9.951809805322428, 55.74928080454637 · 07:00
[alm-sydostjylland] 2025-10-13 09:49:57 CEST · [alm] · 3 Knopsvane · Rastende · Nørrestrand · DOF Sydøstjylland · Lars Nielsen · 9.87591711648783, 55.878150684045266 · 08:00
[alm-sydostjylland] 2025-10-13 09:49:57 CEST · [alm] · 3 Fuglekonge · Fouragerende · Uhre Skov · DOF Sydøstjylland · Johnny Videriksen · 9.493430418232354, 55.715831493058175 · 09:35
[alm-sydostjylland] 2025-10-13 09:51:20 CEST · [alm] · 210 Ringdue · Trækkende mod sydvest · Nøttrup · DOF Sydøstjylland · Ib Gundelach · 9.951809805322428, 55.74928080454637 · 07:00
[alm-sydostjylland] 2025-10-13 09:52:44 CEST · [alm] · 6 Bogfinke · Rastende · Vejle Havn · DOF Sydøstjylland · Else-Marie Jørgensen · 9.557791801463125, 55.70452703526803
[alm-sydostjylland] 2025-10-13 09:52:44 CEST · [alm] · 1 Husrødstjert · Rastende · Vejle Havn · DOF Sydøstjylland · Else-Marie Jørgensen · 9.557791801463125, 55.70452703526803
[alm-sydostjylland] 2025-10-13 09:52:44 CEST · [alm] · 6 Krage, Gråkrage (ssp. cornix) · Rastende · Vejle Havn · DOF Sydøstjylland · Else-Marie Jørgensen · 9.557791801463125, 55.70452703526803
[alm-sydostjylland] 2025-10-13 09:52:44 CEST · [alm] · 1 Fiskehejre · Rastende · Nøttrup · DOF Sydøstjylland · Ib Gundelach · 9.951809805322428, 55.74928080454637 · 07:00
[alm-sydostjylland] 2025-10-13 09:52:44 CEST · [alm] · 1 Gærdesmutte · Territoriehævdende · Nøttrup · DOF Sydøstjylland · Ib Gundelach · 9.951809805322428, 55.74928080454637 · 07:00
[alm-sydostjylland] 2025-10-13 09:52:44 CEST · [alm] · 1 Rødhals · Syngende · Nøttrup · DOF Sydøstjylland · Ib Gundelach · 9.951809805322428, 55.74928080454637 · 07:00
[alm-sydostjylland] 2025-10-13 09:53:58 CEST · [alm] · 2 Rødhals · Rastende · Vejle Havn · DOF Sydøstjylland · Else-Marie Jørgensen · 9.557791801463125, 55.70452703526803
[alm-sydostjylland] 2025-10-13 09:56:00 CEST · [alm] · 16 Musvit · Rastende · Vejle Havn · DOF Sydøstjylland · Else-Marie Jørgensen · 9.557791801463125, 55.70452703526803
[alm-sydostjylland] 2025-10-13 09:57:53 CEST · [alm] · 13 Krikand · Rastende · Nørrestrand · DOF Sydøstjylland · Lars Nielsen · 9.87591711648783, 55.878150684045266 · 08:00
[alm-sydostjylland] 2025-10-13 09:57:53 CEST · [alm] · 1 Husskade · Rastende · Nørrestrand · DOF Sydøstjylland · Lars Nielsen · 9.87591711648783, 55.878150684045266 · 08:00
[alm-sydostjylland] 2025-10-13 10:00:31 CEST · [alm] · 3 Isfugl · Rastende · Vejle Havn · DOF Sydøstjylland · Else-Marie Jørgensen · 9.557791801463125, 55.70452703526803
[alm-sydostjylland] 2025-10-13 10:01:28 CEST · [alm] · 2 Gærdesmutte · Syngende · Vejle · DOF Sydøstjylland · Else-Marie Jørgensen · 9.537001929487356, 55.70629998759446
[alm-sydostjylland] 2025-10-13 10:03:01 CEST · [alm] · 1 Rødhals · Syngende · Vejle · DOF Sydøstjylland · Else-Marie Jørgensen · 9.537001929487356, 55.70629998759446
[alm-sydostjylland] 2025-10-13 10:03:01 CEST · [alm] · 1 Rørhøne · Rastende · Vejle · DOF Sydøstjylland · Else-Marie Jørgensen · 9.537001929487356, 55.70629998759446
[alm-sydostjylland] 2025-10-13 10:03:01 CEST · [alm] · 17 Gråand · Rastende · Vejle · DOF Sydøstjylland · Else-Marie Jørgensen · 9.537001929487356, 55.70629998759446
[alm-sydostjylland] 2025-10-13 10:04:07 CEST · [alm] · 6 Rørhøne · Rastende · Vejle · DOF Sydøstjylland · Else-Marie Jørgensen · 9.537001929487356, 55.70629998759446
[alm-sydostjylland] 2025-10-13 10:04:07 CEST · [alm] · 1 Bjergvipstjert · Rastende · Vejle · DOF Sydøstjylland · Else-Marie Jørgensen · 9.537001929487356, 55.70629998759446
[alm-sydostjylland] 2025-10-13 10:05:30 CEST · [alm] · 2 Rødhals · Syngende · Vejle · DOF Sydøstjylland · Else-Marie Jørgensen · 9.537001929487356, 55.70629998759446
[alm-sydostjylland] 2025-10-13 10:06:36 CEST · [alm] · 1 Hvid Vipstjert (ssp. alba) · Rastende · Vejle · DOF Sydøstjylland · Else-Marie Jørgensen · 9.537001929487356, 55.70629998759446
[alm-sydostjylland] 2025-10-13 10:16:46 CEST · [alm] · 860 Ringdue · Trækkende mod syd · Voervadsbro · DOF Sydøstjylland · Kevin Kuhlmann Clausen · 9.703156134678146, 56.01465899002636
[alm-sydostjylland] 2025-10-13 10:22:43 CEST · [alm] · 40 Stær · Trækkende mod sydvest · Voervadsbro · DOF Sydøstjylland · Kevin Kuhlmann Clausen · 9.703156134678146, 56.01465899002636
[alm-sydostjylland] 2025-10-13 10:55:51 CEST · [alm] · 11 Knopsvane · Rastende · Kongens Kær · DOF Sydøstjylland · Else-Marie Jørgensen · 9.507803462778828, 55.70174138376112
[alm-sydostjylland] 2025-10-13 10:55:51 CEST · [alm] · 4 Rødhals · Syngende · Kongens Kær · DOF Sydøstjylland · Else-Marie Jørgensen · 9.507803462778828, 55.70174138376112
[alm-sydostjylland] 2025-10-13 10:55:51 CEST · [alm] · 1 Gærdesmutte · Syngende · Kongens Kær · DOF Sydøstjylland · Else-Marie Jørgensen · 9.507803462778828, 55.70174138376112
[alm-sydostjylland] 2025-10-13 10:55:51 CEST · [alm] · 1 Dompap · Rastende · Kongens Kær · DOF Sydøstjylland · Else-Marie Jørgensen · 9.507803462778828, 55.70174138376112
[alm-sydostjylland] 2025-10-13 10:55:51 CEST · [alm] · 53 Troldand · Rastende · Kongens Kær · DOF Sydøstjylland · Else-Marie Jørgensen · 9.507803462778828, 55.70174138376112
[alm-sydostjylland] 2025-10-13 10:58:13 CEST · [alm] · 2 Gærdesmutte · Syngende · Kongens Kær · DOF Sydøstjylland · Else-Marie Jørgensen · 9.507803462778828, 55.70174138376112
[alm-sydostjylland] 2025-10-13 10:58:13 CEST · [alm] · 95 Blishøne · Rastende · Kongens Kær · DOF Sydøstjylland · Else-Marie Jørgensen · 9.507803462778828, 55.70174138376112
[alm-sydostjylland] 2025-10-13 10:58:13 CEST · [alm] · 1 Gransanger · Syngende · Kongens Kær · DOF Sydøstjylland · Else-Marie Jørgensen · 9.507803462778828, 55.70174138376112
[alm-sydostjylland] 2025-10-13 11:02:39 CEST · [alm] · 72 Grågås · Rastende · Nørrestrand · DOF Sydøstjylland · Lars Nielsen · 9.87591711648783, 55.878150684045266 · 08:00-10:02
[alm-sydostjylland] 2025-10-13 11:02:39 CEST · [alm] · 4 Fiskehejre · Rastende · Nørrestrand · DOF Sydøstjylland · Lars Nielsen · 9.87591711648783, 55.878150684045266 · 08:00-10:02
[alm-sydostjylland] 2025-10-13 11:02:39 CEST · [alm] · 4 Rødhals · Rastende · Nørrestrand · DOF Sydøstjylland · Lars Nielsen · 9.87591711648783, 55.878150684045266 · 08:00-10:02
[alm-sydostjylland] 2025-10-13 11:02:39 CEST · [alm] · 54 Ringdue · Overflyvende · Nørrestrand · DOF Sydøstjylland · Lars Nielsen · 9.87591711648783, 55.878150684045266 · 08:00-10:02
[alm-sydostjylland] 2025-10-13 11:02:39 CEST · [alm] · 4 Sølvhejre · Rastende · Nørrestrand · DOF Sydøstjylland · Lars Nielsen · 9.87591711648783, 55.878150684045266 · 08:00-10:02
[alm-sydostjylland] 2025-10-13 11:02:39 CEST · [alm] · 4 Vindrossel · Rastende · Nørrestrand · DOF Sydøstjylland · Lars Nielsen · 9.87591711648783, 55.878150684045266 · 08:00-10:02
[alm-sydostjylland] 2025-10-13 11:08:43 CEST · [alm] · 116 Knopsvane · Rastende · Kongens Kær · DOF Sydøstjylland · Else-Marie Jørgensen · 9.507803462778828, 55.70174138376112
[alm-sydostjylland] 2025-10-13 11:12:42 CEST · [alm] · 211 Pibeand · Rastende · Bjerre Engsø · DOF Sydøstjylland · Kurt Schyts Stokholm · 9.896071138573385, 55.78810662064072
[alm-sydostjylland] 2025-10-13 11:15:13 CEST · [alm] · 1 Skarv · Rastende · Kongens Kær · DOF Sydøstjylland · Else-Marie Jørgensen · 9.507803462778828, 55.70174138376112
[alm-sydostjylland] 2025-10-13 11:15:13 CEST · [alm] · 2 Fiskehejre · Rastende · Kongens Kær · DOF Sydøstjylland · Else-Marie Jørgensen · 9.507803462778828, 55.70174138376112
[alm-sydostjylland] 2025-10-13 11:15:13 CEST · [alm] · 2 Hvinand · Rastende · Kongens Kær · DOF Sydøstjylland · Else-Marie Jørgensen · 9.507803462778828, 55.70174138376112
[alm-sydostjylland] 2025-10-13 11:32:23 CEST · [alm] · 100 Pibeand · Rastende · Kongens Kær · DOF Sydøstjylland · Jørgen Kryger · 9.507803462778828, 55.70174138376112 · 07:50-08:45
[alm-sydostjylland] 2025-10-13 11:34:45 CEST · [alm] · 5 Rødhals · Syngende · Kongens Kær · DOF Sydøstjylland · Else-Marie Jørgensen · 9.507803462778828, 55.70174138376112
[alm-sydostjylland] 2025-10-13 11:34:45 CEST · [alm] · 1 Vandrikse · Rastende · Kongens Kær · DOF Sydøstjylland · Else-Marie Jørgensen · 9.507803462778828, 55.70174138376112
[alm-sydostjylland] 2025-10-13 11:34:45 CEST · [alm] · 145 Gråand · Rastende · Kongens Kær · DOF Sydøstjylland · Else-Marie Jørgensen · 9.507803462778828, 55.70174138376112
[alm-sydostjylland] 2025-10-13 11:38:53 CEST · [alm] · 1 Sølvhejre · Rastende · Kongens Kær · DOF Sydøstjylland · Else-Marie Jørgensen · 9.507803462778828, 55.70174138376112
[alm-sydostjylland] 2025-10-13 11:38:53 CEST · [alm] · 1 Dobbeltbekkasin · Rastende · Kongens Kær · DOF Sydøstjylland · Else-Marie Jørgensen · 9.507803462778828, 55.70174138376112
[alm-sydostjylland] 2025-10-13 11:38:53 CEST · [alm] · 83 Grågås · Rastende · Kongens Kær · DOF Sydøstjylland · Else-Marie Jørgensen · 9.507803462778828, 55.70174138376112
[alm-sydostjylland] 2025-10-13 11:41:16 CEST · [alm] · 32 Hættemåge · Rastende · Kongens Kær · DOF Sydøstjylland · Else-Marie Jørgensen · 9.507803462778828, 55.70174138376112
[alm-sydostjylland] 2025-10-13 11:41:16 CEST · [alm] · 5 Musvit · Rastende · Kongens Kær · DOF Sydøstjylland · Else-Marie Jørgensen · 9.507803462778828, 55.70174138376112
[alm-sydostjylland] 2025-10-13 11:41:16 CEST · [alm] · 23 Knarand · Rastende · Kongens Kær · DOF Sydøstjylland · Else-Marie Jørgensen · 9.507803462778828, 55.70174138376112
[alm-sydostjylland] 2025-10-13 11:41:16 CEST · [alm] · 1 Isfugl · Rastende · Kongens Kær · DOF Sydøstjylland · Else-Marie Jørgensen · 9.507803462778828, 55.70174138376112
[alm-sydostjylland] 2025-10-13 11:48:05 CEST · [alm] · 3 Vandrikse · Rastende · Kongens Kær · DOF Sydøstjylland · Else-Marie Jørgensen · 9.507803462778828, 55.70174138376112
[alm-sydostjylland] 2025-10-13 11:48:05 CEST · [alm] · 6 Grønsisken · Rastende · Kongens Kær · DOF Sydøstjylland · Else-Marie Jørgensen · 9.507803462778828, 55.70174138376112
[alm-sydostjylland] 2025-10-13 11:48:05 CEST · [alm] · 1 Rørspurv · Rastende · Kongens Kær · DOF Sydøstjylland · Else-Marie Jørgensen · 9.507803462778828, 55.70174138376112
[alm-sydostjylland] 2025-10-13 11:48:05 CEST · [alm] · 2 Lille Lappedykker · Rastende · Bjerre Engsø · DOF Sydøstjylland · Kurt Schyts Stokholm · 9.896071138573385, 55.78810662064072
[alm-sydostjylland] 2025-10-13 11:48:05 CEST · [alm] · 2 Sangsvane · Rastende · Bjerre Engsø · DOF Sydøstjylland · Kurt Schyts Stokholm · 9.896071138573385, 55.78810662064072
[alm-sydostjylland] 2025-10-13 11:48:05 CEST · [alm] · 1 Spurvehøg · Rastende · Bjerre Engsø · DOF Sydøstjylland · Kurt Schyts Stokholm · 9.896071138573385, 55.78810662064072
[alm-sydostjylland] 2025-10-13 11:48:05 CEST · [alm] · 4 Sanglærke · Trækkende · Kongens Kær · DOF Sydøstjylland · Else-Marie Jørgensen · 9.507803462778828, 55.70174138376112
[alm-sydostjylland] 2025-10-13 11:52:21 CEST · [alm] · 6 Rødhals · Syngende · Kongens Kær · DOF Sydøstjylland · Else-Marie Jørgensen · 9.507803462778828, 55.70174138376112
[alm-sydostjylland] 2025-10-13 11:54:44 CEST · [alm] · 3 Grågås · Overflyvende · Bjerre Engsø · DOF Sydøstjylland · Kurt Schyts Stokholm · 9.896071138573385, 55.78810662064072
[alm-sydostjylland] 2025-10-13 11:56:40 CEST · [alm] · 7 Rødhals · Syngende · Kongens Kær · DOF Sydøstjylland · Else-Marie Jørgensen · 9.507803462778828, 55.70174138376112
[alm-sydostjylland] 2025-10-13 11:56:40 CEST · [alm] · 2 Isfugl · Rastende · Kongens Kær · DOF Sydøstjylland · Else-Marie Jørgensen · 9.507803462778828, 55.70174138376112
[alm-sydostjylland] 2025-10-13 11:56:40 CEST · [alm] · 1 Lille Lappedykker · Fouragerende · Kongens Kær · DOF Sydøstjylland · Else-Marie Jørgensen · 9.507803462778828, 55.70174138376112
[alm-sydostjylland] 2025-10-13 11:56:40 CEST · [alm] · 22 Rørhøne · Fouragerende · Bygholm Park · DOF Sydøstjylland · Jim Pedersen · 9.83007011801855, 55.86474704938033
[alm-sydostjylland] 2025-10-13 11:56:40 CEST · [alm] · 14 Blishøne · Fouragerende · Bygholm Park · DOF Sydøstjylland · Jim Pedersen · 9.83007011801855, 55.86474704938033
[alm-sydostjylland] 2025-10-13 11:59:11 CEST · [alm] · 53 Knarand · Fouragerende · Bygholm Park · DOF Sydøstjylland · Jim Pedersen · 9.83007011801855, 55.86474704938033
[alm-sydostjylland] 2025-10-13 11:59:11 CEST · [alm] · 37 Skeand · Fouragerende · Bygholm Park · DOF Sydøstjylland · Jim Pedersen · 9.83007011801855, 55.86474704938033
[alm-sydostjylland] 2025-10-13 11:59:11 CEST · [alm] · 1 Grågås · Fouragerende · Bygholm Park · DOF Sydøstjylland · Jim Pedersen · 9.83007011801855, 55.86474704938033
[alm-sydostjylland] 2025-10-13 11:59:11 CEST · [alm] · 8 Krikand · Fouragerende · Bygholm Park · DOF Sydøstjylland · Jim Pedersen · 9.83007011801855, 55.86474704938033
[alm-sydostjylland] 2025-10-13 11:59:11 CEST · [alm] · 85 Hættemåge · Fouragerende · Bygholm Park · DOF Sydøstjylland · Jim Pedersen · 9.83007011801855, 55.86474704938033
[alm-sydostjylland] 2025-10-13 11:59:11 CEST · [alm] · 1 Rødhals · Rastende · Engelsholm Sø · DOF Sydøstjylland · Peter R. Pedersen Derdau · 9.318792177431359, 55.719209125102196 · 11:52-11:57
[alm-sydostjylland] 2025-10-13 11:59:11 CEST · [alm] · 2 Gråspurv · Rastende · Engelsholm Sø · DOF Sydøstjylland · Peter R. Pedersen Derdau · 9.318792177431359, 55.719209125102196 · 11:52-11:57
[alm-sydostjylland] 2025-10-13 11:59:11 CEST · [alm] · 1 Solsort · Rastende · Engelsholm Sø · DOF Sydøstjylland · Peter R. Pedersen Derdau · 9.318792177431359, 55.719209125102196 · 11:52-11:57
[alm-sydostjylland] 2025-10-13 11:59:11 CEST · [alm] · 1 Musvåge · Rastende · Engelsholm Sø · DOF Sydøstjylland · Peter R. Pedersen Derdau · 9.318792177431359, 55.719209125102196 · 11:52-11:57
[alm-sydostjylland] 2025-10-13 11:59:11 CEST · [alm] · 2 Musvit · Rastende · Engelsholm Sø · DOF Sydøstjylland · Peter R. Pedersen Derdau · 9.318792177431359, 55.719209125102196 · 11:52-11:57
[alm-sydostjylland] 2025-10-13 11:59:11 CEST · [alm] · 3 Gærdesmutte · Rastende · Engelsholm Sø · DOF Sydøstjylland · Peter R. Pedersen Derdau · 9.318792177431359, 55.719209125102196 · 11:52-11:57
[alm-sydostjylland] 2025-10-13 12:01:34 CEST · [alm] · 6 Skarv · Rastende · Bygholm Park · DOF Sydøstjylland · Jim Pedersen · 9.830874844046777, 55.8632237569997
[alm-sydostjylland] 2025-10-13 12:03:30 CEST · [alm] · 1 Sortkrage x Gråkrage (hybrid) · Fouragerende · Bygholm Park · DOF Sydøstjylland · Jim Pedersen · 9.82826336159633, 55.865780334358625
[alm-sydostjylland] 2025-10-13 12:03:30 CEST · [alm] · 1 Ravn · Overflyvende · Bygholm Park · DOF Sydøstjylland · Jim Pedersen · 9.83007011801855, 55.86474704938033
[alm-sydostjylland] 2025-10-13 12:03:30 CEST · [alm] · 1 Vandrikse · Rastende · Vejle Ådal ved Knabberup · DOF Sydøstjylland · Else-Marie Jørgensen · 9.484703105413397, 55.70471044658805
[alm-sydostjylland] 2025-10-13 12:03:30 CEST · [alm] · 1 Rødhals · Syngende · Vejle Ådal ved Knabberup · DOF Sydøstjylland · Else-Marie Jørgensen · 9.484703105413397, 55.70471044658805
[alm-sydostjylland] 2025-10-13 12:05:17 CEST · [alm] · 2 Rødhals · Syngende · Vejle Ådal ved Knabberup · DOF Sydøstjylland · Else-Marie Jørgensen · 9.484703105413397, 55.70471044658805
[alm-sydostjylland] 2025-10-13 12:05:17 CEST · [alm] · 12 Ringdue · Overflyvende · Vejle Ådal ved Knabberup · DOF Sydøstjylland · Else-Marie Jørgensen · 9.484703105413397, 55.70471044658805
[alm-sydostjylland] 2025-10-13 12:11:48 CEST · [alm] · 14 Gråand · Rastende · Knabberup Sø · DOF Sydøstjylland · Else-Marie Jørgensen · 9.481733634318275, 55.70614630357741
[alm-sydostjylland] 2025-10-13 12:14:11 CEST · [alm] · 4 Knarand · Rastende · Knabberup Sø · DOF Sydøstjylland · Else-Marie Jørgensen · 9.481733634318275, 55.70614630357741
[alm-sydostjylland] 2025-10-13 12:14:11 CEST · [alm] · 1 Lille Lappedykker · Rastende · Knabberup Sø · DOF Sydøstjylland · Else-Marie Jørgensen · 9.481733634318275, 55.70614630357741
[alm-sydostjylland] 2025-10-13 12:14:11 CEST · [alm] · 1 Rødhals · Syngende · Knabberup Sø · DOF Sydøstjylland · Else-Marie Jørgensen · 9.481733634318275, 55.70614630357741
[alm-sydostjylland] 2025-10-13 12:16:16 CEST · [alm] · 7 Knarand · Rastende · Knabberup Sø · DOF Sydøstjylland · Else-Marie Jørgensen · 9.481733634318275, 55.70614630357741
[alm-sydostjylland] 2025-10-13 12:16:16 CEST · [alm] · 1 Sølvhejre · Fouragerende · Knabberup Sø · DOF Sydøstjylland · Else-Marie Jørgensen · 9.481733634318275, 55.70614630357741
[alm-sydostjylland] 2025-10-13 12:18:29 CEST · [alm] · 1 Musvåge · Rastende · Knabberup Sø · DOF Sydøstjylland · Else-Marie Jørgensen · 9.481733634318275, 55.70614630357741
[alm-sydostjylland] 2025-10-13 12:18:29 CEST · [alm] · 2 Musvit · Rastende · Knabberup Sø · DOF Sydøstjylland · Else-Marie Jørgensen · 9.481733634318275, 55.70614630357741
[alm-sydostjylland] 2025-10-13 12:22:30 CEST · [alm] · 22 Gråand · Rastende · Knabberup Sø · DOF Sydøstjylland · Else-Marie Jørgensen · 9.481733634318275, 55.70614630357741
[alm-sydostjylland] 2025-10-13 12:24:34 CEST · [alm] · 12 Knarand · Rastende · Knabberup Sø · DOF Sydøstjylland · Else-Marie Jørgensen · 9.481733634318275, 55.70614630357741
[alm-sydostjylland] 2025-10-13 12:24:34 CEST · [alm] · 2 Knopsvane · Rastende · Knabberup Sø · DOF Sydøstjylland · Else-Marie Jørgensen · 9.481733634318275, 55.70614630357741
[alm-sydostjylland] 2025-10-13 12:24:34 CEST · [alm] · 19 Pibeand · Rastende · Knabberup Sø · DOF Sydøstjylland · Else-Marie Jørgensen · 9.481733634318275, 55.70614630357741
[alm-sydostjylland] 2025-10-13 12:32:35 CEST · [alm] · 4 Bjerglærke · Trækkende mod syd · Hvidbjerg · DOF Sydøstjylland · Sverre Porsgaard · 9.740704276600793, 55.64195583560755 · 12:00
[alm-sydostjylland] 2025-10-13 12:32:35 CEST · [alm] · 8 Halemejse · Trækkende mod syd · Hvidbjerg · DOF Sydøstjylland · Sverre Porsgaard · 9.740704276600793, 55.64195583560755 · 12:00
[alm-sydostjylland] 2025-10-13 12:37:02 CEST · [alm] · 1 Havørn · Rastende · Bjerre Engsø · DOF Sydøstjylland · Kurt Schyts Stokholm · 9.896071138573385, 55.78810662064072
[alm-sydostjylland] 2025-10-13 12:37:02 CEST · [alm] · 2 Blå Kærhøg · Rastende · Bjerre Engsø · DOF Sydøstjylland · Kurt Schyts Stokholm · 9.896071138573385, 55.78810662064072
[alm-sydostjylland] 2025-10-13 12:40:54 CEST · [alm] · 13 Musvåge · Trækkende mod syd · Horsens · DOF Sydøstjylland · Jimmy Kristensen · 9.849444982066442, 55.86343236520088 · 12:38-12:38
[alm-sydostjylland] 2025-10-13 12:42:58 CEST · [alm] · 10 Vindrossel · Rastende · Nørrestrand · DOF Sydøstjylland · Jimmy Kristensen · 9.87591711648783, 55.878150684045266 · 08:00-10:00
[alm-sydostjylland] 2025-10-13 12:42:58 CEST · [alm] · 1 Kernebider · Rastende · Nørrestrand · DOF Sydøstjylland · Jimmy Kristensen · 9.87591711648783, 55.878150684045266 · 08:00-10:00
[alm-sydostjylland] 2025-10-13 12:54:24 CEST · [alm] · 34 Gråand · Rastende · Knabberup Sø · DOF Sydøstjylland · Else-Marie Jørgensen · 9.481733634318275, 55.70614630357741
[alm-sydostjylland] 2025-10-13 12:54:24 CEST · [alm] · 4 Knopsvane · Rastende · Knabberup Sø · DOF Sydøstjylland · Else-Marie Jørgensen · 9.481733634318275, 55.70614630357741
[alm-sydostjylland] 2025-10-13 12:54:24 CEST · [alm] · 3 Vandrikse · Rastende · Knabberup Sø · DOF Sydøstjylland · Else-Marie Jørgensen · 9.481733634318275, 55.70614630357741
[alm-sydostjylland] 2025-10-13 12:54:24 CEST · [alm] · 3 Sanglærke · Trækkende · Knabberup Sø · DOF Sydøstjylland · Else-Marie Jørgensen · 9.481733634318275, 55.70614630357741
[alm-sydostjylland] 2025-10-13 12:56:29 CEST · [alm] · 1 Tårnfalk · Rastende · Knabberup Sø · DOF Sydøstjylland · Else-Marie Jørgensen · 9.481733634318275, 55.70614630357741
[alm-sydostjylland] 2025-10-13 12:56:29 CEST · [alm] · 1 Korttået Træløber · Fouragerende · Bjerre Skov · DOF Sydøstjylland · Kirsten Friis · 9.887461873094413, 55.799111718697546 · 09:00-10:00
[alm-sydostjylland] 2025-10-13 12:56:29 CEST · [alm] · 1 Sumpmejse · Rastende · Bjerre Skov · DOF Sydøstjylland · Kirsten Friis · 9.887461873094413, 55.799111718697546 · 09:00-10:00
[alm-sydostjylland] 2025-10-13 12:56:29 CEST · [alm] · 4 Skovskade · Fouragerende · Bjerre Skov · DOF Sydøstjylland · Kirsten Friis · 9.887461873094413, 55.799111718697546 · 09:00-10:00
[alm-sydostjylland] 2025-10-13 12:56:29 CEST · [alm] · 1 Misteldrossel · Rastende · Bjerre Skov · DOF Sydøstjylland · Kirsten Friis · 9.887461873094413, 55.799111718697546 · 09:00-10:00
[alm-sydostjylland] 2025-10-13 12:56:29 CEST · [alm] · 2 Vindrossel · Rastende · Bjerre Skov · DOF Sydøstjylland · Kirsten Friis · 9.887461873094413, 55.799111718697546 · 09:00-10:00
[alm-sydostjylland] 2025-10-13 12:56:29 CEST · [alm] · 3 Spætmejse · Fouragerende · Bjerre Skov · DOF Sydøstjylland · Kirsten Friis · 9.887461873094413, 55.799111718697546 · 09:00-10:00
[alm-sydostjylland] 2025-10-13 12:58:34 CEST · [alm] · 1 Grønsisken · Syngende · Bjerre Skov · DOF Sydøstjylland · Kirsten Friis · 9.887461873094413, 55.799111718697546 · 09:00-10:00
[alm-sydostjylland] 2025-10-13 12:58:34 CEST · [alm] · 6 Dompap · Rastende · Bjerre Skov · DOF Sydøstjylland · Kirsten Friis · 9.887461873094413, 55.799111718697546 · 09:00-10:00
[alm-sydostjylland] 2025-10-13 12:58:34 CEST · [alm] · 1 Fuglekonge · Rastende · Bjerre Skov · DOF Sydøstjylland · Kirsten Friis · 9.887461873094413, 55.799111718697546 · 09:00-10:00
[alm-sydostjylland] 2025-10-13 12:58:34 CEST · [alm] · 1 Musvåge · Rastende · Bjerre Skov · DOF Sydøstjylland · Kirsten Friis · 9.887461873094413, 55.799111718697546 · 09:00-10:00
[alm-sydostjylland] 2025-10-13 12:58:34 CEST · [alm] · 2 Ravn · Overflyvende · Bjerre Skov · DOF Sydøstjylland · Kirsten Friis · 9.887461873094413, 55.799111718697546 · 09:00-10:00
[alm-sydostjylland] 2025-10-13 12:58:34 CEST · [alm] · 6 Krage, Gråkrage (ssp. cornix) · Rastende · Bjerre Skov · DOF Sydøstjylland · Kirsten Friis · 9.887461873094413, 55.799111718697546 · 09:00-10:00
[alm-sydostjylland] 2025-10-13 12:58:34 CEST · [alm] · 3 Ringdue · Rastende · Bjerre Skov · DOF Sydøstjylland · Kirsten Friis · 9.887461873094413, 55.799111718697546 · 09:00-10:00
[alm-sydostjylland] 2025-10-13 12:58:34 CEST · [alm] · 3 Solsort · Fouragerende · Bjerre Skov · DOF Sydøstjylland · Kirsten Friis · 9.887461873094413, 55.799111718697546 · 09:00-10:00
[alm-sydostjylland] 2025-10-13 12:58:34 CEST · [alm] · 1 Engpiber · Rastende · Bjerre Skov · DOF Sydøstjylland · Kirsten Friis · 9.887461873094413, 55.799111718697546 · 09:00-10:00
[alm-sydostjylland] 2025-10-13 12:58:34 CEST · [alm] · 4 Blåmejse · Fouragerende · Bjerre Skov · DOF Sydøstjylland · Kirsten Friis · 9.887461873094413, 55.799111718697546 · 09:00-10:00
[alm-sydostjylland] 2025-10-13 13:00:48 CEST · [alm] · 3 Husskade · Rastende · Knabberup Sø · DOF Sydøstjylland · Else-Marie Jørgensen · 9.481733634318275, 55.70614630357741
[alm-sydostjylland] 2025-10-13 13:00:48 CEST · [alm] · 2 Musvit · Fouragerende · Bjerre Skov · DOF Sydøstjylland · Kirsten Friis · 9.887461873094413, 55.799111718697546 · 09:00-10:00
[alm-sydostjylland] 2025-10-13 13:00:48 CEST · [alm] · 20 Grågås · Overflyvende · Bjerre Skov · DOF Sydøstjylland · Kirsten Friis · 9.887461873094413, 55.799111718697546 · 09:00-10:00
[alm-sydostjylland] 2025-10-13 13:02:53 CEST · [alm] · 1 Fasan · Rastende · Bjerre Engsø · DOF Sydøstjylland · Lars Nielsen · 9.896071138573385, 55.78810662064072 · 12:55
[alm-sydostjylland] 2025-10-13 13:04:31 CEST · [alm] · 3 Krage, Gråkrage (ssp. cornix) · Rastende · Møgelkær ved Horsens · DOF Sydøstjylland · Kirsten Friis · 9.912571393712089, 55.79358536817253 · 11:00-12:00
[alm-sydostjylland] 2025-10-13 13:04:31 CEST · [alm] · 1 Gærdesmutte · Territoriehævdende · Møgelkær ved Horsens · DOF Sydøstjylland · Kirsten Friis · 9.912571393712089, 55.79358536817253 · 11:00-12:00
[alm-sydostjylland] 2025-10-13 13:04:31 CEST · [alm] · 1 Gulspurv · Rastende · Møgelkær ved Horsens · DOF Sydøstjylland · Kirsten Friis · 9.912571393712089, 55.79358536817253 · 11:00-12:00
[alm-sydostjylland] 2025-10-13 13:04:31 CEST · [alm] · 222 Pibeand · Rastende · Bjerre Engsø · DOF Sydøstjylland · Lars Nielsen · 9.896071138573385, 55.78810662064072 · 12:55
[alm-sydostjylland] 2025-10-13 13:06:27 CEST · [alm] · 37 Knopsvane · Rastende · Bjerre Engsø · DOF Sydøstjylland · Lars Nielsen · 9.896071138573385, 55.78810662064072 · 12:55
[alm-sydostjylland] 2025-10-13 13:06:27 CEST · [alm] · 1 Blåmejse · Rastende · Bjerre Engsø · DOF Sydøstjylland · Lars Nielsen · 9.896071138573385, 55.78810662064072 · 12:55
[alm-sydostjylland] 2025-10-13 13:08:32 CEST · [alm] · 3 Blishøne · Rastende · Knabberup Sø · DOF Sydøstjylland · Else-Marie Jørgensen · 9.481733634318275, 55.70614630357741
[alm-sydostjylland] 2025-10-13 13:08:32 CEST · [alm] · 4 Ringdue · Overflyvende · Knabberup Sø · DOF Sydøstjylland · Else-Marie Jørgensen · 9.481733634318275, 55.70614630357741
[alm-sydostjylland] 2025-10-13 13:08:32 CEST · [alm] · 1 Fiskehejre · Rastende · Knabberup Sø · DOF Sydøstjylland · Else-Marie Jørgensen · 9.481733634318275, 55.70614630357741
[alm-sydostjylland] 2025-10-13 13:08:32 CEST · [alm] · 1 Fiskehejre · Rastende · Møgelkær ved Horsens · DOF Sydøstjylland · Kirsten Friis · 9.912571393712089, 55.79358536817253 · 11:00-12:00
[alm-sydostjylland] 2025-10-13 13:08:32 CEST · [alm] · 5 Engpiber · Syngende · Møgelkær ved Horsens · DOF Sydøstjylland · Kirsten Friis · 9.912571393712089, 55.79358536817253 · 11:00-12:00
[alm-sydostjylland] 2025-10-13 13:10:36 CEST · [alm] · 41 Knopsvane · Rastende · Bjerre Engsø · DOF Sydøstjylland · Lars Nielsen · 9.896071138573385, 55.78810662064072 · 12:55
[alm-sydostjylland] 2025-10-13 13:12:32 CEST · [alm] · 1 Ravn · Rastende · Bjerre Engsø · DOF Sydøstjylland · Lars Nielsen · 9.896071138573385, 55.78810662064072 · 12:55
[alm-sydostjylland] 2025-10-13 13:12:32 CEST · [alm] · 1 Spætmejse · Rastende · Bjerre Engsø · DOF Sydøstjylland · Lars Nielsen · 9.896071138573385, 55.78810662064072 · 12:55
[alm-sydostjylland] 2025-10-13 13:14:27 CEST · [alm] · 9 Gråand · Rastende · Bjerre Engsø · DOF Sydøstjylland · Lars Nielsen · 9.896071138573385, 55.78810662064072 · 12:55
[alm-sydostjylland] 2025-10-13 13:19:58 CEST · [alm] · 1 Fiskehejre · Rastende · Bjerre Engsø · DOF Sydøstjylland · Lars Nielsen · 9.896071138573385, 55.78810662064072 · 12:55
[alm-sydostjylland] 2025-10-13 13:24:00 CEST · [alm] · 1 Musvit · Rastende · Bjerre Engsø · DOF Sydøstjylland · Lars Nielsen · 9.896071138573385, 55.78810662064072 · 12:55
[alm-sydostjylland] 2025-10-13 13:29:30 CEST · [alm] · 4 Tornirisk · Rastende · Knabberup Sø · DOF Sydøstjylland · Else-Marie Jørgensen · 9.481733634318275, 55.70614630357741
[alm-sydostjylland] 2025-10-13 13:29:30 CEST · [alm] · 1 Spætmejse · Rastende · Knabberup Sø · DOF Sydøstjylland · Else-Marie Jørgensen · 9.481733634318275, 55.70614630357741
[alm-sydostjylland] 2025-10-13 13:29:30 CEST · [alm] · 1 Solsort · Rastende · Knabberup Sø · DOF Sydøstjylland · Else-Marie Jørgensen · 9.481733634318275, 55.70614630357741
[alm-sydostjylland] 2025-10-13 13:29:30 CEST · [alm] · 1 Grønirisk · Rastende · Knabberup Sø · DOF Sydøstjylland · Else-Marie Jørgensen · 9.481733634318275, 55.70614630357741
[alm-sydostjylland] 2025-10-13 13:29:30 CEST · [alm] · 2 Dompap · Rastende · Knabberup Sø · DOF Sydøstjylland · Else-Marie Jørgensen · 9.481733634318275, 55.70614630357741
[alm-sydostjylland] 2025-10-13 13:31:34 CEST · [alm] · 6 Musvit · Rastende · Knabberup Sø · DOF Sydøstjylland · Else-Marie Jørgensen · 9.481733634318275, 55.70614630357741
[alm-sydostjylland] 2025-10-13 13:31:34 CEST · [alm] · 3 Blåmejse · Rastende · Knabberup Sø · DOF Sydøstjylland · Else-Marie Jørgensen · 9.481733634318275, 55.70614630357741
[alm-sydostjylland] 2025-10-13 13:31:35 CEST · [alm] · 45 Stillits · Rastende · Knabberup Sø · DOF Sydøstjylland · Else-Marie Jørgensen · 9.481733634318275, 55.70614630357741
[alm-sydostjylland] 2025-10-13 13:31:35 CEST · [alm] · 6 Ringdue · Rastende · Bjerre Engsø · DOF Sydøstjylland · Lars Nielsen · 9.896071138573385, 55.78810662064072 · 12:55
[alm-sydostjylland] 2025-10-13 13:35:44 CEST · [alm] · 1 Trane · Rastende · Bjerre Engsø · DOF Sydøstjylland · Lars Nielsen · 9.896071138573385, 55.78810662064072 · 12:55
[alm-sydostjylland] 2025-10-13 13:38:06 CEST · [alm] · 1 Tårnfalk · Rastende · Bjerre Engsø · DOF Sydøstjylland · Lars Nielsen · 9.896071138573385, 55.78810662064072 · 12:55
[alm-sydostjylland] 2025-10-13 13:38:06 CEST · [alm] · 270 Ringdue · Overflyvende · Bjerre Engsø · DOF Sydøstjylland · Lars Nielsen · 9.896071138573385, 55.78810662064072 · 12:55
[alm-sydostjylland] 2025-10-13 13:40:21 CEST · [alm] · 2 Bogfinke · Rastende · Knabberup Sø · DOF Sydøstjylland · Else-Marie Jørgensen · 9.481733634318275, 55.70614630357741
[alm-sydostjylland] 2025-10-13 13:40:21 CEST · [alm] · 1 Musvåge · Rastende · Vejle Ådal ved Skibet · DOF Sydøstjylland · Else-Marie Jørgensen · 9.458946609582913, 55.706848420829544
[alm-sydostjylland] 2025-10-13 13:40:21 CEST · [alm] · 2 Ravn · Rastende · Bjerre Engsø · DOF Sydøstjylland · Lars Nielsen · 9.896071138573385, 55.78810662064072 · 12:55
[alm-sydostjylland] 2025-10-13 13:48:39 CEST · [alm] · 13 Gråand · Rastende · Bjerre Engsø · DOF Sydøstjylland · Lars Nielsen · 9.896071138573385, 55.78810662064072 · 12:55
[alm-sydostjylland] 2025-10-13 13:48:39 CEST · [alm] · 1 Gransanger · Rastende · Bjerre Engsø · DOF Sydøstjylland · Lars Nielsen · 9.896071138573385, 55.78810662064072 · 12:55
[alm-sydostjylland] 2025-10-13 14:10:44 CEST · [alm] · 1 Isfugl · Rastende · Klostermølle · DOF Sydøstjylland · René Sellerup · 9.693426075087672, 56.03945791530404
[alm-sydostjylland] 2025-10-13 14:12:49 CEST · [alm] · 2 Fiskeørn · Overflyvende · Klosterkær · DOF Sydøstjylland · René Sellerup · 9.687036502804045, 56.04389636833693
[alm-sydostjylland] 2025-10-13 14:12:49 CEST · [alm] · 1 Musvåge · Rastende · Bjerre Engsø · DOF Sydøstjylland · Lars Nielsen · 9.896071138573385, 55.78810662064072 · 12:55
[alm-sydostjylland] 2025-10-13 14:55:27 CEST · [alm] · 3 Musvåge · Rastende · Bjerre Engsø · DOF Sydøstjylland · Lars Nielsen · 9.896071138573385, 55.78810662064072 · 12:55
[alm-sydostjylland] 2025-10-13 15:07:39 CEST · [alm] · 1 Rød Glente · Rastende · Bjerre Engsø · DOF Sydøstjylland · Lars Nielsen · 9.896071138573385, 55.78810662064072 · 12:55
[alm-sydostjylland] 2025-10-13 15:20:01 CEST · [alm] · 4 Musvåge · Rastende · Bjerre Engsø · DOF Sydøstjylland · Lars Nielsen · 9.896071138573385, 55.78810662064072 · 12:55
[alm-sydostjylland] 2025-10-13 15:38:33 CEST · [alm] · 2 Skeand · Rastende · Bjerre Engsø · DOF Sydøstjylland · Lars Nielsen · 9.896071138573385, 55.78810662064072 · 12:55
[alm-sydostjylland] 2025-10-13 15:42:25 CEST · [alm] · 2 Solsort · Rastende · Bjerre Engsø · DOF Sydøstjylland · Lars Nielsen · 9.896071138573385, 55.78810662064072 · 12:55
[alm-sydostjylland] 2025-10-13 15:42:25 CEST · [alm] · 1 Husskade · Rastende · Bjerre Engsø · DOF Sydøstjylland · Lars Nielsen · 9.896071138573385, 55.78810662064072 · 12:55
[alm-sydostjylland] 2025-10-13 15:49:46 CEST · [alm] · 32 Grågås · Trækkende mod sydvest · Bjerre Engsø · DOF Sydøstjylland · Lars Nielsen · 9.896071138573385, 55.78810662064072 · 12:55
[alm-sydostjylland] 2025-10-13 20:00:33 CEST · [alm] · 110 Grågås · Trækkende mod sydvest · Voervadsbro · DOF Sydøstjylland · Kevin Kuhlmann Clausen · 9.703156134678146, 56.01465899002636
[alm-sydostjylland] 2025-10-13 20:00:33 CEST · [alm] · 7 Musvit · Rastende · Vorsø (landarealer) · DOF Sydøstjylland · Jens Gregersen · 10.002581148226755, 55.86829405491295
[alm-sydostjylland] 2025-10-13 20:00:33 CEST · [alm] · 6 Sanglærke · Trækkende · Kongens Kær · DOF Sydøstjylland · Else-Marie Jørgensen · 9.507803462778828, 55.70174138376112
[alm-sydostjylland] 2025-10-13 20:00:33 CEST · [alm] · 30 Ringdue · Trækkende mod sydvest · Skibet · DOF Sydøstjylland · Jacob Niss · 9.447029491339936, 55.70938300862687
[alm-sydostjylland] 2025-10-13 20:00:33 CEST · [alm] · 8 Sølvmåge · Overflyvende · Skibet · DOF Sydøstjylland · Jacob Niss · 9.447029491339936, 55.70938300862687
[alm-sydostjylland] 2025-10-13 20:00:33 CEST · [alm] · 1 Hættemåge · Overflyvende · Skibet · DOF Sydøstjylland · Jacob Niss · 9.447029491339936, 55.70938300862687
[alm-sydostjylland] 2025-10-13 20:00:33 CEST · [alm] · 4 Skærpiber · Rastende · Juelsminde · DOF Sydøstjylland · Jens Zeeberg · 10.015884837908107, 55.70656174476048
[alm-sydostjylland] 2025-10-13 20:00:33 CEST · [alm] · 2 Havørn · Rastende · Vorsø (landarealer) · DOF Sydøstjylland · Jens Gregersen · 10.002581148226755, 55.86829405491295
[alm-sydostjylland] 2025-10-13 20:00:33 CEST · [alm] · 2 Solsort · Rastende · Vorsø (landarealer) · DOF Sydøstjylland · Jens Gregersen · 10.002581148226755, 55.86829405491295
[alm-sydostjylland] 2025-10-13 20:00:33 CEST · [alm] · 1 Sølvhejre · Fouragerende · Haldrup Vig og Vorsø Nordvestvejle · DOF Sydøstjylland · Jens Gregersen · 9.981504515354285, 55.875625764592854
[alm-sydostjylland] 2025-10-13 20:00:33 CEST · [alm] · 1 Fiskehejre · Fouragerende · Haldrup Vig og Vorsø Nordvestvejle · DOF Sydøstjylland · Jens Gregersen · 9.981504515354285, 55.875625764592854
[alm-sydostjylland] 2025-10-13 20:00:33 CEST · [alm] · 1 Sølvhejre · Rastende · Vorsø Østvejle og Langøerne · DOF Sydøstjylland · Jens Gregersen · 10.017667095431802, 55.87294870596446
[alm-sydostjylland] 2025-10-13 20:00:33 CEST · [alm] · 1 Fiskehejre · Rastende · Vejle Ådal ved Skibet · DOF Sydøstjylland · Else-Marie Jørgensen · 9.458946609582913, 55.706848420829544
[alm-sydostjylland] 2025-10-13 20:00:33 CEST · [alm] · 1 Bjergvipstjert · Rastende · Vejle Ådal ved Skibet · DOF Sydøstjylland · Else-Marie Jørgensen · 9.458946609582913, 55.706848420829544
[alm-sydostjylland] 2025-10-13 20:00:33 CEST · [alm] · 1 Stor Flagspætte · Rastende · Vejle · DOF Sydøstjylland · Else-Marie Jørgensen · 9.537001929487356, 55.70629998759446
[alm-sydostjylland] 2025-10-13 20:00:33 CEST · [alm] · 1 Natugle · Rastende · Voervadsbro · DOF Sydøstjylland · Kevin Kuhlmann Clausen · 9.703156134678146, 56.01465899002636
[alm-sydostjylland] 2025-10-13 20:00:33 CEST · [alm] · 2 Krage, Gråkrage (ssp. cornix) · Rastende · Skibet · DOF Sydøstjylland · Jacob Niss · 9.447029491339936, 55.70938300862687 · 16:31-16:36
[alm-sydostjylland] 2025-10-13 20:00:33 CEST · [alm] · 2 Bogfinke · Rastende · Skibet · DOF Sydøstjylland · Jacob Niss · 9.447029491339936, 55.70938300862687 · 16:31-16:36
[alm-sydostjylland] 2025-10-13 20:00:33 CEST · [alm] · 1 Spætmejse · Rastende · Skibet · DOF Sydøstjylland · Jacob Niss · 9.447029491339936, 55.70938300862687 · 16:31-16:36
[alm-sydostjylland] 2025-10-13 20:00:33 CEST · [alm] · 1 Gærdesmutte · Rastende · Skibet · DOF Sydøstjylland · Jacob Niss · 9.447029491339936, 55.70938300862687 · 16:31-16:36
[alm-sydostjylland] 2025-10-13 20:00:33 CEST · [alm] · 1 Tyrkerdue · Rastende · Skibet · DOF Sydøstjylland · Jacob Niss · 9.447029491339936, 55.70938300862687 · 16:31-16:36
[alm-sydostjylland] 2025-10-13 20:00:33 CEST · [alm] · 1 Rødhals · Rastende · Skibet · DOF Sydøstjylland · Jacob Niss · 9.447029491339936, 55.70938300862687 · 16:31-16:36
[alm-sydostjylland] 2025-10-13 20:00:33 CEST · [alm] · 1 Blå Kærhøg · Overflyvende · Randbøl Hede · DOF Sydøstjylland · Orla Kristensen · 9.157713544568233, 55.661672802669585 · 17:00-18:45
[alm-sydostjylland] 2025-10-13 20:00:33 CEST · [alm] · 59 Krage, Gråkrage (ssp. cornix) · Overflyvende · Randbøl Hede · DOF Sydøstjylland · Orla Kristensen · 9.157713544568233, 55.661672802669585 · 17:00-18:45
[alm-sydostjylland] 2025-10-13 20:00:33 CEST · [alm] · 200 Stær · Overflyvende · Randbøl Hede · DOF Sydøstjylland · Orla Kristensen · 9.157713544568233, 55.661672802669585 · 17:00-18:45
[alm-sydostjylland] 2025-10-13 20:00:33 CEST · [alm] · 123 Trane · Rastende · Randbøl Hede · DOF Sydøstjylland · Orla Kristensen · 9.157713544568233, 55.661672802669585 · 17:00-18:45
[alm-sydostjylland] 2025-10-13 20:00:33 CEST · [alm] · 1 Natugle · Syngende · Dybvadbro · DOF Sydøstjylland · Steen Kryger · 9.416356403809012, 55.540040679257714 · 19:28
[alm-sydostjylland] 2025-10-13 20:05:55 CEST · [alm] · 2 Rød Glente · Overflyvende · Sattrup · DOF Sydøstjylland · Gert Thomsen · 9.796745180210566, 55.95394135364505 · 12:20-12:30
[alm-sydostjylland] 2025-10-14 17:52:48 CEST · [bemaerk] · 130 Storspove · Rastende · Vorsø Østvejle og Langøerne · DOF Sydøstjylland · Jens Gregersen · 10.024571365647716, 55.873682159507986 · 17:30
[alm-sydostjylland] 2025-10-14 17:55:23 CEST · [bemaerk] · 112 Pibeand · Rastende · Haldrup Vig og Vorsø Nordvestvejle · DOF Sydøstjylland · Jens Gregersen · 9.995989746385021, 55.878786007279416 · 17:30
[alm-sydostjylland] 2025-10-14 17:56:47 CEST · [bemaerk] · 2 Havørn · Rastende · Vorsø (landarealer) · DOF Sydøstjylland · Jens Gregersen · 10.002581148226755, 55.86829405491295
[alm-sydostjylland] 2025-10-14 18:00:51 CEST · [bemaerk] · 1 Grønspætte · Rastende · Frederikshåb plantage, Syvårssøerne · DOF Sydøstjylland · Jacob Niss · 9.18112715677061, 55.67762417596637 · 17:55-18:00
[alm-sydostjylland] 2025-10-14 19:33:33 CEST · [bemaerk] · 27 Lille Lappedykker · Rastende · Frederikshåb plantage, Syvårssøerne · DOF Sydøstjylland · Jacob Niss · 9.18112715677061, 55.67762417596637
[alm-sydostjylland] 2025-10-14 19:34:05 CEST · [bemaerk] · 49 Trane · Trækkende til/fra overnatning · Frederikshåb plantage, Syvårssøerne · DOF Sydøstjylland · Jacob Niss · 9.18112715677061, 55.67762417596637
[alm-sydostjylland] 2025-10-14 19:40:17 CEST · [bemaerk] · 125 Bramgås · Trækkende mod vest · Dollerup Sø · DOF Sydøstjylland · Lars Kristensen · 9.271706083498952, 55.477295680421975 · 09:30
[alm-sydostjylland] 2025-10-15 08:02:28 CEST · [bemaerk] · 1 Vandrefalk · Rastende · Vejle Havn · DOF Sydøstjylland · Else-Marie Jørgensen · 9.557791801463125, 55.70452703526803 · 07:43
[alm-sydostjylland] 2025-10-15 08:34:30 CEST · [bemaerk] · 5 Knarand · Rastende · Bygholm Sø · DOF Sydøstjylland · Lars Nielsen · 9.796810892939313, 55.87027146276648 · 08:26
[alm-sydostjylland] 2025-10-15 08:35:37 CEST · [bemaerk] · 3 Vandrikse · Rastende · Nørrestrand · DOF Sydøstjylland · Jimmy Kristensen · 9.87591711648783, 55.878150684045266 · 08:33
[alm-sydostjylland] 2025-10-15 08:39:46 CEST · [bemaerk] · 8 Agerhøne · Fouragerende · Årup grusgrav (Hedensted søerne) · DOF Sydøstjylland · Ulrik Knudsen · 9.687465, 55.779083 · 08:20
[alm-sydostjylland] 2025-10-15 08:39:46 CEST · [bemaerk] · 10 Knarand · Rastende · Bygholm Sø · DOF Sydøstjylland · Lars Nielsen · 9.796810892939313, 55.87027146276648 · 08:26
[alm-sydostjylland] 2025-10-15 08:40:49 CEST · [bemaerk] · 13 Knarand · Rastende · Bygholm Sø · DOF Sydøstjylland · Lars Nielsen · 9.796810892939313, 55.87027146276648 · 08:26
[alm-sydostjylland] 2025-10-15 08:40:49 CEST · [bemaerk] · 1 Isfugl · Rastende · Bygholm Sø · DOF Sydøstjylland · Lars Nielsen · 9.796810892939313, 55.87027146276648 · 08:26
[alm-sydostjylland] 2025-10-15 08:42:56 CEST · [bemaerk] · 2 Isfugl · Rastende · Bygholm Sø · DOF Sydøstjylland · Lars Nielsen · 9.796810892939313, 55.87027146276648 · 08:26
[alm-sydostjylland] 2025-10-15 08:47:18 CEST · [bemaerk] · 100 Pibeand · Rastende · Nørrestrand · DOF Sydøstjylland · Jimmy Kristensen · 9.87591711648783, 55.878150684045266 · 08:33
[alm-sydostjylland] 2025-10-15 08:49:30 CEST · [bemaerk] · 50 Toppet Lappedykker · Rastende · Nørrestrand · DOF Sydøstjylland · Jimmy Kristensen · 9.87591711648783, 55.878150684045266 · 08:33
[alm-sydostjylland] 2025-10-15 08:52:39 CEST · [bemaerk] · 2 Knarand · Rastende · Nørrestrand · DOF Sydøstjylland · Jimmy Kristensen · 9.87591711648783, 55.878150684045266 · 08:33
[alm-sydostjylland] 2025-10-15 08:53:46 CEST · [bemaerk] · 2 Bjergvipstjert · Trækkende mod sydvest · Rosenvold · DOF Sydøstjylland · Morten D. D. Hansen · 9.825895434818976, 55.67353451989942 · 08:15
[alm-sydostjylland] 2025-10-15 08:53:46 CEST · [bemaerk] · 1 Isfugl · Rastende · Rosenvold · DOF Sydøstjylland · Morten D. D. Hansen · 9.825895434818976, 55.67353451989942 · 08:15
[alm-sydostjylland] 2025-10-15 08:53:46 CEST · [bemaerk] · 1 Vandrefalk · Rastende · Vejle · DOF Sydøstjylland · Else-Marie Jørgensen · 9.537001929487356, 55.70629998759446 · 08:24
[alm-sydostjylland] 2025-10-15 09:09:33 CEST · [bemaerk] · 1 Sølvhejre · Rastende · Nørrestrand · DOF Sydøstjylland · Jimmy Kristensen · 9.87591711648783, 55.878150684045266 · 08:33
[alm-sydostjylland] 2025-10-15 09:30:32 CEST · [bemaerk] · 11 Halemejse · Trækkende mod vest · Rosenvold · DOF Sydøstjylland · Morten D. D. Hansen · 9.825895434818976, 55.67353451989942 · 08:15
[alm-sydostjylland] 2025-10-15 09:30:32 CEST · [bemaerk] · 2 Sølvhejre · Rastende · Nørrestrand · DOF Sydøstjylland · Jimmy Kristensen · 9.87591711648783, 55.878150684045266 · 08:33
[alm-sydostjylland] 2025-10-15 09:52:32 CEST · [bemaerk] · 5 Krage, Sortkrage (ssp. corone) · Overflyvende · Rosenvold · DOF Sydøstjylland · Kirsten Friis · 9.825895434818976, 55.67353451989942 · 07:45-09:00
[alm-sydostjylland] 2025-10-15 10:06:07 CEST · [bemaerk] · 109 Grønsisken · Trækkende mod sydvest · Rosenvold · DOF Sydøstjylland · Morten D. D. Hansen · 9.825895434818976, 55.67353451989942 · 08:15
[alm-sydostjylland] 2025-10-15 10:12:31 CEST · [bemaerk] · 5 Skægmejse · Rastende · Nørrestrand · DOF Sydøstjylland · Jimmy Kristensen · 9.87591711648783, 55.878150684045266 · 08:33-10:03
[alm-sydostjylland] 2025-10-15 10:28:19 CEST · [bemaerk] · 114 Grønsisken · Trækkende mod sydvest · Rosenvold · DOF Sydøstjylland · Morten D. D. Hansen · 9.825895434818976, 55.67353451989942 · 08:15
[alm-sydostjylland] 2025-10-15 11:01:23 CEST · [bemaerk] · 16 Rørhøne · Fouragerende · Bygholm Park · DOF Sydøstjylland · Jim Pedersen · 9.83007011801855, 55.86474704938033
[alm-sydostjylland] 2025-10-15 11:02:31 CEST · [bemaerk] · 25 Skeand · Fouragerende · Bygholm Park · DOF Sydøstjylland · Jim Pedersen · 9.83007011801855, 55.86474704938033
[alm-sydostjylland] 2025-10-15 11:02:31 CEST · [bemaerk] · 60 Knarand · Fouragerende · Bygholm Park · DOF Sydøstjylland · Jim Pedersen · 9.83007011801855, 55.86474704938033
[alm-sydostjylland] 2025-10-15 11:32:47 CEST · [bemaerk] · 1 Isfugl · Overflyvende · Klostermølle · DOF Sydøstjylland · Tabita Sara Nielsen · 9.693426075087672, 56.03945791530404
[alm-sydostjylland] 2025-10-15 14:40:43 CEST · [bemaerk] · 1 Sortspætte · Rastende · Galtkær · DOF Sydøstjylland · Bent Karup Frederiksen · 9.207861019626007, 55.92918455237165 · 09:00-10:30
[alm-sydostjylland] 2025-10-15 14:40:43 CEST · [bemaerk] · 1 Sølvhejre · Fouragerende · Galtkær · DOF Sydøstjylland · Bent Karup Frederiksen · 9.207861019626007, 55.92918455237165 · 09:00-10:30
[alm-sydostjylland] 2025-10-15 15:26:45 CEST · [bemaerk] · 1 Blå Kærhøg · Rastende · Bjerre Engsø · DOF Sydøstjylland · Kurt Schyts Stokholm · 9.896071138573385, 55.78810662064072
[alm-sydostjylland] 2025-10-15 16:25:05 CEST · [bemaerk] · 1 Havørn · Rastende · Bjerre Engsø · DOF Sydøstjylland · Kurt Schyts Stokholm · 9.896071138573385, 55.78810662064072
[alm-sydostjylland] 2025-10-15 19:36:30 CEST · [bemaerk] · 525 Grågås · Trækkende til/fra overnatning · Horsens · DOF Sydøstjylland · Jim Pedersen · 9.850204588001363, 55.870749211496985 · 18:57
[alm-sydostjylland] 2025-10-15 21:14:23 CEST · [bemaerk] · 1 Sølvhejre · Rastende · Vorsø Østvejle og Langøerne · DOF Sydøstjylland · Jens Gregersen · 10.017667095431802, 55.87294870596446
[alm-sydostjylland] 2025-10-15 21:14:23 CEST · [bemaerk] · 1 Havørn · Rastende · Vorsø (landarealer) · DOF Sydøstjylland · Jens Gregersen · 10.002581148226755, 55.86829405491295
[alm-sydostjylland] 2025-10-15 21:15:33 CEST · [bemaerk] · 1 Havørn · Rastende · Vorsø Østvejle og Langøerne · DOF Sydøstjylland · Jens Gregersen · 10.017667095431802, 55.87294870596446
