[alm-vestsjaelland] 2025-10-13 07:19:40 CEST · [alm] · 1 Dompap · Rastende · Ringsted sydøst, industriområdet · DOF Vestsjælland · Brian Wielsøe · 11.799879, 55.421942 · 07:17
[alm-vestsjaelland] 2025-10-13 07:28:35 CEST · [alm] · 2 Solsort · Rastende · Svallerup · DOF Vestsjælland · Ole Busch · 11.1644827470779, 55.60663711697089
[alm-vestsjaelland] 2025-10-13 07:29:59 CEST · [alm] · 1 Ravn · Overflyvende · Rørvig By · DOF Vestsjælland · Lasse Braae · 11.754425311415819, 55.944362868452345
[alm-vestsjaelland] 2025-10-13 07:30:17 CEST · [alm] · 1 Vindrossel · Rastende · Rørvig By · DOF Vestsjælland · Lasse Braae · 11.754425311415819, 55.944362868452345
[alm-vestsjaelland] 2025-10-13 07:43:29 CEST · [alm] · 2 Musvit · Rastende · Svallerup · DOF Vestsjælland · Ole Busch · 11.1644827470779, 55.60663711697089
[alm-vestsjaelland] 2025-10-13 07:46:17 CEST · [alm] · 3 Solsort · Rastende · Svallerup · DOF Vestsjælland · Ole Busch · 11.1644827470779, 55.60663711697089
[alm-vestsjaelland] 2025-10-13 07:48:29 CEST · [alm] · 1 Tyrkerdue · Fouragerende · Svallerup · DOF Vestsjælland · Ole Busch · 11.1644827470779, 55.60663711697089
[alm-vestsjaelland] 2025-10-13 07:50:39 CEST · [alm] · 1 Blåmejse · Rastende · Svallerup · DOF Vestsjælland · Ole Busch · 11.1644827470779, 55.60663711697089
[alm-vestsjaelland] 2025-10-13 07:58:54 CEST · [alm] · 5 Skovspurv · Fouragerende · Svallerup · DOF Vestsjælland · Ole Busch · 11.1644827470779, 55.60663711697089
[alm-vestsjaelland] 2025-10-13 07:59:48 CEST · [alm] · 80 Grågås · Overflyvende · Gørlev By · DOF Vestsjælland · Karsten Nilsson · 11.227192559108603, 55.539088731804554 · 07:55
[alm-vestsjaelland] 2025-10-13 08:00:19 CEST · [alm] · 2 Ringdue · Overflyvende · Gørlev By · DOF Vestsjælland · Karsten Nilsson · 11.227192559108603, 55.539088731804554 · 07:55
[alm-vestsjaelland] 2025-10-13 08:00:19 CEST · [alm] · 3 Krage, Gråkrage (ssp. cornix) · Overflyvende · Gørlev By · DOF Vestsjælland · Karsten Nilsson · 11.227192559108603, 55.539088731804554 · 07:55
[alm-vestsjaelland] 2025-10-13 08:15:37 CEST · [alm] · 1 Rødhals · Rastende · Svallerup · DOF Vestsjælland · Ole Busch · 11.1644827470779, 55.60663711697089
[alm-vestsjaelland] 2025-10-13 08:22:03 CEST · [alm] · 1 Bogfinke · Rastende · Svallerup · DOF Vestsjælland · Ole Busch · 11.1644827470779, 55.60663711697089
[alm-vestsjaelland] 2025-10-13 08:24:01 CEST · [alm] · 13 Sanglærke · Overflyvende · Svallerup · DOF Vestsjælland · Ole Busch · 11.1644827470779, 55.60663711697089
[alm-vestsjaelland] 2025-10-13 08:30:54 CEST · [alm] · 43 Bramgås · Overflyvende · Svallerup · DOF Vestsjælland · Ole Busch · 11.1644827470779, 55.60663711697089
[alm-vestsjaelland] 2025-10-13 08:30:54 CEST · [alm] · 11 Grønirisk · Rastende · Svallerup · DOF Vestsjælland · Ole Busch · 11.1644827470779, 55.60663711697089
[alm-vestsjaelland] 2025-10-13 08:31:15 CEST · [alm] · 2 Råge · Overflyvende · Svallerup · DOF Vestsjælland · Ole Busch · 11.1644827470779, 55.60663711697089
[alm-vestsjaelland] 2025-10-13 08:32:50 CEST · [alm] · 4 Råge · Overflyvende · Svallerup · DOF Vestsjælland · Ole Busch · 11.1644827470779, 55.60663711697089
[alm-vestsjaelland] 2025-10-13 08:34:46 CEST · [alm] · 2 Bogfinke · Rastende · Svallerup · DOF Vestsjælland · Ole Busch · 11.1644827470779, 55.60663711697089
[alm-vestsjaelland] 2025-10-13 08:35:17 CEST · [alm] · 1 Stillits · Overflyvende · Svallerup · DOF Vestsjælland · Ole Busch · 11.1644827470779, 55.60663711697089
[alm-vestsjaelland] 2025-10-13 08:36:14 CEST · [alm] · 7 Råge · Overflyvende · Svallerup · DOF Vestsjælland · Ole Busch · 11.1644827470779, 55.60663711697089
[alm-vestsjaelland] 2025-10-13 08:37:44 CEST · [alm] · 1 Fasan · Rastende · Svallerup · DOF Vestsjælland · Ole Busch · 11.1644827470779, 55.60663711697089
[alm-vestsjaelland] 2025-10-13 08:39:43 CEST · [alm] · 9 Råge · Overflyvende · Svallerup · DOF Vestsjælland · Ole Busch · 11.1644827470779, 55.60663711697089
[alm-vestsjaelland] 2025-10-13 08:39:43 CEST · [alm] · 12 Grågås · Overflyvende · Svallerup · DOF Vestsjælland · Ole Busch · 11.1644827470779, 55.60663711697089
[alm-vestsjaelland] 2025-10-13 08:45:18 CEST · [alm] · 2 Krage, Gråkrage (ssp. cornix) · Rastende · Svallerup · DOF Vestsjælland · Ole Busch · 11.1644827470779, 55.60663711697089
[alm-vestsjaelland] 2025-10-13 08:47:26 CEST · [alm] · 2 Fasan · Rastende · Svallerup · DOF Vestsjælland · Ole Busch · 11.1644827470779, 55.60663711697089
[alm-vestsjaelland] 2025-10-13 08:48:04 CEST · [alm] · 7 Tyrkerdue · Fouragerende · Svallerup · DOF Vestsjælland · Ole Busch · 11.1644827470779, 55.60663711697089
[alm-vestsjaelland] 2025-10-13 08:48:04 CEST · [alm] · 1 Husskade · Overflyvende · Svallerup · DOF Vestsjælland · Ole Busch · 11.1644827470779, 55.60663711697089
[alm-vestsjaelland] 2025-10-13 08:48:04 CEST · [alm] · 3 Vindrossel · Rastende · Kastrup, Tuse Næs · DOF Vestsjælland · Per Mølbak Christensen · 11.675013289348707, 55.765251341349654 · 08:34
[alm-vestsjaelland] 2025-10-13 08:48:04 CEST · [alm] · 1 Spætmejse · Rastende · Kastrup, Tuse Næs · DOF Vestsjælland · Per Mølbak Christensen · 11.675013289348707, 55.765251341349654 · 08:34
[alm-vestsjaelland] 2025-10-13 08:48:04 CEST · [alm] · 1 Rødhals · Rastende · Kastrup, Tuse Næs · DOF Vestsjælland · Per Mølbak Christensen · 11.675013289348707, 55.765251341349654 · 08:34
[alm-vestsjaelland] 2025-10-13 08:48:49 CEST · [alm] · 10 Tyrkerdue · Fouragerende · Svallerup · DOF Vestsjælland · Ole Busch · 11.1644827470779, 55.60663711697089
[alm-vestsjaelland] 2025-10-13 08:48:49 CEST · [alm] · 2 Grågås · Overflyvende · Kastrup, Tuse Næs · DOF Vestsjælland · Per Mølbak Christensen · 11.675013289348707, 55.765251341349654 · 08:34
[alm-vestsjaelland] 2025-10-13 08:48:49 CEST · [alm] · 1 Jernspurv · Rastende · Kastrup, Tuse Næs · DOF Vestsjælland · Per Mølbak Christensen · 11.675013289348707, 55.765251341349654 · 08:34
[alm-vestsjaelland] 2025-10-13 08:49:41 CEST · [alm] · 1 Ringdue · Fouragerende · Svallerup · DOF Vestsjælland · Ole Busch · 11.1644827470779, 55.60663711697089
[alm-vestsjaelland] 2025-10-13 08:49:41 CEST · [alm] · 2 Fuglekonge · Fouragerende · Kastrup, Tuse Næs · DOF Vestsjælland · Per Mølbak Christensen · 11.675013289348707, 55.765251341349654 · 08:34
[alm-vestsjaelland] 2025-10-13 08:49:41 CEST · [alm] · 2 Musvåge · Rastende · Kastrup, Tuse Næs · DOF Vestsjælland · Per Mølbak Christensen · 11.675013289348707, 55.765251341349654 · 08:34
[alm-vestsjaelland] 2025-10-13 08:49:41 CEST · [alm] · 1 Skarv · Overflyvende · Kastrup, Tuse Næs · DOF Vestsjælland · Per Mølbak Christensen · 11.675013289348707, 55.765251341349654 · 08:34
[alm-vestsjaelland] 2025-10-13 08:50:33 CEST · [alm] · 15 Tyrkerdue · Fouragerende · Svallerup · DOF Vestsjælland · Ole Busch · 11.1644827470779, 55.60663711697089
[alm-vestsjaelland] 2025-10-13 08:50:33 CEST · [alm] · 14 Allike · Overflyvende · Kastrup, Tuse Næs · DOF Vestsjælland · Per Mølbak Christensen · 11.675013289348707, 55.765251341349654 · 08:34
[alm-vestsjaelland] 2025-10-13 08:51:26 CEST · [alm] · 2 Krage, Gråkrage (ssp. cornix) · Rastende · Kastrup, Tuse Næs · DOF Vestsjælland · Per Mølbak Christensen · 11.675013289348707, 55.765251341349654 · 08:34
[alm-vestsjaelland] 2025-10-13 08:51:26 CEST · [alm] · 1 Skovskade · Overflyvende · Kastrup, Tuse Næs · DOF Vestsjælland · Per Mølbak Christensen · 11.675013289348707, 55.765251341349654 · 08:34
[alm-vestsjaelland] 2025-10-13 08:52:18 CEST · [alm] · 2 Kvækerfinke · Rastende · Svallerup · DOF Vestsjælland · Ole Busch · 11.1644827470779, 55.60663711697089
[alm-vestsjaelland] 2025-10-13 08:52:18 CEST · [alm] · 2 Sanglærke · Overflyvende · Kastrup, Tuse Næs · DOF Vestsjælland · Per Mølbak Christensen · 11.675013289348707, 55.765251341349654 · 08:34
[alm-vestsjaelland] 2025-10-13 08:52:18 CEST · [alm] · 1 Gærdesmutte · Rastende · Kastrup, Tuse Næs · DOF Vestsjælland · Per Mølbak Christensen · 11.675013289348707, 55.765251341349654 · 08:34
[alm-vestsjaelland] 2025-10-13 08:52:18 CEST · [alm] · 2 Grønsisken · Rastende · Kastrup, Tuse Næs · DOF Vestsjælland · Per Mølbak Christensen · 11.675013289348707, 55.765251341349654 · 08:34
[alm-vestsjaelland] 2025-10-13 08:53:17 CEST · [alm] · 1 Tornirisk · Rastende · Svallerup · DOF Vestsjælland · Ole Busch · 11.1644827470779, 55.60663711697089
[alm-vestsjaelland] 2025-10-13 08:53:17 CEST · [alm] · 25 Ringdue · Overflyvende · Kastrup, Tuse Næs · DOF Vestsjælland · Per Mølbak Christensen · 11.675013289348707, 55.765251341349654 · 08:34
[alm-vestsjaelland] 2025-10-13 08:54:20 CEST · [alm] · 2 Fuglekonge · Rastende · Svallerup · DOF Vestsjælland · Ole Busch · 11.1644827470779, 55.60663711697089
[alm-vestsjaelland] 2025-10-13 08:54:38 CEST · [alm] · 1 Vindrossel · Rastende · Svallerup · DOF Vestsjælland · Ole Busch · 11.1644827470779, 55.60663711697089
[alm-vestsjaelland] 2025-10-13 08:55:30 CEST · [alm] · 8 Gråspurv · Rastende · Svallerup · DOF Vestsjælland · Ole Busch · 11.1644827470779, 55.60663711697089
[alm-vestsjaelland] 2025-10-13 08:56:29 CEST · [alm] · 4 Solsort · Rastende · Svallerup · DOF Vestsjælland · Ole Busch · 11.1644827470779, 55.60663711697089
[alm-vestsjaelland] 2025-10-13 08:58:00 CEST · [alm] · 1 Gransanger · Rastende · Rørvig By · DOF Vestsjælland · Lasse Braae · 11.754425311415819, 55.944362868452345
[alm-vestsjaelland] 2025-10-13 09:01:12 CEST · [alm] · 1 Moskusand · Rastende · Kastrup, Tuse Næs · DOF Vestsjælland · Per Mølbak Christensen · 11.675013289348707, 55.765251341349654 · 08:34
[alm-vestsjaelland] 2025-10-13 09:02:49 CEST · [alm] · 6 Skovspurv · Rastende · Nørrevang, Rørvig · DOF Vestsjælland · Jørgen Scheel · 11.76491103158312, 55.958771742226276 · 09:02
[alm-vestsjaelland] 2025-10-13 09:03:20 CEST · [alm] · 1 Rødhals · Rastende · Nørrevang, Rørvig · DOF Vestsjælland · Jørgen Scheel · 11.76491103158312, 55.958771742226276 · 09:02
[alm-vestsjaelland] 2025-10-13 09:03:20 CEST · [alm] · 1 Musvit · Rastende · Nørrevang, Rørvig · DOF Vestsjælland · Jørgen Scheel · 11.76491103158312, 55.958771742226276 · 09:02
[alm-vestsjaelland] 2025-10-13 09:04:37 CEST · [alm] · 1 Sule · Rastende · Skansehage · DOF Vestsjælland · Jørgen Scheel · 11.788206705642715, 55.95538806935818 · 09:03
[alm-vestsjaelland] 2025-10-13 09:04:37 CEST · [alm] · 10 Knortegås, Mørkbuget (ssp. bernicla) · Rastende · Skansehage · DOF Vestsjælland · Jørgen Scheel · 11.788206705642715, 55.95538806935818 · 09:04
[alm-vestsjaelland] 2025-10-13 09:04:37 CEST · [alm] · 1 Solsort · Rastende · Skansehage · DOF Vestsjælland · Jørgen Scheel · 11.788206705642715, 55.95538806935818 · 09:04
[alm-vestsjaelland] 2025-10-13 09:05:23 CEST · [alm] · 5 Råge · Overflyvende · Skansehage · DOF Vestsjælland · Jørgen Scheel · 11.788206705642715, 55.95538806935818 · 09:04
[alm-vestsjaelland] 2025-10-13 09:05:23 CEST · [alm] · 20 Allike · Overflyvende · Skansehage · DOF Vestsjælland · Jørgen Scheel · 11.788206705642715, 55.95538806935818 · 09:04
[alm-vestsjaelland] 2025-10-13 09:06:08 CEST · [alm] · 2 Bogfinke · Rastende · Kastrup, Tuse Næs · DOF Vestsjælland · Per Mølbak Christensen · 11.675013289348707, 55.765251341349654 · 08:34
[alm-vestsjaelland] 2025-10-13 09:06:08 CEST · [alm] · 13 Knortegås, Mørkbuget (ssp. bernicla) · Rastende · Skansehage · DOF Vestsjælland · Jørgen Scheel · 11.788206705642715, 55.95538806935818 · 09:04
[alm-vestsjaelland] 2025-10-13 09:06:08 CEST · [alm] · 28 Skarv · Rastende · Skansehage · DOF Vestsjælland · Jørgen Scheel · 11.788206705642715, 55.95538806935818 · 09:05
[alm-vestsjaelland] 2025-10-13 09:07:13 CEST · [alm] · 12 Grågås · Overflyvende · Kastrup, Tuse Næs · DOF Vestsjælland · Per Mølbak Christensen · 11.675013289348707, 55.765251341349654 · 08:34
[alm-vestsjaelland] 2025-10-13 09:09:23 CEST · [alm] · 1 Engpiber · Rastende · Kastrup, Tuse Næs · DOF Vestsjælland · Per Mølbak Christensen · 11.675013289348707, 55.765251341349654 · 08:34
[alm-vestsjaelland] 2025-10-13 09:12:42 CEST · [alm] · 6 Ederfugl · Rastende · Skansehage · DOF Vestsjælland · Jørgen Scheel · 11.788206705642715, 55.95538806935818 · 09:05
[alm-vestsjaelland] 2025-10-13 09:13:34 CEST · [alm] · 5 Stær · Rastende · Skansehage · DOF Vestsjælland · Jørgen Scheel · 11.788206705642715, 55.95538806935818 · 09:12
[alm-vestsjaelland] 2025-10-13 09:13:34 CEST · [alm] · 4 Sanglærke · Rastende · Skansehage · DOF Vestsjælland · Jørgen Scheel · 11.788206705642715, 55.95538806935818 · 09:12
[alm-vestsjaelland] 2025-10-13 09:13:34 CEST · [alm] · 1 Dompap · Rastende · Skansehage · DOF Vestsjælland · Jørgen Scheel · 11.788206705642715, 55.95538806935818 · 09:12
[alm-vestsjaelland] 2025-10-13 09:15:26 CEST · [alm] · 5 Bramgås · Trækkende · Skansehage · DOF Vestsjælland · Jørgen Scheel · 11.788206705642715, 55.95538806935818 · 09:14
[alm-vestsjaelland] 2025-10-13 09:15:26 CEST · [alm] · 2 Fiskehejre · Rastende · Skansehage · DOF Vestsjælland · Jørgen Scheel · 11.788206705642715, 55.95538806935818 · 09:14
[alm-vestsjaelland] 2025-10-13 09:15:26 CEST · [alm] · 1 Strandskade · Rastende · Skansehage · DOF Vestsjælland · Jørgen Scheel · 11.788206705642715, 55.95538806935818 · 09:14
[alm-vestsjaelland] 2025-10-13 09:23:01 CEST · [alm] · 14 Knortegås, Mørkbuget (ssp. bernicla) · Rastende · Skansehage · DOF Vestsjælland · Jørgen Scheel · 11.788206705642715, 55.95538806935818 · 09:04
[alm-vestsjaelland] 2025-10-13 09:23:01 CEST · [alm] · 1 Svartbag · Rastende · Skansehage · DOF Vestsjælland · Jørgen Scheel · 11.788206705642715, 55.95538806935818 · 09:22
[alm-vestsjaelland] 2025-10-13 09:23:01 CEST · [alm] · 1 Hættemåge · Rastende · Skansehage · DOF Vestsjælland · Jørgen Scheel · 11.788206705642715, 55.95538806935818 · 09:22
[alm-vestsjaelland] 2025-10-13 09:23:01 CEST · [alm] · 2 Krage · Rastende · Skansehage · DOF Vestsjælland · Jørgen Scheel · 11.788206705642715, 55.95538806935818 · 09:22
[alm-vestsjaelland] 2025-10-13 09:24:31 CEST · [alm] · 1 Kvækerfinke · Rastende · Skansehage · DOF Vestsjælland · Jørgen Scheel · 11.788206705642715, 55.95538806935818 · 09:22
[alm-vestsjaelland] 2025-10-13 09:24:31 CEST · [alm] · 20 Bogfinke · Rastende · Skansehage · DOF Vestsjælland · Jørgen Scheel · 11.788206705642715, 55.95538806935818 · 09:22
[alm-vestsjaelland] 2025-10-13 09:26:01 CEST · [alm] · 15 Knortegås, Mørkbuget (ssp. bernicla) · Rastende · Skansehage · DOF Vestsjælland · Jørgen Scheel · 11.788206705642715, 55.95538806935818 · 09:04
[alm-vestsjaelland] 2025-10-13 09:26:01 CEST · [alm] · 20 Grønirisk · Rastende · Skansehage · DOF Vestsjælland · Jørgen Scheel · 11.788206705642715, 55.95538806935818 · 09:25
[alm-vestsjaelland] 2025-10-13 09:32:00 CEST · [alm] · 2 Husskade · Rastende · Frederiksberg ved Sorø · DOF Vestsjælland · Henrik Gerner Baark · 11.56653546917154, 55.41459324249548
[alm-vestsjaelland] 2025-10-13 09:32:00 CEST · [alm] · 2 Skovspurv · Rastende · Frederiksberg ved Sorø · DOF Vestsjælland · Henrik Gerner Baark · 11.56653546917154, 55.41459324249548
[alm-vestsjaelland] 2025-10-13 09:32:00 CEST · [alm] · 1 Gransanger · Rastende · Kastrup, Tuse Næs · DOF Vestsjælland · Per Mølbak Christensen · 11.675013289348707, 55.765251341349654 · 08:34
[alm-vestsjaelland] 2025-10-13 09:32:00 CEST · [alm] · 60 Bramgås · Trækkende mod vest · Frederiksberg ved Sorø · DOF Vestsjælland · Henrik Gerner Baark · 11.556036109104753, 55.40622676769283 · 09:31
[alm-vestsjaelland] 2025-10-13 09:33:04 CEST · [alm] · 1 Musvit · Rastende · Frederiksberg ved Sorø · DOF Vestsjælland · Henrik Gerner Baark · 11.56653546917154, 55.41459324249548
[alm-vestsjaelland] 2025-10-13 09:34:07 CEST · [alm] · 22 Ringdue · Trækkende mod sydvest · Frederiksberg ved Sorø · DOF Vestsjælland · Henrik Gerner Baark · 11.557599730739964, 55.4067023693968 · 09:33
[alm-vestsjaelland] 2025-10-13 09:35:13 CEST · [alm] · 2 Husskade · Rastende · Kastrup, Tuse Næs · DOF Vestsjælland · Per Mølbak Christensen · 11.675013289348707, 55.765251341349654 · 08:34
[alm-vestsjaelland] 2025-10-13 09:35:13 CEST · [alm] · 2 Dompap · Rastende · Kastrup, Tuse Næs · DOF Vestsjælland · Per Mølbak Christensen · 11.675013289348707, 55.765251341349654 · 08:34
[alm-vestsjaelland] 2025-10-13 09:36:19 CEST · [alm] · 1 Engpiber · Overflyvende · Frederiksberg ved Sorø · DOF Vestsjælland · Henrik Gerner Baark · 11.56653546917154, 55.41459324249548
[alm-vestsjaelland] 2025-10-13 09:36:19 CEST · [alm] · 1 Skærpiber · Rastende · Skansehage · DOF Vestsjælland · Jørgen Scheel · 11.788206705642715, 55.95538806935818 · 09:35
[alm-vestsjaelland] 2025-10-13 09:37:50 CEST · [alm] · 6 Sanglærke · Rastende · Skansehage · DOF Vestsjælland · Jørgen Scheel · 11.788206705642715, 55.95538806935818 · 09:12
[alm-vestsjaelland] 2025-10-13 09:41:45 CEST · [alm] · 600 Ederfugl · Rastende · Skansehage · DOF Vestsjælland · Jørgen Scheel · 11.788206705642715, 55.95538806935818 · 09:05
[alm-vestsjaelland] 2025-10-13 09:44:41 CEST · [alm] · 1 Gransanger · Fouragerende · Svallerup · DOF Vestsjælland · Ole Busch · 11.1644827470779, 55.60663711697089
[alm-vestsjaelland] 2025-10-13 09:47:45 CEST · [alm] · 1 Blåmejse · Rastende · Frederiksberg ved Sorø · DOF Vestsjælland · Henrik Gerner Baark · 11.56653546917154, 55.41459324249548
[alm-vestsjaelland] 2025-10-13 09:47:45 CEST · [alm] · 2 Pibeand · Rastende · Skansehage · DOF Vestsjælland · Jørgen Scheel · 11.788206705642715, 55.95538806935818 · 09:47
[alm-vestsjaelland] 2025-10-13 09:52:07 CEST · [alm] · 5 Bjergirisk · Rastende · Skansehage · DOF Vestsjælland · Jørgen Scheel · 11.788206705642715, 55.95538806935818 · 09:51
[alm-vestsjaelland] 2025-10-13 09:52:07 CEST · [alm] · 1 Stillits · Rastende · Skansehage · DOF Vestsjælland · Jørgen Scheel · 11.788206705642715, 55.95538806935818 · 09:51
[alm-vestsjaelland] 2025-10-13 09:55:33 CEST · [alm] · 3 Blåmejse · Rastende · Skansehage · DOF Vestsjælland · Jørgen Scheel · 11.788206705642715, 55.95538806935818 · 09:54
[alm-vestsjaelland] 2025-10-13 10:02:25 CEST · [alm] · 6 Sølvmåge · Rastende · Skansehage · DOF Vestsjælland · Jørgen Scheel · 11.788206705642715, 55.95538806935818 · 10:02
[alm-vestsjaelland] 2025-10-13 10:06:09 CEST · [alm] · 12 Kvækerfinke · Rastende · Skansehage · DOF Vestsjælland · Jørgen Scheel · 11.788206705642715, 55.95538806935818 · 09:22
[alm-vestsjaelland] 2025-10-13 10:06:09 CEST · [alm] · 1 Ringdue · Rastende · Skansehage · DOF Vestsjælland · Jørgen Scheel · 11.788206705642715, 55.95538806935818 · 10:05
[alm-vestsjaelland] 2025-10-13 10:08:30 CEST · [alm] · 1 Gærdesmutte · Rastende · Skansehage · DOF Vestsjælland · Jørgen Scheel · 11.788206705642715, 55.95538806935818 · 10:07
[alm-vestsjaelland] 2025-10-13 10:09:53 CEST · [alm] · 1 Sule · Rastende · Ordrup Næs · DOF Vestsjælland · Thorkild Bastholm · 11.363672217807492, 55.84474472977183
[alm-vestsjaelland] 2025-10-13 10:11:07 CEST · [alm] · 1 Spurvehøg · Trækkende mod vest · Ordrup Næs · DOF Vestsjælland · Thorkild Bastholm · 11.363672217807492, 55.84474472977183
[alm-vestsjaelland] 2025-10-13 10:16:10 CEST · [alm] · 1 Rørspurv · Rastende · Skansehage · DOF Vestsjælland · Jørgen Scheel · 11.788206705642715, 55.95538806935818 · 10:15
[alm-vestsjaelland] 2025-10-13 10:22:07 CEST · [alm] · 4 Pibeand · Rastende · Korevlerne · DOF Vestsjælland · Lars Frede Petersen · 11.527393414148873, 55.88493896058901 · 10:00
[alm-vestsjaelland] 2025-10-13 10:23:13 CEST · [alm] · 23 Bramgås · Trækkende mod vest · Ordrup Næs · DOF Vestsjælland · Thorkild Bastholm · 11.363672217807492, 55.84474472977183
[alm-vestsjaelland] 2025-10-13 10:23:13 CEST · [alm] · 12 Dobbeltbekkasin · Rastende · Korevlerne · DOF Vestsjælland · Lars Frede Petersen · 11.527393414148873, 55.88493896058901 · 10:00
[alm-vestsjaelland] 2025-10-13 10:23:13 CEST · [alm] · 2 Lille Kobbersneppe · Rastende · Korevlerne · DOF Vestsjælland · Lars Frede Petersen · 11.527393414148873, 55.88493896058901 · 10:00
[alm-vestsjaelland] 2025-10-13 10:23:13 CEST · [alm] · 6 Rødben · Rastende · Korevlerne · DOF Vestsjælland · Lars Frede Petersen · 11.527393414148873, 55.88493896058901 · 10:00
[alm-vestsjaelland] 2025-10-13 10:23:13 CEST · [alm] · 2 Hvidklire · Rastende · Korevlerne · DOF Vestsjælland · Lars Frede Petersen · 11.527393414148873, 55.88493896058901 · 10:00
[alm-vestsjaelland] 2025-10-13 10:23:13 CEST · [alm] · 25 Almindelig Ryle · Rastende · Korevlerne · DOF Vestsjælland · Lars Frede Petersen · 11.527393414148873, 55.88493896058901 · 10:00
[alm-vestsjaelland] 2025-10-13 10:23:13 CEST · [alm] · 1 Storspove · Rastende · Korevlerne · DOF Vestsjælland · Lars Frede Petersen · 11.527393414148873, 55.88493896058901 · 10:00
[alm-vestsjaelland] 2025-10-13 10:23:13 CEST · [alm] · 10 Toppet Skallesluger · Rastende · Korevlerne · DOF Vestsjælland · Lars Frede Petersen · 11.527393414148873, 55.88493896058901 · 10:00
[alm-vestsjaelland] 2025-10-13 10:23:13 CEST · [alm] · 1 Fiskehejre · Rastende · Korevlerne · DOF Vestsjælland · Lars Frede Petersen · 11.527393414148873, 55.88493896058901 · 10:00
[alm-vestsjaelland] 2025-10-13 10:23:13 CEST · [alm] · 90 Allike · Trækkende mod syd · Korevlerne · DOF Vestsjælland · Lars Frede Petersen · 11.527393414148873, 55.88493896058901 · 10:00
[alm-vestsjaelland] 2025-10-13 10:24:09 CEST · [alm] · 65 Musvåge · Trækkende mod sydvest · Kruusesminde · DOF Vestsjælland · Joakim Matthiesen · 11.118162804260558, 55.35530478589496
[alm-vestsjaelland] 2025-10-13 10:24:09 CEST · [alm] · 7 Sanglærke · Overflyvende · Kastrup, Tuse Næs · DOF Vestsjælland · Per Mølbak Christensen · 11.675013289348707, 55.765251341349654 · 08:34
[alm-vestsjaelland] 2025-10-13 10:24:09 CEST · [alm] · 3 Blåmejse · Rastende · Korevlerne · DOF Vestsjælland · Lars Frede Petersen · 11.527393414148873, 55.88493896058901 · 10:00
[alm-vestsjaelland] 2025-10-13 10:24:09 CEST · [alm] · 20 Krikand · Rastende · Korevlerne · DOF Vestsjælland · Lars Frede Petersen · 11.527393414148873, 55.88493896058901 · 10:00
[alm-vestsjaelland] 2025-10-13 10:24:09 CEST · [alm] · 20 Grågås · Rastende · Korevlerne · DOF Vestsjælland · Lars Frede Petersen · 11.527393414148873, 55.88493896058901 · 10:00
[alm-vestsjaelland] 2025-10-13 10:25:06 CEST · [alm] · 12 Strandhjejle · Rastende · Korevlerne · DOF Vestsjælland · Lars Frede Petersen · 11.527393414148873, 55.88493896058901 · 10:00
[alm-vestsjaelland] 2025-10-13 10:28:23 CEST · [alm] · 150 Musvåge · Trækkende mod sydvest · Sprogø · DOF Vestsjælland · Joakim Matthiesen · 10.963839119274407, 55.33228530952553
[alm-vestsjaelland] 2025-10-13 10:29:38 CEST · [alm] · 185 Musvåge · Trækkende mod vest · Sprogø · DOF Vestsjælland · Joakim Matthiesen · 10.963839119274407, 55.33228530952553
[alm-vestsjaelland] 2025-10-13 10:30:54 CEST · [alm] · 41 Allike · Overflyvende · Kastrup, Tuse Næs · DOF Vestsjælland · Per Mølbak Christensen · 11.675013289348707, 55.765251341349654 · 08:34
[alm-vestsjaelland] 2025-10-13 10:32:17 CEST · [alm] · 250 Musvåge · Trækkende mod vest · Sprogø · DOF Vestsjælland · Joakim Matthiesen · 10.963839119274407, 55.33228530952553
[alm-vestsjaelland] 2025-10-13 10:32:17 CEST · [alm] · 56 Allike · Overflyvende · Kastrup, Tuse Næs · DOF Vestsjælland · Per Mølbak Christensen · 11.675013289348707, 55.765251341349654 · 08:34
[alm-vestsjaelland] 2025-10-13 10:32:56 CEST · [alm] · 250 Musvåge · Trækkende mod vest · Sprogø · DOF Vestsjælland · Joakim Matthiesen · 10.963839119274407, 55.33228530952553
[alm-vestsjaelland] 2025-10-13 10:32:56 CEST · [alm] · 56 Allike · Overflyvende · Kastrup, Tuse Næs · DOF Vestsjælland · Per Mølbak Christensen · 11.675013289348707, 55.765251341349654 · 08:34
[alm-vestsjaelland] 2025-10-13 10:35:35 CEST · [alm] · 30 Bramgås · Trækkende mod øst · Ordrup Næs · DOF Vestsjælland · Thorkild Bastholm · 11.363672217807492, 55.84474472977183
[alm-vestsjaelland] 2025-10-13 10:35:35 CEST · [alm] · 106 Allike · Overflyvende · Kastrup, Tuse Næs · DOF Vestsjælland · Per Mølbak Christensen · 11.675013289348707, 55.765251341349654 · 08:34
[alm-vestsjaelland] 2025-10-13 10:38:06 CEST · [alm] · 9 Sanglærke · Overflyvende · Kastrup, Tuse Næs · DOF Vestsjælland · Per Mølbak Christensen · 11.675013289348707, 55.765251341349654 · 08:34
[alm-vestsjaelland] 2025-10-13 10:40:10 CEST · [alm] · 57 Bramgås · Trækkende mod vest · Ordrup Næs · DOF Vestsjælland · Thorkild Bastholm · 11.363672217807492, 55.84474472977183
[alm-vestsjaelland] 2025-10-13 10:57:37 CEST · [alm] · 3 Musvåge · Trækkende · Hovvig, Odsherred · DOF Vestsjælland · Jørgen Scheel · 11.714372187370765, 55.920093539597644 · 10:56
[alm-vestsjaelland] 2025-10-13 10:57:37 CEST · [alm] · 1 Blåmejse · Rastende · Hovvig, Odsherred · DOF Vestsjælland · Jørgen Scheel · 11.714372187370765, 55.920093539597644 · 10:57
[alm-vestsjaelland] 2025-10-13 10:59:59 CEST · [alm] · 3 Fiskehejre · Rastende · Hovvig, Odsherred · DOF Vestsjælland · Jørgen Scheel · 11.714372187370765, 55.920093539597644 · 10:57
[alm-vestsjaelland] 2025-10-13 10:59:59 CEST · [alm] · 1 Skægmejse · Rastende · Hovvig, Odsherred · DOF Vestsjælland · Jørgen Scheel · 11.714372187370765, 55.920093539597644 · 10:58
[alm-vestsjaelland] 2025-10-13 10:59:59 CEST · [alm] · 350 Bramgås · Rastende · Hovvig, Odsherred · DOF Vestsjælland · Jørgen Scheel · 11.714372187370765, 55.920093539597644 · 10:58
[alm-vestsjaelland] 2025-10-13 11:02:12 CEST · [alm] · 1 Sølvmåge · Rastende · Hovvig, Odsherred · DOF Vestsjælland · Jørgen Scheel · 11.714372187370765, 55.920093539597644 · 10:59
[alm-vestsjaelland] 2025-10-13 11:02:12 CEST · [alm] · 2 Svartbag · Rastende · Hovvig, Odsherred · DOF Vestsjælland · Jørgen Scheel · 11.714372187370765, 55.920093539597644 · 11:00
[alm-vestsjaelland] 2025-10-13 11:10:11 CEST · [alm] · 22000 Ederfugl · Rastende · Omø Sydvestflak · DOF Vestsjælland · Poul Erik Hansen · 11.128153161627267, 55.152267181875715
[alm-vestsjaelland] 2025-10-13 11:10:11 CEST · [alm] · 4 Musvåge · Trækkende · Hovvig, Odsherred · DOF Vestsjælland · Jørgen Scheel · 11.714372187370765, 55.920093539597644 · 10:56
[alm-vestsjaelland] 2025-10-13 11:10:11 CEST · [alm] · 1 Solsort · Rastende · Hovvig, Odsherred · DOF Vestsjælland · Jørgen Scheel · 11.714372187370765, 55.920093539597644 · 11:09
[alm-vestsjaelland] 2025-10-13 11:12:06 CEST · [alm] · 200 Bramgås · Overflyvende · Korevlerne · DOF Vestsjælland · Lars Frede Petersen · 11.527393414148873, 55.88493896058901 · 10:00
[alm-vestsjaelland] 2025-10-13 11:12:06 CEST · [alm] · 1 Knortegås, Mørkbuget (ssp. bernicla) · Rastende · Korevlerne · DOF Vestsjælland · Lars Frede Petersen · 11.527393414148873, 55.88493896058901 · 10:00
[alm-vestsjaelland] 2025-10-13 11:12:06 CEST · [alm] · 1 Strandskade · Rastende · Korevlerne · DOF Vestsjælland · Lars Frede Petersen · 11.527393414148873, 55.88493896058901 · 10:00
[alm-vestsjaelland] 2025-10-13 11:12:06 CEST · [alm] · 5 Krage · Rastende · Korevlerne · DOF Vestsjælland · Lars Frede Petersen · 11.527393414148873, 55.88493896058901 · 10:00
[alm-vestsjaelland] 2025-10-13 11:12:06 CEST · [alm] · 4 Gråand · Rastende · Korevlerne · DOF Vestsjælland · Lars Frede Petersen · 11.527393414148873, 55.88493896058901 · 10:00
[alm-vestsjaelland] 2025-10-13 11:12:06 CEST · [alm] · 1 Musvit · Rastende · Korevlerne · DOF Vestsjælland · Lars Frede Petersen · 11.527393414148873, 55.88493896058901 · 10:00
[alm-vestsjaelland] 2025-10-13 11:12:06 CEST · [alm] · 1 Stor Flagspætte · Rastende · Korevlerne · DOF Vestsjælland · Lars Frede Petersen · 11.527393414148873, 55.88493896058901 · 10:00
[alm-vestsjaelland] 2025-10-13 11:12:06 CEST · [alm] · 60 Vibe · Rastende · Korevlerne · DOF Vestsjælland · Lars Frede Petersen · 11.527393414148873, 55.88493896058901 · 10:00
[alm-vestsjaelland] 2025-10-13 11:12:06 CEST · [alm] · 1 Rødhals · Trækkende · Hovvig, Odsherred · DOF Vestsjælland · Jørgen Scheel · 11.714372187370765, 55.920093539597644 · 11:09
[alm-vestsjaelland] 2025-10-13 11:12:06 CEST · [alm] · 120 Hjejle · Overflyvende · Hovvig, Odsherred · DOF Vestsjælland · Jørgen Scheel · 11.714372187370765, 55.920093539597644 · 11:10
[alm-vestsjaelland] 2025-10-13 11:14:29 CEST · [alm] · 15 Pibeand · Rastende · Korevlerne · DOF Vestsjælland · Lars Frede Petersen · 11.527393414148873, 55.88493896058901 · 10:00
[alm-vestsjaelland] 2025-10-13 11:14:29 CEST · [alm] · 3 Hvidklire · Rastende · Korevlerne · DOF Vestsjælland · Lars Frede Petersen · 11.527393414148873, 55.88493896058901 · 10:00
[alm-vestsjaelland] 2025-10-13 11:14:29 CEST · [alm] · 2 Storspove · Rastende · Korevlerne · DOF Vestsjælland · Lars Frede Petersen · 11.527393414148873, 55.88493896058901 · 10:00
[alm-vestsjaelland] 2025-10-13 11:14:29 CEST · [alm] · 5 Skarv · Overflyvende · Korevlerne · DOF Vestsjælland · Lars Frede Petersen · 11.527393414148873, 55.88493896058901 · 10:00
[alm-vestsjaelland] 2025-10-13 11:14:29 CEST · [alm] · 1 Sumpmejse · Rastende · Korevlerne · DOF Vestsjælland · Lars Frede Petersen · 11.527393414148873, 55.88493896058901 · 10:00
[alm-vestsjaelland] 2025-10-13 11:14:29 CEST · [alm] · 16 Klyde · Overflyvende · Hovvig, Odsherred · DOF Vestsjælland · Jørgen Scheel · 11.714372187370765, 55.920093539597644 · 11:12
[alm-vestsjaelland] 2025-10-13 11:17:17 CEST · [alm] · 130 Allike · Trækkende mod syd · Korevlerne · DOF Vestsjælland · Lars Frede Petersen · 11.527393414148873, 55.88493896058901 · 10:00
[alm-vestsjaelland] 2025-10-13 11:17:17 CEST · [alm] · 19 Klyde · Overflyvende · Hovvig, Odsherred · DOF Vestsjælland · Jørgen Scheel · 11.714372187370765, 55.920093539597644 · 11:12
[alm-vestsjaelland] 2025-10-13 11:17:17 CEST · [alm] · 1 Spidsand · Trækkende · Hovvig, Odsherred · DOF Vestsjælland · Jørgen Scheel · 11.714372187370765, 55.920093539597644 · 11:15
[alm-vestsjaelland] 2025-10-13 11:19:49 CEST · [alm] · 1 Grønsisken · Rastende · Kværkeby Fuglereservat · DOF Vestsjælland · Jørgen Madsen · 11.875756802149166, 55.47268903185497 · 11:10
[alm-vestsjaelland] 2025-10-13 11:19:49 CEST · [alm] · 1 Husskade · Rastende · Kværkeby Fuglereservat · DOF Vestsjælland · Jørgen Madsen · 11.875756802149166, 55.47268903185497 · 11:10
[alm-vestsjaelland] 2025-10-13 11:19:49 CEST · [alm] · 2 Musvåge · Trækkende mod sydvest · Kværkeby Fuglereservat · DOF Vestsjælland · Jørgen Madsen · 11.875756802149166, 55.47268903185497 · 11:10
[alm-vestsjaelland] 2025-10-13 11:22:29 CEST · [alm] · 1 Tårnfalk · Rastende · Kværkeby Fuglereservat · DOF Vestsjælland · Jørgen Madsen · 11.875756802149166, 55.47268903185497 · 11:10
[alm-vestsjaelland] 2025-10-13 11:22:29 CEST · [alm] · 2 Blåmejse · Rastende · Kværkeby Fuglereservat · DOF Vestsjælland · Jørgen Madsen · 11.875756802149166, 55.47268903185497 · 11:10
[alm-vestsjaelland] 2025-10-13 11:22:29 CEST · [alm] · 1 Havørn · Rastende · Hovvig, Odsherred · DOF Vestsjælland · Jørgen Scheel · 11.714372187370765, 55.920093539597644 · 11:20
[alm-vestsjaelland] 2025-10-13 11:24:43 CEST · [alm] · 1 Rødhals · Rastende · Kværkeby Fuglereservat · DOF Vestsjælland · Jørgen Madsen · 11.875756802149166, 55.47268903185497 · 11:10
[alm-vestsjaelland] 2025-10-13 11:24:43 CEST · [alm] · 1 Knopsvane · Rastende · Kværkeby Fuglereservat · DOF Vestsjælland · Jørgen Madsen · 11.875756802149166, 55.47268903185497 · 11:10
[alm-vestsjaelland] 2025-10-13 11:24:43 CEST · [alm] · 1 Spurvehøg · Trækkende · Hovvig, Odsherred · DOF Vestsjælland · Jørgen Scheel · 11.714372187370765, 55.920093539597644 · 11:22
[alm-vestsjaelland] 2025-10-13 11:27:05 CEST · [alm] · 2 Gulspurv · Rastende · Kastrup, Tuse Næs · DOF Vestsjælland · Per Mølbak Christensen · 11.675013289348707, 55.765251341349654 · 08:34
[alm-vestsjaelland] 2025-10-13 11:27:05 CEST · [alm] · 7 Musvåge · Trækkende mod sydvest · Kværkeby Fuglereservat · DOF Vestsjælland · Jørgen Madsen · 11.875756802149166, 55.47268903185497 · 11:10
[alm-vestsjaelland] 2025-10-13 11:27:05 CEST · [alm] · 94 Skeand · Rastende · Hovvig, Odsherred · DOF Vestsjælland · Jørgen Scheel · 11.714372187370765, 55.920093539597644 · 11:25
[alm-vestsjaelland] 2025-10-13 11:29:36 CEST · [alm] · 32 Musvåge · Trækkende mod sydvest · Kværkeby Fuglereservat · DOF Vestsjælland · Jørgen Madsen · 11.875756802149166, 55.47268903185497 · 11:10
[alm-vestsjaelland] 2025-10-13 11:29:36 CEST · [alm] · 650 Krikand · Rastende · Hovvig, Odsherred · DOF Vestsjælland · Jørgen Scheel · 11.714372187370765, 55.920093539597644 · 11:27
[alm-vestsjaelland] 2025-10-13 11:31:40 CEST · [alm] · 1 Spurvehøg · Trækkende mod sydvest · Kværkeby Fuglereservat · DOF Vestsjælland · Jørgen Madsen · 11.875756802149166, 55.47268903185497 · 11:10
[alm-vestsjaelland] 2025-10-13 11:31:40 CEST · [alm] · 7 Råge · Rastende · Kværkeby Fuglereservat · DOF Vestsjælland · Jørgen Madsen · 11.875756802149166, 55.47268903185497 · 11:10
[alm-vestsjaelland] 2025-10-13 11:34:01 CEST · [alm] · 2 Spurvehøg · Trækkende mod sydvest · Kværkeby Fuglereservat · DOF Vestsjælland · Jørgen Madsen · 11.875756802149166, 55.47268903185497 · 11:10
[alm-vestsjaelland] 2025-10-13 11:34:01 CEST · [alm] · 1 Dompap · Rastende · Hovvig, Odsherred · DOF Vestsjælland · Jørgen Scheel · 11.714372187370765, 55.920093539597644 · 11:31
[alm-vestsjaelland] 2025-10-13 11:36:22 CEST · [alm] · 3 Blåmejse · Rastende · Kværkeby Fuglereservat · DOF Vestsjælland · Jørgen Madsen · 11.875756802149166, 55.47268903185497 · 11:10
[alm-vestsjaelland] 2025-10-13 11:36:22 CEST · [alm] · 1 Gærdesmutte · Rastende · Kværkeby Fuglereservat · DOF Vestsjælland · Jørgen Madsen · 11.875756802149166, 55.47268903185497 · 11:10
[alm-vestsjaelland] 2025-10-13 11:38:26 CEST · [alm] · 3 Sølvhejre · Fouragerende · Korevlerne · DOF Vestsjælland · Stig Prehn · 11.527393414148873, 55.88493896058901 · 09:30
[alm-vestsjaelland] 2025-10-13 11:38:26 CEST · [alm] · 2 Tårnfalk · Rastende · Kværkeby Fuglereservat · DOF Vestsjælland · Jørgen Madsen · 11.875756802149166, 55.47268903185497 · 11:10
[alm-vestsjaelland] 2025-10-13 11:38:26 CEST · [alm] · 1 Solsort · Rastende · Kværkeby Fuglereservat · DOF Vestsjælland · Jørgen Madsen · 11.875756802149166, 55.47268903185497 · 11:10
[alm-vestsjaelland] 2025-10-13 11:40:40 CEST · [alm] · 8 Gravand · Rastende · Hovvig, Odsherred · DOF Vestsjælland · Jørgen Scheel · 11.714372187370765, 55.920093539597644 · 11:39
[alm-vestsjaelland] 2025-10-13 11:43:02 CEST · [alm] · 2 Rødhals · Rastende · Kværkeby Fuglereservat · DOF Vestsjælland · Jørgen Madsen · 11.875756802149166, 55.47268903185497 · 11:10
[alm-vestsjaelland] 2025-10-13 11:45:24 CEST · [alm] · 1 Krage, Gråkrage (ssp. cornix) · Rastende · Kværkeby Fuglereservat · DOF Vestsjælland · Jørgen Madsen · 11.875756802149166, 55.47268903185497 · 11:10
[alm-vestsjaelland] 2025-10-13 11:47:20 CEST · [alm] · 5 Musvåge · Trækkende · Hovvig, Odsherred · DOF Vestsjælland · Jørgen Scheel · 11.714372187370765, 55.920093539597644 · 10:56
[alm-vestsjaelland] 2025-10-13 11:49:51 CEST · [alm] · 3 Allike · Rastende · Kværkeby Fuglereservat · DOF Vestsjælland · Jørgen Madsen · 11.875756802149166, 55.47268903185497 · 11:10
[alm-vestsjaelland] 2025-10-13 11:49:51 CEST · [alm] · 1 Ringdue · Rastende · Kværkeby Fuglereservat · DOF Vestsjælland · Jørgen Madsen · 11.875756802149166, 55.47268903185497 · 11:10
[alm-vestsjaelland] 2025-10-13 11:49:51 CEST · [alm] · 2 Grønsisken · Trækkende · Hovvig, Odsherred · DOF Vestsjælland · Jørgen Scheel · 11.714372187370765, 55.920093539597644 · 11:47
[alm-vestsjaelland] 2025-10-13 11:49:51 CEST · [alm] · 1 Vandrikse · Rastende · Hovvig, Odsherred · DOF Vestsjælland · Jørgen Scheel · 11.714372187370765, 55.920093539597644 · 11:47
[alm-vestsjaelland] 2025-10-13 11:51:46 CEST · [alm] · 5435 Musvåge · Trækkende mod vest · Korsør Skov · DOF Vestsjælland · Kim Vøttrup · 11.177454915677572, 55.31601767118431 · 09:00-11:48
[alm-vestsjaelland] 2025-10-13 11:51:46 CEST · [alm] · 13 Allike · Rastende · Kværkeby Fuglereservat · DOF Vestsjælland · Jørgen Madsen · 11.875756802149166, 55.47268903185497 · 11:10
[alm-vestsjaelland] 2025-10-13 11:51:46 CEST · [alm] · 1 Tårnfalk · Rastende · Hovvig, Odsherred · DOF Vestsjælland · Jørgen Scheel · 11.714372187370765, 55.920093539597644 · 11:50
[alm-vestsjaelland] 2025-10-13 11:51:46 CEST · [alm] · 40 Hættemåge · Rastende · Hovvig, Odsherred · DOF Vestsjælland · Jørgen Scheel · 11.714372187370765, 55.920093539597644 · 11:50
[alm-vestsjaelland] 2025-10-13 11:53:59 CEST · [alm] · 15 Rød Glente · Trækkende mod vest · Korsør Skov · DOF Vestsjælland · Kim Vøttrup · 11.177454915677572, 55.31601767118431 · 09:00-11:48
[alm-vestsjaelland] 2025-10-13 11:53:59 CEST · [alm] · 3 Hedelærke · Trækkende mod vest · Korsør Skov · DOF Vestsjælland · Kim Vøttrup · 11.177454915677572, 55.31601767118431 · 09:00-11:48
[alm-vestsjaelland] 2025-10-13 11:56:13 CEST · [alm] · 1 Kvækerfinke · Rastende · Kastrup, Tuse Næs · DOF Vestsjælland · Per Mølbak Christensen · 11.675013289348707, 55.765251341349654 · 08:34
[alm-vestsjaelland] 2025-10-13 11:56:13 CEST · [alm] · 135 Skarv · Rastende · Hovvig, Odsherred · DOF Vestsjælland · Jørgen Scheel · 11.714372187370765, 55.920093539597644 · 11:55
[alm-vestsjaelland] 2025-10-13 11:58:36 CEST · [alm] · 2 Stillits · Rastende · Kastrup, Tuse Næs · DOF Vestsjælland · Per Mølbak Christensen · 11.675013289348707, 55.765251341349654 · 08:34
[alm-vestsjaelland] 2025-10-13 11:58:36 CEST · [alm] · 3 Skægmejse · Rastende · Hovvig, Odsherred · DOF Vestsjælland · Jørgen Scheel · 11.714372187370765, 55.920093539597644 · 10:58
[alm-vestsjaelland] 2025-10-13 12:00:58 CEST · [alm] · 1 Havørn · Rastende · Rønnen i Holbæk Fjord · DOF Vestsjælland · Peter Christiansen · 11.720287799835205, 55.731629078139484 · 11:00-11:55
[alm-vestsjaelland] 2025-10-13 12:07:04 CEST · [alm] · 1 Ravn · Rastende · Hovvig, Odsherred · DOF Vestsjælland · Jørgen Scheel · 11.714372187370765, 55.920093539597644 · 12:06
[alm-vestsjaelland] 2025-10-13 12:13:26 CEST · [alm] · 1 Tårnfalk · Overflyvende · Kastrup, Tuse Næs · DOF Vestsjælland · Per Mølbak Christensen · 11.675013289348707, 55.765251341349654 · 08:34
[alm-vestsjaelland] 2025-10-13 12:13:26 CEST · [alm] · 1 Spurvehøg · Overflyvende · Kastrup, Tuse Næs · DOF Vestsjælland · Per Mølbak Christensen · 11.675013289348707, 55.765251341349654 · 08:34
[alm-vestsjaelland] 2025-10-13 12:17:53 CEST · [alm] · 42 Musvåge · Trækkende mod sydvest · Kværkeby Fuglereservat · DOF Vestsjælland · Jørgen Madsen · 11.875756802149166, 55.47268903185497 · 11:10
[alm-vestsjaelland] 2025-10-13 12:17:53 CEST · [alm] · 3 Spurvehøg · Trækkende mod sydvest · Kværkeby Fuglereservat · DOF Vestsjælland · Jørgen Madsen · 11.875756802149166, 55.47268903185497 · 11:10
[alm-vestsjaelland] 2025-10-13 12:17:53 CEST · [alm] · 1 Rød Glente · Rastende · Kværkeby Fuglereservat · DOF Vestsjælland · Jørgen Madsen · 11.875756802149166, 55.47268903185497 · 11:10
[alm-vestsjaelland] 2025-10-13 12:25:54 CEST · [alm] · 5 Blåmejse · Rastende · Kværkeby Fuglereservat · DOF Vestsjælland · Jørgen Madsen · 11.875756802149166, 55.47268903185497 · 11:10
[alm-vestsjaelland] 2025-10-13 12:25:54 CEST · [alm] · 7 Knopsvane · Rastende · Kværkeby Fuglereservat · DOF Vestsjælland · Jørgen Madsen · 11.875756802149166, 55.47268903185497 · 11:10
[alm-vestsjaelland] 2025-10-13 12:25:54 CEST · [alm] · 1 Gransanger · Rastende · Kværkeby Fuglereservat · DOF Vestsjælland · Jørgen Madsen · 11.875756802149166, 55.47268903185497 · 11:10
[alm-vestsjaelland] 2025-10-13 12:25:54 CEST · [alm] · 1 Musvit · Rastende · Kværkeby Fuglereservat · DOF Vestsjælland · Jørgen Madsen · 11.875756802149166, 55.47268903185497 · 11:10
[alm-vestsjaelland] 2025-10-13 12:27:49 CEST · [alm] · 1 Kvækerfinke · Rastende · Kværkeby Fuglereservat · DOF Vestsjælland · Jørgen Madsen · 11.875756802149166, 55.47268903185497 · 11:10
[alm-vestsjaelland] 2025-10-13 12:27:49 CEST · [alm] · 1 Stor Flagspætte · Rastende · Kværkeby Fuglereservat · DOF Vestsjælland · Jørgen Madsen · 11.875756802149166, 55.47268903185497 · 11:10
[alm-vestsjaelland] 2025-10-13 12:29:53 CEST · [alm] · 2 Musvit · Rastende · Kværkeby Fuglereservat · DOF Vestsjælland · Jørgen Madsen · 11.875756802149166, 55.47268903185497 · 11:10
[alm-vestsjaelland] 2025-10-13 12:29:53 CEST · [alm] · 200 Musvåge · Trækkende mod vest · Spangsbro · DOF Vestsjælland · Jan Lindgaard Rasmussen · 11.147081776468925, 55.69668605986578 · 12:28
[alm-vestsjaelland] 2025-10-13 12:29:53 CEST · [alm] · 50 Musvåge · Overflyvende · Bisserup by · DOF Vestsjælland · Allan Steensen · 11.499815449006283, 55.21076899572941 · 12:29
[alm-vestsjaelland] 2025-10-13 12:31:59 CEST · [alm] · 65 Bramgås · Trækkende mod vest · Ordrup Næs · DOF Vestsjælland · Thorkild Bastholm · 11.363672217807492, 55.84474472977183
[alm-vestsjaelland] 2025-10-13 12:31:59 CEST · [alm] · 18 Grågås · Trækkende mod sydvest · Ordrup Næs · DOF Vestsjælland · Thorkild Bastholm · 11.363672217807492, 55.84474472977183
[alm-vestsjaelland] 2025-10-13 12:31:59 CEST · [alm] · 1 Fuglekonge · Rastende · Kværkeby Fuglereservat · DOF Vestsjælland · Jørgen Madsen · 11.875756802149166, 55.47268903185497 · 11:10
[alm-vestsjaelland] 2025-10-13 12:31:59 CEST · [alm] · 3 Rød Glente · Overflyvende · Bisserup by · DOF Vestsjælland · Allan Steensen · 11.499815449006283, 55.21076899572941 · 12:29
[alm-vestsjaelland] 2025-10-13 12:31:59 CEST · [alm] · 2 Sumpmejse · Fouragerende · Bisserup by · DOF Vestsjælland · Allan Steensen · 11.499815449006283, 55.21076899572941 · 12:29
[alm-vestsjaelland] 2025-10-13 12:31:59 CEST · [alm] · 1 Musvit · Fouragerende · Bisserup by · DOF Vestsjælland · Allan Steensen · 11.499815449006283, 55.21076899572941 · 12:29
[alm-vestsjaelland] 2025-10-13 12:31:59 CEST · [alm] · 1 Grønsisken · Rastende · Bisserup by · DOF Vestsjælland · Allan Steensen · 11.499815449006283, 55.21076899572941 · 12:29
[alm-vestsjaelland] 2025-10-13 12:31:59 CEST · [alm] · 1 Træløber · Rastende · Bisserup by · DOF Vestsjælland · Allan Steensen · 11.499815449006283, 55.21076899572941 · 12:29
[alm-vestsjaelland] 2025-10-13 12:36:18 CEST · [alm] · 250 Musvåge · Trækkende mod vest · Spangsbro · DOF Vestsjælland · Jan Lindgaard Rasmussen · 11.147081776468925, 55.69668605986578 · 12:28
[alm-vestsjaelland] 2025-10-13 12:36:18 CEST · [alm] · 2 Musvit · Fouragerende · Bisserup by · DOF Vestsjælland · Allan Steensen · 11.499815449006283, 55.21076899572941 · 12:29
[alm-vestsjaelland] 2025-10-13 12:36:18 CEST · [alm] · 1 Spætmejse · Fouragerende · Bisserup by · DOF Vestsjælland · Allan Steensen · 11.499815449006283, 55.21076899572941 · 12:29
[alm-vestsjaelland] 2025-10-13 12:36:18 CEST · [alm] · 1 Vindrossel · Fouragerende · Bisserup by · DOF Vestsjælland · Allan Steensen · 11.499815449006283, 55.21076899572941 · 12:29
[alm-vestsjaelland] 2025-10-13 12:44:36 CEST · [alm] · 2 Rød Glente · Trækkende · Lynge-Eskilstrup · DOF Vestsjælland · Ole Nilsson · 11.528262581583277, 55.371380454354636 · 12:42
[alm-vestsjaelland] 2025-10-13 12:46:41 CEST · [alm] · 3 Blåmejse · Fouragerende · Halsskov · DOF Vestsjælland · Tune Hasle Nielsen · 11.12948715031188, 55.342614493539116
[alm-vestsjaelland] 2025-10-13 12:46:41 CEST · [alm] · 5 Musvit · Fouragerende · Halsskov · DOF Vestsjælland · Tune Hasle Nielsen · 11.12948715031188, 55.342614493539116
[alm-vestsjaelland] 2025-10-13 12:48:54 CEST · [alm] · 12 Skovspurv · Fouragerende · Halsskov · DOF Vestsjælland · Tune Hasle Nielsen · 11.12948715031188, 55.342614493539116
[alm-vestsjaelland] 2025-10-13 12:48:54 CEST · [alm] · 1 Rødhals · Rastende · Halsskov · DOF Vestsjælland · Tune Hasle Nielsen · 11.12948715031188, 55.342614493539116
[alm-vestsjaelland] 2025-10-13 12:48:54 CEST · [alm] · 3 Fjeldvåge · Overflyvende · Halsskov · DOF Vestsjælland · Tune Hasle Nielsen · 11.12948715031188, 55.342614493539116
[alm-vestsjaelland] 2025-10-13 12:48:54 CEST · [alm] · 4 Rød Glente · Overflyvende · Halsskov · DOF Vestsjælland · Tune Hasle Nielsen · 11.12948715031188, 55.342614493539116
[alm-vestsjaelland] 2025-10-13 12:50:50 CEST · [alm] · 75 Musvåge · Overflyvende · Halsskov · DOF Vestsjælland · Tune Hasle Nielsen · 11.12948715031188, 55.342614493539116
[alm-vestsjaelland] 2025-10-13 12:50:50 CEST · [alm] · 1 Rød Glente · Rastende · Frederiksberg ved Sorø · DOF Vestsjælland · Henrik Gerner Baark · 11.5561580657959, 55.40809012808358 · 12:46
[alm-vestsjaelland] 2025-10-13 12:57:58 CEST · [alm] · 150 Musvåge · Trækkende mod vest · Agersø agerland · DOF Vestsjælland · Eigil Thomasen · 11.186132788600958, 55.22049659445281 · 12:50
[alm-vestsjaelland] 2025-10-13 13:00:03 CEST · [alm] · 150 Musvåge · Trækkende mod vest · Stigsnæs Færgehavn · DOF Vestsjælland · Eigil Thomasen · 11.243666109058681, 55.212719372395384 · 12:30-12:50
[alm-vestsjaelland] 2025-10-13 13:00:03 CEST · [alm] · 3 Rød Glente · Trækkende mod vest · Stigsnæs Færgehavn · DOF Vestsjælland · Eigil Thomasen · 11.243666109058681, 55.212719372395384 · 12:35
[alm-vestsjaelland] 2025-10-13 13:04:13 CEST · [alm] · 300 Musvåge · Trækkende mod vest · Spangsbro · DOF Vestsjælland · Jan Lindgaard Rasmussen · 11.147081776468925, 55.69668605986578 · 12:28
[alm-vestsjaelland] 2025-10-13 13:07:47 CEST · [alm] · 4 Rød Glente · Trækkende mod sydvest · Stigsnæs Færgehavn · DOF Vestsjælland · Eigil Thomasen · 11.243666109058681, 55.212719372395384 · 13:00
[alm-vestsjaelland] 2025-10-13 13:11:47 CEST · [alm] · 5 Råge · Rastende · Frederiksberg ved Sorø · DOF Vestsjælland · Henrik Gerner Baark · 11.56653546917154, 55.41459324249548
[alm-vestsjaelland] 2025-10-13 13:23:33 CEST · [alm] · 1 Ravn · Rastende · Frederiksberg ved Sorø · DOF Vestsjælland · Henrik Gerner Baark · 11.56653546917154, 55.41459324249548
[alm-vestsjaelland] 2025-10-13 13:30:50 CEST · [alm] · 1 Husskade · Rastende · Nørrevang, Rørvig · DOF Vestsjælland · Jørgen Scheel · 11.76491103158312, 55.958771742226276 · 13:30
[alm-vestsjaelland] 2025-10-13 13:33:12 CEST · [alm] · 35 Ringdue · Trækkende mod sydvest · Stigsnæs Færgehavn · DOF Vestsjælland · Eigil Thomasen · 11.243666109058681, 55.212719372395384 · 13:25-13:25
[alm-vestsjaelland] 2025-10-13 13:33:12 CEST · [alm] · 22 Musvit · Trækkende · Nørrevang, Rørvig · DOF Vestsjælland · Jørgen Scheel · 11.76491103158312, 55.958771742226276 · 13:30
[alm-vestsjaelland] 2025-10-13 13:35:08 CEST · [alm] · 26 Musvåge · Trækkende · Nørrevang, Rørvig · DOF Vestsjælland · Jørgen Scheel · 11.76491103158312, 55.958771742226276 · 13:32
[alm-vestsjaelland] 2025-10-13 13:37:22 CEST · [alm] · 49 Musvåge · Trækkende · Nørrevang, Rørvig · DOF Vestsjælland · Jørgen Scheel · 11.76491103158312, 55.958771742226276 · 13:32
[alm-vestsjaelland] 2025-10-13 13:39:54 CEST · [alm] · 52 Musvåge · Overflyvende · Hejninge Mose · DOF Vestsjælland · Lars Olsen · 11.29291021076284, 55.407797523270574
[alm-vestsjaelland] 2025-10-13 13:39:54 CEST · [alm] · 57 Musvåge · Trækkende · Nørrevang, Rørvig · DOF Vestsjælland · Jørgen Scheel · 11.76491103158312, 55.958771742226276 · 13:32
[alm-vestsjaelland] 2025-10-13 13:41:50 CEST · [alm] · 62 Musvåge · Trækkende · Nørrevang, Rørvig · DOF Vestsjælland · Jørgen Scheel · 11.76491103158312, 55.958771742226276 · 13:32
[alm-vestsjaelland] 2025-10-13 13:41:50 CEST · [alm] · 2 Spurvehøg · Trækkende mod sydvest · Stigsnæs Færgehavn · DOF Vestsjælland · Eigil Thomasen · 11.243666109058681, 55.212719372395384 · 13:38
[alm-vestsjaelland] 2025-10-13 13:48:13 CEST · [alm] · 1 Spurvehøg · Rastende · Hejninge Mose · DOF Vestsjælland · Lars Olsen · 11.29291021076284, 55.407797523270574
[alm-vestsjaelland] 2025-10-13 13:48:13 CEST · [alm] · 63 Musvåge · Trækkende · Nørrevang, Rørvig · DOF Vestsjælland · Jørgen Scheel · 11.76491103158312, 55.958771742226276 · 13:32
[alm-vestsjaelland] 2025-10-13 13:50:17 CEST · [alm] · 68 Musvåge · Trækkende · Nørrevang, Rørvig · DOF Vestsjælland · Jørgen Scheel · 11.76491103158312, 55.958771742226276 · 13:32
[alm-vestsjaelland] 2025-10-13 13:52:40 CEST · [alm] · 153 Musvåge · Overflyvende · Hejninge Mose · DOF Vestsjælland · Lars Olsen · 11.29291021076284, 55.407797523270574
[alm-vestsjaelland] 2025-10-13 13:52:40 CEST · [alm] · 82 Musvåge · Trækkende · Nørrevang, Rørvig · DOF Vestsjælland · Jørgen Scheel · 11.76491103158312, 55.958771742226276 · 13:32
[alm-vestsjaelland] 2025-10-13 13:52:40 CEST · [alm] · 1 Dværgfalk · Trækkende mod sydvest · Stigsnæs Færgehavn · DOF Vestsjælland · Eigil Thomasen · 11.243666109058681, 55.212719372395384 · 13:48
[alm-vestsjaelland] 2025-10-13 13:55:11 CEST · [alm] · 174 Musvåge · Overflyvende · Hejninge Mose · DOF Vestsjælland · Lars Olsen · 11.29291021076284, 55.407797523270574
[alm-vestsjaelland] 2025-10-13 13:55:11 CEST · [alm] · 1 Isfugl · Rastende · Hejninge Mose · DOF Vestsjælland · Lars Olsen · 11.29291021076284, 55.407797523270574
[alm-vestsjaelland] 2025-10-13 14:07:47 CEST · [alm] · 171 Musvåge · Trækkende mod sydvest · Stigsnæs Færgehavn · DOF Vestsjælland · Eigil Thomasen · 11.243666109058681, 55.212719372395384 · 14:00-14:06
[alm-vestsjaelland] 2025-10-13 14:10:00 CEST · [alm] · 28 Musvåge · Trækkende · Nakke Nord · DOF Vestsjælland · Jørgen Scheel · 11.732716262828246, 55.92887052209119 · 14:01
[alm-vestsjaelland] 2025-10-13 14:10:00 CEST · [alm] · 1 Fjeldvåge · Trækkende · Nakke Nord · DOF Vestsjælland · Jørgen Scheel · 11.732716262828246, 55.92887052209119 · 14:08
[alm-vestsjaelland] 2025-10-13 14:10:00 CEST · [alm] · 1 Havørn · Trækkende · Lynge-Eskilstrup · DOF Vestsjælland · Ole Nilsson · 11.521192614373984, 55.37100675602289 · 14:08
[alm-vestsjaelland] 2025-10-13 14:12:13 CEST · [alm] · 1 Musvåge · Trækkende mod vest · Lynge-Eskilstrup · DOF Vestsjælland · Ole Nilsson · 11.528262581583277, 55.371380454354636 · 12:42
[alm-vestsjaelland] 2025-10-13 14:12:13 CEST · [alm] · 5 Hættemåge · Overflyvende · Lynge-Eskilstrup · DOF Vestsjælland · Ole Nilsson · 11.528262581583277, 55.371380454354636 · 12:42
[alm-vestsjaelland] 2025-10-13 14:12:13 CEST · [alm] · 43 Musvåge · Trækkende · Nakke Nord · DOF Vestsjælland · Jørgen Scheel · 11.732716262828246, 55.92887052209119 · 14:01
[alm-vestsjaelland] 2025-10-13 14:14:45 CEST · [alm] · 45 Musvåge · Trækkende mod syd · Nakke Nord · DOF Vestsjælland · Niels Klausen · 11.732716262828246, 55.92887052209119 · 14:12
[alm-vestsjaelland] 2025-10-13 14:16:57 CEST · [alm] · 57 Musvåge · Trækkende mod syd · Nakke Nord · DOF Vestsjælland · Niels Klausen · 11.732716262828246, 55.92887052209119 · 14:12
[alm-vestsjaelland] 2025-10-13 14:20:56 CEST · [alm] · 2 Musvåge · Trækkende mod vest · Lynge-Eskilstrup · DOF Vestsjælland · Ole Nilsson · 11.528262581583277, 55.371380454354636 · 12:42-14:19
[alm-vestsjaelland] 2025-10-13 14:20:56 CEST · [alm] · 66 Musvåge · Trækkende mod syd · Nakke Nord · DOF Vestsjælland · Niels Klausen · 11.732716262828246, 55.92887052209119 · 14:12
[alm-vestsjaelland] 2025-10-13 14:29:50 CEST · [alm] · 76 Musvåge · Trækkende mod syd · Nakke Nord · DOF Vestsjælland · Niels Klausen · 11.732716262828246, 55.92887052209119 · 14:12
[alm-vestsjaelland] 2025-10-13 14:35:53 CEST · [alm] · 127 Musvåge · Trækkende mod syd · Nakke Nord · DOF Vestsjælland · Niels Klausen · 11.732716262828246, 55.92887052209119 · 14:12
[alm-vestsjaelland] 2025-10-13 14:35:53 CEST · [alm] · 10 Rød Glente · Trækkende mod sydvest · Stigsnæs Færgehavn · DOF Vestsjælland · Eigil Thomasen · 11.243666109058681, 55.212719372395384 · 14:31
[alm-vestsjaelland] 2025-10-13 14:35:53 CEST · [alm] · 1 Sølvhejre · Overflyvende · Nakke Øst · DOF Vestsjælland · Steen Paulsen · 11.746012441336182, 55.91320742048947 · 14:34
[alm-vestsjaelland] 2025-10-13 14:37:48 CEST · [alm] · 157 Musvåge · Trækkende mod syd · Nakke Nord · DOF Vestsjælland · Niels Klausen · 11.732716262828246, 55.92887052209119 · 14:12
[alm-vestsjaelland] 2025-10-13 14:37:48 CEST · [alm] · 1 Spurvehøg · Trækkende · Nakke Nord · DOF Vestsjælland · Jørgen Scheel · 11.732716262828246, 55.92887052209119 · 14:35
[alm-vestsjaelland] 2025-10-13 14:37:48 CEST · [alm] · 7 Musvåge · Trækkende · Nakke Øst · DOF Vestsjælland · Steen Paulsen · 11.746012441336182, 55.91320742048947 · 14:36
[alm-vestsjaelland] 2025-10-13 14:39:53 CEST · [alm] · 2 Spurvehøg · Rastende · Nakke Nord · DOF Vestsjælland · Niels Klausen · 11.732716262828246, 55.92887052209119 · 14:37
[alm-vestsjaelland] 2025-10-13 14:43:00 CEST · [alm] · 170 Musvåge · Trækkende mod syd · Nakke Nord · DOF Vestsjælland · Niels Klausen · 11.732716262828246, 55.92887052209119 · 14:12
[alm-vestsjaelland] 2025-10-13 14:48:50 CEST · [alm] · 174 Musvåge · Trækkende mod syd · Nakke Nord · DOF Vestsjælland · Niels Klausen · 11.732716262828246, 55.92887052209119 · 14:12
[alm-vestsjaelland] 2025-10-13 14:50:47 CEST · [alm] · 175 Musvåge · Trækkende mod syd · Nakke Nord · DOF Vestsjælland · Niels Klausen · 11.732716262828246, 55.92887052209119 · 14:12
[alm-vestsjaelland] 2025-10-13 14:56:56 CEST · [alm] · 190 Musvåge · Trækkende mod syd · Nakke Nord · DOF Vestsjælland · Niels Klausen · 11.732716262828246, 55.92887052209119 · 14:12
[alm-vestsjaelland] 2025-10-13 15:00:49 CEST · [alm] · 201 Musvåge · Trækkende mod syd · Nakke Nord · DOF Vestsjælland · Niels Klausen · 11.732716262828246, 55.92887052209119 · 14:12
[alm-vestsjaelland] 2025-10-13 15:05:10 CEST · [alm] · 2 Sanglærke · Trækkende · Nakke Nord · DOF Vestsjælland · Jørgen Scheel · 11.732716262828246, 55.92887052209119 · 15:03
[alm-vestsjaelland] 2025-10-13 15:07:11 CEST · [alm] · 207 Musvåge · Trækkende mod syd · Nakke Nord · DOF Vestsjælland · Niels Klausen · 11.732716262828246, 55.92887052209119 · 14:12
[alm-vestsjaelland] 2025-10-13 15:17:20 CEST · [alm] · 250 Musvåge · Trækkende mod syd · Nakke Nord · DOF Vestsjælland · Niels Klausen · 11.732716262828246, 55.92887052209119 · 14:12
[alm-vestsjaelland] 2025-10-13 15:21:30 CEST · [alm] · 256 Musvåge · Trækkende mod syd · Nakke Nord · DOF Vestsjælland · Niels Klausen · 11.732716262828246, 55.92887052209119 · 14:12
[alm-vestsjaelland] 2025-10-13 15:23:25 CEST · [alm] · 1 Husskade · Rastende · Nakke Nord · DOF Vestsjælland · Jørgen Scheel · 11.732716262828246, 55.92887052209119 · 15:22
[alm-vestsjaelland] 2025-10-13 15:23:25 CEST · [alm] · 1 Tårnfalk · Rastende · Nakke Nord · DOF Vestsjælland · Niels Klausen · 11.732716262828246, 55.92887052209119 · 15:22
[alm-vestsjaelland] 2025-10-13 15:28:55 CEST · [alm] · 8 Kvækerfinke · Rastende · Svallerup · DOF Vestsjælland · Ole Busch · 11.1644827470779, 55.60663711697089
[alm-vestsjaelland] 2025-10-13 15:28:55 CEST · [alm] · 259 Musvåge · Trækkende mod syd · Nakke Nord · DOF Vestsjælland · Niels Klausen · 11.732716262828246, 55.92887052209119 · 14:12
[alm-vestsjaelland] 2025-10-13 15:31:27 CEST · [alm] · 3 Musvåge · Overflyvende · Ruds Vedby · DOF Vestsjælland · Ole Nilsson · 11.383757907654497, 55.53998375030133 · 15:16
[alm-vestsjaelland] 2025-10-13 15:33:32 CEST · [alm] · 2 Ravn · Rastende · Frederiksberg ved Sorø · DOF Vestsjælland · Henrik Gerner Baark · 11.56653546917154, 55.41459324249548
[alm-vestsjaelland] 2025-10-13 15:33:32 CEST · [alm] · 4 Musvåge · Overflyvende · Ruds Vedby · DOF Vestsjælland · Ole Nilsson · 11.383757907654497, 55.53998375030133 · 15:16
[alm-vestsjaelland] 2025-10-13 15:33:32 CEST · [alm] · 3 Musvit · Rastende · Ruds Vedby · DOF Vestsjælland · Ole Nilsson · 11.383757907654497, 55.53998375030133 · 15:16
[alm-vestsjaelland] 2025-10-13 15:33:32 CEST · [alm] · 1 Ravn · Overflyvende · Ruds Vedby · DOF Vestsjælland · Ole Nilsson · 11.383757907654497, 55.53998375030133 · 15:16
[alm-vestsjaelland] 2025-10-13 15:35:45 CEST · [alm] · 1000 Bramgås · Rastende · Korevlerne · DOF Vestsjælland · Per Fibæk Laursen · 11.527393414148873, 55.88493896058901 · 14:00-15:33
[alm-vestsjaelland] 2025-10-13 15:35:45 CEST · [alm] · 400 Grågås · Rastende · Korevlerne · DOF Vestsjælland · Per Fibæk Laursen · 11.527393414148873, 55.88493896058901 · 14:00-15:33
[alm-vestsjaelland] 2025-10-13 15:35:45 CEST · [alm] · 600 Hjejle · Rastende · Korevlerne · DOF Vestsjælland · Per Fibæk Laursen · 11.527393414148873, 55.88493896058901 · 14:00-15:33
[alm-vestsjaelland] 2025-10-13 15:35:45 CEST · [alm] · 273 Musvåge · Trækkende mod syd · Nakke Nord · DOF Vestsjælland · Niels Klausen · 11.732716262828246, 55.92887052209119 · 14:12
[alm-vestsjaelland] 2025-10-13 15:35:45 CEST · [alm] · 4 Råge · Fouragerende · Ruds Vedby · DOF Vestsjælland · Ole Nilsson · 11.383757907654497, 55.53998375030133 · 15:16
[alm-vestsjaelland] 2025-10-13 15:37:58 CEST · [alm] · 288 Musvåge · Trækkende mod syd · Nakke Nord · DOF Vestsjælland · Niels Klausen · 11.732716262828246, 55.92887052209119 · 14:12
[alm-vestsjaelland] 2025-10-13 15:37:58 CEST · [alm] · 8 Råge · Fouragerende · Ruds Vedby · DOF Vestsjælland · Ole Nilsson · 11.383757907654497, 55.53998375030133 · 15:16
[alm-vestsjaelland] 2025-10-13 15:37:58 CEST · [alm] · 2 Ringdue · Rastende · Ruds Vedby · DOF Vestsjælland · Ole Nilsson · 11.383757907654497, 55.53998375030133 · 15:16
[alm-vestsjaelland] 2025-10-13 15:37:58 CEST · [alm] · 2 Gråand · Rastende · Birkemosen, Ruds Vedby · DOF Vestsjælland · Ole Nilsson · 11.388305441337883, 55.54681209453622 · 15:37
[alm-vestsjaelland] 2025-10-13 15:40:11 CEST · [alm] · 9 Gråand · Rastende · Birkemosen, Ruds Vedby · DOF Vestsjælland · Ole Nilsson · 11.388305441337883, 55.54681209453622 · 15:37
[alm-vestsjaelland] 2025-10-13 15:40:11 CEST · [alm] · 1 Fiskehejre · Rastende · Birkemosen, Ruds Vedby · DOF Vestsjælland · Ole Nilsson · 11.388305441337883, 55.54681209453622 · 15:37
[alm-vestsjaelland] 2025-10-13 15:40:11 CEST · [alm] · 8 Krikand · Rastende · Birkemosen, Ruds Vedby · DOF Vestsjælland · Ole Nilsson · 11.388305441337883, 55.54681209453622 · 15:37
[alm-vestsjaelland] 2025-10-13 15:40:11 CEST · [alm] · 2 Blishøne · Rastende · Birkemosen, Ruds Vedby · DOF Vestsjælland · Ole Nilsson · 11.388305441337883, 55.54681209453622 · 15:37
[alm-vestsjaelland] 2025-10-13 15:43:46 CEST · [alm] · 2 Solsort · Rastende · Birkemosen, Ruds Vedby · DOF Vestsjælland · Ole Nilsson · 11.388305441337883, 55.54681209453622 · 15:37
[alm-vestsjaelland] 2025-10-13 15:47:22 CEST · [alm] · 2 Husskade · Fouragerende · Ruds Vedby · DOF Vestsjælland · Ole Nilsson · 11.383757907654497, 55.53998375030133 · 15:16
[alm-vestsjaelland] 2025-10-13 15:53:06 CEST · [alm] · 1 Rød Glente · Fouragerende · Strudsbjerg · DOF Vestsjælland · Ole Nilsson · 11.338503899669451, 55.555224753716516 · 15:51
[alm-vestsjaelland] 2025-10-13 15:54:46 CEST · [alm] · 15 Råge · Rastende · Strudsbjerg · DOF Vestsjælland · Ole Nilsson · 11.338503899669451, 55.555224753716516 · 15:51
[alm-vestsjaelland] 2025-10-13 15:54:46 CEST · [alm] · 1 Husskade · Fouragerende · Strudsbjerg · DOF Vestsjælland · Ole Nilsson · 11.338503899669451, 55.555224753716516 · 15:51
[alm-vestsjaelland] 2025-10-13 15:54:46 CEST · [alm] · 2 Ringdue · Rastende · Strudsbjerg · DOF Vestsjælland · Ole Nilsson · 11.338503899669451, 55.555224753716516 · 15:51
[alm-vestsjaelland] 2025-10-13 15:54:46 CEST · [alm] · 2 Fasan · Rastende · Strudsbjerg · DOF Vestsjælland · Ole Nilsson · 11.338503899669451, 55.555224753716516 · 15:51
[alm-vestsjaelland] 2025-10-13 15:54:46 CEST · [alm] · 5 Krage, Gråkrage (ssp. cornix) · Rastende · Strudsbjerg · DOF Vestsjælland · Ole Nilsson · 11.338503899669451, 55.555224753716516 · 15:51
[alm-vestsjaelland] 2025-10-13 15:59:50 CEST · [alm] · 2 Sølvhejre · Rastende · Tissø, Enge i syd · DOF Vestsjælland · Ole Nilsson · 11.28476595651034, 55.55632710755424 · 15:57
[alm-vestsjaelland] 2025-10-13 15:59:50 CEST · [alm] · 300 Grågås · Rastende · Tissø, Enge i syd · DOF Vestsjælland · Ole Nilsson · 11.28476595651034, 55.55632710755424 · 15:57
[alm-vestsjaelland] 2025-10-13 15:59:50 CEST · [alm] · 60 Skarv · Rastende · Tissø, Enge i syd · DOF Vestsjælland · Ole Nilsson · 11.28476595651034, 55.55632710755424 · 15:57
[alm-vestsjaelland] 2025-10-13 19:57:05 CEST · [alm] · 225 Musvåge · Overflyvende · Hejninge Mose · DOF Vestsjælland · Lars Olsen · 11.29291021076284, 55.407797523270574
[alm-vestsjaelland] 2025-10-13 19:57:05 CEST · [alm] · 2 Grønirisk · Rastende · Hejninge Mose · DOF Vestsjælland · Lars Olsen · 11.29291021076284, 55.407797523270574
[alm-vestsjaelland] 2025-10-13 19:57:05 CEST · [alm] · 3 Blishøne · Rastende · Hejninge Mose · DOF Vestsjælland · Lars Olsen · 11.29291021076284, 55.407797523270574
[alm-vestsjaelland] 2025-10-13 19:57:05 CEST · [alm] · 25 Stær · Rastende · Hejninge Mose · DOF Vestsjælland · Lars Olsen · 11.29291021076284, 55.407797523270574
[alm-vestsjaelland] 2025-10-13 19:57:05 CEST · [alm] · 1 Rørhøg · Rastende · Rørskov langs Tissø østbred · DOF Vestsjælland · Ole Nilsson · 11.31263356343967, 55.56271071747375
[alm-vestsjaelland] 2025-10-13 19:57:05 CEST · [alm] · 12 Fasan · Rastende · Rørskov langs Tissø østbred · DOF Vestsjælland · Ole Nilsson · 11.31263356343967, 55.56271071747375
[alm-vestsjaelland] 2025-10-13 19:57:05 CEST · [alm] · 1 Tårnfalk · Fouragerende · Rørskov langs Tissø østbred · DOF Vestsjælland · Ole Nilsson · 11.31263356343967, 55.56271071747375
[alm-vestsjaelland] 2025-10-13 19:57:05 CEST · [alm] · 1 Tårnfalk · Fouragerende · Tissø øst ved Selchausdal · DOF Vestsjælland · Ole Nilsson · 11.318600103371418, 55.58650785360564
[alm-vestsjaelland] 2025-10-13 19:57:05 CEST · [alm] · 1 Fiskehejre · Rastende · Tissø øst ved Selchausdal · DOF Vestsjælland · Ole Nilsson · 11.318600103371418, 55.58650785360564
[alm-vestsjaelland] 2025-10-13 19:57:05 CEST · [alm] · 44 Fasan · Rastende · Tissø øst ved Selchausdal · DOF Vestsjælland · Ole Nilsson · 11.318600103371418, 55.58650785360564
[alm-vestsjaelland] 2025-10-13 19:57:05 CEST · [alm] · 1 Tårnfalk · Fouragerende · Hallebygård, Enge nordøst for · DOF Vestsjælland · Ole Nilsson · 11.324649566715179, 55.5985686065049
[alm-vestsjaelland] 2025-10-13 19:57:05 CEST · [alm] · 2 Sølvhejre · Rastende · Hallebygård, Enge nordøst for · DOF Vestsjælland · Ole Nilsson · 11.324649566715179, 55.5985686065049
[alm-vestsjaelland] 2025-10-13 19:57:05 CEST · [alm] · 30 Småfugl sp. (Pibere, Finker, Spurve o.lign.) · Fouragerende · Hallebygård, Enge nordøst for · DOF Vestsjælland · Ole Nilsson · 11.324649566715179, 55.5985686065049
[alm-vestsjaelland] 2025-10-13 19:57:05 CEST · [alm] · 1 Musvåge · Overflyvende · Nyavl Gårde · DOF Vestsjælland · Ole Nilsson · 11.326812548896324, 55.54285436268805
[alm-vestsjaelland] 2025-10-13 19:57:05 CEST · [alm] · 10 Råge · Fouragerende · Nyavl Gårde · DOF Vestsjælland · Ole Nilsson · 11.326812548896324, 55.54285436268805
[alm-vestsjaelland] 2025-10-13 19:57:05 CEST · [alm] · 44 Rød Glente · Trækkende · Stigsnæs Skov · DOF Vestsjælland · Michael Ludvig Delpierre · 11.238857209245909, 55.21673495319584
[alm-vestsjaelland] 2025-10-13 19:57:05 CEST · [alm] · 200 Grågås · Rastende · Omø Sø · DOF Vestsjælland · Johannes Bang · 11.162697709636712, 55.16440455454105
[alm-vestsjaelland] 2025-10-13 19:57:05 CEST · [alm] · 170 Pibeand · Rastende · Omø Sø · DOF Vestsjælland · Johannes Bang · 11.162697709636712, 55.16440455454105
[alm-vestsjaelland] 2025-10-13 19:57:05 CEST · [alm] · 10 Vibe · Rastende · Omø Sø · DOF Vestsjælland · Johannes Bang · 11.162697709636712, 55.16440455454105
[alm-vestsjaelland] 2025-10-13 19:57:05 CEST · [alm] · 3 Musvåge · Overflyvende · Omø Sø · DOF Vestsjælland · Johannes Bang · 11.162697709636712, 55.16440455454105
[alm-vestsjaelland] 2025-10-13 19:57:05 CEST · [alm] · 7 Rød Glente · Trækkende · Omø Mose · DOF Vestsjælland · Johannes Bang · 11.143726900230822, 55.15905906588907
[alm-vestsjaelland] 2025-10-13 19:57:05 CEST · [alm] · 60 Musvåge · Trækkende · Omø Mose · DOF Vestsjælland · Johannes Bang · 11.143726900230822, 55.15905906588907
[alm-vestsjaelland] 2025-10-13 19:57:05 CEST · [alm] · 50 Vibe · Rastende · Omø Mose · DOF Vestsjælland · Johannes Bang · 11.143726900230822, 55.15905906588907
[alm-vestsjaelland] 2025-10-13 19:57:05 CEST · [alm] · 100 Hjejle · Rastende · Omø Mose · DOF Vestsjælland · Johannes Bang · 11.143726900230822, 55.15905906588907
[alm-vestsjaelland] 2025-10-13 19:57:05 CEST · [alm] · 6092 Musvåge · Trækkende mod vest · Korsør Skov · DOF Vestsjælland · Kim Vøttrup · 11.177454915677572, 55.31601767118431 · 09:00-11:48
[alm-vestsjaelland] 2025-10-13 19:57:05 CEST · [alm] · 18 Rød Glente · Trækkende mod vest · Korsør Skov · DOF Vestsjælland · Kim Vøttrup · 11.177454915677572, 55.31601767118431 · 09:00-11:48
[alm-vestsjaelland] 2025-10-13 19:57:05 CEST · [alm] · 2 Fjeldvåge · Trækkende mod vest · Korsør Skov · DOF Vestsjælland · Kim Vøttrup · 11.177454915677572, 55.31601767118431 · 09:00-11:48
[alm-vestsjaelland] 2025-10-13 19:57:05 CEST · [alm] · 11 Spurvehøg · Trækkende mod vest · Korsør Skov · DOF Vestsjælland · Kim Vøttrup · 11.177454915677572, 55.31601767118431 · 09:00-11:48
[alm-vestsjaelland] 2025-10-13 19:57:05 CEST · [alm] · 2 Blå Kærhøg · Trækkende mod vest · Korsør Skov · DOF Vestsjælland · Kim Vøttrup · 11.177454915677572, 55.31601767118431 · 09:00-11:48
[alm-vestsjaelland] 2025-10-13 19:57:05 CEST · [alm] · 1 Dværgryle · Rastende · Omø Mose · DOF Vestsjælland · Poul Erik Hansen · 11.143726900230822, 55.15905906588907 · 09:00-09:30
[alm-vestsjaelland] 2025-10-13 19:57:05 CEST · [alm] · 125 Almindelig Ryle · Rastende · Omø Mose · DOF Vestsjælland · Poul Erik Hansen · 11.143726900230822, 55.15905906588907 · 09:00-09:30
[alm-vestsjaelland] 2025-10-13 19:57:05 CEST · [alm] · 1 Bjergvipstjert · Rastende · Omø Mose · DOF Vestsjælland · Poul Erik Hansen · 11.143726900230822, 55.15905906588907 · 09:00-09:30
[alm-vestsjaelland] 2025-10-13 19:57:05 CEST · [alm] · 2 Havørn · Rastende · Omø Mose · DOF Vestsjælland · Poul Erik Hansen · 11.143726900230822, 55.15905906588907 · 09:00-09:30
[alm-vestsjaelland] 2025-10-13 19:57:05 CEST · [alm] · 110 Krikand · Rastende · Omø Mose · DOF Vestsjælland · Poul Erik Hansen · 11.143726900230822, 55.15905906588907 · 09:00-09:30
[alm-vestsjaelland] 2025-10-13 19:57:05 CEST · [alm] · 50 Pibeand · Rastende · Omø Mose · DOF Vestsjælland · Poul Erik Hansen · 11.143726900230822, 55.15905906588907 · 09:00-09:30
[alm-vestsjaelland] 2025-10-13 19:57:05 CEST · [alm] · 5 Tårnfalk · Rastende · Omø Mose · DOF Vestsjælland · Poul Erik Hansen · 11.143726900230822, 55.15905906588907 · 09:00-09:30
[alm-vestsjaelland] 2025-10-13 19:57:05 CEST · [alm] · 1 Isfugl · Fouragerende · Strandhuse, Odsherred · DOF Vestsjælland · Erik Obelitz · 11.668554693460466, 55.88277346954242 · 09:15-10:00
[alm-vestsjaelland] 2025-10-13 19:57:05 CEST · [alm] · 4108 Musvåge · Trækkende mod nordvest · Stigsnæs Skov · DOF Vestsjælland · Michael Ludvig Delpierre · 11.238685547868956, 55.21655541807009 · 09:30-14:45
[alm-vestsjaelland] 2025-10-13 19:57:05 CEST · [alm] · 2 Halemejse · Rastende · Korevlerne · DOF Vestsjælland · Lars Frede Petersen · 11.527393414148873, 55.88493896058901 · 10:00
[alm-vestsjaelland] 2025-10-13 19:57:05 CEST · [alm] · 2 Solsort · Rastende · Korevlerne · DOF Vestsjælland · Lars Frede Petersen · 11.527393414148873, 55.88493896058901 · 10:00
[alm-vestsjaelland] 2025-10-13 19:57:05 CEST · [alm] · 1080 Musvåge · Trækkende mod vest · Røsnæs spidsen · DOF Vestsjælland · Peter Engelschmidt · 10.884992284991812, 55.73969377218697 · 10:00-15:00
[alm-vestsjaelland] 2025-10-13 19:57:05 CEST · [alm] · 1 Stor Tornskade · Rastende · Røsnæs spidsen · DOF Vestsjælland · Peter Engelschmidt · 10.884992284991812, 55.73969377218697 · 10:00-15:00
[alm-vestsjaelland] 2025-10-13 19:57:05 CEST · [alm] · 1 Splitterne · Trækkende mod vest · Røsnæs spidsen · DOF Vestsjælland · Peter Engelschmidt · 10.884992284991812, 55.73969377218697 · 10:00-15:00
[alm-vestsjaelland] 2025-10-13 19:57:05 CEST · [alm] · 2 Rødstrubet Lom · Overflyvende · Røsnæs spidsen · DOF Vestsjælland · Peter Engelschmidt · 10.884992284991812, 55.73969377218697 · 10:00-15:00
[alm-vestsjaelland] 2025-10-13 19:57:05 CEST · [alm] · 550 Hjejle · Rastende · Hovvig, Odsherred · DOF Vestsjælland · Jørgen Scheel · 11.714372187370765, 55.920093539597644 · 11:10
[alm-vestsjaelland] 2025-10-13 19:57:05 CEST · [alm] · 20 Musvåge · Trækkende mod sydvest · Slettemose, Rørvig · DOF Vestsjælland · Klaus Bjerre · 11.717365851253211, 55.910507405058894 · 11:30-12:45
[alm-vestsjaelland] 2025-10-13 19:57:05 CEST · [alm] · 1 Stor Tornskade · Rastende · Slettemose, Rørvig · DOF Vestsjælland · Klaus Bjerre · 11.717365851253211, 55.910507405058894 · 11:30-12:45
[alm-vestsjaelland] 2025-10-13 19:57:05 CEST · [alm] · 1504 Musvåge · Trækkende · Friheden, Stigsnæs · DOF Vestsjælland · Christian Gade · 11.286950659281318, 55.21130203590994 · 12:30-15:00
[alm-vestsjaelland] 2025-10-13 19:57:05 CEST · [alm] · 46 Rød Glente · Trækkende · Friheden, Stigsnæs · DOF Vestsjælland · Christian Gade · 11.286950659281318, 55.21130203590994 · 12:30-15:00
[alm-vestsjaelland] 2025-10-13 19:57:05 CEST · [alm] · 3 Trane · Trækkende · Friheden, Stigsnæs · DOF Vestsjælland · Christian Gade · 11.286950659281318, 55.21130203590994 · 12:30-15:00
[alm-vestsjaelland] 2025-10-13 19:57:05 CEST · [alm] · 1 Havørn · Trækkende · Friheden, Stigsnæs · DOF Vestsjælland · Christian Gade · 11.286950659281318, 55.21130203590994 · 12:30-15:00
[alm-vestsjaelland] 2025-10-13 19:57:05 CEST · [alm] · 1 Vandrefalk · Rastende · Friheden, Stigsnæs · DOF Vestsjælland · Christian Gade · 11.286950659281318, 55.21130203590994 · 12:30-15:00
[alm-vestsjaelland] 2025-10-13 19:57:05 CEST · [alm] · 1 Dværgfalk · Trækkende · Friheden, Stigsnæs · DOF Vestsjælland · Christian Gade · 11.286950659281318, 55.21130203590994 · 12:30-15:00
[alm-vestsjaelland] 2025-10-13 19:57:05 CEST · [alm] · 4 Spurvehøg · Trækkende · Friheden, Stigsnæs · DOF Vestsjælland · Christian Gade · 11.286950659281318, 55.21130203590994 · 12:30-15:00
[alm-vestsjaelland] 2025-10-13 19:57:05 CEST · [alm] · 1 Fjeldvåge · Trækkende · Friheden, Stigsnæs · DOF Vestsjælland · Christian Gade · 11.286950659281318, 55.21130203590994 · 12:30-15:00
[alm-vestsjaelland] 2025-10-13 19:57:05 CEST · [alm] · 29 Musvåge · Trækkende mod sydvest · Højsandet · DOF Vestsjælland · Klaus Bjerre · 11.753614669598, 55.952649099792836 · 13:15-14:00
[alm-vestsjaelland] 2025-10-13 19:57:05 CEST · [alm] · 1 Fjeldvåge · Trækkende mod sydvest · Højsandet · DOF Vestsjælland · Klaus Bjerre · 11.753614669598, 55.952649099792836 · 13:15-14:00
[alm-vestsjaelland] 2025-10-13 19:57:05 CEST · [alm] · 1 Dværgfalk · Trækkende mod sydvest · Højsandet · DOF Vestsjælland · Klaus Bjerre · 11.753614669598, 55.952649099792836 · 13:15-14:00
[alm-vestsjaelland] 2025-10-13 19:57:05 CEST · [alm] · 295 Musvåge · Trækkende mod syd · Nakke Nord · DOF Vestsjælland · Niels Klausen · 11.732716262828246, 55.92887052209119 · 14:12
[alm-vestsjaelland] 2025-10-13 19:57:05 CEST · [alm] · 5 Musvåge · Overflyvende · Bjergsted Bakkker · DOF Vestsjælland · Pernille Ninn · 11.337246894836426, 55.66219159391435 · 15:00-15:05
[alm-vestsjaelland] 2025-10-13 19:57:05 CEST · [alm] · 1 Blå Kærhøg · Rastende · Borreby Mose · DOF Vestsjælland · Christian Gade · 11.282021170877362, 55.22970617872048 · 15:15-16:40
[alm-vestsjaelland] 2025-10-13 19:57:05 CEST · [alm] · 4 Rørhøg · Rastende · Borreby Mose · DOF Vestsjælland · Christian Gade · 11.282021170877362, 55.22970617872048 · 15:15-16:40
[alm-vestsjaelland] 2025-10-13 19:57:05 CEST · [alm] · 1 Havørn · Trækkende · Borreby Mose · DOF Vestsjælland · Christian Gade · 11.282021170877362, 55.22970617872048 · 15:15-16:40
[alm-vestsjaelland] 2025-10-13 19:57:05 CEST · [alm] · 2 Spurvehøg · Trækkende · Borreby Mose · DOF Vestsjælland · Christian Gade · 11.282021170877362, 55.22970617872048 · 15:15-16:40
[alm-vestsjaelland] 2025-10-13 19:57:05 CEST · [alm] · 400 Vibe · Rastende · Borreby Mose · DOF Vestsjælland · Christian Gade · 11.282021170877362, 55.22970617872048 · 15:15-16:40
[alm-vestsjaelland] 2025-10-13 19:57:05 CEST · [alm] · 500 Hjejle · Trækkende · Borreby Mose · DOF Vestsjælland · Christian Gade · 11.282021170877362, 55.22970617872048 · 15:15-16:40
[alm-vestsjaelland] 2025-10-13 19:57:05 CEST · [alm] · 12 Almindelig Ryle · Rastende · Borreby Mose · DOF Vestsjælland · Christian Gade · 11.282021170877362, 55.22970617872048 · 15:15-16:40
[alm-vestsjaelland] 2025-10-13 19:57:05 CEST · [alm] · 302 Musvåge · Trækkende · Borreby Mose · DOF Vestsjælland · Christian Gade · 11.282021170877362, 55.22970617872048 · 15:15-16:40
[alm-vestsjaelland] 2025-10-13 19:57:05 CEST · [alm] · 6 Rød Glente · Trækkende · Borreby Mose · DOF Vestsjælland · Christian Gade · 11.282021170877362, 55.22970617872048 · 15:15-16:40
[alm-vestsjaelland] 2025-10-13 19:57:05 CEST · [alm] · 550 Grågås · Rastende · Tissø, Enge i syd · DOF Vestsjælland · Ole Nilsson · 11.28476595651034, 55.55632710755424 · 15:57-16:08
[alm-vestsjaelland] 2025-10-13 19:57:05 CEST · [alm] · 90 Skarv · Rastende · Tissø, Enge i syd · DOF Vestsjælland · Ole Nilsson · 11.28476595651034, 55.55632710755424 · 15:57-16:08
[alm-vestsjaelland] 2025-10-13 19:57:05 CEST · [alm] · 7 Troldand · Rastende · Tissø, Enge i syd · DOF Vestsjælland · Ole Nilsson · 11.28476595651034, 55.55632710755424 · 15:57-16:08
[alm-vestsjaelland] 2025-10-13 19:57:05 CEST · [alm] · 70 Vibe · Rastende · Tissø, Enge i syd · DOF Vestsjælland · Ole Nilsson · 11.28476595651034, 55.55632710755424 · 15:57-16:08
[alm-vestsjaelland] 2025-10-13 19:57:05 CEST · [alm] · 1 Skeand · Rastende · Tissø, Enge i syd · DOF Vestsjælland · Ole Nilsson · 11.28476595651034, 55.55632710755424 · 15:57-16:08
[alm-vestsjaelland] 2025-10-13 19:57:05 CEST · [alm] · 60 Hættemåge · Rastende · Tissø, Enge i syd · DOF Vestsjælland · Ole Nilsson · 11.28476595651034, 55.55632710755424 · 15:57-16:08
[alm-vestsjaelland] 2025-10-13 19:57:05 CEST · [alm] · 2 Knopsvane · Rastende · Tissø, Enge i syd · DOF Vestsjælland · Ole Nilsson · 11.28476595651034, 55.55632710755424 · 15:57-16:08
[alm-vestsjaelland] 2025-10-13 19:57:05 CEST · [alm] · 1 Fiskehejre · Rastende · Tissø, Enge i syd · DOF Vestsjælland · Ole Nilsson · 11.28476595651034, 55.55632710755424 · 15:57-16:08
[alm-vestsjaelland] 2025-10-13 19:57:05 CEST · [alm] · 4 Krikand · Rastende · Tissø, Enge i syd · DOF Vestsjælland · Ole Nilsson · 11.28476595651034, 55.55632710755424 · 15:57-16:08
[alm-vestsjaelland] 2025-10-13 19:57:05 CEST · [alm] · 2 Toppet Lappedykker · Rastende · Tissø, Enge i syd · DOF Vestsjælland · Ole Nilsson · 11.28476595651034, 55.55632710755424 · 15:57-16:08
[alm-vestsjaelland] 2025-10-13 19:57:05 CEST · [alm] · 5 Stær · Rastende · Tissø, Enge i syd · DOF Vestsjælland · Ole Nilsson · 11.28476595651034, 55.55632710755424 · 15:57-16:08
[alm-vestsjaelland] 2025-10-13 19:57:05 CEST · [alm] · 2 Krage, Gråkrage (ssp. cornix) · Rastende · Tissø, Enge i syd · DOF Vestsjælland · Ole Nilsson · 11.28476595651034, 55.55632710755424 · 15:57-16:08
[alm-vestsjaelland] 2025-10-13 19:57:05 CEST · [alm] · 2 Havørn · Rastende · Kelstrup Enge · DOF Vestsjælland · Michael Sørensen · 11.581914279452533, 55.83406218071278 · 16:00
[alm-vestsjaelland] 2025-10-13 19:57:05 CEST · [alm] · 1 Musvåge · Trækkende mod sydvest · Frederiksberg ved Sorø · DOF Vestsjælland · Henrik Gerner Baark · 11.557016372680666, 55.40668306923144 · 16:01
[alm-vestsjaelland] 2025-10-13 19:57:05 CEST · [alm] · 1 Sumpmejse · Rastende · Nørrevang, Rørvig · DOF Vestsjælland · Jørgen Scheel · 11.76491103158312, 55.958771742226276 · 16:04
[alm-vestsjaelland] 2025-10-13 19:57:05 CEST · [alm] · 2 Blåmejse · Rastende · Nørrevang, Rørvig · DOF Vestsjælland · Jørgen Scheel · 11.76491103158312, 55.958771742226276 · 16:04
[alm-vestsjaelland] 2025-10-13 19:57:05 CEST · [alm] · 1 Ringdue · Rastende · Nørrevang, Rørvig · DOF Vestsjælland · Jørgen Scheel · 11.76491103158312, 55.958771742226276 · 16:04
[alm-vestsjaelland] 2025-10-13 19:57:05 CEST · [alm] · 4 Lille Lappedykker · Rastende · Strids Mølle · DOF Vestsjælland · Ole Nilsson · 11.359744380337645, 55.63871592459668 · 16:23-17:11
[alm-vestsjaelland] 2025-10-13 19:57:05 CEST · [alm] · 11 Gråand · Rastende · Strids Mølle · DOF Vestsjælland · Ole Nilsson · 11.359744380337645, 55.63871592459668 · 16:23-17:11
[alm-vestsjaelland] 2025-10-13 19:57:05 CEST · [alm] · 1 Stor Flagspætte · Rastende · Strids Mølle · DOF Vestsjælland · Ole Nilsson · 11.359744380337645, 55.63871592459668 · 16:23-17:11
[alm-vestsjaelland] 2025-10-13 19:57:05 CEST · [alm] · 2 Blishøne · Rastende · Strids Mølle · DOF Vestsjælland · Ole Nilsson · 11.359744380337645, 55.63871592459668 · 16:23-17:11
[alm-vestsjaelland] 2025-10-13 19:57:05 CEST · [alm] · 2 Knarand · Rastende · Strids Mølle · DOF Vestsjælland · Ole Nilsson · 11.359744380337645, 55.63871592459668 · 16:23-17:11
[alm-vestsjaelland] 2025-10-13 19:57:05 CEST · [alm] · 1 Troldand · Rastende · Strids Mølle · DOF Vestsjælland · Ole Nilsson · 11.359744380337645, 55.63871592459668 · 16:23-17:11
[alm-vestsjaelland] 2025-10-13 19:57:05 CEST · [alm] · 4 Ringdue · Overflyvende · Strids Mølle · DOF Vestsjælland · Ole Nilsson · 11.359744380337645, 55.63871592459668 · 16:23-17:11
[alm-vestsjaelland] 2025-10-13 19:57:05 CEST · [alm] · 8 Stær · Overflyvende · Strids Mølle · DOF Vestsjælland · Ole Nilsson · 11.359744380337645, 55.63871592459668 · 16:23-17:11
[alm-vestsjaelland] 2025-10-13 19:57:05 CEST · [alm] · 1 Skovskade · Fouragerende · Strids Mølle · DOF Vestsjælland · Ole Nilsson · 11.360417040208114, 55.63746901287416 · 16:39-16:40
[alm-vestsjaelland] 2025-10-13 19:57:05 CEST · [alm] · 1 Allike · Rastende · Frederiksberg ved Sorø · DOF Vestsjælland · Henrik Gerner Baark · 11.56653546917154, 55.41459324249548 · 16:45-16:50
[alm-vestsjaelland] 2025-10-13 19:57:05 CEST · [alm] · 2 Kvækerfinke · Trækkende · Frederiksberg ved Sorø · DOF Vestsjælland · Henrik Gerner Baark · 11.56653546917154, 55.41459324249548 · 16:45-16:50
[alm-vestsjaelland] 2025-10-13 19:57:05 CEST · [alm] · 15 Sanglærke · Trækkende · Frederiksberg ved Sorø · DOF Vestsjælland · Henrik Gerner Baark · 11.56653546917154, 55.41459324249548 · 16:45-16:50
[alm-vestsjaelland] 2025-10-13 19:57:05 CEST · [alm] · 1 Sildemåge · Rastende · Korevlerne · DOF Vestsjælland · Niels Klausen · 11.527393414148873, 55.88493896058901 · 17:04
[alm-vestsjaelland] 2025-10-13 19:57:05 CEST · [alm] · 300 Allike · Trækkende mod syd · Korevlerne · DOF Vestsjælland · Niels Klausen · 11.527393414148873, 55.88493896058901 · 17:05
[alm-vestsjaelland] 2025-10-13 19:57:05 CEST · [alm] · 1 Tårnfalk · Rastende · Korevlerne · DOF Vestsjælland · Niels Klausen · 11.527393414148873, 55.88493896058901 · 17:06
[alm-vestsjaelland] 2025-10-13 19:57:05 CEST · [alm] · 1 Fuglekonge · Fouragerende · Østerlyng · DOF Vestsjælland · Erik Rywarll Jensen · 11.695355969986776, 55.93093833511614 · 17:15
[alm-vestsjaelland] 2025-10-13 19:57:05 CEST · [alm] · 14 Musvit · Fouragerende · Østerlyng · DOF Vestsjælland · Erik Rywarll Jensen · 11.695355969986776, 55.93093833511614 · 17:15
[alm-vestsjaelland] 2025-10-13 19:57:05 CEST · [alm] · 20 Dobbeltbekkasin · Fouragerende · Korevlerne · DOF Vestsjælland · Niels Klausen · 11.527393414148873, 55.88493896058901 · 17:17
[alm-vestsjaelland] 2025-10-13 19:57:05 CEST · [alm] · 84 Almindelig Ryle · Fouragerende · Korevlerne · DOF Vestsjælland · Niels Klausen · 11.527393414148873, 55.88493896058901 · 17:20
[alm-vestsjaelland] 2025-10-13 19:57:05 CEST · [alm] · 4 Hvidklire · Fouragerende · Korevlerne · DOF Vestsjælland · Niels Klausen · 11.527393414148873, 55.88493896058901 · 17:30
[alm-vestsjaelland] 2025-10-13 19:57:05 CEST · [alm] · 12 Storspove · Fouragerende · Korevlerne · DOF Vestsjælland · Niels Klausen · 11.527393414148873, 55.88493896058901 · 17:36
[alm-vestsjaelland] 2025-10-13 19:57:05 CEST · [alm] · 275 Pibeand · Rastende · Korevlerne · DOF Vestsjælland · Niels Klausen · 11.527393414148873, 55.88493896058901 · 17:41
[alm-vestsjaelland] 2025-10-13 19:57:05 CEST · [alm] · 37 Gråand · Fouragerende · Korevlerne · DOF Vestsjælland · Niels Klausen · 11.527393414148873, 55.88493896058901 · 17:49
[alm-vestsjaelland] 2025-10-13 19:57:05 CEST · [alm] · 6 Fiskehejre · Rastende · Korevlerne · DOF Vestsjælland · Niels Klausen · 11.527393414148873, 55.88493896058901 · 17:49
[alm-vestsjaelland] 2025-10-13 19:57:05 CEST · [alm] · 16 Rødben · Fouragerende · Korevlerne · DOF Vestsjælland · Niels Klausen · 11.527393414148873, 55.88493896058901 · 17:50
[alm-vestsjaelland] 2025-10-13 19:57:05 CEST · [alm] · 2 Svartbag · Rastende · Korevlerne · DOF Vestsjælland · Niels Klausen · 11.527393414148873, 55.88493896058901 · 17:55
[alm-vestsjaelland] 2025-10-13 20:03:30 CEST · [alm] · 1 Dobbeltbekkasin · Rastende · Omø Mose · DOF Vestsjælland · Johannes Bang · 11.143726900230822, 55.15905906588907
[alm-vestsjaelland] 2025-10-13 20:03:30 CEST · [alm] · 200 Grågås · Rastende · Omø Mose · DOF Vestsjælland · Johannes Bang · 11.143726900230822, 55.15905906588907
[alm-vestsjaelland] 2025-10-13 20:03:30 CEST · [alm] · 500 Bramgås · Rastende · Omø Mose · DOF Vestsjælland · Johannes Bang · 11.143726900230822, 55.15905906588907
[alm-vestsjaelland] 2025-10-13 20:03:30 CEST · [alm] · 1 Vandrefalk · Rastende · Omø Mose · DOF Vestsjælland · Johannes Bang · 11.143726900230822, 55.15905906588907
[alm-vestsjaelland] 2025-10-13 20:03:30 CEST · [alm] · 1 Blå Kærhøg · Rastende · Omø Mose · DOF Vestsjælland · Johannes Bang · 11.143726900230822, 55.15905906588907
[alm-vestsjaelland] 2025-10-13 20:12:53 CEST · [alm] · 8 Rød Glente · Overflyvende · Nordrup v. Ringsted · DOF Vestsjælland · Bodil Dahl · 11.93423366494244, 55.428039387644546
[alm-vestsjaelland] 2025-10-13 20:14:55 CEST · [alm] · 2 Musvåge · Overflyvende · Nordrup v. Ringsted · DOF Vestsjælland · Bodil Dahl · 11.886860744162163, 55.40825712319014
[alm-vestsjaelland] 2025-10-13 20:14:55 CEST · [alm] · 2 Havørn · Rast, derefter trækkende i ikke-angivet retning · Rørskov langs Tissø østbred · DOF Vestsjælland · Stefan Miang Mortensen · 11.31263356343967, 55.56271071747375 · 17:25-17:29
[alm-vestsjaelland] 2025-10-14 16:35:47 CEST · [bemaerk] · 3 Havørn · Rastende · Marielund Skov · DOF Vestsjælland · Ole Nilsson · 11.325832436525863, 55.56168542245206 · 16:34
[alm-vestsjaelland] 2025-10-14 16:43:47 CEST · [bemaerk] · 4 Sølvhejre · Rastende · Hallebygård, Enge nordøst for · DOF Vestsjælland · Ole Nilsson · 11.324649566715179, 55.5985686065049 · 16:39-16:43
[alm-vestsjaelland] 2025-10-14 17:00:21 CEST · [bemaerk] · 1 Blå Kærhøg · Fouragerende · Nordruplund Skov · DOF Vestsjælland · Palle Nygaard · 11.456202856805191, 55.500715043298555
[alm-vestsjaelland] 2025-10-14 17:08:29 CEST · [bemaerk] · 1 Blå Kærhøg · Overflyvende · Store Åmose NV · DOF Vestsjælland · Ole Nilsson · 11.389927294399769, 55.597060004155104 · 17:05
[alm-vestsjaelland] 2025-10-14 17:12:23 CEST · [bemaerk] · 123 Musvåge · Trækkende · Omø Mose · DOF Vestsjælland · Johannes Bang · 11.143726900230822, 55.15905906588907
[alm-vestsjaelland] 2025-10-14 17:13:52 CEST · [bemaerk] · 473 Musvåge · Trækkende mod vest · Korsør Skov · DOF Vestsjælland · Kim Vøttrup · 11.177454915677572, 55.31601767118431 · 15:15-16:12
[alm-vestsjaelland] 2025-10-14 17:14:53 CEST · [bemaerk] · 500 Allike · Trækkende mod syd · Omø Sydveststrand · DOF Vestsjælland · Johannes Bang · 11.141883730015252, 55.147226854277754
[alm-vestsjaelland] 2025-10-14 17:21:16 CEST · [bemaerk] · 1 Blå Kærhøg · Overflyvende · Torsø, Kattrup · DOF Vestsjælland · Ole Nilsson · 11.375186779748677, 55.5983089265211 · 17:10
[alm-vestsjaelland] 2025-10-14 17:44:51 CEST · [bemaerk] · 4 Rød Glente · Overflyvende · Snarebanke Skov · DOF Vestsjælland · Ole Nilsson · 11.352181858725853, 55.54331444402183 · 17:29-17:30
[alm-vestsjaelland] 2025-10-14 17:55:19 CEST · [bemaerk] · 1 Blå Kærhøg · Overflyvende · Hovvig, Odsherred · DOF Vestsjælland · Steen Paulsen · 11.714372187370765, 55.920093539597644 · 17:54
[alm-vestsjaelland] 2025-10-14 18:25:40 CEST · [bemaerk] · 1 Blå Kærhøg · Rastende · Korevlerne · DOF Vestsjælland · Lars Frede Petersen · 11.527393414148873, 55.88493896058901 · 18:15-18:17
[alm-vestsjaelland] 2025-10-14 18:25:57 CEST · [bemaerk] · 150 Krikand · Rastende · Korevlerne · DOF Vestsjælland · Lars Frede Petersen · 11.527393414148873, 55.88493896058901 · 18:15
[alm-vestsjaelland] 2025-10-14 18:36:10 CEST · [bemaerk] · 13 Lille Korsnæb · Overflyvende · Lumsås Nordstrand · DOF Vestsjælland · Jonas Halberg · 11.518500406915969, 55.95033145141923
[alm-vestsjaelland] 2025-10-14 18:36:58 CEST · [bemaerk] · 100 Grønsisken · Trækkende · Lumsås Nordstrand · DOF Vestsjælland · Jonas Halberg · 11.518500406915969, 55.95033145141923
[alm-vestsjaelland] 2025-10-14 18:36:58 CEST · [bemaerk] · 1 Rødtoppet Fuglekonge · Rastende · Lumsås Nordstrand · DOF Vestsjælland · Jonas Halberg · 11.518500406915969, 55.95033145141923
[alm-vestsjaelland] 2025-10-14 19:43:30 CEST · [bemaerk] · 4 Skovhornugle · Rastende · Omø by · DOF Vestsjælland · Johannes Bang · 11.149628609200592, 55.16063967340132 · 19:30
[alm-vestsjaelland] 2025-10-14 20:05:33 CEST · [bemaerk] · 565 Musvåge · Trækkende · Klarskov, Korsør · DOF Vestsjælland · Jørgen Bech · 11.19638548430471, 55.30465003356758 · 15:00
[alm-vestsjaelland] 2025-10-14 20:05:50 CEST · [bemaerk] · 2 Rød Glente · Trækkende mod nordvest · Klarskov, Korsør · DOF Vestsjælland · Jørgen Bech · 11.19638548430471, 55.30465003356758 · 15:00
[alm-vestsjaelland] 2025-10-14 20:06:39 CEST · [bemaerk] · 2 Blå Kærhøg · Trækkende · Klarskov, Korsør · DOF Vestsjælland · Jørgen Bech · 11.19638548430471, 55.30465003356758 · 15:00
[alm-vestsjaelland] 2025-10-14 20:33:17 CEST · [bemaerk] · 65 Musvåge · Trækforsøgende · Svenstrup Overdrev · DOF Vestsjælland · Peter Engelschmidt · 11.105970103231046, 55.73889887905011 · 15:15-16:15
[alm-vestsjaelland] 2025-10-14 21:03:10 CEST · [bemaerk] · 115 Krikand · Rastende · Omø Mose · DOF Vestsjælland · Poul Erik Hansen · 11.143726900230822, 55.15905906588907 · 09:00-09:30
[alm-vestsjaelland] 2025-10-14 21:03:10 CEST · [bemaerk] · 2 Stor Kobbersneppe · Rastende · Omø Mose · DOF Vestsjælland · Poul Erik Hansen · 11.143726900230822, 55.15905906588907 · 09:00-09:30
[alm-vestsjaelland] 2025-10-14 21:05:25 CEST · [bemaerk] · 95 Knarand · Rastende · Omø Sø · DOF Vestsjælland · Poul Erik Hansen · 11.162697709636712, 55.16440455454105
[alm-vestsjaelland] 2025-10-14 21:07:39 CEST · [bemaerk] · 2 Blå Kærhøg · Trækkende · Omø agerland, syd · DOF Vestsjælland · Poul Erik Hansen · 11.152884647571248, 55.15461714997204
[alm-vestsjaelland] 2025-10-14 21:08:47 CEST · [bemaerk] · 27 Hedelærke · Rastende · Omø agerland, syd · DOF Vestsjælland · Poul Erik Hansen · 11.147797778248789, 55.150774619076685
[alm-vestsjaelland] 2025-10-14 21:08:47 CEST · [bemaerk] · 47 Rød Glente · Trækkende mod sydvest · Omø agerland, syd · DOF Vestsjælland · Poul Erik Hansen · 11.152884647571248, 55.15461714997204 · 15:15-15:40
[alm-vestsjaelland] 2025-10-14 21:09:59 CEST · [bemaerk] · 29 Spurvehøg · Trækkende mod sydvest · Omø agerland, syd · DOF Vestsjælland · Poul Erik Hansen · 11.152884647571248, 55.15461714997204
[alm-vestsjaelland] 2025-10-14 21:11:08 CEST · [bemaerk] · 410 Musvåge · Trækkende mod sydvest · Omø agerland, syd · DOF Vestsjælland · Poul Erik Hansen · 11.152884647571248, 55.15461714997204 · 15:15-15:40
[alm-vestsjaelland] 2025-10-14 22:29:58 CEST · [bemaerk] · 1 Bjergvipstjert · Overflyvende · Ringsted · DOF Vestsjælland · Eyvind Malchow-Møller · 11.801071643567413, 55.44379680493871 · 10:19
[alm-vestsjaelland] 2025-10-14 22:39:49 CEST · [bemaerk] · 2 Sølvhejre · Rastende · Skjoldenæsholm Engsø · DOF Vestsjælland · Hans Gleie · 11.84902294104829, 55.52913321309555
[alm-vestsjaelland] 2025-10-15 10:30:32 CEST · [bemaerk] · 1 Blå Kærhøg · Rastende · Ordrup Næs · DOF Vestsjælland · Thorkild Bastholm · 11.363672217807492, 55.84474472977183
[alm-vestsjaelland] 2025-10-15 11:02:29 CEST · [bemaerk] · 25 Blisgås · Rastende · Nakke Nord · DOF Vestsjælland · Jørgen Scheel · 11.732716262828246, 55.92887052209119 · 11:00
[alm-vestsjaelland] 2025-10-15 11:05:39 CEST · [bemaerk] · 26 Blisgås · Rastende · Nakke Nord · DOF Vestsjælland · Jørgen Scheel · 11.732716262828246, 55.92887052209119 · 11:00
[alm-vestsjaelland] 2025-10-15 11:32:45 CEST · [bemaerk] · 3 Sortgrå Ryle · Fouragerende · Korshage · DOF Vestsjælland · Jørgen Madsen · 11.776787179053605, 55.976041851982245 · 10:30-11:30
[alm-vestsjaelland] 2025-10-15 12:03:47 CEST · [bemaerk] · 500 Musvåge · Trækkende · Halsskov Odde · DOF Vestsjælland · Bo Brauner · 11.093069791003453, 55.34595486769001 · 11:30
