[alm-nordsjaelland] 2025-10-13 08:04:10 CEST · [alm] · 4 Dompap · Fouragerende · Tisvildeleje · DOF Nordsjælland · Jakob Dall · 12.069631929633168, 56.05888311402572
[alm-nordsjaelland] 2025-10-13 09:03:13 CEST · [alm] · 2 Dompap · Rastende · Humlebæk · DOF Nordsjælland · Charlotte Klein · 12.52823059162134, 55.9585454508713 · 09:01
[alm-nordsjaelland] 2025-10-13 09:03:52 CEST · [alm] · 5 Bogfinke · Rastende · Humlebæk · DOF Nordsjælland · Charlotte Klein · 12.52823059162134, 55.9585454508713 · 09:01
[alm-nordsjaelland] 2025-10-13 09:03:52 CEST · [alm] · 3 Musvit · Rastende · Humlebæk · DOF Nordsjælland · Charlotte Klein · 12.52823059162134, 55.9585454508713 · 09:01
[alm-nordsjaelland] 2025-10-13 09:04:30 CEST · [alm] · 3 Solsort · Rastende · Humlebæk · DOF Nordsjælland · Charlotte Klein · 12.52823059162134, 55.9585454508713 · 09:01
[alm-nordsjaelland] 2025-10-13 09:04:30 CEST · [alm] · 1 Husskade · Rastende · Humlebæk · DOF Nordsjælland · Charlotte Klein · 12.52823059162134, 55.9585454508713 · 09:01
[alm-nordsjaelland] 2025-10-13 09:04:30 CEST · [alm] · 1 Råge · Rastende · Humlebæk · DOF Nordsjælland · Charlotte Klein · 12.52823059162134, 55.9585454508713 · 09:01
[alm-nordsjaelland] 2025-10-13 09:05:16 CEST · [alm] · 1 Rødhals · Rastende · Humlebæk · DOF Nordsjælland · Charlotte Klein · 12.52823059162134, 55.9585454508713 · 09:01
[alm-nordsjaelland] 2025-10-13 09:05:16 CEST · [alm] · 1 Gråspurv · Rastende · Humlebæk · DOF Nordsjælland · Charlotte Klein · 12.52823059162134, 55.9585454508713 · 09:01
[alm-nordsjaelland] 2025-10-13 09:06:01 CEST · [alm] · 5 Dompap · Rastende · Humlebæk · DOF Nordsjælland · Charlotte Klein · 12.52823059162134, 55.9585454508713 · 09:01
[alm-nordsjaelland] 2025-10-13 09:06:01 CEST · [alm] · 5 Husskade · Rastende · Humlebæk · DOF Nordsjælland · Charlotte Klein · 12.52823059162134, 55.9585454508713 · 09:01
[alm-nordsjaelland] 2025-10-13 09:06:01 CEST · [alm] · 10 Råge · Rastende · Humlebæk · DOF Nordsjælland · Charlotte Klein · 12.52823059162134, 55.9585454508713 · 09:01
[alm-nordsjaelland] 2025-10-13 09:06:01 CEST · [alm] · 2 Rødhals · Rastende · Humlebæk · DOF Nordsjælland · Charlotte Klein · 12.52823059162134, 55.9585454508713 · 09:01
[alm-nordsjaelland] 2025-10-13 09:06:01 CEST · [alm] · 1 Krage, Gråkrage (ssp. cornix) · Rastende · Humlebæk · DOF Nordsjælland · Charlotte Klein · 12.52823059162134, 55.9585454508713 · 09:01
[alm-nordsjaelland] 2025-10-13 09:11:18 CEST · [alm] · 6 Dompap · Rastende · Humlebæk · DOF Nordsjælland · Charlotte Klein · 12.52823059162134, 55.9585454508713 · 09:01
[alm-nordsjaelland] 2025-10-13 09:11:18 CEST · [alm] · 10 Bogfinke · Rastende · Humlebæk · DOF Nordsjælland · Charlotte Klein · 12.52823059162134, 55.9585454508713 · 09:01
[alm-nordsjaelland] 2025-10-13 09:11:18 CEST · [alm] · 5 Solsort · Rastende · Humlebæk · DOF Nordsjælland · Charlotte Klein · 12.52823059162134, 55.9585454508713 · 09:01
[alm-nordsjaelland] 2025-10-13 09:11:18 CEST · [alm] · 10 Husskade · Rastende · Humlebæk · DOF Nordsjælland · Charlotte Klein · 12.52823059162134, 55.9585454508713 · 09:01
[alm-nordsjaelland] 2025-10-13 09:11:18 CEST · [alm] · 5 Krage, Gråkrage (ssp. cornix) · Rastende · Humlebæk · DOF Nordsjælland · Charlotte Klein · 12.52823059162134, 55.9585454508713 · 09:01
[alm-nordsjaelland] 2025-10-13 09:11:18 CEST · [alm] · 2 Engpiber · Rastende · Humlebæk · DOF Nordsjælland · Charlotte Klein · 12.52823059162134, 55.9585454508713 · 09:01
[alm-nordsjaelland] 2025-10-13 09:14:26 CEST · [alm] · 14 Sanglærke · Trækkende mod sydvest · Fredensborg By · DOF Nordsjælland · Thomas Qvist · 12.406323368516974, 55.97310005250142 · 09:00-09:15
[alm-nordsjaelland] 2025-10-13 09:14:26 CEST · [alm] · 2 Hedelærke · Trækkende mod sydvest · Fredensborg By · DOF Nordsjælland · Thomas Qvist · 12.406323368516974, 55.97310005250142 · 09:00-09:15
[alm-nordsjaelland] 2025-10-13 09:14:26 CEST · [alm] · 2 Kernebider · Rastende · Humlebæk · DOF Nordsjælland · Charlotte Klein · 12.52823059162134, 55.9585454508713 · 09:01
[alm-nordsjaelland] 2025-10-13 09:15:19 CEST · [alm] · 42 Vindrossel · Trækkende mod sydvest · Fredensborg By · DOF Nordsjælland · Thomas Qvist · 12.406323368516974, 55.97310005250142 · 09:00-09:15
[alm-nordsjaelland] 2025-10-13 09:15:19 CEST · [alm] · 130 Allike · Trækkende mod sydvest · Fredensborg By · DOF Nordsjælland · Thomas Qvist · 12.406323368516974, 55.97310005250142 · 09:00-09:15
[alm-nordsjaelland] 2025-10-13 09:15:19 CEST · [alm] · 2 Gulspurv · Trækkende mod sydvest · Fredensborg By · DOF Nordsjælland · Thomas Qvist · 12.406323368516974, 55.97310005250142 · 09:00-09:15
[alm-nordsjaelland] 2025-10-13 09:15:19 CEST · [alm] · 6 Bogfinke · Trækkende mod sydvest · Fredensborg By · DOF Nordsjælland · Thomas Qvist · 12.406323368516974, 55.97310005250142 · 09:00-09:15
[alm-nordsjaelland] 2025-10-13 09:15:19 CEST · [alm] · 1 Spætmejse · Rastende · Humlebæk · DOF Nordsjælland · Charlotte Klein · 12.52823059162134, 55.9585454508713 · 09:01
[alm-nordsjaelland] 2025-10-13 09:15:19 CEST · [alm] · 1 Stor Flagspætte · Rastende · Humlebæk · DOF Nordsjælland · Charlotte Klein · 12.52823059162134, 55.9585454508713 · 09:01
[alm-nordsjaelland] 2025-10-13 09:15:19 CEST · [alm] · 3 Grønsisken · Rastende · Humlebæk · DOF Nordsjælland · Charlotte Klein · 12.52823059162134, 55.9585454508713 · 09:01
[alm-nordsjaelland] 2025-10-13 09:16:11 CEST · [alm] · 100 Ringdue · Trækkende mod sydvest · Fredensborg By · DOF Nordsjælland · Thomas Qvist · 12.406323368516974, 55.97310005250142 · 09:00-09:15
[alm-nordsjaelland] 2025-10-13 09:16:11 CEST · [alm] · 4 Grønsisken · Trækkende mod sydvest · Fredensborg By · DOF Nordsjælland · Thomas Qvist · 12.406323368516974, 55.97310005250142 · 09:00-09:15
[alm-nordsjaelland] 2025-10-13 09:16:11 CEST · [alm] · 1 Blåmejse · Rastende · Humlebæk · DOF Nordsjælland · Charlotte Klein · 12.52823059162134, 55.9585454508713 · 09:01
[alm-nordsjaelland] 2025-10-13 09:16:50 CEST · [alm] · 2 Blåmejse · Trækkende mod sydvest · Fredensborg By · DOF Nordsjælland · Thomas Qvist · 12.406323368516974, 55.97310005250142 · 09:00-09:15
[alm-nordsjaelland] 2025-10-13 09:16:50 CEST · [alm] · 7 Dompap · Rastende · Humlebæk · DOF Nordsjælland · Charlotte Klein · 12.52823059162134, 55.9585454508713 · 09:01
[alm-nordsjaelland] 2025-10-13 09:17:38 CEST · [alm] · 1 Stillits · Trækkende mod sydvest · Fredensborg By · DOF Nordsjælland · Thomas Qvist · 12.406323368516974, 55.97310005250142 · 09:00-09:15
[alm-nordsjaelland] 2025-10-13 09:17:38 CEST · [alm] · 5 Rødhals · Rastende · Humlebæk · DOF Nordsjælland · Charlotte Klein · 12.52823059162134, 55.9585454508713 · 09:01
[alm-nordsjaelland] 2025-10-13 09:17:38 CEST · [alm] · 1 Stormmåge · Rastende · Humlebæk · DOF Nordsjælland · Charlotte Klein · 12.52823059162134, 55.9585454508713 · 09:01
[alm-nordsjaelland] 2025-10-13 09:18:57 CEST · [alm] · 1 Jernspurv · Rastende · Humlebæk · DOF Nordsjælland · Charlotte Klein · 12.52823059162134, 55.9585454508713 · 09:01
[alm-nordsjaelland] 2025-10-13 09:18:57 CEST · [alm] · 3 Stillits · Rastende · Humlebæk · DOF Nordsjælland · Charlotte Klein · 12.52823059162134, 55.9585454508713 · 09:01
[alm-nordsjaelland] 2025-10-13 09:20:10 CEST · [alm] · 3 Musvit · Trækkende mod sydvest · Fredensborg By · DOF Nordsjælland · Thomas Qvist · 12.406323368516974, 55.97310005250142 · 09:00-09:15
[alm-nordsjaelland] 2025-10-13 09:20:10 CEST · [alm] · 1 Gransanger · Rast, derefter trækkende i ikke-angivet retning · Fredensborg By · DOF Nordsjælland · Thomas Qvist · 12.406323368516974, 55.97310005250142 · 09:00-09:15
[alm-nordsjaelland] 2025-10-13 09:20:10 CEST · [alm] · 2 Stor Flagspætte · Rastende · Humlebæk · DOF Nordsjælland · Charlotte Klein · 12.52823059162134, 55.9585454508713 · 09:01
[alm-nordsjaelland] 2025-10-13 09:21:31 CEST · [alm] · 10 Musvit · Rastende · Humlebæk · DOF Nordsjælland · Charlotte Klein · 12.52823059162134, 55.9585454508713 · 09:01
[alm-nordsjaelland] 2025-10-13 09:21:31 CEST · [alm] · 5 Blåmejse · Rastende · Humlebæk · DOF Nordsjælland · Charlotte Klein · 12.52823059162134, 55.9585454508713 · 09:01
[alm-nordsjaelland] 2025-10-13 09:21:31 CEST · [alm] · 1 Gærdesmutte · Rastende · Humlebæk · DOF Nordsjælland · Charlotte Klein · 12.52823059162134, 55.9585454508713 · 09:01
[alm-nordsjaelland] 2025-10-13 09:24:23 CEST · [alm] · 1 Træløber · Rastende · Humlebæk · DOF Nordsjælland · Charlotte Klein · 12.52823059162134, 55.9585454508713 · 09:01
[alm-nordsjaelland] 2025-10-13 09:25:53 CEST · [alm] · 3 Kernebider · Rastende · Humlebæk · DOF Nordsjælland · Charlotte Klein · 12.52823059162134, 55.9585454508713 · 09:01
[alm-nordsjaelland] 2025-10-13 09:30:06 CEST · [alm] · 1 Fuglekonge · Rastende · Humlebæk · DOF Nordsjælland · Charlotte Klein · 12.52823059162134, 55.9585454508713 · 09:01
[alm-nordsjaelland] 2025-10-13 09:31:07 CEST · [alm] · 3 Fuglekonge · Rastende · Humlebæk · DOF Nordsjælland · Charlotte Klein · 12.52823059162134, 55.9585454508713 · 09:01
[alm-nordsjaelland] 2025-10-13 09:36:10 CEST · [alm] · 3 Stor Flagspætte · Rastende · Humlebæk · DOF Nordsjælland · Charlotte Klein · 12.52823059162134, 55.9585454508713 · 09:01
[alm-nordsjaelland] 2025-10-13 09:37:41 CEST · [alm] · 10 Dompap · Rastende · Humlebæk · DOF Nordsjælland · Charlotte Klein · 12.52823059162134, 55.9585454508713 · 09:01
[alm-nordsjaelland] 2025-10-13 09:37:41 CEST · [alm] · 2 Sanglærke · Rastende · Humlebæk · DOF Nordsjælland · Charlotte Klein · 12.52823059162134, 55.9585454508713 · 09:01
[alm-nordsjaelland] 2025-10-13 09:43:00 CEST · [alm] · 11 Dompap · Rastende · Humlebæk · DOF Nordsjælland · Charlotte Klein · 12.52823059162134, 55.9585454508713 · 09:01
[alm-nordsjaelland] 2025-10-13 09:43:00 CEST · [alm] · 5 Engpiber · Rastende · Humlebæk · DOF Nordsjælland · Charlotte Klein · 12.52823059162134, 55.9585454508713 · 09:01
[alm-nordsjaelland] 2025-10-13 09:43:00 CEST · [alm] · 10 Fuglekonge · Rastende · Humlebæk · DOF Nordsjælland · Charlotte Klein · 12.52823059162134, 55.9585454508713 · 09:01
[alm-nordsjaelland] 2025-10-13 09:44:33 CEST · [alm] · 1 Gransanger · Rastende · Humlebæk · DOF Nordsjælland · Charlotte Klein · 12.52823059162134, 55.9585454508713 · 09:01
[alm-nordsjaelland] 2025-10-13 09:46:13 CEST · [alm] · 1 Sjagger · Rastende · Humlebæk · DOF Nordsjælland · Charlotte Klein · 12.52823059162134, 55.9585454508713 · 09:01
[alm-nordsjaelland] 2025-10-13 09:47:36 CEST · [alm] · 10 Allike · Rastende · Humlebæk · DOF Nordsjælland · Charlotte Klein · 12.52823059162134, 55.9585454508713 · 09:01
[alm-nordsjaelland] 2025-10-13 09:49:21 CEST · [alm] · 20 Musvit · Rastende · Humlebæk · DOF Nordsjælland · Charlotte Klein · 12.52823059162134, 55.9585454508713 · 09:01
[alm-nordsjaelland] 2025-10-13 09:49:21 CEST · [alm] · 20 Fuglekonge · Rastende · Humlebæk · DOF Nordsjælland · Charlotte Klein · 12.52823059162134, 55.9585454508713 · 09:01
[alm-nordsjaelland] 2025-10-13 09:49:21 CEST · [alm] · 2 Gærdesmutte · Syngende · Humlebæk · DOF Nordsjælland · Charlotte Klein · 12.52823059162134, 55.9585454508713 · 09:01
[alm-nordsjaelland] 2025-10-13 09:49:21 CEST · [alm] · 3 Grønirisk · Rastende · Humlebæk · DOF Nordsjælland · Charlotte Klein · 12.52823059162134, 55.9585454508713 · 09:01
[alm-nordsjaelland] 2025-10-13 09:50:35 CEST · [alm] · 4 Gærdesmutte · Rastende · Humlebæk · DOF Nordsjælland · Charlotte Klein · 12.52823059162134, 55.9585454508713 · 09:01
[alm-nordsjaelland] 2025-10-13 09:51:58 CEST · [alm] · 3 Jernspurv · Rastende · Humlebæk · DOF Nordsjælland · Charlotte Klein · 12.52823059162134, 55.9585454508713 · 09:01
[alm-nordsjaelland] 2025-10-13 09:53:22 CEST · [alm] · 7 Engpiber · Rastende · Humlebæk · DOF Nordsjælland · Charlotte Klein · 12.52823059162134, 55.9585454508713 · 09:01
[alm-nordsjaelland] 2025-10-13 09:53:22 CEST · [alm] · 10 Drossel sp. · Rastende · Humlebæk · DOF Nordsjælland · Charlotte Klein · 12.52823059162134, 55.9585454508713 · 09:01
[alm-nordsjaelland] 2025-10-13 09:53:22 CEST · [alm] · 1 Skovskade · Rastende · Humlebæk · DOF Nordsjælland · Charlotte Klein · 12.52823059162134, 55.9585454508713 · 09:01
[alm-nordsjaelland] 2025-10-13 09:56:38 CEST · [alm] · 2 Sumpmejse · Rastende · Humlebæk · DOF Nordsjælland · Charlotte Klein · 12.52823059162134, 55.9585454508713 · 09:01
[alm-nordsjaelland] 2025-10-13 09:58:32 CEST · [alm] · 20 Vindrossel · Rastende · Humlebæk · DOF Nordsjælland · Charlotte Klein · 12.52823059162134, 55.9585454508713 · 09:01
[alm-nordsjaelland] 2025-10-13 09:59:54 CEST · [alm] · 15 Dompap · Rastende · Humlebæk · DOF Nordsjælland · Charlotte Klein · 12.52823059162134, 55.9585454508713 · 09:01
[alm-nordsjaelland] 2025-10-13 09:59:54 CEST · [alm] · 2 Spætmejse · Rastende · Humlebæk · DOF Nordsjælland · Charlotte Klein · 12.52823059162134, 55.9585454508713 · 09:01
[alm-nordsjaelland] 2025-10-13 10:04:54 CEST · [alm] · 20 Dompap · Rastende · Humlebæk · DOF Nordsjælland · Charlotte Klein · 12.52823059162134, 55.9585454508713 · 09:01
[alm-nordsjaelland] 2025-10-13 10:04:54 CEST · [alm] · 5 Grønsisken · Rastende · Humlebæk · DOF Nordsjælland · Charlotte Klein · 12.52823059162134, 55.9585454508713 · 09:01
[alm-nordsjaelland] 2025-10-13 10:04:54 CEST · [alm] · 1 Musvåge · Rastende · Humlebæk · DOF Nordsjælland · Charlotte Klein · 12.52823059162134, 55.9585454508713 · 09:01
[alm-nordsjaelland] 2025-10-13 10:07:15 CEST · [alm] · 10 Ringdue · Rastende · Humlebæk · DOF Nordsjælland · Charlotte Klein · 12.52823059162134, 55.9585454508713 · 09:01
[alm-nordsjaelland] 2025-10-13 10:09:44 CEST · [alm] · 2 Skovskade · Rastende · Humlebæk · DOF Nordsjælland · Charlotte Klein · 12.52823059162134, 55.9585454508713 · 09:01
[alm-nordsjaelland] 2025-10-13 10:09:44 CEST · [alm] · 1 Tårnfalk · Rastende · Humlebæk · DOF Nordsjælland · Charlotte Klein · 12.52823059162134, 55.9585454508713 · 09:01
[alm-nordsjaelland] 2025-10-13 10:10:58 CEST · [alm] · 4 Kernebider · Rastende · Humlebæk · DOF Nordsjælland · Charlotte Klein · 12.52823059162134, 55.9585454508713 · 09:01
[alm-nordsjaelland] 2025-10-13 10:10:58 CEST · [alm] · 8 Blåmejse · Rastende · Humlebæk · DOF Nordsjælland · Charlotte Klein · 12.52823059162134, 55.9585454508713 · 09:01
[alm-nordsjaelland] 2025-10-13 10:10:58 CEST · [alm] · 25 Fuglekonge · Rastende · Humlebæk · DOF Nordsjælland · Charlotte Klein · 12.52823059162134, 55.9585454508713 · 09:01
[alm-nordsjaelland] 2025-10-13 10:12:04 CEST · [alm] · 10 Blåmejse · Rastende · Humlebæk · DOF Nordsjælland · Charlotte Klein · 12.52823059162134, 55.9585454508713 · 09:01
[alm-nordsjaelland] 2025-10-13 10:12:52 CEST · [alm] · 10 Engpiber · Rastende · Humlebæk · DOF Nordsjælland · Charlotte Klein · 12.52823059162134, 55.9585454508713 · 09:01
[alm-nordsjaelland] 2025-10-13 10:13:58 CEST · [alm] · 30 Ringdue · Overflyvende · Humlebæk · DOF Nordsjælland · Charlotte Klein · 12.52823059162134, 55.9585454508713 · 09:01
[alm-nordsjaelland] 2025-10-13 10:15:13 CEST · [alm] · 8 Grønirisk · Rastende · Humlebæk · DOF Nordsjælland · Charlotte Klein · 12.52823059162134, 55.9585454508713 · 09:01
[alm-nordsjaelland] 2025-10-13 10:17:24 CEST · [alm] · 25 Musvit · Rastende · Humlebæk · DOF Nordsjælland · Charlotte Klein · 12.52823059162134, 55.9585454508713 · 09:01
[alm-nordsjaelland] 2025-10-13 10:18:22 CEST · [alm] · 30 Musvit · Rastende · Humlebæk · DOF Nordsjælland · Charlotte Klein · 12.52823059162134, 55.9585454508713 · 09:01
[alm-nordsjaelland] 2025-10-13 10:18:22 CEST · [alm] · 30 Fuglekonge · Rastende · Humlebæk · DOF Nordsjælland · Charlotte Klein · 12.52823059162134, 55.9585454508713 · 09:01
[alm-nordsjaelland] 2025-10-13 10:19:27 CEST · [alm] · 20 Drossel sp. · Rastende · Humlebæk · DOF Nordsjælland · Charlotte Klein · 12.52823059162134, 55.9585454508713 · 09:01
[alm-nordsjaelland] 2025-10-13 10:19:27 CEST · [alm] · 1 Sangdrossel · Rastende · Humlebæk · DOF Nordsjælland · Charlotte Klein · 12.52823059162134, 55.9585454508713 · 09:01
[alm-nordsjaelland] 2025-10-13 10:20:43 CEST · [alm] · 35 Fuglekonge · Rastende · Humlebæk · DOF Nordsjælland · Charlotte Klein · 12.52823059162134, 55.9585454508713 · 09:01
[alm-nordsjaelland] 2025-10-13 10:21:57 CEST · [alm] · 3 Spætmejse · Rastende · Humlebæk · DOF Nordsjælland · Charlotte Klein · 12.52823059162134, 55.9585454508713 · 09:01
[alm-nordsjaelland] 2025-10-13 10:21:57 CEST · [alm] · 40 Fuglekonge · Rastende · Humlebæk · DOF Nordsjælland · Charlotte Klein · 12.52823059162134, 55.9585454508713 · 09:01
[alm-nordsjaelland] 2025-10-13 10:30:45 CEST · [alm] · 23 Stær · Overflyvende · Søborg Sø · DOF Nordsjælland · Henrik Boeg · 12.32170161878679, 56.07541858359863 · 10:25-10:30
[alm-nordsjaelland] 2025-10-13 10:30:45 CEST · [alm] · 4 Krage, Gråkrage (ssp. cornix) · Rastende · Søborg Sø · DOF Nordsjælland · Henrik Boeg · 12.32170161878679, 56.07541858359863 · 10:25-10:30
[alm-nordsjaelland] 2025-10-13 10:30:45 CEST · [alm] · 1 Ringdue · Overflyvende · Søborg Sø · DOF Nordsjælland · Henrik Boeg · 12.32170161878679, 56.07541858359863 · 10:25-10:30
[alm-nordsjaelland] 2025-10-13 10:30:45 CEST · [alm] · 2 Allike · Overflyvende · Søborg Sø · DOF Nordsjælland · Henrik Boeg · 12.32170161878679, 56.07541858359863 · 10:25-10:30
[alm-nordsjaelland] 2025-10-13 10:30:45 CEST · [alm] · 2 Grågås · Overflyvende · Søborg Sø · DOF Nordsjælland · Henrik Boeg · 12.32170161878679, 56.07541858359863 · 10:25-10:30
[alm-nordsjaelland] 2025-10-13 10:30:45 CEST · [alm] · 25 Råge · Rastende · Søborg Sø · DOF Nordsjælland · Henrik Boeg · 12.32170161878679, 56.07541858359863 · 10:25-10:30
[alm-nordsjaelland] 2025-10-13 10:37:57 CEST · [alm] · 13 Engpiber · Rastende · Humlebæk · DOF Nordsjælland · Charlotte Klein · 12.52823059162134, 55.9585454508713 · 09:01
[alm-nordsjaelland] 2025-10-13 10:42:41 CEST · [alm] · 22 Dompap · Rastende · Humlebæk · DOF Nordsjælland · Charlotte Klein · 12.52823059162134, 55.9585454508713 · 09:01
[alm-nordsjaelland] 2025-10-13 10:42:41 CEST · [alm] · 15 Engpiber · Rastende · Humlebæk · DOF Nordsjælland · Charlotte Klein · 12.52823059162134, 55.9585454508713 · 09:01
[alm-nordsjaelland] 2025-10-13 10:42:41 CEST · [alm] · 3 Sanglærke · Rastende · Humlebæk · DOF Nordsjælland · Charlotte Klein · 12.52823059162134, 55.9585454508713 · 09:01
[alm-nordsjaelland] 2025-10-13 10:42:41 CEST · [alm] · 1 Fjeldvåge · Trækkende · Teknikerbyen · DOF Nordsjælland · Jim Christensen · 12.495695240226981, 55.80175922238371 · 10:39
[alm-nordsjaelland] 2025-10-13 10:46:42 CEST · [alm] · 40 Musvit · Rastende · Humlebæk · DOF Nordsjælland · Charlotte Klein · 12.52823059162134, 55.9585454508713 · 09:01
[alm-nordsjaelland] 2025-10-13 10:46:42 CEST · [alm] · 10 Solsort · Rastende · Humlebæk · DOF Nordsjælland · Charlotte Klein · 12.52823059162134, 55.9585454508713 · 09:01
[alm-nordsjaelland] 2025-10-13 10:50:49 CEST · [alm] · 4 Stor Flagspætte · Rastende · Humlebæk · DOF Nordsjælland · Charlotte Klein · 12.52823059162134, 55.9585454508713 · 09:01
[alm-nordsjaelland] 2025-10-13 10:53:02 CEST · [alm] · 9 Grønirisk · Rastende · Humlebæk · DOF Nordsjælland · Charlotte Klein · 12.52823059162134, 55.9585454508713 · 09:01
[alm-nordsjaelland] 2025-10-13 10:53:02 CEST · [alm] · 2 Tårnfalk · Rastende · Humlebæk · DOF Nordsjælland · Charlotte Klein · 12.52823059162134, 55.9585454508713 · 09:01
[alm-nordsjaelland] 2025-10-13 10:57:28 CEST · [alm] · 5 Gærdesmutte · Rastende · Humlebæk · DOF Nordsjælland · Charlotte Klein · 12.52823059162134, 55.9585454508713 · 09:01
[alm-nordsjaelland] 2025-10-13 10:57:28 CEST · [alm] · 1 Grågås · Overflyvende · Humlebæk · DOF Nordsjælland · Charlotte Klein · 12.52823059162134, 55.9585454508713 · 09:01
[alm-nordsjaelland] 2025-10-13 10:59:50 CEST · [alm] · 23 Dompap · Rastende · Humlebæk · DOF Nordsjælland · Charlotte Klein · 12.52823059162134, 55.9585454508713 · 09:01
[alm-nordsjaelland] 2025-10-13 10:59:50 CEST · [alm] · 13 Bogfinke · Rastende · Humlebæk · DOF Nordsjælland · Charlotte Klein · 12.52823059162134, 55.9585454508713 · 09:01
[alm-nordsjaelland] 2025-10-13 10:59:50 CEST · [alm] · 15 Solsort · Rastende · Humlebæk · DOF Nordsjælland · Charlotte Klein · 12.52823059162134, 55.9585454508713 · 09:01
[alm-nordsjaelland] 2025-10-13 11:02:03 CEST · [alm] · 20 Husskade · Rastende · Humlebæk · DOF Nordsjælland · Charlotte Klein · 12.52823059162134, 55.9585454508713 · 09:01
[alm-nordsjaelland] 2025-10-13 11:02:03 CEST · [alm] · 30 Råge · Rastende · Humlebæk · DOF Nordsjælland · Charlotte Klein · 12.52823059162134, 55.9585454508713 · 09:01
[alm-nordsjaelland] 2025-10-13 11:02:03 CEST · [alm] · 15 Krage, Gråkrage (ssp. cornix) · Rastende · Humlebæk · DOF Nordsjælland · Charlotte Klein · 12.52823059162134, 55.9585454508713 · 09:01
[alm-nordsjaelland] 2025-10-13 11:02:03 CEST · [alm] · 17 Engpiber · Rastende · Humlebæk · DOF Nordsjælland · Charlotte Klein · 12.52823059162134, 55.9585454508713 · 09:01
[alm-nordsjaelland] 2025-10-13 11:02:03 CEST · [alm] · 20 Blåmejse · Rastende · Humlebæk · DOF Nordsjælland · Charlotte Klein · 12.52823059162134, 55.9585454508713 · 09:01
[alm-nordsjaelland] 2025-10-13 11:02:03 CEST · [alm] · 10 Grønirisk · Rastende · Humlebæk · DOF Nordsjælland · Charlotte Klein · 12.52823059162134, 55.9585454508713 · 09:01
[alm-nordsjaelland] 2025-10-13 11:02:03 CEST · [alm] · 3 Sumpmejse · Rastende · Humlebæk · DOF Nordsjælland · Charlotte Klein · 12.52823059162134, 55.9585454508713 · 09:01
[alm-nordsjaelland] 2025-10-13 11:02:03 CEST · [alm] · 2 Gråand · Rastende · Humlebæk · DOF Nordsjælland · Charlotte Klein · 12.52823059162134, 55.9585454508713 · 09:01
[alm-nordsjaelland] 2025-10-13 11:04:08 CEST · [alm] · 1 Havørn · Trækkende mod sydvest · Fredensborg By · DOF Nordsjælland · Carsten Primdahl Lorentsen · 12.406323368516974, 55.97310005250142 · 11:42
[alm-nordsjaelland] 2025-10-13 11:06:04 CEST · [alm] · 150 Ringdue · Overflyvende · Humlebæk · DOF Nordsjælland · Charlotte Klein · 12.52823059162134, 55.9585454508713 · 09:01
[alm-nordsjaelland] 2025-10-13 11:07:59 CEST · [alm] · 40 Husskade · Rastende · Humlebæk · DOF Nordsjælland · Charlotte Klein · 12.52823059162134, 55.9585454508713 · 09:01
[alm-nordsjaelland] 2025-10-13 11:07:59 CEST · [alm] · 20 Engpiber · Rastende · Humlebæk · DOF Nordsjælland · Charlotte Klein · 12.52823059162134, 55.9585454508713 · 09:01
[alm-nordsjaelland] 2025-10-13 11:11:57 CEST · [alm] · 4 Sanglærke · Rastende · Humlebæk · DOF Nordsjælland · Charlotte Klein · 12.52823059162134, 55.9585454508713 · 09:01
[alm-nordsjaelland] 2025-10-13 11:14:20 CEST · [alm] · 2 Sangdrossel · Rastende · Humlebæk · DOF Nordsjælland · Charlotte Klein · 12.52823059162134, 55.9585454508713 · 09:01
[alm-nordsjaelland] 2025-10-13 11:17:08 CEST · [alm] · 1 Blishøne · Rastende · Humlebæk · DOF Nordsjælland · Charlotte Klein · 12.52823059162134, 55.9585454508713 · 09:01
[alm-nordsjaelland] 2025-10-13 11:17:08 CEST · [alm] · 2 Vandrikse · Rastende · Humlebæk · DOF Nordsjælland · Charlotte Klein · 12.52823059162134, 55.9585454508713 · 09:01
[alm-nordsjaelland] 2025-10-13 11:19:40 CEST · [alm] · 2 Rørhøne · Rastende · Humlebæk · DOF Nordsjælland · Charlotte Klein · 12.52823059162134, 55.9585454508713 · 09:01
[alm-nordsjaelland] 2025-10-13 11:22:20 CEST · [alm] · 20 Solsort · Rastende · Humlebæk · DOF Nordsjælland · Charlotte Klein · 12.52823059162134, 55.9585454508713 · 09:01
[alm-nordsjaelland] 2025-10-13 11:22:20 CEST · [alm] · 5 Gråspurv · Rastende · Humlebæk · DOF Nordsjælland · Charlotte Klein · 12.52823059162134, 55.9585454508713 · 09:01
[alm-nordsjaelland] 2025-10-13 11:22:20 CEST · [alm] · 5 Stor Flagspætte · Rastende · Humlebæk · DOF Nordsjælland · Charlotte Klein · 12.52823059162134, 55.9585454508713 · 09:01
[alm-nordsjaelland] 2025-10-13 11:22:20 CEST · [alm] · 3 Blishøne · Rastende · Humlebæk · DOF Nordsjælland · Charlotte Klein · 12.52823059162134, 55.9585454508713 · 09:01
[alm-nordsjaelland] 2025-10-13 11:24:34 CEST · [alm] · 25 Dompap · Rastende · Humlebæk · DOF Nordsjælland · Charlotte Klein · 12.52823059162134, 55.9585454508713 · 09:01
[alm-nordsjaelland] 2025-10-13 11:24:34 CEST · [alm] · 25 Solsort · Rastende · Humlebæk · DOF Nordsjælland · Charlotte Klein · 12.52823059162134, 55.9585454508713 · 09:01
[alm-nordsjaelland] 2025-10-13 11:24:34 CEST · [alm] · 6 Rødhals · Rastende · Humlebæk · DOF Nordsjælland · Charlotte Klein · 12.52823059162134, 55.9585454508713 · 09:01
[alm-nordsjaelland] 2025-10-13 11:24:34 CEST · [alm] · 7 Gærdesmutte · Rastende · Humlebæk · DOF Nordsjælland · Charlotte Klein · 12.52823059162134, 55.9585454508713 · 09:01
[alm-nordsjaelland] 2025-10-13 11:26:56 CEST · [alm] · 26 Dompap · Rastende · Humlebæk · DOF Nordsjælland · Charlotte Klein · 12.52823059162134, 55.9585454508713 · 09:01
[alm-nordsjaelland] 2025-10-13 11:29:28 CEST · [alm] · 27 Dompap · Rastende · Humlebæk · DOF Nordsjælland · Charlotte Klein · 12.52823059162134, 55.9585454508713 · 09:01
[alm-nordsjaelland] 2025-10-13 11:29:28 CEST · [alm] · 15 Bogfinke · Rastende · Humlebæk · DOF Nordsjælland · Charlotte Klein · 12.52823059162134, 55.9585454508713 · 09:01
[alm-nordsjaelland] 2025-10-13 11:29:28 CEST · [alm] · 45 Musvit · Rastende · Humlebæk · DOF Nordsjælland · Charlotte Klein · 12.52823059162134, 55.9585454508713 · 09:01
[alm-nordsjaelland] 2025-10-13 11:29:28 CEST · [alm] · 50 Husskade · Rastende · Humlebæk · DOF Nordsjælland · Charlotte Klein · 12.52823059162134, 55.9585454508713 · 09:01
[alm-nordsjaelland] 2025-10-13 11:29:28 CEST · [alm] · 25 Engpiber · Rastende · Humlebæk · DOF Nordsjælland · Charlotte Klein · 12.52823059162134, 55.9585454508713 · 09:01
[alm-nordsjaelland] 2025-10-13 11:29:28 CEST · [alm] · 6 Stor Flagspætte · Rastende · Humlebæk · DOF Nordsjælland · Charlotte Klein · 12.52823059162134, 55.9585454508713 · 09:01
[alm-nordsjaelland] 2025-10-13 11:29:28 CEST · [alm] · 8 Gærdesmutte · Rastende · Humlebæk · DOF Nordsjælland · Charlotte Klein · 12.52823059162134, 55.9585454508713 · 09:01
[alm-nordsjaelland] 2025-10-13 11:29:28 CEST · [alm] · 41 Fuglekonge · Rastende · Humlebæk · DOF Nordsjælland · Charlotte Klein · 12.52823059162134, 55.9585454508713 · 09:01
[alm-nordsjaelland] 2025-10-13 11:29:28 CEST · [alm] · 3 Tårnfalk · Rastende · Humlebæk · DOF Nordsjælland · Charlotte Klein · 12.52823059162134, 55.9585454508713 · 09:01
[alm-nordsjaelland] 2025-10-13 11:36:14 CEST · [alm] · 9 Gærdesmutte · Rastende · Humlebæk · DOF Nordsjælland · Charlotte Klein · 12.52823059162134, 55.9585454508713 · 09:01
[alm-nordsjaelland] 2025-10-13 11:36:14 CEST · [alm] · 2 Musvåge · Rastende · Humlebæk · DOF Nordsjælland · Charlotte Klein · 12.52823059162134, 55.9585454508713 · 09:01
[alm-nordsjaelland] 2025-10-13 11:38:18 CEST · [alm] · 32 Dompap · Rastende · Humlebæk · DOF Nordsjælland · Charlotte Klein · 12.52823059162134, 55.9585454508713 · 09:01
[alm-nordsjaelland] 2025-10-13 11:38:18 CEST · [alm] · 3 Musvåge · Rastende · Humlebæk · DOF Nordsjælland · Charlotte Klein · 12.52823059162134, 55.9585454508713 · 09:01
[alm-nordsjaelland] 2025-10-13 11:40:31 CEST · [alm] · 8 Stor Flagspætte · Rastende · Humlebæk · DOF Nordsjælland · Charlotte Klein · 12.52823059162134, 55.9585454508713 · 09:01
[alm-nordsjaelland] 2025-10-13 11:42:53 CEST · [alm] · 25 Bogfinke · Rastende · Humlebæk · DOF Nordsjælland · Charlotte Klein · 12.52823059162134, 55.9585454508713 · 09:01
[alm-nordsjaelland] 2025-10-13 11:45:15 CEST · [alm] · 3 Sjagger · Rastende · Humlebæk · DOF Nordsjælland · Charlotte Klein · 12.52823059162134, 55.9585454508713 · 09:01
[alm-nordsjaelland] 2025-10-13 11:49:42 CEST · [alm] · 8 Grønsisken · Rastende · Humlebæk · DOF Nordsjælland · Charlotte Klein · 12.52823059162134, 55.9585454508713 · 09:01
[alm-nordsjaelland] 2025-10-13 11:49:42 CEST · [alm] · 13 Grønirisk · Rastende · Humlebæk · DOF Nordsjælland · Charlotte Klein · 12.52823059162134, 55.9585454508713 · 09:01
[alm-nordsjaelland] 2025-10-13 11:51:37 CEST · [alm] · 33 Dompap · Rastende · Humlebæk · DOF Nordsjælland · Charlotte Klein · 12.52823059162134, 55.9585454508713 · 09:01
[alm-nordsjaelland] 2025-10-13 11:51:37 CEST · [alm] · 10 Gærdesmutte · Rastende · Humlebæk · DOF Nordsjælland · Charlotte Klein · 12.52823059162134, 55.9585454508713 · 09:01
[alm-nordsjaelland] 2025-10-13 11:58:27 CEST · [alm] · 300 Grågås · Fouragerende · Holløse Bredning · DOF Nordsjælland · Peter Rand · 12.124094737131472, 56.039093841963776 · 11:00
[alm-nordsjaelland] 2025-10-13 11:58:27 CEST · [alm] · 22 Blisgås · Fouragerende · Holløse Bredning · DOF Nordsjælland · Peter Rand · 12.124094737131472, 56.039093841963776 · 11:00
[alm-nordsjaelland] 2025-10-13 11:58:27 CEST · [alm] · 6 Bramgås · Fouragerende · Holløse Bredning · DOF Nordsjælland · Peter Rand · 12.124094737131472, 56.039093841963776 · 11:00
[alm-nordsjaelland] 2025-10-13 11:58:27 CEST · [alm] · 16 Musvåge · Trækkende · Gadevang & Nørresø · DOF Nordsjælland · Viggo Larsen · 12.291195949781011, 55.965941214767305 · 11:56
[alm-nordsjaelland] 2025-10-13 12:00:40 CEST · [alm] · 250 Vibe · Rastende · Holløse Bredning · DOF Nordsjælland · Peter Rand · 12.124094737131472, 56.039093841963776 · 11:00
[alm-nordsjaelland] 2025-10-13 12:00:40 CEST · [alm] · 6 Skægmejse · Fouragerende · Holløse Bredning · DOF Nordsjælland · Peter Rand · 12.124094737131472, 56.039093841963776 · 11:00
[alm-nordsjaelland] 2025-10-13 12:00:40 CEST · [alm] · 1 Havørn · Rastende · Holløse Bredning · DOF Nordsjælland · Peter Rand · 12.124094737131472, 56.039093841963776 · 11:00
[alm-nordsjaelland] 2025-10-13 12:00:40 CEST · [alm] · 2 Sølvhejre · Rastende · Holløse Bredning · DOF Nordsjælland · Peter Rand · 12.124094737131472, 56.039093841963776 · 11:00
[alm-nordsjaelland] 2025-10-13 12:00:40 CEST · [alm] · 1 Lærkefalk · Fouragerende · Holløse Bredning · DOF Nordsjælland · Peter Rand · 12.124094737131472, 56.039093841963776 · 11:00
[alm-nordsjaelland] 2025-10-13 12:06:55 CEST · [alm] · 64 Musvåge · Trækkende mod sydvest · Nærum · DOF Nordsjælland · Steffen Kronborg · 12.537111753877426, 55.818108635717635 · 11:15-11:30
[alm-nordsjaelland] 2025-10-13 12:11:04 CEST · [alm] · 35 Bogfinke · Rastende · Humlebæk · DOF Nordsjælland · Charlotte Klein · 12.52823059162134, 55.9585454508713 · 09:01
[alm-nordsjaelland] 2025-10-13 12:11:04 CEST · [alm] · 60 Husskade · Rastende · Humlebæk · DOF Nordsjælland · Charlotte Klein · 12.52823059162134, 55.9585454508713 · 09:01
[alm-nordsjaelland] 2025-10-13 12:11:04 CEST · [alm] · 80 Råge · Rastende · Humlebæk · DOF Nordsjælland · Charlotte Klein · 12.52823059162134, 55.9585454508713 · 09:01
[alm-nordsjaelland] 2025-10-13 12:11:04 CEST · [alm] · 7 Rødhals · Rastende · Humlebæk · DOF Nordsjælland · Charlotte Klein · 12.52823059162134, 55.9585454508713 · 09:01
[alm-nordsjaelland] 2025-10-13 12:11:04 CEST · [alm] · 10 Gråspurv · Rastende · Humlebæk · DOF Nordsjælland · Charlotte Klein · 12.52823059162134, 55.9585454508713 · 09:01
[alm-nordsjaelland] 2025-10-13 12:11:04 CEST · [alm] · 30 Krage, Gråkrage (ssp. cornix) · Rastende · Humlebæk · DOF Nordsjælland · Charlotte Klein · 12.52823059162134, 55.9585454508713 · 09:01
[alm-nordsjaelland] 2025-10-13 12:11:04 CEST · [alm] · 2 Stormmåge · Rastende · Humlebæk · DOF Nordsjælland · Charlotte Klein · 12.52823059162134, 55.9585454508713 · 09:01
[alm-nordsjaelland] 2025-10-13 12:13:17 CEST · [alm] · 37 Dompap · Rastende · Humlebæk · DOF Nordsjælland · Charlotte Klein · 12.52823059162134, 55.9585454508713 · 09:01
[alm-nordsjaelland] 2025-10-13 13:33:04 CEST · [alm] · 34 Fløjlsand · Rastende · Hav og sund mellem Korshage og Hundested · DOF Nordsjælland · Ivan Christiansen · 11.826782200000434, 55.95919479999927 · 11:30
[alm-nordsjaelland] 2025-10-13 13:33:04 CEST · [alm] · 6 Alk · Fouragerende · Hav og sund mellem Korshage og Hundested · DOF Nordsjælland · Ivan Christiansen · 11.826782200000434, 55.95919479999927 · 11:30
[alm-nordsjaelland] 2025-10-13 13:33:04 CEST · [alm] · 220 Ederfugl · Rastende · Hav og sund mellem Korshage og Hundested · DOF Nordsjælland · Ivan Christiansen · 11.826782200000434, 55.95919479999927 · 11:30
[alm-nordsjaelland] 2025-10-13 13:34:59 CEST · [alm] · 150 Grågås · Trækkende mod sydvest · Rågeleje · DOF Nordsjælland · Jens Brink · 12.165643144334535, 56.09568168370956
[alm-nordsjaelland] 2025-10-13 13:34:59 CEST · [alm] · 1 Stor Flagspætte · Rastende · Rågeleje · DOF Nordsjælland · Jens Brink · 12.165643144334535, 56.09568168370956
[alm-nordsjaelland] 2025-10-13 13:37:13 CEST · [alm] · 1 Svartbag · Rastende · Hav og sund mellem Korshage og Hundested · DOF Nordsjælland · Ivan Christiansen · 11.826782200000434, 55.95919479999927 · 11:30
[alm-nordsjaelland] 2025-10-13 13:39:45 CEST · [alm] · 38 Fløjlsand · Rastende · Hav og sund mellem Korshage og Hundested · DOF Nordsjælland · Ivan Christiansen · 11.826782200000434, 55.95919479999927 · 11:30
[alm-nordsjaelland] 2025-10-13 13:43:55 CEST · [alm] · 2 Havørn · Rastende · Dragstrup v. Søborg sø · DOF Nordsjælland · Ivan Olsen · 12.348534599998919, 56.077109799999164 · 13:42
[alm-nordsjaelland] 2025-10-13 13:46:08 CEST · [alm] · 1 Sule · Fouragerende · Hav og sund mellem Korshage og Hundested · DOF Nordsjælland · Ivan Christiansen · 11.826782200000434, 55.95919479999927 · 11:30
[alm-nordsjaelland] 2025-10-13 13:48:04 CEST · [alm] · 3 Sule · Fouragerende · Hav og sund mellem Korshage og Hundested · DOF Nordsjælland · Ivan Christiansen · 11.826782200000434, 55.95919479999927 · 11:30
[alm-nordsjaelland] 2025-10-13 13:52:31 CEST · [alm] · 60 Krikand · Rastende · Dragstrup v. Søborg sø · DOF Nordsjælland · Ivan Olsen · 12.348534599998919, 56.077109799999164 · 13:42
[alm-nordsjaelland] 2025-10-13 13:52:31 CEST · [alm] · 1 Skeand · Rastende · Dragstrup v. Søborg sø · DOF Nordsjælland · Ivan Olsen · 12.348534599998919, 56.077109799999164 · 13:42
[alm-nordsjaelland] 2025-10-13 13:55:03 CEST · [alm] · 2 Dompap · Rastende · Holløse Bredning · DOF Nordsjælland · Christian Glahder · 12.124094737131472, 56.039093841963776 · 09:25-12:00
[alm-nordsjaelland] 2025-10-13 13:55:03 CEST · [alm] · 1 Gærdesmutte · Rastende · Holløse Bredning · DOF Nordsjælland · Christian Glahder · 12.124094737131472, 56.039093841963776 · 09:25-12:00
[alm-nordsjaelland] 2025-10-13 13:55:03 CEST · [alm] · 4 Solsort · Rastende · Holløse Bredning · DOF Nordsjælland · Christian Glahder · 12.124094737131472, 56.039093841963776 · 09:25-12:00
[alm-nordsjaelland] 2025-10-13 13:55:03 CEST · [alm] · 6 Engpiber · Rastende · Holløse Bredning · DOF Nordsjælland · Christian Glahder · 12.124094737131472, 56.039093841963776 · 09:25-12:00
[alm-nordsjaelland] 2025-10-13 13:55:03 CEST · [alm] · 6 Vindrossel · Rastende · Holløse Bredning · DOF Nordsjælland · Christian Glahder · 12.124094737131472, 56.039093841963776 · 09:25-12:00
[alm-nordsjaelland] 2025-10-13 13:55:03 CEST · [alm] · 3 Gulspurv · Rastende · Holløse Bredning · DOF Nordsjælland · Christian Glahder · 12.124094737131472, 56.039093841963776 · 09:25-12:00
[alm-nordsjaelland] 2025-10-13 13:55:03 CEST · [alm] · 3 Musvit · Rastende · Holløse Bredning · DOF Nordsjælland · Christian Glahder · 12.124094737131472, 56.039093841963776 · 09:25-12:00
[alm-nordsjaelland] 2025-10-13 13:55:03 CEST · [alm] · 75 Stær · Rastende · Holløse Bredning · DOF Nordsjælland · Christian Glahder · 12.124094737131472, 56.039093841963776 · 09:25-12:00
[alm-nordsjaelland] 2025-10-13 13:55:03 CEST · [alm] · 10 Pibeand · Rastende · Dragstrup v. Søborg sø · DOF Nordsjælland · Ivan Olsen · 12.348534599998919, 56.077109799999164 · 13:42
[alm-nordsjaelland] 2025-10-13 13:55:03 CEST · [alm] · 2 Tårnfalk · Fouragerende · Dragstrup v. Søborg sø · DOF Nordsjælland · Ivan Olsen · 12.348534599998919, 56.077109799999164 · 13:42
[alm-nordsjaelland] 2025-10-13 13:57:16 CEST · [alm] · 11 Fiskehejre · Rastende · Holløse Bredning · DOF Nordsjælland · Christian Glahder · 12.124094737131472, 56.039093841963776 · 09:25-12:00
[alm-nordsjaelland] 2025-10-13 13:57:16 CEST · [alm] · 2 Blåmejse · Rastende · Holløse Bredning · DOF Nordsjælland · Christian Glahder · 12.124094737131472, 56.039093841963776 · 09:25-12:00
[alm-nordsjaelland] 2025-10-13 13:57:16 CEST · [alm] · 2 Gransanger · Rastende · Holløse Bredning · DOF Nordsjælland · Christian Glahder · 12.124094737131472, 56.039093841963776 · 09:25-12:00
[alm-nordsjaelland] 2025-10-13 13:57:16 CEST · [alm] · 9 Dobbeltbekkasin · Rastende · Holløse Bredning · DOF Nordsjælland · Christian Glahder · 12.124094737131472, 56.039093841963776 · 09:25-12:00
[alm-nordsjaelland] 2025-10-13 13:57:16 CEST · [alm] · 4 Vandrikse · Rastende · Holløse Bredning · DOF Nordsjælland · Christian Glahder · 12.124094737131472, 56.039093841963776 · 09:25-12:00
[alm-nordsjaelland] 2025-10-13 13:57:16 CEST · [alm] · 3 Rørhøne · Rastende · Holløse Bredning · DOF Nordsjælland · Christian Glahder · 12.124094737131472, 56.039093841963776 · 09:25-12:00
[alm-nordsjaelland] 2025-10-13 13:57:16 CEST · [alm] · 4 Krage · Rastende · Holløse Bredning · DOF Nordsjælland · Christian Glahder · 12.124094737131472, 56.039093841963776 · 09:25-12:00
[alm-nordsjaelland] 2025-10-13 13:57:16 CEST · [alm] · 19 Sanglærke · Rastende · Holløse Bredning · DOF Nordsjælland · Christian Glahder · 12.124094737131472, 56.039093841963776 · 09:25-12:00
[alm-nordsjaelland] 2025-10-13 13:57:16 CEST · [alm] · 3 Kvækerfinke · Overflyvende · Holløse Bredning · DOF Nordsjælland · Christian Glahder · 12.124094737131472, 56.039093841963776 · 09:25-12:00
[alm-nordsjaelland] 2025-10-13 13:57:16 CEST · [alm] · 4 Misteldrossel · Rastende · Holløse Bredning · DOF Nordsjælland · Christian Glahder · 12.124094737131472, 56.039093841963776 · 09:25-12:00
[alm-nordsjaelland] 2025-10-13 13:57:16 CEST · [alm] · 3 Stormmåge · Rastende · Holløse Bredning · DOF Nordsjælland · Christian Glahder · 12.124094737131472, 56.039093841963776 · 09:25-12:00
[alm-nordsjaelland] 2025-10-13 13:57:16 CEST · [alm] · 2 Ringdue · Rastende · Holløse Bredning · DOF Nordsjælland · Christian Glahder · 12.124094737131472, 56.039093841963776 · 09:25-12:00
[alm-nordsjaelland] 2025-10-13 13:57:16 CEST · [alm] · 1 Huldue · Rastende · Holløse Bredning · DOF Nordsjælland · Christian Glahder · 12.124094737131472, 56.039093841963776 · 09:25-12:00
[alm-nordsjaelland] 2025-10-13 13:59:21 CEST · [alm] · 137 Gråand · Rastende · Holløse Bredning · DOF Nordsjælland · Christian Glahder · 12.124094737131472, 56.039093841963776 · 09:25-12:00
[alm-nordsjaelland] 2025-10-13 13:59:21 CEST · [alm] · 62 Knarand · Rastende · Holløse Bredning · DOF Nordsjælland · Christian Glahder · 12.124094737131472, 56.039093841963776 · 09:25-12:00
[alm-nordsjaelland] 2025-10-13 13:59:21 CEST · [alm] · 44 Skeand · Rastende · Holløse Bredning · DOF Nordsjælland · Christian Glahder · 12.124094737131472, 56.039093841963776 · 09:25-12:00
[alm-nordsjaelland] 2025-10-13 13:59:21 CEST · [alm] · 128 Krikand · Rastende · Holløse Bredning · DOF Nordsjælland · Christian Glahder · 12.124094737131472, 56.039093841963776 · 09:25-12:00
[alm-nordsjaelland] 2025-10-13 13:59:21 CEST · [alm] · 16 Troldand · Rastende · Holløse Bredning · DOF Nordsjælland · Christian Glahder · 12.124094737131472, 56.039093841963776 · 09:25-12:00
[alm-nordsjaelland] 2025-10-13 13:59:21 CEST · [alm] · 26 Taffeland · Rastende · Holløse Bredning · DOF Nordsjælland · Christian Glahder · 12.124094737131472, 56.039093841963776 · 09:25-12:00
[alm-nordsjaelland] 2025-10-13 13:59:21 CEST · [alm] · 12 Toppet Lappedykker · Rastende · Holløse Bredning · DOF Nordsjælland · Christian Glahder · 12.124094737131472, 56.039093841963776 · 09:25-12:00
[alm-nordsjaelland] 2025-10-13 13:59:21 CEST · [alm] · 5 Knopsvane · Rastende · Holløse Bredning · DOF Nordsjælland · Christian Glahder · 12.124094737131472, 56.039093841963776 · 09:25-12:00
[alm-nordsjaelland] 2025-10-13 13:59:21 CEST · [alm] · 9 Lille Lappedykker · Rastende · Holløse Bredning · DOF Nordsjælland · Christian Glahder · 12.124094737131472, 56.039093841963776 · 09:25-12:00
[alm-nordsjaelland] 2025-10-13 13:59:21 CEST · [alm] · 5 Spidsand · Rastende · Holløse Bredning · DOF Nordsjælland · Christian Glahder · 12.124094737131472, 56.039093841963776 · 09:25-12:00
[alm-nordsjaelland] 2025-10-13 13:59:21 CEST · [alm] · 20 Stormmåge · Rastende · Søborg Sø · DOF Nordsjælland · Henrik Boeg · 12.32170161878679, 56.07541858359863 · 10:00-10:45
[alm-nordsjaelland] 2025-10-13 13:59:21 CEST · [alm] · 10 Hættemåge · Rastende · Søborg Sø · DOF Nordsjælland · Henrik Boeg · 12.32170161878679, 56.07541858359863 · 10:00-10:45
[alm-nordsjaelland] 2025-10-13 13:59:21 CEST · [alm] · 1 Fiskehejre · Rastende · Søborg Sø · DOF Nordsjælland · Henrik Boeg · 12.32170161878679, 56.07541858359863 · 10:00-10:45
[alm-nordsjaelland] 2025-10-13 13:59:21 CEST · [alm] · 50 Krikand · Rastende · Søborg Sø · DOF Nordsjælland · Henrik Boeg · 12.32170161878679, 56.07541858359863 · 10:00-10:45
[alm-nordsjaelland] 2025-10-13 13:59:21 CEST · [alm] · 1 Blå Kærhøg · Rastende · Søborg Sø · DOF Nordsjælland · Henrik Boeg · 12.32170161878679, 56.07541858359863 · 10:00-10:45
[alm-nordsjaelland] 2025-10-13 13:59:21 CEST · [alm] · 2 Tårnfalk · Rastende · Søborg Sø · DOF Nordsjælland · Henrik Boeg · 12.32170161878679, 56.07541858359863 · 10:00-10:45
[alm-nordsjaelland] 2025-10-13 13:59:21 CEST · [alm] · 1 Fjeldvåge · Rastende · Søborg Sø · DOF Nordsjælland · Henrik Boeg · 12.32170161878679, 56.07541858359863 · 10:00-10:45
[alm-nordsjaelland] 2025-10-13 13:59:21 CEST · [alm] · 1 Musvåge · Rastende · Søborg Sø · DOF Nordsjælland · Henrik Boeg · 12.32170161878679, 56.07541858359863 · 10:00-10:45
[alm-nordsjaelland] 2025-10-13 13:59:21 CEST · [alm] · 1 Rød Glente · Rastende · Søborg Sø · DOF Nordsjælland · Henrik Boeg · 12.32170161878679, 56.07541858359863 · 10:00-10:45
[alm-nordsjaelland] 2025-10-13 14:01:25 CEST · [alm] · 38 Pibeand · Rastende · Holløse Bredning · DOF Nordsjælland · Christian Glahder · 12.124094737131472, 56.039093841963776 · 09:25-12:00
[alm-nordsjaelland] 2025-10-13 14:01:25 CEST · [alm] · 2 Kortnæbbet Gås · Rastende · Holløse Bredning · DOF Nordsjælland · Christian Glahder · 12.121524810791017, 56.04213027636331 · 09:25-12:00
[alm-nordsjaelland] 2025-10-13 14:01:25 CEST · [alm] · 2 Blå Kærhøg · Rastende · Søborg Sø · DOF Nordsjælland · Henrik Boeg · 12.32170161878679, 56.07541858359863 · 10:00-10:45
[alm-nordsjaelland] 2025-10-13 14:01:25 CEST · [alm] · 8 Knortegås, Mørkbuget (ssp. bernicla) · Rastende · Hav og sund mellem Korshage og Hundested · DOF Nordsjælland · Ivan Christiansen · 11.826782200000434, 55.95919479999927 · 11:30
[alm-nordsjaelland] 2025-10-13 14:03:20 CEST · [alm] · 175 Allike · Rastende · Holløse Bredning · DOF Nordsjælland · Christian Glahder · 12.124094737131472, 56.039093841963776 · 09:25-12:00
[alm-nordsjaelland] 2025-10-13 14:03:20 CEST · [alm] · 29 Blishøne · Rastende · Holløse Bredning · DOF Nordsjælland · Christian Glahder · 12.124094737131472, 56.039093841963776 · 09:25-12:00
[alm-nordsjaelland] 2025-10-13 14:03:20 CEST · [alm] · 220 Skarv · Rastende · Holløse Bredning · DOF Nordsjælland · Christian Glahder · 12.124094737131472, 56.039093841963776 · 09:25-12:00
[alm-nordsjaelland] 2025-10-13 14:03:20 CEST · [alm] · 50 Hættemåge · Rastende · Holløse Bredning · DOF Nordsjælland · Christian Glahder · 12.124094737131472, 56.039093841963776 · 09:25-12:00
[alm-nordsjaelland] 2025-10-13 14:03:20 CEST · [alm] · 1 Tårnfalk · Fouragerende · Holløse Bredning · DOF Nordsjælland · Christian Glahder · 12.124094737131472, 56.039093841963776 · 09:25-12:00
[alm-nordsjaelland] 2025-10-13 14:03:20 CEST · [alm] · 2 Rørspurv · Rastende · Holløse Bredning · DOF Nordsjælland · Christian Glahder · 12.124094737131472, 56.039093841963776 · 09:25-12:00
[alm-nordsjaelland] 2025-10-13 14:03:20 CEST · [alm] · 3 Musvåge · Rastende · Holløse Bredning · DOF Nordsjælland · Christian Glahder · 12.124094737131472, 56.039093841963776 · 09:25-12:00
[alm-nordsjaelland] 2025-10-13 14:03:20 CEST · [alm] · 1 Rød Glente · Rastende · Holløse Bredning · DOF Nordsjælland · Christian Glahder · 12.124094737131472, 56.039093841963776 · 09:25-12:00
[alm-nordsjaelland] 2025-10-13 14:14:36 CEST · [alm] · 2 Dompap · Fouragerende · Rågeleje · DOF Nordsjælland · Jens Brink · 12.165643144334535, 56.09568168370956
[alm-nordsjaelland] 2025-10-13 14:33:32 CEST · [alm] · 1 Ravn · Rastende · Dragstrup v. Søborg sø · DOF Nordsjælland · Ivan Olsen · 12.348534599998919, 56.077109799999164 · 13:42
[alm-nordsjaelland] 2025-10-13 14:33:32 CEST · [alm] · 4 Halemejse · Rastende · Dragstrup v. Søborg sø · DOF Nordsjælland · Ivan Olsen · 12.348534599998919, 56.077109799999164 · 13:42
[alm-nordsjaelland] 2025-10-13 14:37:40 CEST · [alm] · 1 Bogfinke · Fouragerende · Rågeleje · DOF Nordsjælland · Jens Brink · 12.165643144334535, 56.09568168370956
[alm-nordsjaelland] 2025-10-13 14:39:44 CEST · [alm] · 2 Sumpmejse · Fouragerende · Rågeleje · DOF Nordsjælland · Jens Brink · 12.165643144334535, 56.09568168370956
[alm-nordsjaelland] 2025-10-13 14:39:44 CEST · [alm] · 3 Spætmejse · Fouragerende · Rågeleje · DOF Nordsjælland · Jens Brink · 12.165643144334535, 56.09568168370956
[alm-nordsjaelland] 2025-10-13 14:54:50 CEST · [alm] · 3 Sortmejse · Fouragerende · Rågeleje · DOF Nordsjælland · Jens Brink · 12.165643144334535, 56.09568168370956
[alm-nordsjaelland] 2025-10-13 14:58:52 CEST · [alm] · 4 Musvåge · Rastende · Søborg Sø · DOF Nordsjælland · Michael Christian Linde · 12.32170161878679, 56.07541858359863 · 11:15-13:20
[alm-nordsjaelland] 2025-10-13 14:58:52 CEST · [alm] · 3 Rød Glente · Overflyvende · Søborg Sø · DOF Nordsjælland · Michael Christian Linde · 12.32170161878679, 56.07541858359863 · 11:15-13:20
[alm-nordsjaelland] 2025-10-13 14:58:52 CEST · [alm] · 3 Ravn · Overflyvende · Søborg Sø · DOF Nordsjælland · Michael Christian Linde · 12.32170161878679, 56.07541858359863 · 11:15-13:20
[alm-nordsjaelland] 2025-10-13 14:58:52 CEST · [alm] · 1 Havørn · Overflyvende · Søborg Sø · DOF Nordsjælland · Michael Christian Linde · 12.32170161878679, 56.07541858359863 · 11:15-13:20
[alm-nordsjaelland] 2025-10-13 15:00:40 CEST · [alm] · 6 Tårnfalk · Rastende · Søborg Sø · DOF Nordsjælland · Michael Christian Linde · 12.32170161878679, 56.07541858359863 · 11:15-13:20
[alm-nordsjaelland] 2025-10-13 15:00:40 CEST · [alm] · 300 Bramgås · Rastende · Søborg Sø · DOF Nordsjælland · Michael Christian Linde · 12.32170161878679, 56.07541858359863 · 11:15-13:20
[alm-nordsjaelland] 2025-10-13 15:00:40 CEST · [alm] · 20 Dobbeltbekkasin · Rastende · Søborg Sø · DOF Nordsjælland · Michael Christian Linde · 12.32170161878679, 56.07541858359863 · 11:15-13:20
[alm-nordsjaelland] 2025-10-13 15:03:04 CEST · [alm] · 40 Grågås · Rastende · Søborg Sø · DOF Nordsjælland · Michael Christian Linde · 12.32170161878679, 56.07541858359863 · 11:15-13:20
[alm-nordsjaelland] 2025-10-13 15:03:04 CEST · [alm] · 15 Brushane · Rastende · Søborg Sø · DOF Nordsjælland · Michael Christian Linde · 12.32170161878679, 56.07541858359863 · 11:15-13:20
[alm-nordsjaelland] 2025-10-13 15:03:04 CEST · [alm] · 200 Vibe · Rastende · Søborg Sø · DOF Nordsjælland · Michael Christian Linde · 12.32170161878679, 56.07541858359863 · 11:15-13:20
[alm-nordsjaelland] 2025-10-13 15:03:04 CEST · [alm] · 1 Almindelig Ryle · Rastende · Søborg Sø · DOF Nordsjælland · Michael Christian Linde · 12.32170161878679, 56.07541858359863 · 11:15-13:20
[alm-nordsjaelland] 2025-10-13 15:09:09 CEST · [alm] · 1 Spurvehøg · Overflyvende · Søborg Sø · DOF Nordsjælland · Michael Christian Linde · 12.32170161878679, 56.07541858359863 · 11:15-13:20
[alm-nordsjaelland] 2025-10-13 15:26:50 CEST · [alm] · 1 Sølvhejre · Rastende · Søborg Sø · DOF Nordsjælland · Michael Christian Linde · 12.32170161878679, 56.07541858359863 · 11:15-13:20
[alm-nordsjaelland] 2025-10-13 15:35:36 CEST · [alm] · 6 Grønsisken · Overflyvende · Rågeleje · DOF Nordsjælland · Jens Brink · 12.165643144334535, 56.09568168370956
[alm-nordsjaelland] 2025-10-13 15:35:36 CEST · [alm] · 2 Ringdue · Rastende · Rågeleje · DOF Nordsjælland · Jens Brink · 12.165643144334535, 56.09568168370956
[alm-nordsjaelland] 2025-10-13 15:35:36 CEST · [alm] · 2 Fuglekonge · Rastende · Rågeleje · DOF Nordsjælland · Jens Brink · 12.165643144334535, 56.09568168370956
[alm-nordsjaelland] 2025-10-13 15:51:08 CEST · [alm] · 1 Hedelærke · Trækkende mod nordøst · Tisvildeleje · DOF Nordsjælland · Jakob Dall · 12.069631929633168, 56.05888311402572
[alm-nordsjaelland] 2025-10-13 15:56:34 CEST · [alm] · 1 Duehøg · Rastende · Sjælsmark Øvelsesterræn · DOF Nordsjælland · Paul Nilsson · 12.407082228195526, 55.87793219802731
[alm-nordsjaelland] 2025-10-13 15:59:33 CEST · [alm] · 1 Blå Kærhøg · Overflyvende · Gunderød og omgivelser · DOF Nordsjælland · Michael Trasborg · 12.417297363281252, 55.90226583939895 · 14:43
[alm-nordsjaelland] 2025-10-13 19:56:44 CEST · [alm] · 1 Stor Flagspætte · Rastende · Kikhavn · DOF Nordsjælland · Michael Trasborg · 11.875967906240932, 55.98048737722473
[alm-nordsjaelland] 2025-10-13 19:56:44 CEST · [alm] · 2 Sumpmejse · Rastende · Kikhavn · DOF Nordsjælland · Michael Trasborg · 11.875967906240932, 55.98048737722473
[alm-nordsjaelland] 2025-10-13 19:56:44 CEST · [alm] · 2 Sortmejse · Rastende · Kikhavn · DOF Nordsjælland · Michael Trasborg · 11.875967906240932, 55.98048737722473
[alm-nordsjaelland] 2025-10-13 19:56:44 CEST · [alm] · 5 Fuglekonge · Rastende · Kikhavn · DOF Nordsjælland · Michael Trasborg · 11.875967906240932, 55.98048737722473
[alm-nordsjaelland] 2025-10-13 19:56:44 CEST · [alm] · 4 Halemejse · Rastende · Rågeleje · DOF Nordsjælland · Jens Brink · 12.165643144334535, 56.09568168370956
[alm-nordsjaelland] 2025-10-13 19:56:44 CEST · [alm] · 3 Skovskade · Fouragerende · Nivå Ådal · DOF Nordsjælland · Karsten Winding · 12.499259474550842, 55.92648702982572
[alm-nordsjaelland] 2025-10-13 19:56:44 CEST · [alm] · 1 Rødhals · Syngende · Nivå Ådal · DOF Nordsjælland · Karsten Winding · 12.499259474550842, 55.92648702982572
[alm-nordsjaelland] 2025-10-13 19:56:44 CEST · [alm] · 1 Dompap · Rastende · Nivå Ådal · DOF Nordsjælland · Karsten Winding · 12.499259474550842, 55.92648702982572
[alm-nordsjaelland] 2025-10-13 19:56:44 CEST · [alm] · 1 Musvåge · Rastende · Nivå Ådal · DOF Nordsjælland · Karsten Winding · 12.499259474550842, 55.92648702982572
[alm-nordsjaelland] 2025-10-13 19:56:44 CEST · [alm] · 1 Stor Flagspætte · Rastende · Nivå Ådal · DOF Nordsjælland · Karsten Winding · 12.499259474550842, 55.92648702982572
[alm-nordsjaelland] 2025-10-13 19:56:44 CEST · [alm] · 1 Spætmejse · Rastende · Nivå Ådal · DOF Nordsjælland · Karsten Winding · 12.499259474550842, 55.92648702982572
[alm-nordsjaelland] 2025-10-13 19:56:44 CEST · [alm] · 1 Gransanger · Rastende · Nivå Ådal · DOF Nordsjælland · Karsten Winding · 12.499259474550842, 55.92648702982572
[alm-nordsjaelland] 2025-10-13 19:56:44 CEST · [alm] · 1 Sumpmejse · Rastende · Nivå Ådal · DOF Nordsjælland · Karsten Winding · 12.499259474550842, 55.92648702982572
[alm-nordsjaelland] 2025-10-13 19:56:44 CEST · [alm] · 150 Bramgås · Trækkende · Nivå · DOF Nordsjælland · Karsten Winding · 12.507800952339, 55.93197957336733
[alm-nordsjaelland] 2025-10-13 19:56:44 CEST · [alm] · 20 Stær · Trækkende mod sydvest · Tisvildeleje · DOF Nordsjælland · Jakob Dall · 12.069631929633168, 56.05888311402572
[alm-nordsjaelland] 2025-10-13 19:56:44 CEST · [alm] · 600 Musvåge · Trækkende mod sydvest · Geels skov vest for Kongevejen · DOF Nordsjælland · Thomas Elbek · 12.472055300004051, 55.80421349999793
[alm-nordsjaelland] 2025-10-13 19:56:44 CEST · [alm] · 2 Rød Glente · Trækkende mod sydvest · Geels skov vest for Kongevejen · DOF Nordsjælland · Thomas Elbek · 12.472055300004051, 55.80421349999793
[alm-nordsjaelland] 2025-10-13 19:56:44 CEST · [alm] · 3 Sanglærke · Trækkende mod vest · Lynæs Fort · DOF Nordsjælland · Erik Groth-Andersen · 11.85424799999837, 55.94738559999848 · 08:00-11:00
[alm-nordsjaelland] 2025-10-13 19:56:44 CEST · [alm] · 6 Huldue · Trækkende mod sydvest · Lynæs Fort · DOF Nordsjælland · Erik Groth-Andersen · 11.85424799999837, 55.94738559999848 · 08:00-11:00
[alm-nordsjaelland] 2025-10-13 19:56:44 CEST · [alm] · 20 Kvækerfinke · Trækkende mod sydvest · Lynæs Fort · DOF Nordsjælland · Erik Groth-Andersen · 11.85424799999837, 55.94738559999848 · 08:00-11:00
[alm-nordsjaelland] 2025-10-13 19:56:44 CEST · [alm] · 2 Stillits · Overflyvende · Lynæs Fort · DOF Nordsjælland · Erik Groth-Andersen · 11.85424799999837, 55.94738559999848 · 08:00-11:00
[alm-nordsjaelland] 2025-10-13 19:56:44 CEST · [alm] · 3 Jernspurv · Trækkende · Lynæs Fort · DOF Nordsjælland · Erik Groth-Andersen · 11.85424799999837, 55.94738559999848 · 08:00-11:00
[alm-nordsjaelland] 2025-10-13 19:56:44 CEST · [alm] · 13 Dompap · Trækforsøgende · Lynæs Fort · DOF Nordsjælland · Erik Groth-Andersen · 11.85424799999837, 55.94738559999848 · 08:00-11:00
[alm-nordsjaelland] 2025-10-13 19:56:44 CEST · [alm] · 15 Halemejse · Trækforsøgende · Lynæs Fort · DOF Nordsjælland · Erik Groth-Andersen · 11.85424799999837, 55.94738559999848 · 08:00-11:00
[alm-nordsjaelland] 2025-10-13 19:56:44 CEST · [alm] · 12 Grønsisken · Trækkende · Lynæs Fort · DOF Nordsjælland · Erik Groth-Andersen · 11.85424799999837, 55.94738559999848 · 08:00-11:00
[alm-nordsjaelland] 2025-10-13 19:56:44 CEST · [alm] · 70 Stær · Trækkende · Lynæs Fort · DOF Nordsjælland · Erik Groth-Andersen · 11.85424799999837, 55.94738559999848 · 08:00-11:00
[alm-nordsjaelland] 2025-10-13 19:56:44 CEST · [alm] · 462 Allike · Trækkende mod vest · Lynæs Fort · DOF Nordsjælland · Erik Groth-Andersen · 11.85424799999837, 55.94738559999848 · 08:00-11:00
[alm-nordsjaelland] 2025-10-13 19:56:44 CEST · [alm] · 95 Bramgås · Trækkende · Lynæs Fort · DOF Nordsjælland · Erik Groth-Andersen · 11.85424799999837, 55.94738559999848 · 08:00-11:00
[alm-nordsjaelland] 2025-10-13 19:56:44 CEST · [alm] · 5 Gråsisken · Trækforsøgende · Lynæs Fort · DOF Nordsjælland · Erik Groth-Andersen · 11.85424799999837, 55.94738559999848 · 08:00-11:00
[alm-nordsjaelland] 2025-10-13 19:56:44 CEST · [alm] · 5 Stor Flagspætte · Trækforsøgende · Lynæs Fort · DOF Nordsjælland · Erik Groth-Andersen · 11.85424799999837, 55.94738559999848 · 08:00-11:00
[alm-nordsjaelland] 2025-10-13 19:56:44 CEST · [alm] · 2 Fasan · Rastende · Lynæs Fort · DOF Nordsjælland · Erik Groth-Andersen · 11.85424799999837, 55.94738559999848 · 08:00-11:00
[alm-nordsjaelland] 2025-10-13 19:56:44 CEST · [alm] · 2 Gransanger · Rastende · Lynæs Fort · DOF Nordsjælland · Erik Groth-Andersen · 11.85424799999837, 55.94738559999848 · 08:00-11:00
[alm-nordsjaelland] 2025-10-13 19:56:44 CEST · [alm] · 1 Hvid Vipstjert · Trækkende · Lynæs Fort · DOF Nordsjælland · Erik Groth-Andersen · 11.85424799999837, 55.94738559999848 · 08:00-11:00
[alm-nordsjaelland] 2025-10-13 19:56:44 CEST · [alm] · 1 Bjergvipstjert · Trækkende · Lynæs Fort · DOF Nordsjælland · Erik Groth-Andersen · 11.85424799999837, 55.94738559999848 · 08:00-11:00
[alm-nordsjaelland] 2025-10-13 19:56:44 CEST · [alm] · 2 Kernebider · Rast, derefter trækkende i ikke-angivet retning · Lynæs Fort · DOF Nordsjælland · Erik Groth-Andersen · 11.85424799999837, 55.94738559999848 · 08:00-11:00
[alm-nordsjaelland] 2025-10-13 19:56:44 CEST · [alm] · 1 Krikand · Rastende · Lynæs Fort · DOF Nordsjælland · Erik Groth-Andersen · 11.85424799999837, 55.94738559999848 · 08:00-11:00
[alm-nordsjaelland] 2025-10-13 19:56:44 CEST · [alm] · 1 Rørhøg · Rastende · Søborg Sø · DOF Nordsjælland · Anette Kjærø · 12.32170161878679, 56.07541858359863 · 09:15-14:30
[alm-nordsjaelland] 2025-10-13 19:56:44 CEST · [alm] · 2 Dompap · Rastende · Søborg Sø · DOF Nordsjælland · Anette Kjærø · 12.32170161878679, 56.07541858359863 · 09:15-14:30
[alm-nordsjaelland] 2025-10-13 19:56:44 CEST · [alm] · 15 Engpiber · Rastende · Søborg Sø · DOF Nordsjælland · Anette Kjærø · 12.32170161878679, 56.07541858359863 · 09:15-14:30
[alm-nordsjaelland] 2025-10-13 19:56:44 CEST · [alm] · 30 Grønsisken · Rastende · Søborg Sø · DOF Nordsjælland · Anette Kjærø · 12.32170161878679, 56.07541858359863 · 09:15-14:30
[alm-nordsjaelland] 2025-10-13 19:56:44 CEST · [alm] · 3 Gulspurv · Rastende · Søborg Sø · DOF Nordsjælland · Anette Kjærø · 12.32170161878679, 56.07541858359863 · 09:15-14:30
[alm-nordsjaelland] 2025-10-13 19:56:44 CEST · [alm] · 4 Bogfinke · Rastende · Søborg Sø · DOF Nordsjælland · Anette Kjærø · 12.32170161878679, 56.07541858359863 · 09:15-14:30
[alm-nordsjaelland] 2025-10-13 19:56:44 CEST · [alm] · 4 Stor Flagspætte · Rastende · Søborg Sø · DOF Nordsjælland · Anette Kjærø · 12.32170161878679, 56.07541858359863 · 09:15-14:30
[alm-nordsjaelland] 2025-10-13 19:56:44 CEST · [alm] · 1 Knopsvane · Rastende · Søborg Sø · DOF Nordsjælland · Anette Kjærø · 12.32170161878679, 56.07541858359863 · 09:15-14:30
[alm-nordsjaelland] 2025-10-13 19:56:44 CEST · [alm] · 1 Hjejle · Rastende · Søborg Sø · DOF Nordsjælland · Anette Kjærø · 12.32170161878679, 56.07541858359863 · 09:15-14:30
[alm-nordsjaelland] 2025-10-13 19:56:44 CEST · [alm] · 1 Gærdesmutte · Rastende · Søborg Sø · DOF Nordsjælland · Anette Kjærø · 12.32170161878679, 56.07541858359863 · 09:15-14:30
[alm-nordsjaelland] 2025-10-13 19:56:44 CEST · [alm] · 20 Blisgås · Rastende · Søborg Sø · DOF Nordsjælland · Anette Kjærø · 12.32170161878679, 56.07541858359863 · 09:15-14:30
[alm-nordsjaelland] 2025-10-13 19:56:44 CEST · [alm] · 1422 Musvåge · Trækkende · Skansebakken · DOF Nordsjælland · Dennis Bjerring Quistgaard · 12.337238432313955, 55.93525313453108 · 09:45-14:00
[alm-nordsjaelland] 2025-10-13 19:56:44 CEST · [alm] · 52 Spurvehøg · Trækkende · Skansebakken · DOF Nordsjælland · Dennis Bjerring Quistgaard · 12.337238432313955, 55.93525313453108 · 09:45-14:00
[alm-nordsjaelland] 2025-10-13 19:56:44 CEST · [alm] · 2 Rød Glente · Trækkende · Skansebakken · DOF Nordsjælland · Dennis Bjerring Quistgaard · 12.337238432313955, 55.93525313453108 · 09:45-14:00
[alm-nordsjaelland] 2025-10-13 19:56:44 CEST · [alm] · 1 Lærkefalk · Trækkende · Skansebakken · DOF Nordsjælland · Dennis Bjerring Quistgaard · 12.337238432313955, 55.93525313453108 · 09:45-14:00
[alm-nordsjaelland] 2025-10-13 19:56:44 CEST · [alm] · 1 Havørn · Trækkende · Skansebakken · DOF Nordsjælland · Dennis Bjerring Quistgaard · 12.337238432313955, 55.93525313453108 · 09:45-14:00
[alm-nordsjaelland] 2025-10-13 19:56:44 CEST · [alm] · 2 Blå Kærhøg · Trækkende · Skansebakken · DOF Nordsjælland · Dennis Bjerring Quistgaard · 12.337238432313955, 55.93525313453108 · 09:45-14:00
[alm-nordsjaelland] 2025-10-13 19:56:44 CEST · [alm] · 225 Bramgås · Trækkende · Skansebakken · DOF Nordsjælland · Dennis Bjerring Quistgaard · 12.337238432313955, 55.93525313453108 · 09:45-14:00
[alm-nordsjaelland] 2025-10-13 19:56:44 CEST · [alm] · 2250 Ringdue · Trækkende · Skansebakken · DOF Nordsjælland · Dennis Bjerring Quistgaard · 12.337238432313955, 55.93525313453108 · 09:45-14:00
[alm-nordsjaelland] 2025-10-13 19:56:44 CEST · [alm] · 1 Stor Tornskade · Rastende · Skansebakken · DOF Nordsjælland · Dennis Bjerring Quistgaard · 12.337238432313955, 55.93525313453108 · 09:45-14:00
[alm-nordsjaelland] 2025-10-13 19:56:44 CEST · [alm] · 475 Musvåge · Trækkende mod vest · Kongens Vænge · DOF Nordsjælland · David Boertmann · 12.350314799186892, 55.93808076246104 · 10:00-13:45
[alm-nordsjaelland] 2025-10-13 19:56:44 CEST · [alm] · 11 Spurvehøg · Trækkende mod vest · Kongens Vænge · DOF Nordsjælland · David Boertmann · 12.350057307121462, 55.93800865321987 · 10:00-13:45
[alm-nordsjaelland] 2025-10-13 19:56:44 CEST · [alm] · 3 Blå Kærhøg · Trækkende mod vest · Kongens Vænge · DOF Nordsjælland · David Boertmann · 12.350357714531, 55.938128835214 · 10:00-13:45
[alm-nordsjaelland] 2025-10-13 19:56:44 CEST · [alm] · 2 Rød Glente · Trækkende mod vest · Kongens Vænge · DOF Nordsjælland · David Boertmann · 12.350271959476235, 55.93799801294364 · 10:00-13:45
[alm-nordsjaelland] 2025-10-13 19:56:44 CEST · [alm] · 19 Grønirisk · Fouragerende · Nivå Bugt og strandenge · DOF Nordsjælland · Karsten Winding · 12.526959924651951, 55.928375566955395 · 10:00-12:00
[alm-nordsjaelland] 2025-10-13 19:56:44 CEST · [alm] · 21 Toppet Lappedykker · Fouragerende · Nivå Bugt og strandenge · DOF Nordsjælland · Karsten Winding · 12.526959924651951, 55.928375566955395 · 10:00-12:00
[alm-nordsjaelland] 2025-10-13 19:56:44 CEST · [alm] · 1 Rørspurv · Fouragerende · Nivå Bugt og strandenge · DOF Nordsjælland · Karsten Winding · 12.526959924651951, 55.928375566955395 · 10:00-12:00
[alm-nordsjaelland] 2025-10-13 19:56:44 CEST · [alm] · 12 Sanglærke · Trækkende mod sydvest · Nivå Bugt og strandenge · DOF Nordsjælland · Karsten Winding · 12.526959924651951, 55.928375566955395 · 10:00-12:00
[alm-nordsjaelland] 2025-10-13 19:56:44 CEST · [alm] · 2 Dobbeltbekkasin · Fouragerende · Nivå Bugt og strandenge · DOF Nordsjælland · Karsten Winding · 12.526959924651951, 55.928375566955395 · 10:00-12:00
[alm-nordsjaelland] 2025-10-13 19:56:44 CEST · [alm] · 1 Sølvhejre · Fouragerende · Nivå Bugt og strandenge · DOF Nordsjælland · Karsten Winding · 12.526959924651951, 55.928375566955395 · 10:00-12:00
[alm-nordsjaelland] 2025-10-13 19:56:44 CEST · [alm] · 3 Knarand · Fouragerende · Nivå Bugt og strandenge · DOF Nordsjælland · Karsten Winding · 12.526959924651951, 55.928375566955395 · 10:00-12:00
[alm-nordsjaelland] 2025-10-13 19:56:44 CEST · [alm] · 1 Huldue · Fouragerende · Nivå Bugt og strandenge · DOF Nordsjælland · Karsten Winding · 12.526959924651951, 55.928375566955395 · 10:00-12:00
[alm-nordsjaelland] 2025-10-13 19:56:44 CEST · [alm] · 6 Fiskehejre · Fouragerende · Nivå Bugt og strandenge · DOF Nordsjælland · Karsten Winding · 12.526959924651951, 55.928375566955395 · 10:00-12:00
[alm-nordsjaelland] 2025-10-13 19:56:44 CEST · [alm] · 287 Knopsvane · Fouragerende · Nivå Bugt og strandenge · DOF Nordsjælland · Karsten Winding · 12.526959924651951, 55.928375566955395 · 10:00-12:00
[alm-nordsjaelland] 2025-10-13 19:56:44 CEST · [alm] · 48 Krikand · Fouragerende · Nivå Bugt og strandenge · DOF Nordsjælland · Karsten Winding · 12.526959924651951, 55.928375566955395 · 10:00-12:00
[alm-nordsjaelland] 2025-10-13 19:56:44 CEST · [alm] · 1 Jernspurv · Fouragerende · Nivå Bugt og strandenge · DOF Nordsjælland · Karsten Winding · 12.526959924651951, 55.928375566955395 · 10:00-12:00
[alm-nordsjaelland] 2025-10-13 19:56:44 CEST · [alm] · 1 Stillits · Fouragerende · Nivå Bugt og strandenge · DOF Nordsjælland · Karsten Winding · 12.526959924651951, 55.928375566955395 · 10:00-12:00
[alm-nordsjaelland] 2025-10-13 19:56:44 CEST · [alm] · 2 Spurvehøg · Trækkende mod sydvest · Nivå Bugt og strandenge · DOF Nordsjælland · Karsten Winding · 12.526959924651951, 55.928375566955395 · 10:00-12:00
[alm-nordsjaelland] 2025-10-13 19:56:44 CEST · [alm] · 1 Sule · Fouragerende · Nivå Bugt og strandenge · DOF Nordsjælland · Karsten Winding · 12.526959924651951, 55.928375566955395 · 10:00-12:00
[alm-nordsjaelland] 2025-10-13 19:56:44 CEST · [alm] · 120 Bramgås · Trækkende · Nivå Bugt og strandenge · DOF Nordsjælland · Karsten Winding · 12.526959924651951, 55.928375566955395 · 10:00-12:00
[alm-nordsjaelland] 2025-10-13 19:56:44 CEST · [alm] · 200 Vibe · Rastende · Nivå Bugt og strandenge · DOF Nordsjælland · Karsten Winding · 12.526959924651951, 55.928375566955395 · 10:00-12:00
[alm-nordsjaelland] 2025-10-13 19:56:44 CEST · [alm] · 150 Stær · Fouragerende · Nivå Bugt og strandenge · DOF Nordsjælland · Karsten Winding · 12.526959924651951, 55.928375566955395 · 10:00-12:00
[alm-nordsjaelland] 2025-10-13 19:56:44 CEST · [alm] · 203 Musvåge · Trækkende mod sydvest · Nivå Bugt og strandenge · DOF Nordsjælland · Karsten Winding · 12.526959924651951, 55.928375566955395 · 11:30-12:00
[alm-nordsjaelland] 2025-10-13 19:56:44 CEST · [alm] · 1 Vandrefalk · Trækkende · Skansebakken · DOF Nordsjælland · Dennis Bjerring Quistgaard · 12.337238432313955, 55.93525313453108 · 11:53-14:00
[alm-nordsjaelland] 2025-10-13 19:56:44 CEST · [alm] · 200 Musvåge · Trækkende mod sydvest · Nivå havn, strand og laguner · DOF Nordsjælland · Janus Neumann · 12.525611299995747, 55.939055400002275 · 12:00-12:30
[alm-nordsjaelland] 2025-10-13 19:56:44 CEST · [alm] · 150 Bramgås · Trækkende mod sydvest · Nivå havn, strand og laguner · DOF Nordsjælland · Janus Neumann · 12.525611299995747, 55.939055400002275 · 12:00-12:30
[alm-nordsjaelland] 2025-10-13 19:56:44 CEST · [alm] · 380 Bramgås · Trækkende mod sydvest · Grønholt · DOF Nordsjælland · Henrik Boeg · 12.389046968972785, 55.94461721176208 · 12:30-14:30
[alm-nordsjaelland] 2025-10-13 19:56:44 CEST · [alm] · 3 Rød Glente · Trækkende mod sydvest · Grønholt · DOF Nordsjælland · Henrik Boeg · 12.389046968972785, 55.94461721176208 · 12:30-14:30
[alm-nordsjaelland] 2025-10-13 19:56:44 CEST · [alm] · 74 Musvåge · Trækkende mod sydvest · Spodsbjerg · DOF Nordsjælland · Erik Groth-Andersen · 11.859643496319093, 55.97698143575161 · 13:10-13:35
[alm-nordsjaelland] 2025-10-13 19:56:44 CEST · [alm] · 64 Bramgås · Rastende · Græse strandenge · DOF Nordsjælland · Ulla Munch Hansen · 12.065538482333393, 55.862641920165856 · 13:20
[alm-nordsjaelland] 2025-10-13 19:56:44 CEST · [alm] · 4 Canadagås · Rastende · Græse strandenge · DOF Nordsjælland · Ulla Munch Hansen · 12.065538482333393, 55.862641920165856 · 13:20
[alm-nordsjaelland] 2025-10-13 19:56:44 CEST · [alm] · 90 Almindelig Ryle · Rastende · Græse strandenge · DOF Nordsjælland · Ulla Munch Hansen · 12.065538482333393, 55.862641920165856 · 13:20
[alm-nordsjaelland] 2025-10-13 19:56:44 CEST · [alm] · 45 Storspove · Rastende · Græse strandenge · DOF Nordsjælland · Ulla Munch Hansen · 12.065538482333393, 55.862641920165856 · 13:20
[alm-nordsjaelland] 2025-10-13 19:56:44 CEST · [alm] · 7 Fiskehejre · Rastende · Græse strandenge · DOF Nordsjælland · Ulla Munch Hansen · 12.065538482333393, 55.862641920165856 · 13:20
[alm-nordsjaelland] 2025-10-13 19:56:44 CEST · [alm] · 8 Spidsand · Rastende · Græse strandenge · DOF Nordsjælland · Ulla Munch Hansen · 12.065538482333393, 55.862641920165856 · 13:20
[alm-nordsjaelland] 2025-10-13 19:56:44 CEST · [alm] · 12 Skeand · Rastende · Græse strandenge · DOF Nordsjælland · Ulla Munch Hansen · 12.065538482333393, 55.862641920165856 · 13:20
[alm-nordsjaelland] 2025-10-13 19:56:44 CEST · [alm] · 1 Hvidklire · Rastende · Græse strandenge · DOF Nordsjælland · Ulla Munch Hansen · 12.065538482333393, 55.862641920165856 · 13:20
[alm-nordsjaelland] 2025-10-13 19:56:44 CEST · [alm] · 1 Rødben · Rastende · Græse strandenge · DOF Nordsjælland · Ulla Munch Hansen · 12.065538482333393, 55.862641920165856 · 13:20
[alm-nordsjaelland] 2025-10-13 19:56:44 CEST · [alm] · 4 Strandskade · Rastende · Græse strandenge · DOF Nordsjælland · Ulla Munch Hansen · 12.065538482333393, 55.862641920165856 · 13:20
[alm-nordsjaelland] 2025-10-13 19:56:44 CEST · [alm] · 1 Lille Kobbersneppe · Rastende · Græse strandenge · DOF Nordsjælland · Ulla Munch Hansen · 12.065538482333393, 55.862641920165856 · 13:20
[alm-nordsjaelland] 2025-10-13 19:56:44 CEST · [alm] · 18 Grågås · Trækkende mod sydvest · Græse strandenge · DOF Nordsjælland · Ulla Munch Hansen · 12.065538482333393, 55.862641920165856 · 13:20
[alm-nordsjaelland] 2025-10-13 19:56:44 CEST · [alm] · 2 Dobbeltbekkasin · Rastende · Græse strandenge · DOF Nordsjælland · Ulla Munch Hansen · 12.065538482333393, 55.862641920165856 · 13:20
[alm-nordsjaelland] 2025-10-13 19:56:44 CEST · [alm] · 138 Allike · Trækkende mod sydvest · Græse strandenge · DOF Nordsjælland · Ulla Munch Hansen · 12.065538482333393, 55.862641920165856 · 13:20
[alm-nordsjaelland] 2025-10-13 19:56:44 CEST · [alm] · 2 Havørn · Rastende · Søborg Sø · DOF Nordsjælland · Ivan Olsen · 12.32170161878679, 56.07541858359863 · 13:42
[alm-nordsjaelland] 2025-10-13 19:56:44 CEST · [alm] · 60 Krikand · Rastende · Søborg Sø · DOF Nordsjælland · Ivan Olsen · 12.32170161878679, 56.07541858359863 · 13:42
[alm-nordsjaelland] 2025-10-13 19:56:44 CEST · [alm] · 1 Skeand · Rastende · Søborg Sø · DOF Nordsjælland · Ivan Olsen · 12.32170161878679, 56.07541858359863 · 13:42
[alm-nordsjaelland] 2025-10-13 19:56:44 CEST · [alm] · 10 Pibeand · Rastende · Søborg Sø · DOF Nordsjælland · Ivan Olsen · 12.32170161878679, 56.07541858359863 · 13:42
[alm-nordsjaelland] 2025-10-13 19:56:44 CEST · [alm] · 4 Halemejse · Rastende · Søborg Sø · DOF Nordsjælland · Ivan Olsen · 12.32170161878679, 56.07541858359863 · 13:42
[alm-nordsjaelland] 2025-10-13 19:56:44 CEST · [alm] · 40 Stillits · Overflyvende · Søborg Sø · DOF Nordsjælland · Ivan Olsen · 12.32170161878679, 56.07541858359863 · 13:42
[alm-nordsjaelland] 2025-10-13 19:56:44 CEST · [alm] · 3 Blå Kærhøg · Fouragerende · Søborg Sø · DOF Nordsjælland · Ivan Olsen · 12.32170161878679, 56.07541858359863 · 13:42
[alm-nordsjaelland] 2025-10-13 19:56:44 CEST · [alm] · 10 Engpiber · Rastende · Møllekrog & Stenholts Mølle · DOF Nordsjælland · Henrik Boeg · 12.356621380477208, 55.96762999249606 · 14:45-15:30
[alm-nordsjaelland] 2025-10-13 19:56:44 CEST · [alm] · 6 Skarv · Rastende · Møllekrog & Stenholts Mølle · DOF Nordsjælland · Henrik Boeg · 12.356621380477208, 55.96762999249606 · 14:45-15:30
[alm-nordsjaelland] 2025-10-13 19:56:44 CEST · [alm] · 6 Fiskehejre · Rastende · Møllekrog & Stenholts Mølle · DOF Nordsjælland · Henrik Boeg · 12.356621380477208, 55.96762999249606 · 14:45-15:30
[alm-nordsjaelland] 2025-10-13 19:56:44 CEST · [alm] · 9 Krikand · Rastende · Møllekrog & Stenholts Mølle · DOF Nordsjælland · Henrik Boeg · 12.356621380477208, 55.96762999249606 · 14:45-15:30
[alm-nordsjaelland] 2025-10-13 19:56:44 CEST · [alm] · 2 Skovskade · Rastende · Møllekrog & Stenholts Mølle · DOF Nordsjælland · Henrik Boeg · 12.356621380477208, 55.96762999249606 · 14:45-15:30
[alm-nordsjaelland] 2025-10-13 19:56:44 CEST · [alm] · 1 Vandrikse · Rastende · Møllekrog & Stenholts Mølle · DOF Nordsjælland · Henrik Boeg · 12.356621380477208, 55.96762999249606 · 14:45-15:30
[alm-nordsjaelland] 2025-10-13 19:56:44 CEST · [alm] · 3 Knopsvane · Rastende · Møllekrog & Stenholts Mølle · DOF Nordsjælland · Henrik Boeg · 12.356621380477208, 55.96762999249606 · 14:45-15:30
[alm-nordsjaelland] 2025-10-13 19:56:44 CEST · [alm] · 40 Gråand · Rastende · Møllekrog & Stenholts Mølle · DOF Nordsjælland · Henrik Boeg · 12.356621380477208, 55.96762999249606 · 14:45-15:30
[alm-nordsjaelland] 2025-10-13 19:56:44 CEST · [alm] · 8 Knarand · Rastende · Møllekrog & Stenholts Mølle · DOF Nordsjælland · Henrik Boeg · 12.356621380477208, 55.96762999249606 · 14:45-15:30
[alm-nordsjaelland] 2025-10-13 19:56:44 CEST · [alm] · 30 Hvinand · Rastende · Møllekrog & Stenholts Mølle · DOF Nordsjælland · Henrik Boeg · 12.356621380477208, 55.96762999249606 · 14:45-15:30
[alm-nordsjaelland] 2025-10-13 19:56:44 CEST · [alm] · 160 Troldand · Rastende · Møllekrog & Stenholts Mølle · DOF Nordsjælland · Henrik Boeg · 12.356621380477208, 55.96762999249606 · 14:45-15:30
[alm-nordsjaelland] 2025-10-13 19:56:44 CEST · [alm] · 1 Rørhøne · Rastende · Møllekrog & Stenholts Mølle · DOF Nordsjælland · Henrik Boeg · 12.356621380477208, 55.96762999249606 · 14:45-15:30
[alm-nordsjaelland] 2025-10-13 19:56:44 CEST · [alm] · 27 Blishøne · Rastende · Møllekrog & Stenholts Mølle · DOF Nordsjælland · Henrik Boeg · 12.356621380477208, 55.96762999249606 · 14:45-15:30
[alm-nordsjaelland] 2025-10-13 19:56:44 CEST · [alm] · 9 Taffeland · Rastende · Møllekrog & Stenholts Mølle · DOF Nordsjælland · Henrik Boeg · 12.356621380477208, 55.96762999249606 · 14:45-15:30
[alm-nordsjaelland] 2025-10-13 19:56:44 CEST · [alm] · 1 Skeand · Rastende · Møllekrog & Stenholts Mølle · DOF Nordsjælland · Henrik Boeg · 12.356621380477208, 55.96762999249606 · 14:45-15:30
[alm-nordsjaelland] 2025-10-13 19:56:44 CEST · [alm] · 2 Sølvhejre · Rastende · Møllekrog & Stenholts Mølle · DOF Nordsjælland · Henrik Boeg · 12.356621380477208, 55.96762999249606 · 14:45-15:30
[alm-nordsjaelland] 2025-10-13 19:56:44 CEST · [alm] · 12 Toppet Lappedykker · Rastende · Møllekrog & Stenholts Mølle · DOF Nordsjælland · Henrik Boeg · 12.356621380477208, 55.96762999249606 · 14:45-15:30
[alm-nordsjaelland] 2025-10-13 19:56:44 CEST · [alm] · 2 Lille Lappedykker · Rastende · Møllekrog & Stenholts Mølle · DOF Nordsjælland · Henrik Boeg · 12.356621380477208, 55.96762999249606 · 14:45-15:30
[alm-nordsjaelland] 2025-10-13 19:56:44 CEST · [alm] · 93 Musvåge · Trækkende mod sydvest · Store Dyrehave · DOF Nordsjælland · David Boertmann · 12.381145367708, 55.919660412656 · 14:50-15:10
[alm-nordsjaelland] 2025-10-13 19:56:44 CEST · [alm] · 2 Spurvehøg · Trækkende mod sydvest · Store Dyrehave · DOF Nordsjælland · David Boertmann · 12.381209740724445, 55.91970850826668 · 14:50-15:10
[alm-nordsjaelland] 2025-10-13 19:56:44 CEST · [alm] · 1 Rød Glente · Trækkende mod sydvest · Store Dyrehave · DOF Nordsjælland · David Boertmann · 12.357680945519766, 55.916656833158584 · 14:50-15:10
[alm-nordsjaelland] 2025-10-13 19:56:44 CEST · [alm] · 1 Blå Kærhøg · Trækkende mod sydvest · Store Dyrehave · DOF Nordsjælland · David Boertmann · 12.381445737300965, 55.91961231698637 · 14:50-15:10
[alm-nordsjaelland] 2025-10-13 19:56:44 CEST · [alm] · 12 Skægmejse · Fouragerende · Søborg Sø · DOF Nordsjælland · Niels Jessen · 12.32170161878679, 56.07541858359863 · 15:00
[alm-nordsjaelland] 2025-10-13 19:56:44 CEST · [alm] · 20 Musvåge · Trækkende mod sydvest · Kronborg · DOF Nordsjælland · Christian Rørdam · 12.62174656017111, 56.038842559043104 · 15:10-15:15
[alm-nordsjaelland] 2025-10-13 19:56:44 CEST · [alm] · 1 Skeand · Rastende · Esrum Sø · DOF Nordsjælland · Henrik Boeg · 12.389794367289175, 56.01387162495055 · 15:15-18:20
[alm-nordsjaelland] 2025-10-13 19:56:44 CEST · [alm] · 1 Sortspætte · Overflyvende · Lillerød · DOF Nordsjælland · Christian Glahder · 12.36142158508301, 55.86796716686791 · 15:55-16:00
[alm-nordsjaelland] 2025-10-13 19:56:44 CEST · [alm] · 2 Musvåge · Rastende · Lillerød · DOF Nordsjælland · Christian Glahder · 12.345949716247212, 55.873056378627524 · 15:55-16:00
[alm-nordsjaelland] 2025-10-13 19:56:44 CEST · [alm] · 2 Rødhals · Rastende · Allerød Sø området · DOF Nordsjælland · Christian Glahder · 12.3726329556104, 55.85906858528827 · 16:05-17:00
[alm-nordsjaelland] 2025-10-13 19:56:44 CEST · [alm] · 25 Grønsisken · Rastende · Allerød Sø området · DOF Nordsjælland · Christian Glahder · 12.3726329556104, 55.85906858528827 · 16:05-17:00
[alm-nordsjaelland] 2025-10-13 19:56:44 CEST · [alm] · 3 Kvækerfinke · Rastende · Allerød Sø området · DOF Nordsjælland · Christian Glahder · 12.3726329556104, 55.85906858528827 · 16:05-17:00
[alm-nordsjaelland] 2025-10-13 19:56:44 CEST · [alm] · 2 Gransanger · Rastende · Allerød Sø området · DOF Nordsjælland · Christian Glahder · 12.3726329556104, 55.85906858528827 · 16:05-17:00
[alm-nordsjaelland] 2025-10-13 19:56:44 CEST · [alm] · 8 Grågås · Trækkende mod syd · Allerød Sø området · DOF Nordsjælland · Christian Glahder · 12.3726329556104, 55.85906858528827 · 16:05-17:00
[alm-nordsjaelland] 2025-10-13 19:56:44 CEST · [alm] · 4 Solsort · Rastende · Allerød Sø området · DOF Nordsjælland · Christian Glahder · 12.3726329556104, 55.85906858528827 · 16:05-17:00
[alm-nordsjaelland] 2025-10-13 19:56:44 CEST · [alm] · 1 Husskade · Rastende · Allerød Sø området · DOF Nordsjælland · Christian Glahder · 12.3726329556104, 55.85906858528827 · 16:05-17:00
[alm-nordsjaelland] 2025-10-13 19:56:44 CEST · [alm] · 2 Krage · Rastende · Allerød Sø området · DOF Nordsjælland · Christian Glahder · 12.3726329556104, 55.85906858528827 · 16:05-17:00
[alm-nordsjaelland] 2025-10-13 19:56:44 CEST · [alm] · 3 Gærdesmutte · Rastende · Allerød Sø området · DOF Nordsjælland · Christian Glahder · 12.3726329556104, 55.85906858528827 · 16:05-17:00
[alm-nordsjaelland] 2025-10-13 19:56:44 CEST · [alm] · 3 Dompap · Rastende · Allerød Sø området · DOF Nordsjælland · Christian Glahder · 12.3726329556104, 55.85906858528827 · 16:05-17:00
[alm-nordsjaelland] 2025-10-13 19:56:44 CEST · [alm] · 2 Blåmejse · Rastende · Allerød Sø området · DOF Nordsjælland · Christian Glahder · 12.3726329556104, 55.85906858528827 · 16:05-17:00
[alm-nordsjaelland] 2025-10-13 19:56:44 CEST · [alm] · 1 Musvit · Rastende · Allerød Sø området · DOF Nordsjælland · Christian Glahder · 12.3726329556104, 55.85906858528827 · 16:05-17:00
[alm-nordsjaelland] 2025-10-13 19:56:44 CEST · [alm] · 2 Spætmejse · Rastende · Allerød Sø området · DOF Nordsjælland · Christian Glahder · 12.3726329556104, 55.85906858528827 · 16:05-17:00
[alm-nordsjaelland] 2025-10-13 19:56:44 CEST · [alm] · 2 Sumpmejse · Rastende · Allerød Sø området · DOF Nordsjælland · Christian Glahder · 12.3726329556104, 55.85906858528827 · 16:05-17:00
[alm-nordsjaelland] 2025-10-13 19:56:44 CEST · [alm] · 20 Vindrossel · Rastende · Allerød Sø området · DOF Nordsjælland · Christian Glahder · 12.3726329556104, 55.85906858528827 · 16:05-17:00
[alm-nordsjaelland] 2025-10-13 19:56:44 CEST · [alm] · 16 Ringdue · Rastende · Allerød Sø området · DOF Nordsjælland · Christian Glahder · 12.3726329556104, 55.85906858528827 · 16:05-17:00
[alm-nordsjaelland] 2025-10-13 19:56:44 CEST · [alm] · 2 Stor Flagspætte · Rastende · Allerød Sø området · DOF Nordsjælland · Christian Glahder · 12.3726329556104, 55.85906858528827 · 16:05-17:00
[alm-nordsjaelland] 2025-10-13 19:56:44 CEST · [alm] · 4 Skovskade · Rastende · Allerød Sø området · DOF Nordsjælland · Christian Glahder · 12.3726329556104, 55.85906858528827 · 16:05-17:00
[alm-nordsjaelland] 2025-10-13 19:56:44 CEST · [alm] · 1 Rørhøne · Rastende · Allerød Sø området · DOF Nordsjælland · Christian Glahder · 12.3726329556104, 55.85906858528827 · 16:05-17:00
[alm-nordsjaelland] 2025-10-13 19:56:44 CEST · [alm] · 1 Spurvehøg · Fouragerende · Allerød Sø området · DOF Nordsjælland · Christian Glahder · 12.3726329556104, 55.85906858528827 · 16:05-17:00
[alm-nordsjaelland] 2025-10-13 20:03:18 CEST · [alm] · 1 Svartbag · Rastende · Græse strandenge · DOF Nordsjælland · Ulla Munch Hansen · 12.065538482333393, 55.862641920165856 · 13:20
[alm-nordsjaelland] 2025-10-13 20:03:18 CEST · [alm] · 16 Sangsvane · Trækkende mod syd · Fredensborg By · DOF Nordsjælland · Thomas Lind · 12.44154453277588, 55.9771120260057 · 16:20
[alm-nordsjaelland] 2025-10-13 20:05:33 CEST · [alm] · 72 Grågås · Trækkende mod sydvest · Fredensborg By · DOF Nordsjælland · Carsten Primdahl Lorentsen · 12.406323368516974, 55.97310005250142 · 12:58
[alm-nordsjaelland] 2025-10-13 20:05:33 CEST · [alm] · 600 Blishøne · Rastende · Esrum Sø · DOF Nordsjælland · Henrik Boeg · 12.389794367289175, 56.01387162495055 · 15:15-18:20
[alm-nordsjaelland] 2025-10-13 20:05:33 CEST · [alm] · 810 Gråand · Rastende · Esrum Sø · DOF Nordsjælland · Henrik Boeg · 12.389794367289175, 56.01387162495055 · 15:15-18:20
[alm-nordsjaelland] 2025-10-13 20:05:33 CEST · [alm] · 250 Hættemåge · Rastende · Esrum Sø · DOF Nordsjælland · Henrik Boeg · 12.389794367289175, 56.01387162495055 · 15:15-18:20
[alm-nordsjaelland] 2025-10-13 20:05:33 CEST · [alm] · 165 Hvinand · Rastende · Esrum Sø · DOF Nordsjælland · Henrik Boeg · 12.389794367289175, 56.01387162495055 · 15:15-18:20
[alm-nordsjaelland] 2025-10-13 20:05:33 CEST · [alm] · 225 Toppet Lappedykker · Rastende · Esrum Sø · DOF Nordsjælland · Henrik Boeg · 12.389794367289175, 56.01387162495055 · 15:15-18:20
[alm-nordsjaelland] 2025-10-13 20:05:33 CEST · [alm] · 220 Stormmåge · Rastende · Esrum Sø · DOF Nordsjælland · Henrik Boeg · 12.389794367289175, 56.01387162495055 · 15:15-18:20
[alm-nordsjaelland] 2025-10-13 20:05:33 CEST · [alm] · 35 Knopsvane · Rastende · Esrum Sø · DOF Nordsjælland · Henrik Boeg · 12.389794367289175, 56.01387162495055 · 15:15-18:20
[alm-nordsjaelland] 2025-10-13 20:05:33 CEST · [alm] · 5 Musvåge · Rastende · Esrum Sø · DOF Nordsjælland · Henrik Boeg · 12.389794367289175, 56.01387162495055 · 15:15-18:20
[alm-nordsjaelland] 2025-10-13 20:07:34 CEST · [alm] · 8 Musvåge · Trækkende mod sydvest · Fredensborg By · DOF Nordsjælland · Carsten Primdahl Lorentsen · 12.406323368516974, 55.97310005250142 · 12:44
[alm-nordsjaelland] 2025-10-13 20:07:34 CEST · [alm] · 115 Grågås · Rastende · Esrum Sø · DOF Nordsjælland · Henrik Boeg · 12.389794367289175, 56.01387162495055 · 15:15-18:20
[alm-nordsjaelland] 2025-10-13 20:07:34 CEST · [alm] · 3010 Troldand · Rastende · Esrum Sø · DOF Nordsjælland · Henrik Boeg · 12.389794367289175, 56.01387162495055 · 15:15-18:20
[alm-nordsjaelland] 2025-10-13 20:07:34 CEST · [alm] · 5 Fiskehejre · Rastende · Esrum Sø · DOF Nordsjælland · Henrik Boeg · 12.389794367289175, 56.01387162495055 · 15:15-18:20
[alm-nordsjaelland] 2025-10-13 20:07:34 CEST · [alm] · 18 Lille Lappedykker · Rastende · Esrum Sø · DOF Nordsjælland · Henrik Boeg · 12.389794367289175, 56.01387162495055 · 15:15-18:20
[alm-nordsjaelland] 2025-10-13 20:07:34 CEST · [alm] · 94 Krikand · Rastende · Esrum Sø · DOF Nordsjælland · Henrik Boeg · 12.389794367289175, 56.01387162495055 · 15:15-18:20
[alm-nordsjaelland] 2025-10-13 20:07:34 CEST · [alm] · 55 Bramgås · Trækkende mod vest · Fredensborg By · DOF Nordsjælland · Carsten Primdahl Lorentsen · 12.406323368516974, 55.97310005250142 · 17:55
[alm-nordsjaelland] 2025-10-13 20:09:22 CEST · [alm] · 46 Pibeand · Rastende · Esrum Sø · DOF Nordsjælland · Henrik Boeg · 12.389794367289175, 56.01387162495055 · 15:15-18:20
[alm-nordsjaelland] 2025-10-13 20:09:22 CEST · [alm] · 1 Rørhøne · Rastende · Esrum Sø · DOF Nordsjælland · Henrik Boeg · 12.389794367289175, 56.01387162495055 · 15:15-18:20
[alm-nordsjaelland] 2025-10-13 20:09:22 CEST · [alm] · 70 Bramgås · Rastende · Esrum Sø · DOF Nordsjælland · Henrik Boeg · 12.389794367289175, 56.01387162495055 · 15:15-18:20
[alm-nordsjaelland] 2025-10-13 20:09:22 CEST · [alm] · 2 Vandrikse · Rastende · Esrum Sø · DOF Nordsjælland · Henrik Boeg · 12.389794367289175, 56.01387162495055 · 15:15-18:20
[alm-nordsjaelland] 2025-10-13 20:09:22 CEST · [alm] · 2 Knarand · Rastende · Esrum Sø · DOF Nordsjælland · Henrik Boeg · 12.389794367289175, 56.01387162495055 · 15:15-18:20
[alm-nordsjaelland] 2025-10-13 20:11:01 CEST · [alm] · 1 Havørn · Rastende · Esrum Sø · DOF Nordsjælland · Henrik Boeg · 12.389794367289175, 56.01387162495055 · 15:15-18:20
[alm-nordsjaelland] 2025-10-14 16:00:16 CEST · [bemaerk] · 1 Rødtoppet Fuglekonge · Rastende · Kikhavn · DOF Nordsjælland · Michael Trasborg · 11.877073645591738, 55.981493998167956 · 15:30
[alm-nordsjaelland] 2025-10-14 16:30:41 CEST · [bemaerk] · 146 Musvåge · Trækkende mod sydvest · Grønholt · DOF Nordsjælland · Henrik Boeg · 12.389046968972785, 55.94461721176208 · 12:00-14:00
[alm-nordsjaelland] 2025-10-14 16:30:41 CEST · [bemaerk] · 2 Rød Glente · Trækkende mod sydvest · Grønholt · DOF Nordsjælland · Henrik Boeg · 12.389046968972785, 55.94461721176208 · 12:00-14:00
[alm-nordsjaelland] 2025-10-14 16:35:29 CEST · [bemaerk] · 1 Havørn · Overflyvende · Grønholt · DOF Nordsjælland · Henrik Boeg · 12.389046968972785, 55.94461721176208 · 15:45
[alm-nordsjaelland] 2025-10-14 17:03:42 CEST · [bemaerk] · 1 Rød Glente · Rastende · Venslev · DOF Nordsjælland · Ebbe Nordbo · 11.904785954303671, 55.777273895294115 · 14:10-14:15
[alm-nordsjaelland] 2025-10-14 17:06:37 CEST · [bemaerk] · 350 Pibeand · Rastende · Nivå Bugt og strandenge · DOF Nordsjælland · Martin Poulsen · 12.647843956947327, 55.970340002298805 · 13:20-16:00
[alm-nordsjaelland] 2025-10-14 17:06:37 CEST · [bemaerk] · 1 Sølvhejre · Overflyvende · Sømer Skov · DOF Nordsjælland · Ebbe Nordbo · 11.875469341258247, 55.79264805598177 · 14:35-14:40
[alm-nordsjaelland] 2025-10-14 17:09:00 CEST · [bemaerk] · 1 Havørn · Overflyvende · Nivå Bugt og strandenge · DOF Nordsjælland · Martin Poulsen · 12.597718834877016, 55.973221859413854 · 13:20-16:00
[alm-nordsjaelland] 2025-10-14 17:10:54 CEST · [bemaerk] · 310 Musvåge · Trækkende mod sydvest · Nivå Bugt og strandenge · DOF Nordsjælland · Martin Poulsen · 12.526959924651951, 55.928375566955395 · 13:20-16:00
[alm-nordsjaelland] 2025-10-14 17:12:07 CEST · [bemaerk] · 1 Blå Kærhøg · Fouragerende · Venslev Huse · DOF Nordsjælland · Ebbe Nordbo · 11.868167834628922, 55.77515819765091 · 14:20
[alm-nordsjaelland] 2025-10-14 17:14:22 CEST · [bemaerk] · 5 Sølvhejre · Rastende · Kyndby Vig/Rev · DOF Nordsjælland · Ebbe Nordbo · 11.865221634483174, 55.805386979366176 · 15:10
[alm-nordsjaelland] 2025-10-14 17:18:32 CEST · [bemaerk] · 1 Husrødstjert · Syngende · Hillerød V erhvervsområde · DOF Nordsjælland · René Christensen · 12.277869779592365, 55.92243055311451 · 17:17
[alm-nordsjaelland] 2025-10-14 17:25:11 CEST · [bemaerk] · 1 Sølvhejre · Rastende · Nivå Bugt og strandenge · DOF Nordsjælland · Jesper Møller · 12.517687082290651, 55.92111118062891
[alm-nordsjaelland] 2025-10-14 18:29:02 CEST · [bemaerk] · 2 Sule · Fouragerende · Nivå Bugt og strandenge · DOF Nordsjælland · Karsten Winding · 12.526959924651951, 55.928375566955395 · 08:40-10:40
[alm-nordsjaelland] 2025-10-14 18:40:12 CEST · [bemaerk] · 3 Havørn · Overflyvende · Møllekrog & Stenholts Mølle · DOF Nordsjælland · Karsten Winding · 12.356621380477208, 55.96762999249606 · 13:30-14:30
[alm-nordsjaelland] 2025-10-14 18:42:19 CEST · [bemaerk] · 13 Knarand · Fouragerende · Møllekrog & Stenholts Mølle · DOF Nordsjælland · Karsten Winding · 12.356621380477208, 55.96762999249606 · 13:30-14:30
[alm-nordsjaelland] 2025-10-14 19:59:05 CEST · [bemaerk] · 1 Blisgås · Rastende · Græse strandenge · DOF Nordsjælland · Ulla Munch Hansen · 12.065538482333393, 55.862641920165856 · 13:45
[alm-nordsjaelland] 2025-10-14 19:59:38 CEST · [bemaerk] · 1 Sølvhejre · Rastende · Græse strandenge · DOF Nordsjælland · Ulla Munch Hansen · 12.065538482333393, 55.862641920165856 · 13:45
[alm-nordsjaelland] 2025-10-14 20:05:31 CEST · [bemaerk] · 196 Musvåge · Trækkende mod sydvest · Græse strandenge · DOF Nordsjælland · Ulla Munch Hansen · 12.065538482333393, 55.862641920165856 · 13:45
[alm-nordsjaelland] 2025-10-14 21:44:25 CEST · [bemaerk] · 1 Havørn · Rastende · Søborg Sø · DOF Nordsjælland · Jesper Johannes Madsen · 12.32170161878679, 56.07541858359863 · 14:40-16:40
[alm-nordsjaelland] 2025-10-14 21:45:33 CEST · [bemaerk] · 2 Rød Glente · Fouragerende · Søborg Sø · DOF Nordsjælland · Jesper Johannes Madsen · 12.32170161878679, 56.07541858359863 · 14:40-16:40
[alm-nordsjaelland] 2025-10-14 22:42:04 CEST · [bemaerk] · 3 Sølvhejre · Rastende · Skenkelsø Sø · DOF Nordsjælland · Torben Juul Hansen · 12.131279705329018, 55.794723520999185 · 11:00-11:45
[alm-nordsjaelland] 2025-10-14 22:42:04 CEST · [bemaerk] · 86 Knarand · Rastende · Skenkelsø Sø · DOF Nordsjælland · Torben Juul Hansen · 12.131279705329018, 55.794723520999185 · 11:00-11:45
[alm-nordsjaelland] 2025-10-14 22:43:12 CEST · [bemaerk] · 48 Skeand · Rastende · Skenkelsø Sø · DOF Nordsjælland · Torben Juul Hansen · 12.131279705329018, 55.794723520999185 · 11:00-11:45
