[sub-vestjylland] 2025-10-13 20:00:55 CEST · [sub] · 1 Lapværling · Overflyvende · Thyborøn By, Havn og Kanal · DOF Vestjylland · Michael Fink Jørgensen · 8.207038694838063, 56.69350968101886
[sub-vestjylland] 2025-10-13 20:00:55 CEST · [sub] · 1 Hvidbrynet Løvsanger · Rastende · Hvide Sande · DOF Vestjylland · Svend Erik Petersen · 8.13329734839499, 55.99277679163615 · 14:40-14:54
[sub-vestjylland] 2025-10-13 20:07:55 CEST · [sub] · 2 Lapværling · Trækkende mod syd · Harboøre Tange Nord · DOF Vestjylland · Michael Fink Jørgensen · 8.16972699943857, 56.653492250226506
[sub-vestjylland] 2025-10-13 21:11:08 CEST · [sub] · 1 Stribet Ryle · Rastende · Tipperne · DOF Vestjylland · Ole Amstrup · 8.209770213265712, 55.87468067696205 · 11:30-17:30
[sub-vestjylland] 2025-10-14 09:26:52 CEST · [sub] · 1 Hvidnæbbet Lom · Trækkende mod syd · Thorsminde, nord · DOF Vestjylland · Daniel Palm Eskildsen · 8.122724902498717, 56.380416630976214 · 08:46-08:45
[sub-vestjylland] 2025-10-14 10:57:08 CEST · [sub] · 0 Lapværling · Overflyvende · Thorsminde · DOF Vestjylland · Daniel Palm Eskildsen · 8.122839886855084, 56.37627823958334 · 09:15
[sub-vestjylland] 2025-10-14 11:20:32 CEST · [sub] · 1 Fuglekongesanger · Rastende · Plet Enge-Sønderholm Enge · DOF Vestjylland · Michael Fink Jørgensen · 8.226963693586544, 56.626817311599446
[sub-vestjylland] 2025-10-14 11:34:16 CEST · [sub] · 1 Lapværling · Overflyvende · Plet Enge-Sønderholm Enge · DOF Vestjylland · Michael Fink Jørgensen · 8.21114787254517, 56.62751898730238
[sub-vestjylland] 2025-10-14 12:04:24 CEST · [sub] · 2 Gransanger, Sibirisk (ssp. tristis) · Rastende · Thorsminde · DOF Vestjylland · Daniel Palm Eskildsen · 8.122839886855084, 56.37627823958334 · 09:15
[sub-vestjylland] 2025-10-14 12:18:19 CEST · [sub] · 1 Hvidbrynet Løvsanger · Fouragerende · Hvide Sande · DOF Vestjylland · Henning Larsen · 8.12694052759416, 56.007839527622934
[sub-vestjylland] 2025-10-14 13:25:21 CEST · [sub] · 1 Gransanger, Sibirisk (ssp. tristis) · Rastende · Værnengene · DOF Vestjylland · Ole Amstrup · 8.238629133716955, 55.85446228956158 · 10:45-13:30
[sub-vestjylland] 2025-10-14 15:41:06 CEST · [sub] · 1 Hvidbrynet Løvsanger · Rastende · Haurvig vest · DOF Vestjylland · Ole Amstrup · 8.153425725648786, 55.93196240171457 · 15:20-15:55
[sub-vestjylland] 2025-10-14 16:22:45 CEST · [sub] · 1 Hvidbrynet Løvsanger · Rastende · Harboøre Tange  Havet · DOF Vestjylland · Michael Fink Jørgensen · 8.195133095473572, 56.659125786830465 · 16:00-16:20
[sub-vestjylland] 2025-10-14 19:04:04 CEST · [sub] · 8 Stor Korsnæb · Trækkende mod syd · Thorsminde · DOF Vestjylland · Daniel Palm Eskildsen · 8.124859571325942, 56.37517547372732 · 11:48
[sub-vestjylland] 2025-10-14 20:08:24 CEST · [sub] · 1 Hvidbrynet Løvsanger · Rastende · Harboøre Tange Nord · DOF Vestjylland · Michael Fink Jørgensen · 8.195297428353198, 56.659121919773305 · 16:00-16:20
[sub-vestjylland] 2025-10-15 10:13:38 CEST · [sub] · 2 Sort Ibis · Rastende, derefter trækkende mod øst · Amholm · DOF Vestjylland · Ole Amstrup · 8.432519111129958, 55.91386912170282 · 08:25-08:30
[sub-vestjylland] 2025-10-15 18:16:57 CEST · [sub] · 1 Gransanger, Sibirisk (ssp. tristis) · Rastende · Fjand · DOF Vestjylland · Kurt Willumsen · 8.151729297696875, 56.32613233112554 · 11:00-11:10
[sub-vestjylland] 2025-10-15 18:32:03 CEST · [sub] · 5 Stor Korsnæb · Rastende · Husby Klitplantage · DOF Vestjylland · Kurt Willumsen · 8.133240509268946, 56.30389247215281 · 13:30-14:30
[sub-vestjylland] 2025-10-16 09:41:49 CEST · [sub] · 1 Sodfarvet Skråpe · Trækkende mod nord · Havet vest for Fjaltring · DOF Vestjylland · Kurt Willumsen · 8.100187968650728, 56.46772720295107 · 09:37
[sub-vestjylland] 2025-10-16 09:58:36 CEST · [sub] · 1 Sodfarvet Skråpe · Trækkende mod syd · Hav og strand ved Nørre Lyngvig · DOF Vestjylland · Peter Leth Olsen · 8.094949699998539, 56.05141099999952 · 09:56
[sub-vestjylland] 2025-10-16 12:07:00 CEST · [sub] · 1 Lille Fluesnapper · Rastende · Bjerregård øst · DOF Vestjylland · Ole Amstrup · 8.1778388, 55.8794027 · 11:15-11:55
[sub-vestjylland] 2025-10-16 17:23:04 CEST · [sub] · 0 Sodfarvet Skråpe · Trækkende mod nord · Thorsminde Havn · DOF Vestjylland · Peter Markussen · 8.123644777349655, 56.36800010814821 · 10:10-10:40
