[sub-sydvestjylland] 2025-10-13 08:44:46 CEST · [sub] · 1 Hvidbrynet Løvsanger · Rastende · Blåvandshuk Golfbane · DOF Sydvestjylland · Mikkel Høegh Post · 8.245187281030322, 55.54012671301529 · 08:43
[sub-sydvestjylland] 2025-10-13 09:06:28 CEST · [sub] · 2 Hvidbrynet Løvsanger · Rastende · Blåvandshuk Golfbane · DOF Sydvestjylland · Mikkel Høegh Post · 8.245905182925771, 55.53992127678375
[sub-sydvestjylland] 2025-10-13 09:40:10 CEST · [sub] · 1 Lille Fluesnapper · Rastende · Kallesmærsk Hede · DOF Sydvestjylland · Birthe Karpfen · 8.144764033458776, 55.58326840958014 · 09:38
[sub-sydvestjylland] 2025-10-13 09:51:11 CEST · [sub] · 1 Lille Fluesnapper · Rastende · Blåvand By og sommerhusområde · DOF Sydvestjylland · Birthe Karpfen · 8.134625783382733, 55.55624581413815 · 09:38
[sub-sydvestjylland] 2025-10-13 10:20:04 CEST · [sub] · 1 Islom · Trækkende mod nord · Blåvands Huk · DOF Sydvestjylland · Henrik Böhmer · 8.07631625491881, 55.55865343827767 · 07:50
[sub-sydvestjylland] 2025-10-13 10:33:49 CEST · [sub] · 1 Hvidbrynet Løvsanger · Rastende · Blåvands Huk · DOF Sydvestjylland · Peder Jacobsen · 8.07631625491881, 55.55865343827767
[sub-sydvestjylland] 2025-10-13 10:40:55 CEST · [sub] · 1 Hvidbrynet Løvsanger · Rastende · Kallesmærsk Hede · DOF Sydvestjylland · Leif Schack-Nielsen · 8.089756965637209, 55.567644935987374 · 10:37
[sub-sydvestjylland] 2025-10-13 11:25:19 CEST · [sub] · 1 Hvidbrynet Løvsanger · Rastende · Blåvand By og sommerhusområde · DOF Sydvestjylland · Benjamin Bech · 8.121857643127443, 55.55623382852518
[sub-sydvestjylland] 2025-10-13 11:27:41 CEST · [sub] · 1 Silkehejre · Rastende · Mandø østvade · DOF Sydvestjylland · Peter Hartoft-Jacobsen · 8.590503871481806, 55.28467579631112 · 11:06
[sub-sydvestjylland] 2025-10-13 12:05:08 CEST · [sub] · 1 Hvidbrynet Løvsanger · Rastende · Hvidbjerg Camping og Kapellet · DOF Sydvestjylland · Stefan Andersen · 8.137974262263015, 55.54931139315577 · 11:55
[sub-sydvestjylland] 2025-10-13 14:38:15 CEST · [sub] · 1 Hvidbrynet Løvsanger · Fouragerende · Ho By og sommerhusområde · DOF Sydvestjylland · Ib Jensen · 8.23133468612582, 55.549866255339445 · 14:35
[sub-sydvestjylland] 2025-10-13 15:19:52 CEST · [sub] · 3 Hvidbrynet Løvsanger · Rastende · Vejers Sommerhusområde · DOF Sydvestjylland · Mikkel Bello Andreasen · 8.128134772663488, 55.62564561837743
[sub-sydvestjylland] 2025-10-13 15:29:31 CEST · [sub] · 1 Rødhalset Gås · Rastende · Mandø · DOF Sydvestjylland · Morten Christensen · 8.559212227716845, 55.279651469401784
[sub-sydvestjylland] 2025-10-13 15:31:53 CEST · [sub] · 1 Hvidbrynet Løvsanger · Fouragerende · Mandø · DOF Sydvestjylland · Kristian Birchvald Christensen · 8.537689, 55.276117 · 15:17
[sub-sydvestjylland] 2025-10-13 20:00:11 CEST · [sub] · 1 Hvidbrynet Løvsanger · Rastende · Tipmose & Heden ved Lysbjerge · DOF Sydvestjylland · Nicolai Jeppesen · 8.24649357753515, 55.53123484740936
[sub-sydvestjylland] 2025-10-13 20:00:11 CEST · [sub] · 2 Amerikansk Sortand · Rastende · Fanø Vesterstrand · DOF Sydvestjylland · Kim Fischer · 8.396334432222153, 55.38988834004425
[sub-sydvestjylland] 2025-10-13 20:00:11 CEST · [sub] · 0 Gransanger, Sibirisk (ssp. tristis) · Rastende · Mandø · DOF Sydvestjylland · Hjalte Benjamin Johansen · 8.5566709990223, 55.27737094518
[sub-sydvestjylland] 2025-10-13 20:00:11 CEST · [sub] · 1 Steppehøg · Rastende · Keldsand, vest · DOF Sydvestjylland · Kim Fischer · 8.487199167992319, 55.336333131671296
[sub-sydvestjylland] 2025-10-13 20:00:11 CEST · [sub] · 3 Silkehejre · Rastende · Mandø · DOF Sydvestjylland · Lars Grøn · 8.559212227716845, 55.279651469401784 · 07:30
[sub-sydvestjylland] 2025-10-13 20:00:11 CEST · [sub] · 3 Lapværling · Trækkende mod sydøst · Fanø Vesterstrand · DOF Sydvestjylland · Kim Fischer · 8.396334432222153, 55.38988834004425 · 10:10-14:00
[sub-sydvestjylland] 2025-10-13 20:00:11 CEST · [sub] · 1 Rødhalset Gås · Fouragerende · Mandø, nordøstlige forlandsknold · DOF Sydvestjylland · Christian Lundsted · 8.57406578982189, 55.29210497698543 · 15:55-16:15
[sub-sydvestjylland] 2025-10-13 20:00:11 CEST · [sub] · 1 Rødhalset Gås · Fouragerende · Mandø, nordvestfenner · DOF Sydvestjylland · Gøran Jakobsen · 8.55473361105729, 55.28878306602212 · 16:41
[sub-sydvestjylland] 2025-10-13 20:00:11 CEST · [sub] · 3 Silkehejre · Fouragerende · Mandø, østlige forland · DOF Sydvestjylland · Gøran Jakobsen · 8.575406018688703, 55.27571902142208 · 16:56
[sub-sydvestjylland] 2025-10-13 20:04:05 CEST · [sub] · 1 Lapværling · Trækkende · Skallingen · DOF Sydvestjylland · Niels Kristian Bech Jensen · 8.26347385965211, 55.5087732506494 · 11:45-12:15
[sub-sydvestjylland] 2025-10-13 20:04:05 CEST · [sub] · 0 Gransanger, Sibirisk (ssp. tristis) · Rastende · Blåvands Huk · DOF Sydvestjylland · Ole Zoltan Gøller · 8.0892741680145, 55.566176830937 · 12:35-16:00
[sub-sydvestjylland] 2025-10-13 20:48:33 CEST · [sub] · 1 Storpiber · Trækkende · Mandø · DOF Sydvestjylland · Alex Sand Frich · 8.559212227716845, 55.279651469401784 · 11:46
[sub-sydvestjylland] 2025-10-13 21:14:55 CEST · [sub] · 2 Hvidbrynet Løvsanger · Fouragerende · Tipmose & Heden ved Lysbjerge · DOF Sydvestjylland · Ole Goldschmidt · 8.246516674279196, 55.53440580714792
[sub-sydvestjylland] 2025-10-14 09:26:37 CEST · [sub] · 3 Stor Korsnæb · Trækkende · Grønningen · DOF Sydvestjylland · Frederik Johansen · 8.191267717549584, 55.533595316612576
[sub-sydvestjylland] 2025-10-14 09:26:37 CEST · [sub] · 1 Hvidbrynet Løvsanger · Rastende · Tipmose & Heden ved Lysbjerge · DOF Sydvestjylland · Lars Gaarn · 8.24599969781983, 55.53987978820138 · 08:03
[sub-sydvestjylland] 2025-10-14 09:26:37 CEST · [sub] · 1 Lapværling · Trækkende mod nord · Blåvands Huk · DOF Sydvestjylland · Henrik Böhmer · 8.07631625491881, 55.55865343827767 · 08:13
[sub-sydvestjylland] 2025-10-14 09:26:37 CEST · [sub] · 1 Gråmåge · Rastende · Blåvands Huk · DOF Sydvestjylland · Karen Koefoed · 8.074779510498049, 55.55968496497645 · 08:50
[sub-sydvestjylland] 2025-10-14 09:26:37 CEST · [sub] · 1 Hvidbrynet Løvsanger · Fouragerende · Mandø By · DOF Sydvestjylland · Gøran Jakobsen · 8.539153473476345, 55.27581223817978 · 09:03
[sub-sydvestjylland] 2025-10-14 09:28:45 CEST · [sub] · 1 Hvidbrynet Løvsanger · Rastende · Mandø · DOF Sydvestjylland · Hans Henrik Bay · 8.560061, 55.282506
[sub-sydvestjylland] 2025-10-14 09:32:22 CEST · [sub] · 1 Hvidvinget Måge · Rastende · Blåvands Huk · DOF Sydvestjylland · Ib Jensen · 8.075230121459073, 55.55955349876575
[sub-sydvestjylland] 2025-10-14 09:33:01 CEST · [sub] · 2 Steppehøg · Fouragerende · Hønen, Sønderho · DOF Sydvestjylland · Søren Brinch Pedersen · 8.471278340800508, 55.344478539553364 · 09:25
[sub-sydvestjylland] 2025-10-14 10:08:33 CEST · [sub] · 1 Hvidvinget Måge (ssp. glaucoides) · Rastende · Blåvands Huk · DOF Sydvestjylland · Hanne Marie Munkholm · 8.07631625491881, 55.55865343827767 · 08:10
[sub-sydvestjylland] 2025-10-14 10:09:26 CEST · [sub] · 1 Brilleand · Fouragerende · Havet sydvest for Skallingen · DOF Sydvestjylland · Oliver Laursen · 8.22770561986206, 55.49793141686723
[sub-sydvestjylland] 2025-10-14 10:18:03 CEST · [sub] · 1 Hvidbrynet Løvsanger · Rastende · Lysbjerge · DOF Sydvestjylland · Nina Riemer Johansson · 8.24225359604798, 55.5312873080495 · 09:55
[sub-sydvestjylland] 2025-10-14 10:37:15 CEST · [sub] · 1 Hvidbrynet Løvsanger · Rastende · Hvidbjerg Camping og Kapellet · DOF Sydvestjylland · Frederik Johansen · 8.143433853308428, 55.54745013143253
[sub-sydvestjylland] 2025-10-14 10:41:08 CEST · [sub] · 1 Brilleand · Rastende · Skallingen · DOF Sydvestjylland · John Jensen · 8.26347385965211, 55.5087732506494 · 10:35
[sub-sydvestjylland] 2025-10-14 11:45:05 CEST · [sub] · 1 Rødhalset Gås · Fouragerende · Mandø · DOF Sydvestjylland · Simon Mølholm Olesen · 8.563801199197771, 55.292117203452925 · 11:23
[sub-sydvestjylland] 2025-10-14 11:58:19 CEST · [sub] · 1 Hvidbrynet Løvsanger · Rastende · Blåvands Huk · DOF Sydvestjylland · Henrik Hald Nørgaard · 8.084092140197756, 55.560995558919124 · 10:00-11:00
[sub-sydvestjylland] 2025-10-14 12:34:20 CEST · [sub] · 1 Hvidbrynet Løvsanger · Fouragerende · Blåvandshuk Golfbane · DOF Sydvestjylland · Louis Poulsen · 8.227483034133913, 55.545523515607464 · 12:34
[sub-sydvestjylland] 2025-10-14 12:37:38 CEST · [sub] · 1 Hvidbrynet Løvsanger · Rastende · Ho By og sommerhusområde · DOF Sydvestjylland · Otto Nørgaard Sorgenfri · 8.227290250360968, 55.54577541368036
[sub-sydvestjylland] 2025-10-14 12:50:38 CEST · [sub] · 2 Hvidbrynet Løvsanger · Fouragerende · Blåvandshuk Golfbane · DOF Sydvestjylland · Louis Poulsen · 8.227483034133913, 55.545523515607464 · 12:34
[sub-sydvestjylland] 2025-10-14 12:51:20 CEST · [sub] · 2 Hvidbrynet Løvsanger · Rastende · Ho By og sommerhusområde · DOF Sydvestjylland · Otto Nørgaard Sorgenfri · 8.227290250361, 55.54577541368
[sub-sydvestjylland] 2025-10-14 13:10:28 CEST · [sub] · 3 Stor Korsnæb · Rastende · Ho Plantage · DOF Sydvestjylland · Anders Søgaard · 8.235492740517282, 55.530231483266455 · 13:09
[sub-sydvestjylland] 2025-10-14 13:56:50 CEST · [sub] · 1 Hvidbrynet Løvsanger · Rastende · Gødel Kanal syd for Bjålum Klit · DOF Sydvestjylland · Ole Amstrup · 8.212168088427633, 55.83450078982569 · 13:45-13:55
[sub-sydvestjylland] 2025-10-14 13:57:37 CEST · [sub] · 3 Silkehejre · Rastende · Mandø østvade · DOF Sydvestjylland · Lise Nielsen · 8.579463958740236, 55.277061969313074 · 13:50-14:00
[sub-sydvestjylland] 2025-10-14 14:21:54 CEST · [sub] · 3 Silkehejre · Fouragerende · Mandø · DOF Sydvestjylland · Simon Mølholm Olesen · 8.581997305154802, 55.28219507697789 · 11:23
[sub-sydvestjylland] 2025-10-14 14:44:15 CEST · [sub] · 1 Hvidbrynet Løvsanger · Fouragerende · Blåvand By og sommerhusområde · DOF Sydvestjylland · Louis Poulsen · 8.113886117935182, 55.55251536385001
[sub-sydvestjylland] 2025-10-14 14:58:17 CEST · [sub] · 1 Lapværling · Trækkende mod sydøst · Mandø · DOF Sydvestjylland · Simon Mølholm Olesen · 8.579552471637728, 55.28028857160022 · 11:23
[sub-sydvestjylland] 2025-10-14 15:48:38 CEST · [sub] · 1 Fuglekongesanger · Rastende · Ho Plantage · DOF Sydvestjylland · Per Aarkrog · 8.215459785908944, 55.539072875789515 · 15:35
[sub-sydvestjylland] 2025-10-14 15:52:05 CEST · [sub] · 1 Rødhalset Gås · Rastende · Mandø, nordvestfenner · DOF Sydvestjylland · Bjarne Hove-Jensen · 8.565612121095246, 55.28976709075673 · 15:49-14:25
[sub-sydvestjylland] 2025-10-14 15:56:16 CEST · [sub] · 1 Fuglekongesanger · Rastende · Skallingen · DOF Sydvestjylland · Finn A. Jensen · 8.26347385965211, 55.5087732506494
[sub-sydvestjylland] 2025-10-14 16:20:36 CEST · [sub] · 1 Dværgværling · Rastende · Hvidbjerg Camping og Kapellet · DOF Sydvestjylland · Joakim Matthiesen · 8.152883, 55.545752 · 15:15-16:15
[sub-sydvestjylland] 2025-10-14 17:49:38 CEST · [sub] · 1 Hvidvinget Måge · Rastende · Horns Rev, indre del · DOF Sydvestjylland · Leif Schack-Nielsen · 8.073832695017709, 55.56182645897302 · 17:46
[sub-sydvestjylland] 2025-10-14 18:43:29 CEST · [sub] · 1 Hvidbrynet Løvsanger · Rastende · Ho Plantage · DOF Sydvestjylland · Ole Zoltan Gøller · 8.198375701904299, 55.537915736889694
[sub-sydvestjylland] 2025-10-14 20:00:58 CEST · [sub] · 1 Steppehøg · Fouragerende · Fuglsand. Fanø · DOF Sydvestjylland · Maria Rasmussen · 8.478367728798748, 55.35575951619353 · 14:45-16:00
[sub-sydvestjylland] 2025-10-14 21:02:01 CEST · [sub] · 3 Silkehejre · Rastende · Mandø, østlige forland · DOF Sydvestjylland · Anders Høgsholm · 8.575406018688703, 55.27571902142208 · 13:50-14:30
[sub-sydvestjylland] 2025-10-14 21:42:12 CEST · [sub] · 1 Hvidbrynet Løvsanger · Rastende · Kallesmærsk Hede · DOF Sydvestjylland · Nanna Bakke · 8.144764033458776, 55.58326840958014
[sub-sydvestjylland] 2025-10-14 22:56:40 CEST · [sub] · 1 Steppehøg · Rastende · Keldsand, vest · DOF Sydvestjylland · Kim Fischer · 8.487199167992319, 55.336333131671296
[sub-sydvestjylland] 2025-10-15 08:26:08 CEST · [sub] · 1 Hvidbrynet Løvsanger · Rastende · Tipmose & Heden ved Lysbjerge · DOF Sydvestjylland · Gustav Juel · 8.24591665891829, 55.53976380851551 · 08:10
[sub-sydvestjylland] 2025-10-15 08:35:35 CEST · [sub] · 1 Hvidbrynet Løvsanger · Rastende · Blåvandshuk Golfbane · DOF Sydvestjylland · Alfred Godsk Geckler · 8.233512329858609, 55.54284636139761 · 08:10
[sub-sydvestjylland] 2025-10-15 09:41:00 CEST · [sub] · 1 Stor Korsnæb · Overflyvende · Skallingen · DOF Sydvestjylland · Markus Clément · 8.250989913940431, 55.527100232729445 · 09:37
[sub-sydvestjylland] 2025-10-15 09:45:12 CEST · [sub] · 4 Stor Korsnæb · Overflyvende · Tipmose & Heden ved Lysbjerge · DOF Sydvestjylland · Alfred Godsk Geckler · 8.246516674279196, 55.53440580714792 · 09:00
[sub-sydvestjylland] 2025-10-15 10:08:11 CEST · [sub] · 2 Silkehejre · Fouragerende · Mandø, nordlige forland · DOF Sydvestjylland · Simon Mølholm Olesen · 8.55819940615077, 55.29533455745866
[sub-sydvestjylland] 2025-10-15 10:26:15 CEST · [sub] · 1 Hvidbrynet Løvsanger · Rastende · Blåvands Huk · DOF Sydvestjylland · Kristoffer Hansen · 8.07631625491881, 55.55865343827767 · 07:50-09:45
[sub-sydvestjylland] 2025-10-15 10:51:57 CEST · [sub] · 1 Hvidbrynet Løvsanger · Rastende · Grønningen · DOF Sydvestjylland · Philip Elbek · 8.181244, 55.539934 · 10:51
[sub-sydvestjylland] 2025-10-15 11:25:29 CEST · [sub] · 1 Hvidbrynet Løvsanger · Fouragerende · Mandø, gl. dige og krat syd · DOF Sydvestjylland · Bjarne Hove-Jensen · 8.55682770000199, 55.2712533999985 · 11:25
[sub-sydvestjylland] 2025-10-15 12:19:49 CEST · [sub] · 1 Silkehejre · Rastende · Mandø Låningsvej Vadehavet · DOF Sydvestjylland · Simon Mølholm Olesen · 8.632343560118626, 55.30610585432834
[sub-sydvestjylland] 2025-10-15 12:40:23 CEST · [sub] · 1 Hvidbrynet Løvsanger · Rastende · Hvidbjerg Camping og Kapellet · DOF Sydvestjylland · Mikkel Høegh Post · 8.138173425005338, 55.54562910635225
[sub-sydvestjylland] 2025-10-15 13:06:02 CEST · [sub] · 2 Silkehejre · Fouragerende · Låningsvej Rev · DOF Sydvestjylland · Finn Just Christensen · 8.641729876553908, 55.316863052059176
[sub-sydvestjylland] 2025-10-15 13:18:02 CEST · [sub] · 1 Steppehøg · Fouragerende · Hønen, Sønderho · DOF Sydvestjylland · Søren Brinch Pedersen · 8.471278340800508, 55.344478539553364 · 09:23
[sub-sydvestjylland] 2025-10-15 13:30:59 CEST · [sub] · 2 Hvidbrynet Løvsanger · Rastende · Hvidbjerg Camping og Kapellet · DOF Sydvestjylland · Mikkel Høegh Post · 8.1381734, 55.5456291
[sub-sydvestjylland] 2025-10-15 13:30:59 CEST · [sub] · 1 Stor Korsnæb · Rastende · Kallesmærsk Hede · DOF Sydvestjylland · Jonathan Hemmer-Hansen · 8.108401365242093, 55.56957500893762 · 08:25
[sub-sydvestjylland] 2025-10-15 13:32:05 CEST · [sub] · 2 Stor Korsnæb · Rastende · Kallesmærsk Hede · DOF Sydvestjylland · Jonathan Hemmer-Hansen · 8.108401365242093, 55.56957500893762 · 08:25
[sub-sydvestjylland] 2025-10-15 13:43:45 CEST · [sub] · 1 Hvidbrynet Løvsanger · Rastende · Ho By og sommerhusområde · DOF Sydvestjylland · Richard Larsen · 8.220404113232737, 55.55520524355856
[sub-sydvestjylland] 2025-10-15 14:03:08 CEST · [sub] · 5 Stor Korsnæb · Trækkende mod syd · Ho Plantage · DOF Sydvestjylland · Erik Vikkelsø Rasmussen · 8.225481032277457, 55.53302188213971 · 08:25-09:05
[sub-sydvestjylland] 2025-10-15 14:10:43 CEST · [sub] · 1 Gransanger, Sibirisk (ssp. tristis) · Rastende · Blåvand By og sommerhusområde · DOF Sydvestjylland · Sebastian Thorup Hansen · 8.134625783382733, 55.55624581413815 · 13:20
[sub-sydvestjylland] 2025-10-15 14:57:55 CEST · [sub] · 1 Fuglekongesanger · Territoriehævdende · Skallingen · DOF Sydvestjylland · Else Dupont · 8.26347385965211, 55.5087732506494
[sub-sydvestjylland] 2025-10-15 15:06:29 CEST · [sub] · 1 Gransanger, Sibirisk (ssp. tristis) · Rastende · Mandø · DOF Sydvestjylland · Simon Mølholm Olesen · 8.559212227716845, 55.279651469401784
[sub-sydvestjylland] 2025-10-15 15:21:22 CEST · [sub] · 1 Hvidbrynet Løvsanger · Rastende · Ho Plantage · DOF Sydvestjylland · Else Dupont · 8.215459785908944, 55.539072875789515
[sub-sydvestjylland] 2025-10-15 15:38:32 CEST · [sub] · 1 Hvidbrynet Løvsanger · Rastende · Blåvand By og sommerhusområde · DOF Sydvestjylland · Jens Peter Bech · 8.113789558410646, 55.552609429717535 · 14:30
[sub-sydvestjylland] 2025-10-15 15:46:00 CEST · [sub] · 2 Silkehejre · Ynglefugle · Mandø Låningsvej Vadehavet · DOF Sydvestjylland · Huxley Regan · 8.632343560118626, 55.30610585432834
[sub-sydvestjylland] 2025-10-15 16:16:19 CEST · [sub] · 1 Silkehejre · Fouragerende · Mandø, østlige forland · DOF Sydvestjylland · Mette Lyngdorf · 8.575406018688703, 55.27571902142208
[sub-sydvestjylland] 2025-10-15 16:18:31 CEST · [sub] · 2 Silkehejre · Rastende · Mandø · DOF Sydvestjylland · Lars Grøn · 8.559212227716845, 55.279651469401784 · 07:45
[sub-sydvestjylland] 2025-10-15 18:01:50 CEST · [sub] · 1 Hvidbrynet Løvsanger · Rastende · Mandø · DOF Sydvestjylland · Simon Mølholm Olesen · 8.559212227716845, 55.279651469401784 · 07:42-17:33
[sub-sydvestjylland] 2025-10-15 18:08:20 CEST · [sub] · 1 Gransanger, Sibirisk (ssp. tristis) · Rastende · Hvidbjerg Camping og Kapellet · DOF Sydvestjylland · Jonas Fahrendorff · 8.138085007667543, 55.54575872168931
[sub-sydvestjylland] 2025-10-15 18:20:10 CEST · [sub] · 1 Steppehøg · Trækkende mod syd · Grønningen med vader (Sandene), Fanø (DMU 81A) · DOF Sydvestjylland · Søren Brinch Pedersen · 8.376726947509047, 55.46717716794859 · 18:17
[sub-sydvestjylland] 2025-10-15 18:58:02 CEST · [sub] · 0 Citronvipstjert · Overflyvende · Skallingen · DOF Sydvestjylland · Ole Zoltan Gøller · 8.26347385965211, 55.5087732506494
[sub-sydvestjylland] 2025-10-15 20:33:21 CEST · [sub] · 1 Stor Korsnæb · Overflyvende · Lysbjerge · DOF Sydvestjylland · Rune Sø Neergaard · 8.241676219160688, 55.52911694317601
[sub-sydvestjylland] 2025-10-16 08:31:28 CEST · [sub] · 1 Hvidbrynet Løvsanger · Rastende · Blåvandshuk Golfbane · DOF Sydvestjylland · Ib Jensen · 8.227284550591111, 55.545491143095255 · 08:29
[sub-sydvestjylland] 2025-10-16 08:43:56 CEST · [sub] · 1 Hvidbrynet Løvsanger · Rastende · Blåvand By og sommerhusområde · DOF Sydvestjylland · Anders Myrtue · 8.113854378926986, 55.55264503666455
[sub-sydvestjylland] 2025-10-16 08:56:28 CEST · [sub] · 1 Hvidvinget Måge · Trækkende · Blåvands Huk · DOF Sydvestjylland · Markus Clément · 8.07631625491881, 55.55865343827767 · 08:53
[sub-sydvestjylland] 2025-10-16 09:38:42 CEST · [sub] · 1 Steppehøg · Fouragerende · Hønen, Sønderho · DOF Sydvestjylland · Lars Gaarn · 8.471278340800508, 55.344478539553364 · 09:18
[sub-sydvestjylland] 2025-10-16 10:19:57 CEST · [sub] · 0 Gransanger, Sibirisk (ssp. tristis) · Rastende · Tipmose & Heden ved Lysbjerge · DOF Sydvestjylland · Ib Jensen · 8.248674475781225, 55.53070561775921 · 10:15
[sub-sydvestjylland] 2025-10-16 10:44:25 CEST · [sub] · 1 Hvidbrynet Løvsanger · Rastende · Ho By og sommerhusområde · DOF Sydvestjylland · Stinne Aastrup · 8.22079360485077, 55.55352428439558 · 10:43
[sub-sydvestjylland] 2025-10-16 10:55:00 CEST · [sub] · 1 Hvidbrynet Løvsanger · Rastende · Tipmose & Heden ved Lysbjerge · DOF Sydvestjylland · Niels Peter Møller Jensen · 8.242980637206648, 55.53692112195053 · 10:45
[sub-sydvestjylland] 2025-10-16 11:45:54 CEST · [sub] · 1 Lapværling · Trækkende · Nyeng · DOF Sydvestjylland · Kent Olsen · 8.25991905340767, 55.53366977396547 · 09:15
[sub-sydvestjylland] 2025-10-16 11:51:23 CEST · [sub] · 2 Silkehejre · Fouragerende · Mandø, østlige forland · DOF Sydvestjylland · Gøran Jakobsen · 8.575406018688703, 55.27571902142208 · 11:50
[sub-sydvestjylland] 2025-10-16 12:05:54 CEST · [sub] · 2 Stor Korsnæb · Overflyvende · Blåvand By og sommerhusområde · DOF Sydvestjylland · Stephan Skaarup Lund · 8.134625783382733, 55.55624581413815
[sub-sydvestjylland] 2025-10-16 12:27:43 CEST · [sub] · 1 Hvidbrynet Løvsanger · Rastende · Grønningen · DOF Sydvestjylland · Anders Wiig Nielsen · 8.181338310241701, 55.53969218050259 · 12:26
[sub-sydvestjylland] 2025-10-16 12:47:25 CEST · [sub] · 2 Silkehejre · Rastende · Mandø · DOF Sydvestjylland · Simon Mølholm Olesen · 8.559212227716845, 55.279651469401784 · 07:44
[sub-sydvestjylland] 2025-10-16 14:20:39 CEST · [sub] · 1 Lapværling · Overflyvende · Grønningen · DOF Sydvestjylland · Otto Nørgaard Sorgenfri · 8.191267717549584, 55.533595316612576 · 13:00-13:02
[sub-sydvestjylland] 2025-10-16 15:34:00 CEST · [sub] · 0 Gransanger, Sibirisk (ssp. tristis) · Rastende · Mandø By · DOF Sydvestjylland · Bjarne Hove-Jensen · 8.539153473476345, 55.27581223817978 · 08:34-10:43
[sub-sydvestjylland] 2025-10-16 15:47:57 CEST · [sub] · 1 Hvidbrynet Løvsanger · Rastende · Heden, øst · DOF Sydvestjylland · Andreas Kristian Pedersen · 8.447176918921187, 55.38349707354777
[sub-sydvestjylland] 2025-10-16 16:43:04 CEST · [sub] · 1 Søkonge · Trækkende mod syd · Blåvands Huk · DOF Sydvestjylland · Sverre Porsgaard · 8.07631625491881, 55.55865343827767 · 16:30
[sub-sydvestjylland] 2025-10-16 17:14:20 CEST · [sub] · 1 Dværgværling · Rastende · Mandø · DOF Sydvestjylland · Alex Sand Frich · 8.559212227716845, 55.279651469401784 · 08:30
[sub-sydvestjylland] 2025-10-16 17:40:07 CEST · [sub] · 1 Gransanger, Sibirisk (ssp. tristis) · Rastende · Mandø · DOF Sydvestjylland · Jakob Engelhard · 8.567095175822034, 55.27059931859639 · 07:00-17:10
[sub-sydvestjylland] 2025-10-16 17:56:28 CEST · [sub] · 1 Hvidbrynet Løvsanger · Rastende · Mandø · DOF Sydvestjylland · Alex Sand Frich · 8.559212227716845, 55.279651469401784 · 11:14
[sub-sydvestjylland] 2025-10-16 19:28:36 CEST · [sub] · 1 Hvidbrynet Løvsanger · Rastende · Sloen · DOF Sydvestjylland · Kristoffer Hansen · 8.461271412670614, 55.373004124059506 · 15:30-16:30
[sub-sydvestjylland] 2025-10-17 08:32:04 CEST · [sub] · 1 Stor Korsnæb · Overflyvende · Nyeng · DOF Sydvestjylland · Benjamin Bechgaard Lisse · 8.25991905340767, 55.53366977396547 · 08:27
[sub-sydvestjylland] 2025-10-17 08:39:36 CEST · [sub] · 1 Hvidbrynet Løvsanger · Rastende · Grønningen · DOF Sydvestjylland · Oskar Zeeberg · 8.191267717549584, 55.533595316612576 · 07:40
[sub-sydvestjylland] 2025-10-17 08:40:43 CEST · [sub] · 2 Stor Korsnæb · Trækkende · Nyeng · DOF Sydvestjylland · Kent Olsen · 8.25991905340767, 55.53366977396547 · 08:32
[sub-sydvestjylland] 2025-10-17 09:31:31 CEST · [sub] · 1 Søkonge · Trækkende mod sydvest · Blåvands Huk · DOF Sydvestjylland · Mads Bjarke Salling · 8.07631625491881, 55.55865343827767 · 09:25
[sub-sydvestjylland] 2025-10-17 09:42:15 CEST · [sub] · 2 Stor Korsnæb · Overflyvende · Tipmose & Heden ved Lysbjerge · DOF Sydvestjylland · Philip Elbek · 8.246516674279196, 55.53440580714792 · 09:00
[sub-sydvestjylland] 2025-10-17 09:46:40 CEST · [sub] · 1 Lapværling · Rastende · Vejers Strand · DOF Sydvestjylland · Anton Markvard · 8.117326164840852, 55.62676344885534
[sub-sydvestjylland] 2025-10-17 17:10:19 CEST · [sub] · 1 Hvidbrynet Løvsanger · Rastende · Mandø · DOF Sydvestjylland · Alex Sand Frich · 8.559212227716845, 55.279651469401784
[sub-sydvestjylland] 2025-10-17 17:10:19 CEST · [sub] · 2 Hvidbrynet Løvsanger · Fouragerende · Blåvand By og sommerhusområde · DOF Sydvestjylland · Stephan Skaarup Lund · 8.1312775611877, 55.549040837783
[sub-sydvestjylland] 2025-10-17 17:10:19 CEST · [sub] · 1 Lapværling · Overflyvende · Mandø · DOF Sydvestjylland · Alex Sand Frich · 8.559212227716845, 55.279651469401784
[sub-sydvestjylland] 2025-10-17 17:10:19 CEST · [sub] · 1 Hvidbrynet Løvsanger · Trækforsøgende · Nyeng · DOF Sydvestjylland · Kent Olsen · 8.253134, 55.528287 · 10:15-12:24
[sub-sydvestjylland] 2025-10-17 17:10:19 CEST · [sub] · 1 Hvidbrynet Løvsanger · Rastende · Ho By og sommerhusområde · DOF Sydvestjylland · Erik Vikkelsø Rasmussen · 8.22107362720999, 55.55342749012973 · 10:30-10:55
[sub-sydvestjylland] 2025-10-17 17:10:19 CEST · [sub] · 2 Stor Korsnæb · Overflyvende · Lysbjerge · DOF Sydvestjylland · Benjamin Bechgaard Lisse · 8.241676219160688, 55.52911694317601 · 11:00-15:00
[sub-sydvestjylland] 2025-10-17 17:10:19 CEST · [sub] · 1 Hvidbrynet Løvsanger · Rastende · Lysbjerge · DOF Sydvestjylland · Benjamin Bechgaard Lisse · 8.246039001333678, 55.530111423845206 · 11:57-15:00
[sub-sydvestjylland] 2025-10-17 17:10:19 CEST · [sub] · 1 Fuglekongesanger · Rastende · Blåvand By og sommerhusområde · DOF Sydvestjylland · Kent Olsen · 8.12906, 55.54644 · 13:18-14:15
[sub-sydvestjylland] 2025-10-17 17:10:19 CEST · [sub] · 1 Rosenstær · Fouragerende · Nordby med havn (Fanø) · DOF Sydvestjylland · Joakim Engel · 8.402948109321766, 55.44545413537361 · 14:27
[sub-sydvestjylland] 2025-10-17 17:22:00 CEST · [sub] · 2 Stor Korsnæb · Rastende, derefter trækkende mod sydøst · Grønningen · DOF Sydvestjylland · Nicolai Jeppesen · 8.191267717549584, 55.533595316612576
[sub-sydvestjylland] 2025-10-17 17:39:32 CEST · [sub] · 3 Silkehejre · Rastende på overnatningsplads · Mandø · DOF Sydvestjylland · Jakob Engelhard · 8.559212227716845, 55.279651469401784 · 07:40-17:30
[sub-sydvestjylland] 2025-10-17 18:27:27 CEST · [sub] · 2 Stor Korsnæb · Trækkende mod nord · Blåvands Huk · DOF Sydvestjylland · Blåvand Fuglestation · 8.07631625491881, 55.55865343827767 · 08:30-09:00
[sub-sydvestjylland] 2025-10-17 19:55:21 CEST · [sub] · 1 Hvidbrynet Løvsanger · Fouragerende · Tipmose & Heden ved Lysbjerge · DOF Sydvestjylland · Ole Goldschmidt · 8.246516674279196, 55.53440580714792 · 10:00-11:30
[sub-sydvestjylland] 2025-10-17 21:26:28 CEST · [sub] · 1 Gransanger, Sibirisk (ssp. tristis) · Rastende · Blåvand By og sommerhusområde · DOF Sydvestjylland · Sebastian Thorup Hansen · 8.134625783382733, 55.55624581413815
[sub-sydvestjylland] 2025-10-17 22:43:24 CEST · [sub] · 1 Hvidbrynet Løvsanger · Rastende · Mandø, gl. dige og krat syd · DOF Sydvestjylland · Peter Rasmussen · 8.55682770000199, 55.2712533999985 · 15:00
[sub-sydvestjylland] 2025-10-18 08:45:59 CEST · [sub] · 1 Hvidbrynet Løvsanger · Rastende · Blåvandshuk Golfbane · DOF Sydvestjylland · Markus Clément · 8.227225542068483, 55.545584214085885 · 08:30
[sub-sydvestjylland] 2025-10-18 08:53:33 CEST · [sub] · 2 Silkehejre · Trækkende til/fra overnatning · Mandø · DOF Sydvestjylland · Kent Olsen · 8.559212227716845, 55.279651469401784 · 07:10
[sub-sydvestjylland] 2025-10-18 10:30:49 CEST · [sub] · 1 Rosenstær · Fouragerende · Nordby med havn (Fanø) · DOF Sydvestjylland · Joakim Engel · 8.402948109321766, 55.44545413537361 · 10:28
[sub-sydvestjylland] 2025-10-18 11:15:06 CEST · [sub] · 1 Stor Korsnæb · Rast, derefter trækkende i ikke-angivet retning · Mandø · DOF Sydvestjylland · Thomas W. Johansen · 8.559212227716845, 55.279651469401784
[sub-sydvestjylland] 2025-10-18 12:19:42 CEST · [sub] · 1 Fuglekongesanger · Fanget og ringmærket · Blåvands Huk · DOF Sydvestjylland · Ib Jensen · 8.086152076550329, 55.5571384855024 · 12:10
[sub-sydvestjylland] 2025-10-18 13:45:44 CEST · [sub] · 1 Stor Korsnæb · Overflyvende · Tipmose & Heden ved Lysbjerge · DOF Sydvestjylland · John Steffensen · 8.246516674279196, 55.53440580714792 · 08:30-12:30
[sub-sydvestjylland] 2025-10-18 13:45:44 CEST · [sub] · 1 Hvidbrynet Løvsanger · Rastende · Tipmose & Heden ved Lysbjerge · DOF Sydvestjylland · John Steffensen · 8.246516674279196, 55.53440580714792 · 08:30-12:30
[sub-sydvestjylland] 2025-10-18 15:52:20 CEST · [sub] · 1 Stor Korsnæb · Trækkende · Blåvand By og sommerhusområde · DOF Sydvestjylland · Alfred Godsk Geckler · 8.134625783382733, 55.55624581413815 · 15:00
[sub-sydvestjylland] 2025-10-18 15:59:10 CEST · [sub] · 1 Hvidbrynet Løvsanger · Rastende · Nyeng · DOF Sydvestjylland · David Manstrup · 8.25991905340767, 55.53366977396547
[sub-sydvestjylland] 2025-10-18 16:18:27 CEST · [sub] · 1 Hvidbrynet Løvsanger · Rastende · Hvidbjerg Camping og Kapellet · DOF Sydvestjylland · Karen Koefoed · 8.143433853308428, 55.54745013143253 · 16:10
[sub-sydvestjylland] 2025-10-18 20:08:42 CEST · [sub] · 1 Fuglekongesanger · Rastende · Mandø · DOF Sydvestjylland · Kent Olsen · 8.557418, 55.271157 · 18:00
[sub-sydvestjylland] 2025-10-18 20:13:14 CEST · [sub] · 1 Hvid Vipstjert, Sortrygget Vipstjert (ssp. yarrellii) · Rastende · Mandø · DOF Sydvestjylland · Tim Hesselballe Hansen · 8.538211584091188, 55.276511954130186 · 07:30-18:18
[sub-sydvestjylland] 2025-10-18 20:31:39 CEST · [sub] · 4 Stor Korsnæb · Trækkende · Grønningen · DOF Sydvestjylland · Joakim Matthiesen · 8.191267717549584, 55.533595316612576
[sub-sydvestjylland] 2025-10-19 09:32:42 CEST · [sub] · 2 Stor Korsnæb · Trækkende mod sydøst · Hønen, Sønderho · DOF Sydvestjylland · Søren Brinch Pedersen · 8.471278340800508, 55.344478539553364 · 09:32
[sub-sydvestjylland] 2025-10-19 09:58:26 CEST · [sub] · 1 Gransanger, Sibirisk (ssp. tristis) · Rastende · Gødel Kanal syd for Bjålum Klit · DOF Sydvestjylland · Ole Amstrup · 8.193280799997257, 55.831766199999805 · 09:35-09:55
[sub-sydvestjylland] 2025-10-19 10:35:36 CEST · [sub] · 1 Stor Korsnæb · Trækforsøgende · Mandø · DOF Sydvestjylland · Kent Olsen · 8.565889, 55.269894 · 10:34
[sub-sydvestjylland] 2025-10-19 11:35:36 CEST · [sub] · 1 Stor Korsnæb · Overflyvende · Tipmose & Heden ved Lysbjerge · DOF Sydvestjylland · Martin Svinth Weenink · 8.246516674279196, 55.53440580714792
[sub-sydvestjylland] 2025-10-19 13:35:42 CEST · [sub] · 1 Gransanger, Sibirisk (ssp. tristis) · Rastende · Mandø · DOF Sydvestjylland · Kent Olsen · 8.537693, 55.276594 · 13:15
[sub-sydvestjylland] 2025-10-19 13:56:55 CEST · [sub] · 1 Fuglekongesanger · Fanget og ringmærket · Blåvands Huk · DOF Sydvestjylland · Gustav Juel · 8.07631625491881, 55.55865343827767 · 12:15-12:35
[sub-sydvestjylland] 2025-10-19 15:44:15 CEST · [sub] · 1 Rosenstær · Fouragerende · Nordby med havn (Fanø) · DOF Sydvestjylland · Maria Rasmussen · 8.402948109321766, 55.44545413537361 · 11:30
