[sub-nordjylland] 2025-10-13 09:01:34 CEST · [sub] · 1 Hvidbrystet Præstekrave · Rastende · Frydenstrand, Frederikshavn · DOF Nordjylland · Aase Jensen · 10.54772817105934, 57.4530353853641
[sub-nordjylland] 2025-10-13 11:15:49 CEST · [sub] · 1 Kongeørn · Rastende · Tofte Skov · DOF Nordjylland · Hans Christophersen · 10.234987528965997, 56.83916010417957 · 09:15
[sub-nordjylland] 2025-10-13 12:18:47 CEST · [sub] · 1 Hvidnæbbet Lom · Rastende · Grenen, Skagen · DOF Nordjylland · John Kristensen · 10.635593026549664, 57.74508971556111 · 10:20-10:30
[sub-nordjylland] 2025-10-13 12:26:38 CEST · [sub] · 2 Kongeørn · Overflyvende · Manna Mose, Fuglesøerne · DOF Nordjylland · Karsten Haug · 9.841786544684687, 57.24349509896848 · 12:23
[sub-nordjylland] 2025-10-13 12:54:42 CEST · [sub] · 2 Kongeørn · Rastende · Tofte Skov · DOF Nordjylland · Hans Christophersen · 10.234987528965997, 56.83916010417957 · 09:15
[sub-nordjylland] 2025-10-13 13:44:48 CEST · [sub] · 4 Stor Korsnæb · Rastende, derefter trækkende mod vest · Buttervej Industriområde, Skagen · DOF Nordjylland · Lars H. Mortensen · 10.561912, 57.739173
[sub-nordjylland] 2025-10-13 13:48:57 CEST · [sub] · 3 Kongeørn · Rastende · Tofte Skov · DOF Nordjylland · Hans Christophersen · 10.234987528965997, 56.83916010417957 · 09:15
[sub-nordjylland] 2025-10-13 20:01:50 CEST · [sub] · 7 Kongeørn · Overflyvende · Tofte Skov · DOF Nordjylland · Hans Christophersen · 10.234987528965997, 56.83916010417957 · 09:15
[sub-nordjylland] 2025-10-13 20:24:49 CEST · [sub] · 4 Kongeørn · Overflyvende · Tofte Mose, Lille Vildmose · DOF Nordjylland · Bjarne Golles · 10.180883584175369, 56.847652739299804
[sub-nordjylland] 2025-10-14 11:29:40 CEST · [sub] · 1 Kongeørn · Overflyvende · Manna Mose, Fuglesøerne · DOF Nordjylland · Karsten Haug · 9.841786544684687, 57.24349509896848 · 11:16
[sub-nordjylland] 2025-10-14 13:38:47 CEST · [sub] · 1 Hvidbrystet Præstekrave · Rastende · Frydenstrand, Frederikshavn · DOF Nordjylland · Jonas Morsing Thomasen · 10.547518730163574, 57.45312350211078 · 12:20-13:40
[sub-nordjylland] 2025-10-14 22:04:36 CEST · [sub] · 1 Kongeørn · Overflyvende · Høstemark Skov · DOF Nordjylland · Claus Quist Pedersen · 10.226800593610776, 56.93555441169125
[sub-nordjylland] 2025-10-15 09:48:24 CEST · [sub] · 1 Hvidbrystet Præstekrave · Rastende · Frydenstrand, Frederikshavn · DOF Nordjylland · Aase Jensen · 10.54772817105934, 57.4530353853641
[sub-nordjylland] 2025-10-15 14:00:59 CEST · [sub] · 1 Lapværling · Rastende · Ågårde · DOF Nordjylland · René Rørbæk · 10.163242220005488, 57.54294842641792
[sub-nordjylland] 2025-10-15 14:18:16 CEST · [sub] · 1 Toplærke · Fouragerende · Hirtshals · DOF Nordjylland · Morten Christensen · 9.964702447251948, 57.59026476518897
[sub-nordjylland] 2025-10-15 15:25:39 CEST · [sub] · 1 Kongeørn · Rastende · Ørnefenner · DOF Nordjylland · Einar Flensted-Jensen · 9.810755689966896, 57.22982826574781 · 11:30
[sub-nordjylland] 2025-10-15 17:57:30 CEST · [sub] · 1 Islom · Trækkende mod sydøst til rast · Grenen, Skagen · DOF Nordjylland · Skagen Fuglestation · 10.635593026549664, 57.74508971556111 · 09:18-09:53
[sub-nordjylland] 2025-10-15 18:21:18 CEST · [sub] · 1 Søkonge · Trækkende mod sydøst · Grenen, Skagen · DOF Nordjylland · Skagen Fuglestation · 10.635593026549664, 57.74508971556111 · 11:16-11:53
[sub-nordjylland] 2025-10-15 18:29:52 CEST · [sub] · 1 Rødstrubet Piber · Trækkende mod sydvest · Grenen, Skagen · DOF Nordjylland · Skagen Fuglestation · 10.635593026549664, 57.74508971556111 · 11:53-13:00
[sub-nordjylland] 2025-10-16 10:32:42 CEST · [sub] · 1 Hvidbrystet Præstekrave · Rastende · Frydenstrand, Frederikshavn · DOF Nordjylland · Aase Jensen · 10.54772817105934, 57.4530353853641
[sub-nordjylland] 2025-10-16 20:59:33 CEST · [sub] · 2 Kongeørn · Rastende · Portlandmosen, Lille Vildmose · DOF Nordjylland · Jens Kristian Kjærgård · 10.18440461853975, 56.910824896685185 · 15:40
[sub-nordjylland] 2025-10-17 08:46:10 CEST · [sub] · 1 Topskarv · Trækkende mod vest · Grenen, Skagen · DOF Nordjylland · Peter Thomasen · 10.635593026549664, 57.74508971556111 · 08:38-08:41
[sub-nordjylland] 2025-10-17 08:47:17 CEST · [sub] · 1 Sodfarvet Skråpe · Trækkende mod vest · Grenen, Skagen · DOF Nordjylland · Peter Thomasen · 10.635593026549664, 57.74508971556111 · 08:14
[sub-nordjylland] 2025-10-17 09:26:07 CEST · [sub] · 1 Hvidbrystet Præstekrave · Rastende · Frydenstrand, Frederikshavn · DOF Nordjylland · Aase Jensen · 10.54772817105934, 57.4530353853641
