[sub-kobenhavn] 2025-10-13 09:07:07 CEST · [sub] · 1 Rødhovedet And · Rastende · Utterslev Mose Del I (Vestmosen) · DOF København · Thomas Bundgaard Rasmussen · 12.498061, 55.713593
[sub-kobenhavn] 2025-10-13 11:29:19 CEST · [sub] · 1 Hvidbrynet Løvsanger · Rastende · Frederiksberg · DOF København · Stefan Stürup · 12.555382847786, 55.67604782173 · 08:15
[sub-kobenhavn] 2025-10-13 15:31:18 CEST · [sub] · 2 Sort Glente · Trækkende mod sydvest · Højerup, Stevns · DOF København · Georg Hoffmann · 12.44159781410613, 55.28110051456065 · 10:15-15:15
[sub-kobenhavn] 2025-10-13 19:56:05 CEST · [sub] · 8 Stor Korsnæb · Rastende · Vestskoven vest for Motorring 4 · DOF København · Peter Staarup Christensen · 12.341259434183582, 55.69608148252749 · 07:00-16:45
[sub-kobenhavn] 2025-10-13 19:56:05 CEST · [sub] · 2 Sort Glente · Trækkende mod sydvest · Stevns Fyr · DOF København · Mathias Daniel Holm · 12.451847416838493, 55.29064784005885 · 12:30-16:50
[sub-kobenhavn] 2025-10-13 19:56:05 CEST · [sub] · 1 Sort Glente · Trækkende mod sydvest · Ishøj Strand · DOF København · Mikael Blicher · 12.371196393347262, 55.601341178738664 · 14:22-14:23
[sub-kobenhavn] 2025-10-13 19:56:33 CEST · [sub] · 8 Stor Korsnæb · Rastende · Vestskoven vest for Motorring 4 · DOF København · Peter Staarup Christensen · 12.341259434183582, 55.69608148252749 · 07:00-16:45
[sub-kobenhavn] 2025-10-13 19:56:33 CEST · [sub] · 2 Sort Glente · Trækkende mod sydvest · Stevns Fyr · DOF København · Mathias Daniel Holm · 12.451847416838493, 55.29064784005885 · 12:30-16:50
[sub-kobenhavn] 2025-10-13 19:56:33 CEST · [sub] · 1 Sort Glente · Trækkende mod sydvest · Ishøj Strand · DOF København · Mikael Blicher · 12.371196393347262, 55.601341178738664 · 14:22-14:23
[sub-kobenhavn] 2025-10-13 20:31:09 CEST · [sub] · 3 Sort Glente · Trækkende mod sydvest · Højerup, Stevns · DOF København · Tim Andersen · 12.44159781410613, 55.28110051456065 · 13:51-14:34
[sub-kobenhavn] 2025-10-14 11:37:08 CEST · [sub] · 1 Hvidbrynet Løvsanger · Rastende · Frederiksberg · DOF København · Casper Herløv Eskildsen · 12.555529, 55.675624 · 11:12-11:20
[sub-kobenhavn] 2025-10-14 12:43:37 CEST · [sub] · 1 Hvidbrynet Løvsanger · Rastende · Skt. Jørgens Sø. S-del · DOF København · Lars Jørgensen · 12.557614035407248, 55.675889834143845 · 12:15
[sub-kobenhavn] 2025-10-14 14:09:07 CEST · [sub] · 1 Kongeørn · Trækkende mod sydvest · Højerup, Stevns · DOF København · Tim Andersen · 12.44159781410613, 55.28110051456065 · 12:58-13:01
[sub-kobenhavn] 2025-10-14 16:36:45 CEST · [sub] · 1 Kongeørn · Trækkende mod sydvest · Mandehoved · DOF København · Eigil Larsen · 12.447648373457419, 55.330491901685775 · 12:55-15:45
[sub-kobenhavn] 2025-10-14 20:35:42 CEST · [sub] · 1 Stor Korsnæb · Rastende · Vestskoven vest for Motorring 4 · DOF København · Peter Staarup Christensen · 12.341259434183582, 55.69608148252749 · 07:00-16:00
[sub-kobenhavn] 2025-10-15 13:26:39 CEST · [sub] · 1 Hvidbrynet Løvsanger · Rastende · Frederiksberg · DOF København · Juan Bosco Darimont · 12.555500371234698, 55.675580199810895 · 12:34-13:55
[sub-kobenhavn] 2025-10-15 15:23:29 CEST · [sub] · 1 Rødhovedet And · Rastende · Gentofte Sø & Brobæk Mose (Insulinmosen) · DOF København · Anne Lumholdt · 12.535195872187614, 55.743347023896575 · 13:15-15:00
[sub-kobenhavn] 2025-10-16 12:25:27 CEST · [sub] · 2 Stor Korsnæb · Trækkende mod nordvest · Kongelundsstranden (del 1-3) · DOF København · Rasmus Turin · 12.560059698768262, 55.55876252949869 · 09:50
[sub-kobenhavn] 2025-10-16 12:54:57 CEST · [sub] · 4 Stor Korsnæb · Trækkende mod sydvest · Vallensbæk og Ishøj Strandenge · DOF København · Tim Andersen · 12.377305978750083, 55.61273555294781 · 11:06
[sub-kobenhavn] 2025-10-16 13:15:32 CEST · [sub] · 1 Rødhovedet And · Rastende · Gentofte Sø & Brobæk Mose (Insulinmosen) · DOF København · Niels Klausen · 12.534044488140161, 55.74856564717575 · 13:12
[sub-kobenhavn] 2025-10-16 20:00:50 CEST · [sub] · 2 Stor Korsnæb · Rastende · Vestskoven vest for Motorring 4 · DOF København · Peter Staarup Christensen · 12.341259434183582, 55.69608148252749 · 07:10-15:00
[sub-kobenhavn] 2025-10-17 17:09:54 CEST · [sub] · 1 Stor Korsnæb · Trækkende mod nordvest · Smør- og Fedtmosen · DOF København · Frank Desting · 12.438755035400392, 55.756920944680644 · 12:12-15:35
[sub-kobenhavn] 2025-10-17 17:09:54 CEST · [sub] · 1 Rødhovedet And · Rastende · Gentofte Sø & Brobæk Mose (Insulinmosen) · DOF København · Søren Rostock · 12.534044488140161, 55.74856564717575 · 14:00-15:30
[sub-kobenhavn] 2025-10-17 21:54:52 CEST · [sub] · 5 Stor Korsnæb · Rastende · Vestskoven vest for Motorring 4 · DOF København · Peter Staarup Christensen · 12.341259434183582, 55.69608148252749 · 07:10-13:00
[sub-kobenhavn] 2025-10-18 09:06:25 CEST · [sub] · 1 Gransanger, Sibirisk (ssp. tristis) · Rastende · Kyndeløse Sydmark (Åhuse) · DOF København · Casper Sylvester Jensen · 11.851840056024766, 55.704035016826055 · 08:56-09:00
