[sub-ostjylland] 2025-10-15 10:38:08 CEST · [sub] · 1 Lapværling · Trækkende mod syd · Lille & Store Sandvig · DOF Østjylland · Kent Olsen · 10.952855555090931, 56.45100555494972 · 10:34
[sub-ostjylland] 2025-10-17 17:10:30 CEST · [sub] · 1 Stor Korsnæb · Fouragerende · Ålsrode Kær · DOF Østjylland · Emil Skovgaard Brandtoft · 10.894326608260107, 56.332647774395866
[sub-ostjylland] 2025-10-18 14:44:29 CEST · [sub] · 1 Nøddekrige · Rastende · Vrads Sande · DOF Østjylland · Hans Knakkergaard · 9.447298049926758, 56.050255856845695 · 14:43
[sub-ostjylland] 2025-10-18 20:35:06 CEST · [sub] · 0 Gransanger, Sibirisk (ssp. tristis) · Rastende · Gjerrild Nordstrand øst, Knudshoved · DOF Østjylland · Jørgen Staarup Christensen · 10.82412470101604, 56.53158580574126
[sub-ostjylland] 2025-10-20 00:39:27 CEST · [sub] · 2 Bjergpiber · Trækkende · Gellerupparken Toveshøj · DOF Østjylland · Christian Vemmelund Helligsø · 10.136546771449865, 56.158903617777895
[sub-ostjylland] 2025-10-20 00:50:34 CEST · [sub] · 3 Bjergpiber · Trækkende · Gellerupparken Toveshøj · DOF Østjylland · Christian Vemmelund Helligsø · 10.136546771449865, 56.158903617777895
[sub-ostjylland] 2025-10-20 00:51:54 CEST · [sub] · 4 Bjergpiber · Trækkende · Gellerupparken Toveshøj · DOF Østjylland · Christian Vemmelund Helligsø · 10.136546771449865, 56.158903617777895
[sub-ostjylland] 2025-10-20 00:58:50 CEST · [sub] · 5 Bjergpiber · Trækkende · Gellerupparken Toveshøj · DOF Østjylland · Christian Vemmelund Helligsø · 10.136546771449865, 56.158903617777895
[sub-ostjylland] 2025-10-20 01:07:10 CEST · [sub] · 6 Bjergpiber · Trækkende · Gellerupparken Toveshøj · DOF Østjylland · Christian Vemmelund Helligsø · 10.136546771449865, 56.158903617777895
[sub-ostjylland] 2025-10-20 01:08:20 CEST · [sub] · 7 Bjergpiber · Trækkende · Gellerupparken Toveshøj · DOF Østjylland · Christian Vemmelund Helligsø · 10.136546771449865, 56.158903617777895
[sub-ostjylland] 2025-10-20 01:09:25 CEST · [sub] · 8 Bjergpiber · Trækkende · Gellerupparken Toveshøj · DOF Østjylland · Christian Vemmelund Helligsø · 10.136546771449865, 56.158903617777895
[sub-ostjylland] 2025-10-20 01:13:42 CEST · [sub] · 9 Bjergpiber · Trækkende · Gellerupparken Toveshøj · DOF Østjylland · Christian Vemmelund Helligsø · 10.136546771449865, 56.158903617777895
[sub-ostjylland] 2025-10-20 01:14:44 CEST · [sub] · 10 Bjergpiber · Trækkende · Gellerupparken Toveshøj · DOF Østjylland · Christian Vemmelund Helligsø · 10.136546771449865, 56.158903617777895
[sub-ostjylland] 2025-10-20 01:18:04 CEST · [sub] · 1 Kongeørn · Overflyvende · Gellerupparken Toveshøj · DOF Østjylland · Christian Vemmelund Helligsø · 10.136546771449865, 56.158903617777895
[sub-ostjylland] 2025-10-20 01:27:00 CEST · [sub] · 11 Bjergpiber · Trækkende · Gellerupparken Toveshøj · DOF Østjylland · Christian Vemmelund Helligsø · 10.136546771449865, 56.158903617777895
[sub-ostjylland] 2025-10-20 01:34:46 CEST · [sub] · 12 Bjergpiber · Trækkende · Gellerupparken Toveshøj · DOF Østjylland · Christian Vemmelund Helligsø · 10.136546771449865, 56.158903617777895
[sub-ostjylland] 2025-10-20 01:35:49 CEST · [sub] · 13 Bjergpiber · Trækkende · Gellerupparken Toveshøj · DOF Østjylland · Christian Vemmelund Helligsø · 10.136546771449865, 56.158903617777895
[sub-ostjylland] 2025-10-20 01:37:52 CEST · [sub] · 14 Bjergpiber · Trækkende · Gellerupparken Toveshøj · DOF Østjylland · Christian Vemmelund Helligsø · 10.136546771449865, 56.158903617777895
[sub-ostjylland] 2025-10-20 01:39:34 CEST · [sub] · 15 Bjergpiber · Trækkende · Gellerupparken Toveshøj · DOF Østjylland · Christian Vemmelund Helligsø · 10.136546771449865, 56.158903617777895
[sub-ostjylland] 2025-10-20 01:42:18 CEST · [sub] · 2 Kongeørn · Overflyvende · Gellerupparken Toveshøj · DOF Østjylland · Christian Vemmelund Helligsø · 10.136546771449865, 56.158903617777895
[sub-ostjylland] 2025-10-20 01:44:21 CEST · [sub] · 16 Bjergpiber · Trækkende · Gellerupparken Toveshøj · DOF Østjylland · Christian Vemmelund Helligsø · 10.136546771449865, 56.158903617777895
[sub-ostjylland] 2025-10-20 01:47:23 CEST · [sub] · 17 Bjergpiber · Trækkende · Gellerupparken Toveshøj · DOF Østjylland · Christian Vemmelund Helligsø · 10.136546771449865, 56.158903617777895
