[alm-nordvestjylland] 2025-10-13 05:25:41 CEST · [alm] · 1 Vindrossel · Overflyvende · Frederiks · DOF Nordvestjylland · Casper Pedersen · 9.252077952024134, 56.34056383074744
[alm-nordvestjylland] 2025-10-13 08:55:05 CEST · [alm] · 37 Lille Korsnæb · Trækkende mod syd · Hanstholm Fyrhaver · DOF Nordvestjylland · Jens Jørgen Andersen · 8.600718646377892, 57.11123547611382 · 07:30
[alm-nordvestjylland] 2025-10-13 08:56:50 CEST · [alm] · 43 Lille Korsnæb · Trækkende mod syd · Hanstholm Fyrhaver · DOF Nordvestjylland · Jens Jørgen Andersen · 8.600718646377892, 57.11123547611382 · 07:30
[alm-nordvestjylland] 2025-10-13 10:31:48 CEST · [alm] · 6 Bogfinke · Rastende · Thisted ved Viborg · DOF Nordvestjylland · Lars Mogensen · 9.512930257214112, 56.45538032810765 · 10:24-10:29
[alm-nordvestjylland] 2025-10-13 10:31:48 CEST · [alm] · 2 Rødhals · Rastende · Thisted ved Viborg · DOF Nordvestjylland · Lars Mogensen · 9.512930257214112, 56.45538032810765 · 10:24-10:29
[alm-nordvestjylland] 2025-10-13 10:31:48 CEST · [alm] · 7 Knopsvane · Rastende · Thisted ved Viborg · DOF Nordvestjylland · Lars Mogensen · 9.512930257214112, 56.45538032810765 · 10:24-10:29
[alm-nordvestjylland] 2025-10-13 10:31:48 CEST · [alm] · 2 Dobbeltbekkasin · Rastende · Thisted ved Viborg · DOF Nordvestjylland · Lars Mogensen · 9.512930257214112, 56.45538032810765 · 10:24-10:29
[alm-nordvestjylland] 2025-10-13 10:31:48 CEST · [alm] · 1 Dompap · Rastende · Thisted ved Viborg · DOF Nordvestjylland · Lars Mogensen · 9.512930257214112, 56.45538032810765 · 10:24-10:29
[alm-nordvestjylland] 2025-10-13 10:31:48 CEST · [alm] · 1 Stor Flagspætte · Rastende · Thisted ved Viborg · DOF Nordvestjylland · Lars Mogensen · 9.512930257214112, 56.45538032810765 · 10:24-10:29
[alm-nordvestjylland] 2025-10-13 10:31:48 CEST · [alm] · 1 Gulspurv · Rastende · Thisted ved Viborg · DOF Nordvestjylland · Lars Mogensen · 9.512930257214112, 56.45538032810765 · 10:24-10:29
[alm-nordvestjylland] 2025-10-13 10:31:48 CEST · [alm] · 1 Blåmejse · Rastende · Thisted ved Viborg · DOF Nordvestjylland · Lars Mogensen · 9.512930257214112, 56.45538032810765 · 10:24-10:29
[alm-nordvestjylland] 2025-10-13 10:31:48 CEST · [alm] · 1 Gærdesmutte · Rastende · Thisted ved Viborg · DOF Nordvestjylland · Lars Mogensen · 9.512930257214112, 56.45538032810765 · 10:24-10:29
[alm-nordvestjylland] 2025-10-13 10:31:48 CEST · [alm] · 1 Fiskehejre · Rastende · Thisted ved Viborg · DOF Nordvestjylland · Lars Mogensen · 9.512930257214112, 56.45538032810765 · 10:24-10:29
[alm-nordvestjylland] 2025-10-13 10:31:48 CEST · [alm] · 2 Gråand · Rastende · Thisted ved Viborg · DOF Nordvestjylland · Lars Mogensen · 9.512930257214112, 56.45538032810765 · 10:24-10:29
[alm-nordvestjylland] 2025-10-13 10:31:48 CEST · [alm] · 9 Grågås · Rastende · Thisted ved Viborg · DOF Nordvestjylland · Lars Mogensen · 9.512930257214112, 56.45538032810765 · 10:24-10:29
[alm-nordvestjylland] 2025-10-13 10:31:48 CEST · [alm] · 3 Solsort · Rastende · Thisted ved Viborg · DOF Nordvestjylland · Lars Mogensen · 9.512930257214112, 56.45538032810765 · 10:24-10:29
[alm-nordvestjylland] 2025-10-13 10:31:48 CEST · [alm] · 1 Jernspurv · Rastende · Thisted ved Viborg · DOF Nordvestjylland · Lars Mogensen · 9.512930257214112, 56.45538032810765 · 10:24-10:29
[alm-nordvestjylland] 2025-10-13 10:31:48 CEST · [alm] · 2 Rørspurv · Rastende · Thisted ved Viborg · DOF Nordvestjylland · Lars Mogensen · 9.512930257214112, 56.45538032810765 · 10:24-10:29
[alm-nordvestjylland] 2025-10-13 11:20:51 CEST · [alm] · 1 Dompap · Overflyvende · Draget · DOF Nordvestjylland · Helge Røjle Christensen · 8.389603593627218, 56.67552722141443 · 11:13-11:18
[alm-nordvestjylland] 2025-10-13 11:20:51 CEST · [alm] · 12 Hættemåge · Rastende · Draget · DOF Nordvestjylland · Helge Røjle Christensen · 8.389603593627218, 56.67552722141443 · 11:13-11:18
[alm-nordvestjylland] 2025-10-13 11:20:51 CEST · [alm] · 16 Blåmejse · Overflyvende · Draget · DOF Nordvestjylland · Helge Røjle Christensen · 8.389603593627218, 56.67552722141443 · 11:13-11:18
[alm-nordvestjylland] 2025-10-13 11:20:51 CEST · [alm] · 1 Bogfinke · Rastende · Draget · DOF Nordvestjylland · Helge Røjle Christensen · 8.389603593627218, 56.67552722141443 · 11:13-11:18
[alm-nordvestjylland] 2025-10-13 11:20:51 CEST · [alm] · 2 Musvit · Rastende · Draget · DOF Nordvestjylland · Helge Røjle Christensen · 8.389603593627218, 56.67552722141443 · 11:13-11:18
[alm-nordvestjylland] 2025-10-13 11:20:51 CEST · [alm] · 2 Grønsisken · Overflyvende · Draget · DOF Nordvestjylland · Helge Røjle Christensen · 8.389603593627218, 56.67552722141443 · 11:13-11:18
[alm-nordvestjylland] 2025-10-13 11:20:51 CEST · [alm] · 2 Sanglærke · Overflyvende · Draget · DOF Nordvestjylland · Helge Røjle Christensen · 8.389603593627218, 56.67552722141443 · 11:13-11:18
[alm-nordvestjylland] 2025-10-13 11:20:51 CEST · [alm] · 8 Toppet Skallesluger · Rastende · Draget · DOF Nordvestjylland · Helge Røjle Christensen · 8.389603593627218, 56.67552722141443 · 11:13-11:18
[alm-nordvestjylland] 2025-10-13 11:20:51 CEST · [alm] · 4 Bramgås · Fouragerende · Skærbæk, Sejerslev, nø. Mors · DOF Nordvestjylland · Morten Borup · 8.836759616110639, 56.9266603616183 · 11:14
[alm-nordvestjylland] 2025-10-13 11:20:51 CEST · [alm] · 24 Kortnæbbet Gås · Fouragerende · Skærbæk, Sejerslev, nø. Mors · DOF Nordvestjylland · Morten Borup · 8.836759616110639, 56.9266603616183 · 11:14
[alm-nordvestjylland] 2025-10-13 11:20:51 CEST · [alm] · 40 Toppet Skallesluger · Rastende · Skærbæk, Sejerslev, nø. Mors · DOF Nordvestjylland · Morten Borup · 8.836759616110639, 56.9266603616183 · 11:14
[alm-nordvestjylland] 2025-10-13 11:20:51 CEST · [alm] · 120 Hvinand · Rastende · Skærbæk, Sejerslev, nø. Mors · DOF Nordvestjylland · Morten Borup · 8.836759616110639, 56.9266603616183 · 11:14
[alm-nordvestjylland] 2025-10-13 12:16:34 CEST · [alm] · 1 Stor Flagspætte · Rastende · Skive by · DOF Nordvestjylland · Sebastian Dreisig · 9.029929899623106, 56.57197305030388
[alm-nordvestjylland] 2025-10-13 12:16:34 CEST · [alm] · 2 Skovspurv · Rastende · Skive by · DOF Nordvestjylland · Sebastian Dreisig · 9.029929899623106, 56.57197305030388
[alm-nordvestjylland] 2025-10-13 13:17:53 CEST · [alm] · 4 Skovspurv · Rastende · Skive by · DOF Nordvestjylland · Sebastian Dreisig · 9.029929899623106, 56.57197305030388
[alm-nordvestjylland] 2025-10-13 13:17:53 CEST · [alm] · 1 Solsort · Rastende · Skive by · DOF Nordvestjylland · Sebastian Dreisig · 9.029929899623106, 56.57197305030388
[alm-nordvestjylland] 2025-10-13 13:17:53 CEST · [alm] · 1 Rødhals · Rastende · Skive by · DOF Nordvestjylland · Sebastian Dreisig · 9.029929899623106, 56.57197305030388
[alm-nordvestjylland] 2025-10-13 13:22:03 CEST · [alm] · 1 Blåmejse · Rastende · Skive by · DOF Nordvestjylland · Sebastian Dreisig · 9.029929899623106, 56.57197305030388
[alm-nordvestjylland] 2025-10-13 13:42:26 CEST · [alm] · 9 Halemejse · Fanget og ringmærket · Hanstholm Fyrhaver · DOF Nordvestjylland · Jens Jørgen Andersen · 8.600718646377892, 57.11123547611382 · 07:30-12:30
[alm-nordvestjylland] 2025-10-13 13:42:26 CEST · [alm] · 61 Fuglekonge · Fanget og ringmærket · Hanstholm Fyrhaver · DOF Nordvestjylland · Jens Jørgen Andersen · 8.600718646377892, 57.11123547611382 · 07:30-12:30
[alm-nordvestjylland] 2025-10-13 13:42:26 CEST · [alm] · 1 Træløber · Fanget og ringmærket · Hanstholm Fyrhaver · DOF Nordvestjylland · Jens Jørgen Andersen · 8.600718646377892, 57.11123547611382 · 07:30-12:30
[alm-nordvestjylland] 2025-10-13 13:44:39 CEST · [alm] · 3 Blåmejse · Fanget og ringmærket · Hanstholm Fyrhaver · DOF Nordvestjylland · Jens Jørgen Andersen · 8.600718646377892, 57.11123547611382 · 07:30-12:30
[alm-nordvestjylland] 2025-10-13 13:44:39 CEST · [alm] · 6 Sortmejse · Fanget og ringmærket · Hanstholm Fyrhaver · DOF Nordvestjylland · Jens Jørgen Andersen · 8.600718646377892, 57.11123547611382 · 07:30-12:30
[alm-nordvestjylland] 2025-10-13 13:44:39 CEST · [alm] · 3 Jernspurv · Fanget og ringmærket · Hanstholm Fyrhaver · DOF Nordvestjylland · Jens Jørgen Andersen · 8.600718646377892, 57.11123547611382 · 07:30-12:30
[alm-nordvestjylland] 2025-10-13 13:46:35 CEST · [alm] · 8 Rødhals · Fanget og ringmærket · Hanstholm Fyrhaver · DOF Nordvestjylland · Jens Jørgen Andersen · 8.600718646377892, 57.11123547611382 · 07:30-12:30
[alm-nordvestjylland] 2025-10-13 13:46:35 CEST · [alm] · 10 Gærdesmutte · Fanget og ringmærket · Hanstholm Fyrhaver · DOF Nordvestjylland · Jens Jørgen Andersen · 8.600718646377892, 57.11123547611382 · 07:30-12:30
[alm-nordvestjylland] 2025-10-13 13:46:35 CEST · [alm] · 1 Gransanger · Fanget og ringmærket · Hanstholm Fyrhaver · DOF Nordvestjylland · Jens Jørgen Andersen · 8.600718646377892, 57.11123547611382 · 07:30-12:30
[alm-nordvestjylland] 2025-10-13 13:46:35 CEST · [alm] · 2 Bogfinke · Fanget og ringmærket · Hanstholm Fyrhaver · DOF Nordvestjylland · Jens Jørgen Andersen · 8.600718646377892, 57.11123547611382 · 07:30-12:30
[alm-nordvestjylland] 2025-10-13 13:46:35 CEST · [alm] · 6 Munk · Fanget og ringmærket · Hanstholm Fyrhaver · DOF Nordvestjylland · Jens Jørgen Andersen · 8.600718646377892, 57.11123547611382 · 07:30-12:30
[alm-nordvestjylland] 2025-10-13 13:48:48 CEST · [alm] · 3 Musvit · Fanget og ringmærket · Hanstholm Fyrhaver · DOF Nordvestjylland · Jens Jørgen Andersen · 8.600718646377892, 57.11123547611382 · 07:30-12:30
[alm-nordvestjylland] 2025-10-13 13:48:48 CEST · [alm] · 1 Dompap · Fanget og ringmærket · Hanstholm Fyrhaver · DOF Nordvestjylland · Jens Jørgen Andersen · 8.600718646377892, 57.11123547611382 · 07:30-12:30
[alm-nordvestjylland] 2025-10-13 13:48:48 CEST · [alm] · 2 Sjagger · Trækkende · Hanstholm Fyrhaver · DOF Nordvestjylland · Jens Jørgen Andersen · 8.600718646377892, 57.11123547611382 · 07:30-12:30
[alm-nordvestjylland] 2025-10-13 13:51:01 CEST · [alm] · 4 Lomvie · Rastende · Hanstholm Havn og havet ud for · DOF Nordvestjylland · Morten Borup · 8.598515921875176, 57.12254754008413 · 13:45
[alm-nordvestjylland] 2025-10-13 13:51:01 CEST · [alm] · 2 Rødstrubet Lom · Rastende · Hanstholm Havn og havet ud for · DOF Nordvestjylland · Morten Borup · 8.598515921875176, 57.12254754008413 · 13:45
[alm-nordvestjylland] 2025-10-13 13:58:01 CEST · [alm] · 9 Rødstrubet Lom · Rastende · Hanstholm Havn og havet ud for · DOF Nordvestjylland · Morten Borup · 8.598515921875176, 57.12254754008413 · 13:45
[alm-nordvestjylland] 2025-10-13 13:58:01 CEST · [alm] · 1 Sule · Rastende · Hanstholm Havn og havet ud for · DOF Nordvestjylland · Morten Borup · 8.598515921875176, 57.12254754008413 · 13:45
[alm-nordvestjylland] 2025-10-13 13:58:01 CEST · [alm] · 12 Vindrossel · Fouragerende · Simested Ådal, Skive/Hobrovej - Boruphedevej · DOF Nordvestjylland · Anni Oppelstrup · 9.427756416214356, 56.60482389161615 · 13:51
[alm-nordvestjylland] 2025-10-13 13:58:01 CEST · [alm] · 4 Solsort · Fouragerende · Simested Ådal, Skive/Hobrovej - Boruphedevej · DOF Nordvestjylland · Anni Oppelstrup · 9.427756416214356, 56.60482389161615 · 13:51
[alm-nordvestjylland] 2025-10-13 14:00:05 CEST · [alm] · 2 Spætmejse · Fouragerende · Simested Ådal, Skive/Hobrovej - Boruphedevej · DOF Nordvestjylland · Anni Oppelstrup · 9.427756416214356, 56.60482389161615
[alm-nordvestjylland] 2025-10-13 14:06:18 CEST · [alm] · 1 Spurvehøg · Fouragerende · Hanstholm Havn og havet ud for · DOF Nordvestjylland · Morten Borup · 8.598515921875176, 57.12254754008413 · 13:45
[alm-nordvestjylland] 2025-10-13 14:06:18 CEST · [alm] · 2 Skærpiber · Rastende · Hanstholm Havn og havet ud for · DOF Nordvestjylland · Morten Borup · 8.598515921875176, 57.12254754008413 · 13:45
[alm-nordvestjylland] 2025-10-13 14:08:31 CEST · [alm] · 1 Tejst · Rastende · Hanstholm Havn og havet ud for · DOF Nordvestjylland · Morten Borup · 8.598515921875176, 57.12254754008413 · 13:45
[alm-nordvestjylland] 2025-10-13 14:13:06 CEST · [alm] · 2 Ederfugl · Rastende · Hanstholm Havn og havet ud for · DOF Nordvestjylland · Morten Borup · 8.598515921875176, 57.12254754008413 · 13:45
[alm-nordvestjylland] 2025-10-13 14:38:24 CEST · [alm] · 2 Dompap · Rastende · Hanstholm Fyrhaver · DOF Nordvestjylland · Morten Borup · 8.600718646377892, 57.11123547611382 · 14:35
[alm-nordvestjylland] 2025-10-13 14:38:24 CEST · [alm] · 2 Topmejse · Fouragerende · Hanstholm Fyrhaver · DOF Nordvestjylland · Morten Borup · 8.600718646377892, 57.11123547611382 · 14:35
[alm-nordvestjylland] 2025-10-13 15:09:44 CEST · [alm] · 5 Solsort · Rastende · Hanstholm Fyrhaver · DOF Nordvestjylland · Morten Borup · 8.600718646377892, 57.11123547611382 · 14:35
[alm-nordvestjylland] 2025-10-13 15:09:44 CEST · [alm] · 4 Husskade · Rastende · Hanstholm Fyrhaver · DOF Nordvestjylland · Morten Borup · 8.600718646377892, 57.11123547611382 · 14:35
[alm-nordvestjylland] 2025-10-13 15:29:48 CEST · [alm] · 3 Sorthovedet Måge · Fouragerende · Roshage og havet ud for · DOF Nordvestjylland · Morten Borup · 8.619291822532995, 57.12588227663005 · 15:18
[alm-nordvestjylland] 2025-10-13 15:29:48 CEST · [alm] · 1 Hjejle · Rastende · Roshage og havet ud for · DOF Nordvestjylland · Morten Borup · 8.619291822532995, 57.12588227663005 · 15:18
[alm-nordvestjylland] 2025-10-13 15:29:48 CEST · [alm] · 6 Stenvender · Fouragerende · Roshage og havet ud for · DOF Nordvestjylland · Morten Borup · 8.619291822532995, 57.12588227663005 · 15:18
[alm-nordvestjylland] 2025-10-13 15:29:48 CEST · [alm] · 2 Skærpiber · Rastende · Roshage og havet ud for · DOF Nordvestjylland · Morten Borup · 8.619291822532995, 57.12588227663005 · 15:18
[alm-nordvestjylland] 2025-10-13 20:01:17 CEST · [alm] · 60 Vindrossel · Fouragerende · Sillerslev · DOF Nordvestjylland · Karenmarie Simonsen · 8.749768305569889, 56.686531938242545
[alm-nordvestjylland] 2025-10-13 20:01:17 CEST · [alm] · 5 Sortklire · Rastende · Østerild Fjord · DOF Nordvestjylland · Karenmarie Simonsen · 8.869852766418353, 57.010210205130164
[alm-nordvestjylland] 2025-10-13 20:01:17 CEST · [alm] · 90 Stillits · Fouragerende · Nytorp · DOF Nordvestjylland · Karenmarie Simonsen · 8.640891059538715, 57.10256219485777
[alm-nordvestjylland] 2025-10-13 20:01:17 CEST · [alm] · 4 Halemejse · Rastende · Fly · DOF Nordvestjylland · Valdemar Juul · 9.010702820952984, 56.49238545533507
[alm-nordvestjylland] 2025-10-13 20:01:17 CEST · [alm] · 250 Skarv · Rastende · Agger Tange, småsøer i sydende · DOF Nordvestjylland · Georg Guldvang · 8.244768881331046, 56.71442075030782
[alm-nordvestjylland] 2025-10-13 20:01:17 CEST · [alm] · 6 Fiskehejre · Rastende · Agger Tange, småsøer i sydende · DOF Nordvestjylland · Georg Guldvang · 8.244768881331046, 56.71442075030782
[alm-nordvestjylland] 2025-10-13 20:01:17 CEST · [alm] · 4 Knopsvane · Rastende · Agger Tange, småsøer i sydende · DOF Nordvestjylland · Georg Guldvang · 8.244768881331046, 56.71442075030782
[alm-nordvestjylland] 2025-10-13 20:01:17 CEST · [alm] · 25 Gråand · Rastende · Agger Tange, småsøer i sydende · DOF Nordvestjylland · Georg Guldvang · 8.244768881331046, 56.71442075030782
[alm-nordvestjylland] 2025-10-13 20:01:17 CEST · [alm] · 20 Krikand · Rastende · Agger Tange, småsøer i sydende · DOF Nordvestjylland · Georg Guldvang · 8.244768881331046, 56.71442075030782
[alm-nordvestjylland] 2025-10-13 20:01:17 CEST · [alm] · 35 Pibeand · Rastende · Agger Tange, småsøer i sydende · DOF Nordvestjylland · Georg Guldvang · 8.244768881331046, 56.71442075030782
[alm-nordvestjylland] 2025-10-13 20:01:17 CEST · [alm] · 15 Ederfugl · Rastende · Agger Tange, småsøer i sydende · DOF Nordvestjylland · Georg Guldvang · 8.244768881331046, 56.71442075030782
[alm-nordvestjylland] 2025-10-13 20:01:17 CEST · [alm] · 4 Toppet Skallesluger · Rastende · Agger Tange, småsøer i sydende · DOF Nordvestjylland · Georg Guldvang · 8.244768881331046, 56.71442075030782
[alm-nordvestjylland] 2025-10-13 20:01:17 CEST · [alm] · 2 Troldand · Rastende · Agger Tange, småsøer i sydende · DOF Nordvestjylland · Georg Guldvang · 8.244768881331046, 56.71442075030782
[alm-nordvestjylland] 2025-10-13 20:01:17 CEST · [alm] · 2 Musvåge · Rastende · Agger Tange, småsøer i sydende · DOF Nordvestjylland · Georg Guldvang · 8.244768881331046, 56.71442075030782
[alm-nordvestjylland] 2025-10-13 20:01:17 CEST · [alm] · 1 Havørn · Rastende · Agger Tange, småsøer i sydende · DOF Nordvestjylland · Georg Guldvang · 8.244768881331046, 56.71442075030782
[alm-nordvestjylland] 2025-10-13 20:01:17 CEST · [alm] · 1 Spurvehøg · Rastende · Agger Tange, småsøer i sydende · DOF Nordvestjylland · Georg Guldvang · 8.244768881331046, 56.71442075030782
[alm-nordvestjylland] 2025-10-13 20:01:17 CEST · [alm] · 4 Tårnfalk · Rastende · Agger Tange, småsøer i sydende · DOF Nordvestjylland · Georg Guldvang · 8.244768881331046, 56.71442075030782
[alm-nordvestjylland] 2025-10-13 20:01:17 CEST · [alm] · 1 Fasan · Rastende · Agger Tange, småsøer i sydende · DOF Nordvestjylland · Georg Guldvang · 8.244768881331046, 56.71442075030782
[alm-nordvestjylland] 2025-10-13 20:01:17 CEST · [alm] · 2 Strandskade · Rastende · Agger Tange, småsøer i sydende · DOF Nordvestjylland · Georg Guldvang · 8.220777511596681, 56.69847410813164
[alm-nordvestjylland] 2025-10-13 20:01:17 CEST · [alm] · 14 Vibe · Rastende · Agger Tange, småsøer i sydende · DOF Nordvestjylland · Georg Guldvang · 8.244768881331046, 56.71442075030782
[alm-nordvestjylland] 2025-10-13 20:01:17 CEST · [alm] · 2 Stor Præstekrave · Rastende · Agger Tange, småsøer i sydende · DOF Nordvestjylland · Georg Guldvang · 8.244768881331046, 56.71442075030782
[alm-nordvestjylland] 2025-10-13 20:01:17 CEST · [alm] · 8 Dobbeltbekkasin · Rastende · Agger Tange, småsøer i sydende · DOF Nordvestjylland · Georg Guldvang · 8.244768881331046, 56.71442075030782
[alm-nordvestjylland] 2025-10-13 20:01:17 CEST · [alm] · 25 Storspove · Rastende · Agger Tange, småsøer i sydende · DOF Nordvestjylland · Georg Guldvang · 8.244768881331046, 56.71442075030782
[alm-nordvestjylland] 2025-10-13 20:01:17 CEST · [alm] · 20 Lille Kobbersneppe · Rastende · Agger Tange, småsøer i sydende · DOF Nordvestjylland · Georg Guldvang · 8.244768881331046, 56.71442075030782
[alm-nordvestjylland] 2025-10-13 20:01:17 CEST · [alm] · 15 Rødben · Rastende · Agger Tange, småsøer i sydende · DOF Nordvestjylland · Georg Guldvang · 8.244768881331046, 56.71442075030782
[alm-nordvestjylland] 2025-10-13 20:01:17 CEST · [alm] · 10 Almindelig Ryle · Rastende · Agger Tange, småsøer i sydende · DOF Nordvestjylland · Georg Guldvang · 8.244768881331046, 56.71442075030782
[alm-nordvestjylland] 2025-10-13 20:01:17 CEST · [alm] · 4 Svartbag · Rastende · Agger Tange, småsøer i sydende · DOF Nordvestjylland · Georg Guldvang · 8.244768881331046, 56.71442075030782
[alm-nordvestjylland] 2025-10-13 20:01:17 CEST · [alm] · 30 Sølvmåge · Rastende · Agger Tange, småsøer i sydende · DOF Nordvestjylland · Georg Guldvang · 8.244768881331046, 56.71442075030782
[alm-nordvestjylland] 2025-10-13 20:01:17 CEST · [alm] · 30 Stormmåge · Rastende · Agger Tange, småsøer i sydende · DOF Nordvestjylland · Georg Guldvang · 8.244768881331046, 56.71442075030782
[alm-nordvestjylland] 2025-10-13 20:01:17 CEST · [alm] · 50 Hættemåge · Rastende · Agger Tange, småsøer i sydende · DOF Nordvestjylland · Georg Guldvang · 8.244768881331046, 56.71442075030782
[alm-nordvestjylland] 2025-10-13 20:01:17 CEST · [alm] · 6 Ringdue · Rastende · Agger Tange, småsøer i sydende · DOF Nordvestjylland · Georg Guldvang · 8.244768881331046, 56.71442075030782
[alm-nordvestjylland] 2025-10-13 20:01:17 CEST · [alm] · 15 Krage · Rastende · Agger Tange, småsøer i sydende · DOF Nordvestjylland · Georg Guldvang · 8.244768881331046, 56.71442075030782
[alm-nordvestjylland] 2025-10-13 20:01:17 CEST · [alm] · 4 Råge · Rastende · Agger Tange, småsøer i sydende · DOF Nordvestjylland · Georg Guldvang · 8.244768881331046, 56.71442075030782
[alm-nordvestjylland] 2025-10-13 20:01:17 CEST · [alm] · 15 Allike · Rastende · Agger Tange, småsøer i sydende · DOF Nordvestjylland · Georg Guldvang · 8.244768881331046, 56.71442075030782
[alm-nordvestjylland] 2025-10-13 20:01:17 CEST · [alm] · 3 Husskade · Rastende · Agger Tange, småsøer i sydende · DOF Nordvestjylland · Georg Guldvang · 8.244768881331046, 56.71442075030782
[alm-nordvestjylland] 2025-10-13 20:01:17 CEST · [alm] · 2 Blåmejse · Rastende · Agger Tange, småsøer i sydende · DOF Nordvestjylland · Georg Guldvang · 8.244768881331046, 56.71442075030782
[alm-nordvestjylland] 2025-10-13 20:01:17 CEST · [alm] · 15 Vindrossel · Rastende · Agger Tange, småsøer i sydende · DOF Nordvestjylland · Georg Guldvang · 8.244768881331046, 56.71442075030782
[alm-nordvestjylland] 2025-10-13 20:01:17 CEST · [alm] · 2 Fuglekonge · Rastende · Agger Tange, småsøer i sydende · DOF Nordvestjylland · Georg Guldvang · 8.244768881331046, 56.71442075030782
[alm-nordvestjylland] 2025-10-13 20:01:17 CEST · [alm] · 30 Stær · Rastende · Agger Tange, småsøer i sydende · DOF Nordvestjylland · Georg Guldvang · 8.244768881331046, 56.71442075030782
[alm-nordvestjylland] 2025-10-13 20:01:17 CEST · [alm] · 1 Stenpikker · Rastende · Agger Tange, småsøer i sydende · DOF Nordvestjylland · Georg Guldvang · 8.244768881331046, 56.71442075030782
[alm-nordvestjylland] 2025-10-13 20:01:17 CEST · [alm] · 3 Grønirisk · Rastende · Agger Tange, småsøer i sydende · DOF Nordvestjylland · Georg Guldvang · 8.244768881331046, 56.71442075030782
[alm-nordvestjylland] 2025-10-13 20:01:17 CEST · [alm] · 3 Stillits · Rastende · Agger Tange, småsøer i sydende · DOF Nordvestjylland · Georg Guldvang · 8.244768881331046, 56.71442075030782
[alm-nordvestjylland] 2025-10-13 20:01:17 CEST · [alm] · 4 Tornirisk · Rastende · Agger Tange, småsøer i sydende · DOF Nordvestjylland · Georg Guldvang · 8.244768881331046, 56.71442075030782
[alm-nordvestjylland] 2025-10-13 20:01:17 CEST · [alm] · 2 Rørspurv · Rastende · Agger Tange, småsøer i sydende · DOF Nordvestjylland · Georg Guldvang · 8.244768881331046, 56.71442075030782
[alm-nordvestjylland] 2025-10-13 20:01:17 CEST · [alm] · 1 Sortstrubet Lom · Trækkende mod syd · Havet ud for Flade Sø og Agger By · DOF Nordvestjylland · Georg Guldvang · 8.212170200002733, 56.79231379999874
[alm-nordvestjylland] 2025-10-13 20:01:17 CEST · [alm] · 24 Rødstrubet Lom · Trækkende mod syd · Havet ud for Flade Sø og Agger By · DOF Nordvestjylland · Georg Guldvang · 8.212170200002733, 56.79231379999874
[alm-nordvestjylland] 2025-10-13 20:01:17 CEST · [alm] · 22 Sule · Trækkende mod syd · Havet ud for Flade Sø og Agger By · DOF Nordvestjylland · Georg Guldvang · 8.212170200002733, 56.79231379999874
[alm-nordvestjylland] 2025-10-13 20:01:17 CEST · [alm] · 8 Skarv · Trækkende mod syd · Havet ud for Flade Sø og Agger By · DOF Nordvestjylland · Georg Guldvang · 8.212170200002733, 56.79231379999874
[alm-nordvestjylland] 2025-10-13 20:01:17 CEST · [alm] · 4 Gråand · Rastende · Havet ud for Flade Sø og Agger By · DOF Nordvestjylland · Georg Guldvang · 8.212170200002733, 56.79231379999874
[alm-nordvestjylland] 2025-10-13 20:01:17 CEST · [alm] · 1 Krikand · Rastende · Havet ud for Flade Sø og Agger By · DOF Nordvestjylland · Georg Guldvang · 8.212170200002733, 56.79231379999874
[alm-nordvestjylland] 2025-10-13 20:01:17 CEST · [alm] · 70 Sortand · Trækkende mod syd · Havet ud for Flade Sø og Agger By · DOF Nordvestjylland · Georg Guldvang · 8.212170200002733, 56.79231379999874
[alm-nordvestjylland] 2025-10-13 20:01:17 CEST · [alm] · 2 Havlit · Trækkende mod syd · Havet ud for Flade Sø og Agger By · DOF Nordvestjylland · Georg Guldvang · 8.212170200002733, 56.79231379999874
[alm-nordvestjylland] 2025-10-13 20:01:17 CEST · [alm] · 1 Tårnfalk · Rastende · Havet ud for Flade Sø og Agger By · DOF Nordvestjylland · Georg Guldvang · 8.212170200002733, 56.79231379999874
[alm-nordvestjylland] 2025-10-13 20:01:17 CEST · [alm] · 2 Strandskade · Trækkende · Havet ud for Flade Sø og Agger By · DOF Nordvestjylland · Georg Guldvang · 8.212170200002733, 56.79231379999874
[alm-nordvestjylland] 2025-10-13 20:01:17 CEST · [alm] · 1 Stor Præstekrave · Trækkende mod syd · Havet ud for Flade Sø og Agger By · DOF Nordvestjylland · Georg Guldvang · 8.212170200002733, 56.79231379999874
[alm-nordvestjylland] 2025-10-13 20:01:17 CEST · [alm] · 2 Almindelig Ryle · Rastende · Havet ud for Flade Sø og Agger By · DOF Nordvestjylland · Georg Guldvang · 8.212170200002733, 56.79231379999874
[alm-nordvestjylland] 2025-10-13 20:01:17 CEST · [alm] · 1 Sandløber · Rastende · Havet ud for Flade Sø og Agger By · DOF Nordvestjylland · Georg Guldvang · 8.212170200002733, 56.79231379999874
[alm-nordvestjylland] 2025-10-13 20:01:17 CEST · [alm] · 5 Sortgrå Ryle · Trækkende mod syd · Havet ud for Flade Sø og Agger By · DOF Nordvestjylland · Georg Guldvang · 8.212170200002733, 56.79231379999874
[alm-nordvestjylland] 2025-10-13 20:01:17 CEST · [alm] · 10 Svartbag · Rastende · Havet ud for Flade Sø og Agger By · DOF Nordvestjylland · Georg Guldvang · 8.212170200002733, 56.79231379999874
[alm-nordvestjylland] 2025-10-13 20:01:17 CEST · [alm] · 35 Sølvmåge · Rastende · Havet ud for Flade Sø og Agger By · DOF Nordvestjylland · Georg Guldvang · 8.212170200002733, 56.79231379999874
[alm-nordvestjylland] 2025-10-13 20:01:17 CEST · [alm] · 3 Stormmåge · Rastende · Havet ud for Flade Sø og Agger By · DOF Nordvestjylland · Georg Guldvang · 8.212170200002733, 56.79231379999874
[alm-nordvestjylland] 2025-10-13 20:01:17 CEST · [alm] · 12 Hættemåge · Rastende · Havet ud for Flade Sø og Agger By · DOF Nordvestjylland · Georg Guldvang · 8.212170200002733, 56.79231379999874
[alm-nordvestjylland] 2025-10-13 20:01:17 CEST · [alm] · 1 Fjordterne · Trækkende mod syd · Havet ud for Flade Sø og Agger By · DOF Nordvestjylland · Georg Guldvang · 8.212170200002733, 56.79231379999874
[alm-nordvestjylland] 2025-10-13 20:01:17 CEST · [alm] · 1 Ride · Rastende · Havet ud for Flade Sø og Agger By · DOF Nordvestjylland · Georg Guldvang · 8.212170200002733, 56.79231379999874
[alm-nordvestjylland] 2025-10-13 20:01:17 CEST · [alm] · 2 Sanglærke · Rastende · Havet ud for Flade Sø og Agger By · DOF Nordvestjylland · Georg Guldvang · 8.212170200002733, 56.79231379999874
[alm-nordvestjylland] 2025-10-13 20:01:17 CEST · [alm] · 3 Engpiber · Rastende · Havet ud for Flade Sø og Agger By · DOF Nordvestjylland · Georg Guldvang · 8.212170200002733, 56.79231379999874
[alm-nordvestjylland] 2025-10-13 20:01:17 CEST · [alm] · 25 Stær · Rastende · Havet ud for Flade Sø og Agger By · DOF Nordvestjylland · Georg Guldvang · 8.212170200002733, 56.79231379999874
[alm-nordvestjylland] 2025-10-13 20:01:17 CEST · [alm] · 1 Stenpikker · Fouragerende · Hanstholm Havn og havet ud for · DOF Nordvestjylland · Steen Vester Pedersen · 8.591319657862188, 57.122368881873015 · 09:10
[alm-nordvestjylland] 2025-10-13 20:01:17 CEST · [alm] · 1 Stenpikker · Fouragerende · Roshage og havet ud for · DOF Nordvestjylland · Steen Vester Pedersen · 8.611973002552988, 57.12375499466168 · 10:05
[alm-nordvestjylland] 2025-10-13 20:01:17 CEST · [alm] · 3 Rødstrubet Lom · Fouragerende · Roshage og havet ud for · DOF Nordvestjylland · Steen Vester Pedersen · 8.623154461383821, 57.12804113282182 · 10:05
[alm-nordvestjylland] 2025-10-13 20:01:17 CEST · [alm] · 2 Dværgmåge · Fouragerende · Roshage og havet ud for · DOF Nordvestjylland · Steen Vester Pedersen · 8.62141437828541, 57.12657365223902 · 10:05
[alm-nordvestjylland] 2025-10-13 20:01:17 CEST · [alm] · 2 Sortstrubet Bynkefugl · Fouragerende · Roshage og havet ud for · DOF Nordvestjylland · Steen Vester Pedersen · 8.635608293116094, 57.120831284306384 · 10:05
[alm-nordvestjylland] 2025-10-13 20:01:17 CEST · [alm] · 3 Sølvhejre · Rastende · Rettrup Kær · DOF Nordvestjylland · Steen Reinholdt · 8.896239994210193, 56.561059079550795 · 11:50-12:00
[alm-nordvestjylland] 2025-10-13 20:01:17 CEST · [alm] · 1 Tårnfalk · Fouragerende · Mollerup Kær · DOF Nordvestjylland · Keld Dahl Pedersen · 8.831009725112766, 56.657192465449384 · 17:56
[alm-nordvestjylland] 2025-10-13 20:01:17 CEST · [alm] · 15 Grågås · Overflyvende · Mollerup Kær · DOF Nordvestjylland · Keld Dahl Pedersen · 8.831009725112766, 56.657192465449384 · 17:56
[alm-nordvestjylland] 2025-10-13 20:13:39 CEST · [alm] · 13 Sangsvane · Rastende · Tømmerby Fjord · DOF Nordvestjylland · Jan Salmonsen · 8.962331553651739, 57.05339270847139 · 07:15-18:00
[alm-nordvestjylland] 2025-10-13 20:13:39 CEST · [alm] · 1 Isfugl · Fanget og ringmærket · Tømmerby Fjord · DOF Nordvestjylland · Jan Salmonsen · 8.962331553651739, 57.05339270847139 · 07:15-18:00
[alm-nordvestjylland] 2025-10-13 20:15:27 CEST · [alm] · 11 Blåmejse · Fanget og ringmærket · Tømmerby Fjord · DOF Nordvestjylland · Jan Salmonsen · 8.962331553651739, 57.05339270847139 · 07:15-18:00
[alm-nordvestjylland] 2025-10-13 20:15:27 CEST · [alm] · 18 Skægmejse · Fanget og ringmærket · Tømmerby Fjord · DOF Nordvestjylland · Jan Salmonsen · 8.962331553651739, 57.05339270847139 · 07:15-18:00
[alm-nordvestjylland] 2025-10-13 20:15:27 CEST · [alm] · 75 Stillits · Fanget og ringmærket · Tømmerby Fjord · DOF Nordvestjylland · Jan Salmonsen · 8.962331553651739, 57.05339270847139 · 07:15-18:00
[alm-nordvestjylland] 2025-10-13 20:15:27 CEST · [alm] · 12 Kvækerfinke · Fanget og ringmærket · Tømmerby Fjord · DOF Nordvestjylland · Jan Salmonsen · 8.962331553651739, 57.05339270847139 · 07:15-18:00
[alm-nordvestjylland] 2025-10-13 20:17:17 CEST · [alm] · 11 Rørspurv · Fanget og ringmærket · Tømmerby Fjord · DOF Nordvestjylland · Jan Salmonsen · 8.962331553651739, 57.05339270847139 · 07:15-18:00
[alm-nordvestjylland] 2025-10-13 20:17:17 CEST · [alm] · 30 Grønirisk · Fanget og ringmærket · Tømmerby Fjord · DOF Nordvestjylland · Jan Salmonsen · 8.962331553651739, 57.05339270847139 · 07:15-18:00
[alm-nordvestjylland] 2025-10-13 20:28:10 CEST · [alm] · 6 Landsvale · Trækkende mod sydvest · Draget · DOF Nordvestjylland · Helge Røjle Christensen · 8.389603593627218, 56.67552722141443
