[alm] 2025-10-12 23:38:00 CEST · [alm] · 109 Råge · Rastende · Skørrebro · DOF Bornholm · Eilif S. Bendtsen · 14.892934817598682, 55.09103667749659 · 10:45-11:30
[alm] 2025-10-12 23:38:20 CEST · [alm] · 241 Blisgås · Rastende · Skørrebro · DOF Bornholm · Eilif S. Bendtsen · 14.892934817598682, 55.09103667749659 · 10:45-11:30
[alm] 2025-10-12 23:38:39 CEST · [alm] · 12 Krage, Gråkrage (ssp. cornix) · Rastende · Skørrebro · DOF Bornholm · Eilif S. Bendtsen · 14.892934817598682, 55.09103667749659 · 10:45-11:30
[alm] 2025-10-12 23:38:59 CEST · [alm] · 28 Allike · Rastende · Skørrebro · DOF Bornholm · Eilif S. Bendtsen · 14.892934817598682, 55.09103667749659 · 10:45-11:30
[alm] 2025-10-12 23:39:19 CEST · [alm] · 4 Husskade · Rastende · Skørrebro · DOF Bornholm · Eilif S. Bendtsen · 14.892934817598682, 55.09103667749659 · 10:45-11:30
[alm] 2025-10-12 23:39:39 CEST · [alm] · 77 Sølvmåge · Rastende · Skørrebro · DOF Bornholm · Eilif S. Bendtsen · 14.892934817598682, 55.09103667749659 · 10:45-11:30
[alm] 2025-10-12 23:40:00 CEST · [alm] · 1 Rødhals · Rastende · Skørrebro · DOF Bornholm · Eilif S. Bendtsen · 14.892934817598682, 55.09103667749659 · 10:45-11:30
[alm] 2025-10-12 23:40:20 CEST · [alm] · 22 Gråspurv · Rastende · Skørrebro · DOF Bornholm · Eilif S. Bendtsen · 14.892934817598682, 55.09103667749659 · 10:45-11:30
[alm] 2025-10-12 23:40:40 CEST · [alm] · 2 Solsort · Rastende · Skørrebro · DOF Bornholm · Eilif S. Bendtsen · 14.892934817598682, 55.09103667749659 · 10:45-11:30
[alm] 2025-10-12 23:43:26 CEST · [alm] · 1 Rød Glente · Overflyvende · Grødby · DOF Bornholm · Eilif S. Bendtsen · 14.944798510132289, 55.03062051453895 · 13:25-13:30
[alm] 2025-10-12 23:44:03 CEST · [alm] · 114 Sølvmåge · Rastende · Grødby · DOF Bornholm · Eilif S. Bendtsen · 14.944798510132289, 55.03062051453895 · 13:25-13:30
[alm] 2025-10-12 23:44:23 CEST · [alm] · 38 Stær · Rastende · Grødby · DOF Bornholm · Eilif S. Bendtsen · 14.944798510132289, 55.03062051453895 · 13:25-13:30
[alm] 2025-10-12 23:44:43 CEST · [alm] · 1 Fasan · Rastende · Grødby · DOF Bornholm · Eilif S. Bendtsen · 14.944798510132289, 55.03062051453895 · 13:25-13:30
[alm] 2025-10-12 23:44:43 CEST · [alm] · 1 Musvåge · Rastende · Grødby · DOF Bornholm · Eilif S. Bendtsen · 14.944798510132289, 55.03062051453895 · 13:25-13:30
[alm] 2025-10-12 23:46:36 CEST · [alm] · 1 Rødstjert · Rastende · Nexø Sydstrand · DOF Bornholm · Eilif S. Bendtsen · 15.125559666158129, 55.04973082121205 · 11:40-12:10
[alm] 2025-10-12 23:47:12 CEST · [alm] · 1750 Grågås · Rastende · Nexø Sydstrand · DOF Bornholm · Eilif S. Bendtsen · 15.125559666158129, 55.04973082121205 · 11:40-12:10
[alm] 2025-10-12 23:47:31 CEST · [alm] · 9 Krikand · Rastende · Nexø Sydstrand · DOF Bornholm · Eilif S. Bendtsen · 15.125559666158129, 55.04973082121205 · 11:40-12:10
[alm] 2025-10-12 23:47:51 CEST · [alm] · 8 Knarand · Rastende · Nexø Sydstrand · DOF Bornholm · Eilif S. Bendtsen · 15.125559666158129, 55.04973082121205 · 11:40-12:10
[alm] 2025-10-12 23:48:11 CEST · [alm] · 8 Vibe · Rastende · Nexø Sydstrand · DOF Bornholm · Eilif S. Bendtsen · 15.125559666158129, 55.04973082121205 · 11:40-12:10
[alm] 2025-10-12 23:48:47 CEST · [alm] · 12 Sølvmåge · Rastende · Nexø Sydstrand · DOF Bornholm · Eilif S. Bendtsen · 15.125559666158129, 55.04973082121205 · 11:40-12:10
[alm] 2025-10-12 23:49:39 CEST · [alm] · 24 Hættemåge · Rastende · Nexø Sydstrand · DOF Bornholm · Eilif S. Bendtsen · 15.125559666158129, 55.04973082121205 · 11:40-12:10
[alm] 2025-10-12 23:50:47 CEST · [alm] · 8 Stor Skallesluger · Rastende · Nexø Sydstrand · DOF Bornholm · Eilif S. Bendtsen · 15.125559666158129, 55.04973082121205 · 11:40-12:10
[alm] 2025-10-12 23:51:07 CEST · [alm] · 124 Gråand · Rastende · Nexø Sydstrand · DOF Bornholm · Eilif S. Bendtsen · 15.125559666158129, 55.04973082121205 · 11:40-12:10
[alm] 2025-10-12 23:51:44 CEST · [alm] · 6 Krage, Gråkrage (ssp. cornix) · Rastende · Nexø Sydstrand · DOF Bornholm · Eilif S. Bendtsen · 15.125559666158129, 55.04973082121205 · 11:40-12:10
[alm] 2025-10-12 23:52:52 CEST · [alm] · 16 Skarv · Rastende · Nexø Sydstrand · DOF Bornholm · Eilif S. Bendtsen · 15.125559666158129, 55.04973082121205 · 11:40-12:10
[alm] 2025-10-12 23:53:29 CEST · [alm] · 1 Gransanger · Rastende · Nexø Sydstrand · DOF Bornholm · Eilif S. Bendtsen · 15.125559666158129, 55.04973082121205 · 11:40-12:10
[alm] 2025-10-12 23:53:49 CEST · [alm] · 66 Blisgås · Rastende · Nexø Sydstrand · DOF Bornholm · Eilif S. Bendtsen · 15.125559666158129, 55.04973082121205 · 11:40-12:10
[alm] 2025-10-12 23:54:27 CEST · [alm] · 16 Stormmåge · Rastende · Nexø Sydstrand · DOF Bornholm · Eilif S. Bendtsen · 15.125559666158129, 55.04973082121205 · 11:40-12:10
[alm] 2025-10-12 23:54:47 CEST · [alm] · 2 Solsort · Rastende · Nexø Sydstrand · DOF Bornholm · Eilif S. Bendtsen · 15.125559666158129, 55.04973082121205 · 11:40-12:10
[alm] 2025-10-12 23:55:07 CEST · [alm] · 1 Rørspurv · Rastende · Nexø Sydstrand · DOF Bornholm · Eilif S. Bendtsen · 15.125559666158129, 55.04973082121205 · 11:40-12:10
[alm] 2025-10-12 23:55:44 CEST · [alm] · 15000 Bramgås · Trækkende mod syd · Hasle · DOF Bornholm · Vilhelm Flyvbjerg · 14.70839642125757, 55.183566274065356
[alm] 2025-10-12 23:56:04 CEST · [alm] · 2 Svartbag · Rastende · Nexø Sydstrand · DOF Bornholm · Eilif S. Bendtsen · 15.125559666158129, 55.04973082121205 · 11:40-12:10
[alm] 2025-10-12 23:57:30 CEST · [alm] · 1 Spidsand · Overflyvende · Salthammer · DOF Bornholm · Eilif S. Bendtsen · 15.12147772150709, 55.026353135273325 · 12:20-13:20
[alm] 2025-10-12 23:57:50 CEST · [alm] · 13 Trane · Overflyvende · Salthammer · DOF Bornholm · Eilif S. Bendtsen · 15.12147772150709, 55.026353135273325 · 12:20-13:20
[alm] 2025-10-12 23:58:11 CEST · [alm] · 17 Blisgås · Overflyvende · Salthammer · DOF Bornholm · Eilif S. Bendtsen · 15.12147772150709, 55.026353135273325 · 12:20-13:20
[alm] 2025-10-12 23:58:47 CEST · [alm] · 6 Krage, Gråkrage (ssp. cornix) · Rastende · Salthammer · DOF Bornholm · Eilif S. Bendtsen · 15.12147772150709, 55.026353135273325 · 12:20-13:20
[alm] 2025-10-13 00:19:15 CEST · [alm] · 13 Sangdrossel · Trækkende · Gellerupparken Toveshøj · DOF Østjylland · Christian Vemmelund Helligsø · 10.136546771449865, 56.158903617777895 · 00:08
[alm] 2025-10-13 00:19:28 CEST · [alm] · 14 Sangdrossel · Trækkende · Gellerupparken Toveshøj · DOF Østjylland · Christian Vemmelund Helligsø · 10.136546771449865, 56.158903617777895 · 00:08
[alm] 2025-10-13 00:22:43 CEST · [alm] · 15 Sangdrossel · Trækkende · Gellerupparken Toveshøj · DOF Østjylland · Christian Vemmelund Helligsø · 10.136546771449865, 56.158903617777895 · 00:08
[alm] 2025-10-13 00:22:57 CEST · [alm] · 16 Sangdrossel · Trækkende · Gellerupparken Toveshøj · DOF Østjylland · Christian Vemmelund Helligsø · 10.136546771449865, 56.158903617777895 · 00:08
[alm] 2025-10-13 00:27:20 CEST · [alm] · 17 Sangdrossel · Trækkende · Gellerupparken Toveshøj · DOF Østjylland · Christian Vemmelund Helligsø · 10.136546771449865, 56.158903617777895 · 00:08
[alm] 2025-10-13 00:39:38 CEST · [alm] · 20 Sangdrossel · Trækkende · Gellerupparken Toveshøj · DOF Østjylland · Christian Vemmelund Helligsø · 10.136546771449865, 56.158903617777895 · 00:08
[alm] 2025-10-13 00:50:16 CEST · [alm] · 21 Sangdrossel · Trækkende · Gellerupparken Toveshøj · DOF Østjylland · Christian Vemmelund Helligsø · 10.136546771449865, 56.158903617777895 · 00:08
